0:0:0:0:0:0:0:1 - - [23/Jul/2020:06:56:13 -0400] "GET /HomePage HTTP/1.1" 200 24697
0:0:0:0:0:0:0:1 - - [23/Jul/2020:06:56:13 -0400] "GET /ImageAssets/Beverages.png HTTP/1.1" 200 43184
0:0:0:0:0:0:0:1 - - [23/Jul/2020:06:56:13 -0400] "GET /ImageAssets/Condaments.jpeg HTTP/1.1" 200 41485
0:0:0:0:0:0:0:1 - - [23/Jul/2020:06:56:13 -0400] "GET /ImageAssets/Produce.jpg HTTP/1.1" 200 71131
0:0:0:0:0:0:0:1 - - [23/Jul/2020:06:56:13 -0400] "GET /ImageAssets/Confusing%20Interfaces.PNG HTTP/1.1" 200 54655
0:0:0:0:0:0:0:1 - - [23/Jul/2020:06:56:13 -0400] "GET /ImageAssets/meat-pultry.jpg HTTP/1.1" 200 124485
0:0:0:0:0:0:0:1 - - [23/Jul/2020:06:56:13 -0400] "GET /ImageAssets/grain%20cereal.jpg HTTP/1.1" 200 41318
0:0:0:0:0:0:0:1 - - [23/Jul/2020:06:56:13 -0400] "GET /ImageAssets/seafood.jpeg HTTP/1.1" 200 267854
0:0:0:0:0:0:0:1 - - [23/Jul/2020:06:56:13 -0400] "GET /FixedAssets/ShopingInterface.PNG HTTP/1.1" 200 27851
0:0:0:0:0:0:0:1 - - [23/Jul/2020:06:56:13 -0400] "GET /FixedAssets/ComponyLogo.png HTTP/1.1" 200 25947
0:0:0:0:0:0:0:1 - - [23/Jul/2020:06:56:13 -0400] "GET /ImageAssets/confections.jpg HTTP/1.1" 200 315715
0:0:0:0:0:0:0:1 - - [23/Jul/2020:06:56:13 -0400] "GET /FixedAssets/BrianRodewald1.jpg HTTP/1.1" 200 917302
0:0:0:0:0:0:0:1 - - [23/Jul/2020:06:56:13 -0400] "GET /FixedAssets/AaronLarch.jpg HTTP/1.1" 200 995586
0:0:0:0:0:0:0:1 - - [23/Jul/2020:06:56:13 -0400] "GET /ImageAssets/Dairy%20products.jpg HTTP/1.1" 200 1718054
0:0:0:0:0:0:0:1 - - [23/Jul/2020:06:56:14 -0400] "GET /favicon.ico HTTP/1.1" 302 -
0:0:0:0:0:0:0:1 - - [23/Jul/2020:06:56:14 -0400] "GET /login HTTP/1.1" 200 6378
0:0:0:0:0:0:0:1 - - [23/Jul/2020:06:58:20 -0400] "GET /login HTTP/1.1" 200 6378
0:0:0:0:0:0:0:1 - - [23/Jul/2020:07:00:53 -0400] "GET /HomePage HTTP/1.1" 500 11458
0:0:0:0:0:0:0:1 - - [23/Jul/2020:07:02:43 -0400] "GET /HomePage HTTP/1.1" 500 11458
0:0:0:0:0:0:0:1 - - [23/Jul/2020:07:04:09 -0400] "GET /HomePage HTTP/1.1" 500 11458
0:0:0:0:0:0:0:1 - - [23/Jul/2020:07:04:11 -0400] "GET /HomePage HTTP/1.1" 500 10583
0:0:0:0:0:0:0:1 - - [23/Jul/2020:07:05:05 -0400] "GET /HomePage HTTP/1.1" 500 11458
0:0:0:0:0:0:0:1 - - [23/Jul/2020:07:06:28 -0400] "GET /HomePage HTTP/1.1" 500 11458
0:0:0:0:0:0:0:1 - - [23/Jul/2020:07:06:43 -0400] "GET /HomePage HTTP/1.1" 200 24695
0:0:0:0:0:0:0:1 - - [23/Jul/2020:07:06:43 -0400] "GET /ImageAssets/Condaments.jpeg HTTP/1.1" 200 41485
0:0:0:0:0:0:0:1 - - [23/Jul/2020:07:06:43 -0400] "GET /ImageAssets/Beverages.png HTTP/1.1" 200 43184
0:0:0:0:0:0:0:1 - - [23/Jul/2020:07:06:43 -0400] "GET /ImageAssets/Confusing%20Interfaces.PNG HTTP/1.1" 200 54655
0:0:0:0:0:0:0:1 - - [23/Jul/2020:07:06:43 -0400] "GET /ImageAssets/grain%20cereal.jpg HTTP/1.1" 200 41318
0:0:0:0:0:0:0:1 - - [23/Jul/2020:07:06:43 -0400] "GET /ImageAssets/confections.jpg HTTP/1.1" 200 315715
0:0:0:0:0:0:0:1 - - [23/Jul/2020:07:06:43 -0400] "GET /ImageAssets/Produce.jpg HTTP/1.1" 200 71131
0:0:0:0:0:0:0:1 - - [23/Jul/2020:07:06:43 -0400] "GET /FixedAssets/ComponyLogo.png HTTP/1.1" 200 25947
0:0:0:0:0:0:0:1 - - [23/Jul/2020:07:06:43 -0400] "GET /FixedAssets/ShopingInterface.PNG HTTP/1.1" 200 27851
0:0:0:0:0:0:0:1 - - [23/Jul/2020:07:06:43 -0400] "GET /ImageAssets/Dairy%20products.jpg HTTP/1.1" 200 1718054
0:0:0:0:0:0:0:1 - - [23/Jul/2020:07:06:43 -0400] "GET /ImageAssets/seafood.jpeg HTTP/1.1" 200 267854
0:0:0:0:0:0:0:1 - - [23/Jul/2020:07:06:43 -0400] "GET /ImageAssets/meat-pultry.jpg HTTP/1.1" 200 124485
0:0:0:0:0:0:0:1 - - [23/Jul/2020:07:06:43 -0400] "GET /FixedAssets/BrianRodewald1.jpg HTTP/1.1" 200 917302
0:0:0:0:0:0:0:1 - - [23/Jul/2020:07:06:43 -0400] "GET /FixedAssets/AaronLarch.jpg HTTP/1.1" 200 995586
0:0:0:0:0:0:0:1 - - [23/Jul/2020:07:12:36 -0400] "GET /HomePage HTTP/1.1" 200 21161
0:0:0:0:0:0:0:1 - - [23/Jul/2020:07:12:36 -0400] "GET /HomePage.css HTTP/1.1" 302 -
0:0:0:0:0:0:0:1 - - [23/Jul/2020:07:12:36 -0400] "GET /login HTTP/1.1" 200 6378
0:0:0:0:0:0:0:1 - - [23/Jul/2020:07:12:36 -0400] "GET /ImageAssets/Beverages.png HTTP/1.1" 200 43184
0:0:0:0:0:0:0:1 - - [23/Jul/2020:07:12:36 -0400] "GET /ImageAssets/Condaments.jpeg HTTP/1.1" 200 41485
0:0:0:0:0:0:0:1 - - [23/Jul/2020:07:12:36 -0400] "GET /ImageAssets/grain%20cereal.jpg HTTP/1.1" 200 41318
0:0:0:0:0:0:0:1 - - [23/Jul/2020:07:12:36 -0400] "GET /ImageAssets/Confusing%20Interfaces.PNG HTTP/1.1" 200 54655
0:0:0:0:0:0:0:1 - - [23/Jul/2020:07:12:36 -0400] "GET /ImageAssets/meat-pultry.jpg HTTP/1.1" 200 124485
0:0:0:0:0:0:0:1 - - [23/Jul/2020:07:12:36 -0400] "GET /ImageAssets/Produce.jpg HTTP/1.1" 200 71131
0:0:0:0:0:0:0:1 - - [23/Jul/2020:07:12:37 -0400] "GET /ImageAssets/confections.jpg HTTP/1.1" 200 315715
0:0:0:0:0:0:0:1 - - [23/Jul/2020:07:12:37 -0400] "GET /FixedAssets/ComponyLogo.png HTTP/1.1" 200 25947
0:0:0:0:0:0:0:1 - - [23/Jul/2020:07:12:37 -0400] "GET /FixedAssets/ShopingInterface.PNG HTTP/1.1" 200 27851
0:0:0:0:0:0:0:1 - - [23/Jul/2020:07:12:37 -0400] "GET /ImageAssets/seafood.jpeg HTTP/1.1" 200 267854
0:0:0:0:0:0:0:1 - - [23/Jul/2020:07:12:37 -0400] "GET /FixedAssets/BrianRodewald1.jpg HTTP/1.1" 200 917302
0:0:0:0:0:0:0:1 - - [23/Jul/2020:07:12:37 -0400] "GET /FixedAssets/AaronLarch.jpg HTTP/1.1" 200 995586
0:0:0:0:0:0:0:1 - - [23/Jul/2020:07:12:37 -0400] "GET /favicon.ico HTTP/1.1" 302 -
0:0:0:0:0:0:0:1 - - [23/Jul/2020:07:12:37 -0400] "GET /ImageAssets/Dairy%20products.jpg HTTP/1.1" 200 1718054
0:0:0:0:0:0:0:1 - - [23/Jul/2020:07:12:37 -0400] "GET /login HTTP/1.1" 200 6378
0:0:0:0:0:0:0:1 - - [23/Jul/2020:07:13:31 -0400] "GET /HomePage HTTP/1.1" 200 24741
0:0:0:0:0:0:0:1 - - [23/Jul/2020:07:13:31 -0400] "GET /HomePage.css HTTP/1.1" 302 -
0:0:0:0:0:0:0:1 - - [23/Jul/2020:07:13:31 -0400] "GET /login HTTP/1.1" 200 6378
0:0:0:0:0:0:0:1 - - [23/Jul/2020:07:13:31 -0400] "GET /ImageAssets/Condaments.jpeg HTTP/1.1" 200 41485
0:0:0:0:0:0:0:1 - - [23/Jul/2020:07:13:31 -0400] "GET /ImageAssets/Beverages.png HTTP/1.1" 200 43184
0:0:0:0:0:0:0:1 - - [23/Jul/2020:07:13:31 -0400] "GET /ImageAssets/Confusing%20Interfaces.PNG HTTP/1.1" 200 54655
0:0:0:0:0:0:0:1 - - [23/Jul/2020:07:13:31 -0400] "GET /ImageAssets/meat-pultry.jpg HTTP/1.1" 200 124485
0:0:0:0:0:0:0:1 - - [23/Jul/2020:07:13:31 -0400] "GET /ImageAssets/confections.jpg HTTP/1.1" 200 315715
0:0:0:0:0:0:0:1 - - [23/Jul/2020:07:13:31 -0400] "GET /ImageAssets/grain%20cereal.jpg HTTP/1.1" 200 41318
0:0:0:0:0:0:0:1 - - [23/Jul/2020:07:13:31 -0400] "GET /ImageAssets/Produce.jpg HTTP/1.1" 200 71131
0:0:0:0:0:0:0:1 - - [23/Jul/2020:07:13:31 -0400] "GET /FixedAssets/ComponyLogo.png HTTP/1.1" 200 25947
0:0:0:0:0:0:0:1 - - [23/Jul/2020:07:13:31 -0400] "GET /ImageAssets/seafood.jpeg HTTP/1.1" 200 267854
0:0:0:0:0:0:0:1 - - [23/Jul/2020:07:13:31 -0400] "GET /FixedAssets/ShopingInterface.PNG HTTP/1.1" 200 27851
0:0:0:0:0:0:0:1 - - [23/Jul/2020:07:13:31 -0400] "GET /FixedAssets/AaronLarch.jpg HTTP/1.1" 200 995586
0:0:0:0:0:0:0:1 - - [23/Jul/2020:07:13:31 -0400] "GET /FixedAssets/BrianRodewald1.jpg HTTP/1.1" 200 917302
0:0:0:0:0:0:0:1 - - [23/Jul/2020:07:13:31 -0400] "GET /ImageAssets/Dairy%20products.jpg HTTP/1.1" 200 1718054
0:0:0:0:0:0:0:1 - - [23/Jul/2020:07:13:31 -0400] "GET /favicon.ico HTTP/1.1" 302 -
0:0:0:0:0:0:0:1 - - [23/Jul/2020:07:13:31 -0400] "GET /login HTTP/1.1" 200 6378
0:0:0:0:0:0:0:1 - - [23/Jul/2020:07:14:01 -0400] "GET /HomePage HTTP/1.1" 200 21166
0:0:0:0:0:0:0:1 - - [23/Jul/2020:07:14:01 -0400] "GET /HomePage.css HTTP/1.1" 302 -
0:0:0:0:0:0:0:1 - - [23/Jul/2020:07:14:01 -0400] "GET /login HTTP/1.1" 200 6378
0:0:0:0:0:0:0:1 - - [23/Jul/2020:07:14:01 -0400] "GET /ImageAssets/Condaments.jpeg HTTP/1.1" 200 41485
0:0:0:0:0:0:0:1 - - [23/Jul/2020:07:14:01 -0400] "GET /ImageAssets/Beverages.png HTTP/1.1" 200 43184
0:0:0:0:0:0:0:1 - - [23/Jul/2020:07:14:01 -0400] "GET /ImageAssets/Confusing%20Interfaces.PNG HTTP/1.1" 200 54655
0:0:0:0:0:0:0:1 - - [23/Jul/2020:07:14:01 -0400] "GET /ImageAssets/Produce.jpg HTTP/1.1" 200 71131
0:0:0:0:0:0:0:1 - - [23/Jul/2020:07:14:01 -0400] "GET /ImageAssets/meat-pultry.jpg HTTP/1.1" 200 124485
0:0:0:0:0:0:0:1 - - [23/Jul/2020:07:14:01 -0400] "GET /ImageAssets/grain%20cereal.jpg HTTP/1.1" 200 41318
0:0:0:0:0:0:0:1 - - [23/Jul/2020:07:14:01 -0400] "GET /FixedAssets/ComponyLogo.png HTTP/1.1" 200 25947
0:0:0:0:0:0:0:1 - - [23/Jul/2020:07:14:01 -0400] "GET /FixedAssets/ShopingInterface.PNG HTTP/1.1" 200 27851
0:0:0:0:0:0:0:1 - - [23/Jul/2020:07:14:01 -0400] "GET /ImageAssets/confections.jpg HTTP/1.1" 200 315715
0:0:0:0:0:0:0:1 - - [23/Jul/2020:07:14:01 -0400] "GET /ImageAssets/seafood.jpeg HTTP/1.1" 200 267854
0:0:0:0:0:0:0:1 - - [23/Jul/2020:07:14:01 -0400] "GET /FixedAssets/BrianRodewald1.jpg HTTP/1.1" 200 917302
0:0:0:0:0:0:0:1 - - [23/Jul/2020:07:14:01 -0400] "GET /FixedAssets/AaronLarch.jpg HTTP/1.1" 200 995586
0:0:0:0:0:0:0:1 - - [23/Jul/2020:07:14:01 -0400] "GET /favicon.ico HTTP/1.1" 302 -
0:0:0:0:0:0:0:1 - - [23/Jul/2020:07:14:01 -0400] "GET /ImageAssets/Dairy%20products.jpg HTTP/1.1" 200 1718054
0:0:0:0:0:0:0:1 - - [23/Jul/2020:07:14:02 -0400] "GET /login HTTP/1.1" 200 6378
0:0:0:0:0:0:0:1 - - [23/Jul/2020:07:14:22 -0400] "GET /ImageAssets/Beverages.png HTTP/1.1" 200 43184
0:0:0:0:0:0:0:1 - - [23/Jul/2020:07:14:22 -0400] "GET /ImageAssets/Condaments.jpeg HTTP/1.1" 200 41485
0:0:0:0:0:0:0:1 - - [23/Jul/2020:07:14:22 -0400] "GET /ImageAssets/Confusing%20Interfaces.PNG HTTP/1.1" 200 54655
0:0:0:0:0:0:0:1 - - [23/Jul/2020:07:14:22 -0400] "GET /ImageAssets/Produce.jpg HTTP/1.1" 200 71131
0:0:0:0:0:0:0:1 - - [23/Jul/2020:07:14:22 -0400] "GET /ImageAssets/meat-pultry.jpg HTTP/1.1" 200 124485
0:0:0:0:0:0:0:1 - - [23/Jul/2020:07:14:22 -0400] "GET /ImageAssets/grain%20cereal.jpg HTTP/1.1" 200 41318
0:0:0:0:0:0:0:1 - - [23/Jul/2020:07:14:22 -0400] "GET /FixedAssets/ComponyLogo.png HTTP/1.1" 200 25947
0:0:0:0:0:0:0:1 - - [23/Jul/2020:07:14:22 -0400] "GET /FixedAssets/ShopingInterface.PNG HTTP/1.1" 200 27851
0:0:0:0:0:0:0:1 - - [23/Jul/2020:07:14:22 -0400] "GET /ImageAssets/seafood.jpeg HTTP/1.1" 200 267854
0:0:0:0:0:0:0:1 - - [23/Jul/2020:07:14:22 -0400] "GET /ImageAssets/confections.jpg HTTP/1.1" 200 315715
0:0:0:0:0:0:0:1 - - [23/Jul/2020:07:14:22 -0400] "GET /login HTTP/1.1" 200 6378
0:0:0:0:0:0:0:1 - - [23/Jul/2020:07:14:22 -0400] "GET /FixedAssets/BrianRodewald1.jpg HTTP/1.1" 200 917302
0:0:0:0:0:0:0:1 - - [23/Jul/2020:07:14:22 -0400] "GET /FixedAssets/AaronLarch.jpg HTTP/1.1" 200 995586
0:0:0:0:0:0:0:1 - - [23/Jul/2020:07:14:22 -0400] "GET /ImageAssets/Dairy%20products.jpg HTTP/1.1" 200 1718054
0:0:0:0:0:0:0:1 - - [23/Jul/2020:07:14:57 -0400] "GET /HomePage HTTP/1.1" 200 24695
0:0:0:0:0:0:0:1 - - [23/Jul/2020:07:14:57 -0400] "GET /ImageAssets/Condaments.jpeg HTTP/1.1" 200 41485
0:0:0:0:0:0:0:1 - - [23/Jul/2020:07:14:57 -0400] "GET /ImageAssets/Beverages.png HTTP/1.1" 200 43184
0:0:0:0:0:0:0:1 - - [23/Jul/2020:07:14:57 -0400] "GET /ImageAssets/Confusing%20Interfaces.PNG HTTP/1.1" 200 54655
0:0:0:0:0:0:0:1 - - [23/Jul/2020:07:14:57 -0400] "GET /ImageAssets/Produce.jpg HTTP/1.1" 200 71131
0:0:0:0:0:0:0:1 - - [23/Jul/2020:07:14:57 -0400] "GET /ImageAssets/meat-pultry.jpg HTTP/1.1" 200 124485
0:0:0:0:0:0:0:1 - - [23/Jul/2020:07:14:57 -0400] "GET /ImageAssets/grain%20cereal.jpg HTTP/1.1" 200 41318
0:0:0:0:0:0:0:1 - - [23/Jul/2020:07:14:57 -0400] "GET /FixedAssets/ComponyLogo.png HTTP/1.1" 200 25947
0:0:0:0:0:0:0:1 - - [23/Jul/2020:07:14:57 -0400] "GET /FixedAssets/ShopingInterface.PNG HTTP/1.1" 200 27851
0:0:0:0:0:0:0:1 - - [23/Jul/2020:07:14:57 -0400] "GET /ImageAssets/confections.jpg HTTP/1.1" 200 315715
0:0:0:0:0:0:0:1 - - [23/Jul/2020:07:14:57 -0400] "GET /ImageAssets/seafood.jpeg HTTP/1.1" 200 267854
0:0:0:0:0:0:0:1 - - [23/Jul/2020:07:14:57 -0400] "GET /FixedAssets/BrianRodewald1.jpg HTTP/1.1" 200 917302
0:0:0:0:0:0:0:1 - - [23/Jul/2020:07:14:57 -0400] "GET /FixedAssets/AaronLarch.jpg HTTP/1.1" 200 995586
0:0:0:0:0:0:0:1 - - [23/Jul/2020:07:14:57 -0400] "GET /ImageAssets/Dairy%20products.jpg HTTP/1.1" 200 1718054
0:0:0:0:0:0:0:1 - - [23/Jul/2020:07:14:57 -0400] "GET /favicon.ico HTTP/1.1" 302 -
0:0:0:0:0:0:0:1 - - [23/Jul/2020:07:14:58 -0400] "GET /login HTTP/1.1" 200 6378
0:0:0:0:0:0:0:1 - - [23/Jul/2020:07:21:15 -0400] "GET /HomePage HTTP/1.1" 200 24709
0:0:0:0:0:0:0:1 - - [23/Jul/2020:07:21:15 -0400] "GET /ImageAssets/Beverages.png HTTP/1.1" 200 43184
0:0:0:0:0:0:0:1 - - [23/Jul/2020:07:21:15 -0400] "GET /ImageAssets/Condaments.jpeg HTTP/1.1" 200 41485
0:0:0:0:0:0:0:1 - - [23/Jul/2020:07:21:15 -0400] "GET /ImageAssets/Confusing%20Interfaces.PNG HTTP/1.1" 200 54655
0:0:0:0:0:0:0:1 - - [23/Jul/2020:07:21:15 -0400] "GET /ImageAssets/meat-pultry.jpg HTTP/1.1" 200 124485
0:0:0:0:0:0:0:1 - - [23/Jul/2020:07:21:15 -0400] "GET /ImageAssets/Produce.jpg HTTP/1.1" 200 71131
0:0:0:0:0:0:0:1 - - [23/Jul/2020:07:21:15 -0400] "GET /ImageAssets/grain%20cereal.jpg HTTP/1.1" 200 41318
0:0:0:0:0:0:0:1 - - [23/Jul/2020:07:21:15 -0400] "GET /ImageAssets/confections.jpg HTTP/1.1" 200 315715
0:0:0:0:0:0:0:1 - - [23/Jul/2020:07:21:15 -0400] "GET /FixedAssets/ComponyLogo.png HTTP/1.1" 200 25947
0:0:0:0:0:0:0:1 - - [23/Jul/2020:07:21:15 -0400] "GET /FixedAssets/ShopingInterface.PNG HTTP/1.1" 200 27851
0:0:0:0:0:0:0:1 - - [23/Jul/2020:07:21:15 -0400] "GET /ImageAssets/seafood.jpeg HTTP/1.1" 200 267854
0:0:0:0:0:0:0:1 - - [23/Jul/2020:07:21:15 -0400] "GET /FixedAssets/BrianRodewald1.jpg HTTP/1.1" 200 917302
0:0:0:0:0:0:0:1 - - [23/Jul/2020:07:21:15 -0400] "GET /FixedAssets/AaronLarch.jpg HTTP/1.1" 200 995586
0:0:0:0:0:0:0:1 - - [23/Jul/2020:07:21:15 -0400] "GET /ImageAssets/Dairy%20products.jpg HTTP/1.1" 200 1718054
0:0:0:0:0:0:0:1 - - [23/Jul/2020:07:22:00 -0400] "GET /login HTTP/1.1" 200 6378
0:0:0:0:0:0:0:1 - - [23/Jul/2020:07:39:39 -0400] "GET /HomePage HTTP/1.1" 200 25096
0:0:0:0:0:0:0:1 - - [23/Jul/2020:07:39:39 -0400] "GET /ImageAssets/Beverages.png HTTP/1.1" 200 43184
0:0:0:0:0:0:0:1 - - [23/Jul/2020:07:39:39 -0400] "GET /ImageAssets/Condaments.jpeg HTTP/1.1" 200 41485
0:0:0:0:0:0:0:1 - - [23/Jul/2020:07:39:39 -0400] "GET /ImageAssets/meat-pultry.jpg HTTP/1.1" 200 124485
0:0:0:0:0:0:0:1 - - [23/Jul/2020:07:39:39 -0400] "GET /ImageAssets/Produce.jpg HTTP/1.1" 200 71131
0:0:0:0:0:0:0:1 - - [23/Jul/2020:07:39:39 -0400] "GET /ImageAssets/confections.jpg HTTP/1.1" 200 315715
0:0:0:0:0:0:0:1 - - [23/Jul/2020:07:39:39 -0400] "GET /ImageAssets/grain%20cereal.jpg HTTP/1.1" 200 41318
0:0:0:0:0:0:0:1 - - [23/Jul/2020:07:39:39 -0400] "GET /ImageAssets/Confusing%20Interfaces.PNG HTTP/1.1" 200 54655
0:0:0:0:0:0:0:1 - - [23/Jul/2020:07:39:39 -0400] "GET /FixedAssets/ComponyLogo.png HTTP/1.1" 200 25947
0:0:0:0:0:0:0:1 - - [23/Jul/2020:07:39:39 -0400] "GET /FixedAssets/ShopingInterface.PNG HTTP/1.1" 200 27851
0:0:0:0:0:0:0:1 - - [23/Jul/2020:07:39:39 -0400] "GET /ImageAssets/seafood.jpeg HTTP/1.1" 200 267854
0:0:0:0:0:0:0:1 - - [23/Jul/2020:07:39:40 -0400] "GET /FixedAssets/BrianRodewald1.jpg HTTP/1.1" 200 917302
0:0:0:0:0:0:0:1 - - [23/Jul/2020:07:39:40 -0400] "GET /FixedAssets/AaronLarch.jpg HTTP/1.1" 200 995586
0:0:0:0:0:0:0:1 - - [23/Jul/2020:07:39:40 -0400] "GET /ImageAssets/Dairy%20products.jpg HTTP/1.1" 200 1718054
0:0:0:0:0:0:0:1 - - [23/Jul/2020:07:39:40 -0400] "GET /favicon.ico HTTP/1.1" 302 -
0:0:0:0:0:0:0:1 - - [23/Jul/2020:07:43:33 -0400] "GET /HomePage HTTP/1.1" 200 25172
0:0:0:0:0:0:0:1 - - [23/Jul/2020:07:43:33 -0400] "GET /ImageAssets/Beverages.png HTTP/1.1" 200 43184
0:0:0:0:0:0:0:1 - - [23/Jul/2020:07:43:33 -0400] "GET /ImageAssets/Condaments.jpeg HTTP/1.1" 200 41485
0:0:0:0:0:0:0:1 - - [23/Jul/2020:07:43:33 -0400] "GET /ImageAssets/grain%20cereal.jpg HTTP/1.1" 200 41318
0:0:0:0:0:0:0:1 - - [23/Jul/2020:07:43:33 -0400] "GET /ImageAssets/Confusing%20Interfaces.PNG HTTP/1.1" 200 54655
0:0:0:0:0:0:0:1 - - [23/Jul/2020:07:43:33 -0400] "GET /FixedAssets/ComponyLogo.png HTTP/1.1" 200 25947
0:0:0:0:0:0:0:1 - - [23/Jul/2020:07:43:33 -0400] "GET /ImageAssets/meat-pultry.jpg HTTP/1.1" 200 124485
0:0:0:0:0:0:0:1 - - [23/Jul/2020:07:43:33 -0400] "GET /ImageAssets/Produce.jpg HTTP/1.1" 200 71131
0:0:0:0:0:0:0:1 - - [23/Jul/2020:07:43:33 -0400] "GET /ImageAssets/confections.jpg HTTP/1.1" 200 315715
0:0:0:0:0:0:0:1 - - [23/Jul/2020:07:43:33 -0400] "GET /ImageAssets/seafood.jpeg HTTP/1.1" 200 267854
0:0:0:0:0:0:0:1 - - [23/Jul/2020:07:43:33 -0400] "GET /FixedAssets/ShopingInterface.PNG HTTP/1.1" 200 27851
0:0:0:0:0:0:0:1 - - [23/Jul/2020:07:43:34 -0400] "GET /FixedAssets/BrianRodewald1.jpg HTTP/1.1" 200 917302
0:0:0:0:0:0:0:1 - - [23/Jul/2020:07:43:34 -0400] "GET /FixedAssets/AaronLarch.jpg HTTP/1.1" 200 995586
0:0:0:0:0:0:0:1 - - [23/Jul/2020:07:43:34 -0400] "GET /ImageAssets/Dairy%20products.jpg HTTP/1.1" 200 1718054
0:0:0:0:0:0:0:1 - - [23/Jul/2020:07:45:12 -0400] "GET /HomePage HTTP/1.1" 200 25210
0:0:0:0:0:0:0:1 - - [23/Jul/2020:07:45:12 -0400] "GET /ImageAssets/Beverages.png HTTP/1.1" 200 43184
0:0:0:0:0:0:0:1 - - [23/Jul/2020:07:45:12 -0400] "GET /ImageAssets/Condaments.jpeg HTTP/1.1" 200 41485
0:0:0:0:0:0:0:1 - - [23/Jul/2020:07:45:12 -0400] "GET /ImageAssets/Confusing%20Interfaces.PNG HTTP/1.1" 200 54655
0:0:0:0:0:0:0:1 - - [23/Jul/2020:07:45:12 -0400] "GET /ImageAssets/Produce.jpg HTTP/1.1" 200 71131
0:0:0:0:0:0:0:1 - - [23/Jul/2020:07:45:12 -0400] "GET /ImageAssets/grain%20cereal.jpg HTTP/1.1" 200 41318
0:0:0:0:0:0:0:1 - - [23/Jul/2020:07:45:12 -0400] "GET /ImageAssets/meat-pultry.jpg HTTP/1.1" 200 124485
0:0:0:0:0:0:0:1 - - [23/Jul/2020:07:45:12 -0400] "GET /FixedAssets/ComponyLogo.png HTTP/1.1" 200 25947
0:0:0:0:0:0:0:1 - - [23/Jul/2020:07:45:12 -0400] "GET /FixedAssets/ShopingInterface.PNG HTTP/1.1" 200 27851
0:0:0:0:0:0:0:1 - - [23/Jul/2020:07:45:12 -0400] "GET /ImageAssets/confections.jpg HTTP/1.1" 200 315715
0:0:0:0:0:0:0:1 - - [23/Jul/2020:07:45:12 -0400] "GET /ImageAssets/seafood.jpeg HTTP/1.1" 200 267854
0:0:0:0:0:0:0:1 - - [23/Jul/2020:07:45:12 -0400] "GET /FixedAssets/BrianRodewald1.jpg HTTP/1.1" 200 917302
0:0:0:0:0:0:0:1 - - [23/Jul/2020:07:45:12 -0400] "GET /FixedAssets/AaronLarch.jpg HTTP/1.1" 200 995586
0:0:0:0:0:0:0:1 - - [23/Jul/2020:07:45:12 -0400] "GET /ImageAssets/Dairy%20products.jpg HTTP/1.1" 200 1718054
0:0:0:0:0:0:0:1 - - [23/Jul/2020:07:45:13 -0400] "GET /login HTTP/1.1" 200 6378
0:0:0:0:0:0:0:1 - - [23/Jul/2020:07:48:00 -0400] "GET /HomePage HTTP/1.1" 200 25199
0:0:0:0:0:0:0:1 - - [23/Jul/2020:07:48:00 -0400] "GET /ImageAssets/Beverages.png HTTP/1.1" 200 43184
0:0:0:0:0:0:0:1 - - [23/Jul/2020:07:48:00 -0400] "GET /ImageAssets/Condaments.jpeg HTTP/1.1" 200 41485
0:0:0:0:0:0:0:1 - - [23/Jul/2020:07:48:00 -0400] "GET /ImageAssets/Confusing%20Interfaces.PNG HTTP/1.1" 200 54655
0:0:0:0:0:0:0:1 - - [23/Jul/2020:07:48:00 -0400] "GET /ImageAssets/Produce.jpg HTTP/1.1" 200 71131
0:0:0:0:0:0:0:1 - - [23/Jul/2020:07:48:00 -0400] "GET /ImageAssets/meat-pultry.jpg HTTP/1.1" 200 124485
0:0:0:0:0:0:0:1 - - [23/Jul/2020:07:48:00 -0400] "GET /ImageAssets/grain%20cereal.jpg HTTP/1.1" 200 41318
0:0:0:0:0:0:0:1 - - [23/Jul/2020:07:48:00 -0400] "GET /FixedAssets/ComponyLogo.png HTTP/1.1" 200 25947
0:0:0:0:0:0:0:1 - - [23/Jul/2020:07:48:00 -0400] "GET /ImageAssets/confections.jpg HTTP/1.1" 200 315715
0:0:0:0:0:0:0:1 - - [23/Jul/2020:07:48:00 -0400] "GET /ImageAssets/seafood.jpeg HTTP/1.1" 200 267854
0:0:0:0:0:0:0:1 - - [23/Jul/2020:07:48:00 -0400] "GET /FixedAssets/ShopingInterface.PNG HTTP/1.1" 200 27851
0:0:0:0:0:0:0:1 - - [23/Jul/2020:07:48:00 -0400] "GET /FixedAssets/BrianRodewald1.jpg HTTP/1.1" 200 917302
0:0:0:0:0:0:0:1 - - [23/Jul/2020:07:48:00 -0400] "GET /FixedAssets/AaronLarch.jpg HTTP/1.1" 200 995586
0:0:0:0:0:0:0:1 - - [23/Jul/2020:07:48:00 -0400] "GET /ImageAssets/Dairy%20products.jpg HTTP/1.1" 200 1718054
0:0:0:0:0:0:0:1 - - [23/Jul/2020:07:48:00 -0400] "GET /favicon.ico HTTP/1.1" 302 -
0:0:0:0:0:0:0:1 - - [23/Jul/2020:09:28:11 -0400] "GET /HomePage HTTP/1.1" 200 27000
0:0:0:0:0:0:0:1 - - [23/Jul/2020:09:28:11 -0400] "GET /ImageAssets/Condaments.jpeg HTTP/1.1" 200 41485
0:0:0:0:0:0:0:1 - - [23/Jul/2020:09:28:11 -0400] "GET /ImageAssets/Confusing%20Interfaces.PNG HTTP/1.1" 200 54655
0:0:0:0:0:0:0:1 - - [23/Jul/2020:09:28:11 -0400] "GET /ImageAssets/Beverages.png HTTP/1.1" 200 43184
0:0:0:0:0:0:0:1 - - [23/Jul/2020:09:28:12 -0400] "GET /ImageAssets/Produce.jpg HTTP/1.1" 200 71131
0:0:0:0:0:0:0:1 - - [23/Jul/2020:09:28:12 -0400] "GET /ImageAssets/grain%20cereal.jpg HTTP/1.1" 200 41318
0:0:0:0:0:0:0:1 - - [23/Jul/2020:09:28:12 -0400] "GET /ImageAssets/meat-pultry.jpg HTTP/1.1" 200 124485
0:0:0:0:0:0:0:1 - - [23/Jul/2020:09:28:12 -0400] "GET /ImageAssets/confections.jpg HTTP/1.1" 200 315715
0:0:0:0:0:0:0:1 - - [23/Jul/2020:09:28:12 -0400] "GET /FixedAssets/ComponyLogo.png HTTP/1.1" 200 25947
0:0:0:0:0:0:0:1 - - [23/Jul/2020:09:28:12 -0400] "GET /FixedAssets/ShopingInterface.PNG HTTP/1.1" 200 27851
0:0:0:0:0:0:0:1 - - [23/Jul/2020:09:28:12 -0400] "GET /ImageAssets/seafood.jpeg HTTP/1.1" 200 267854
0:0:0:0:0:0:0:1 - - [23/Jul/2020:09:28:12 -0400] "GET /FixedAssets/AaronLarch.jpg HTTP/1.1" 200 995586
0:0:0:0:0:0:0:1 - - [23/Jul/2020:09:28:12 -0400] "GET /FixedAssets/BrianRodewald1.jpg HTTP/1.1" 200 917302
0:0:0:0:0:0:0:1 - - [23/Jul/2020:09:28:12 -0400] "GET /ImageAssets/Dairy%20products.jpg HTTP/1.1" 200 1718054
0:0:0:0:0:0:0:1 - - [23/Jul/2020:09:28:12 -0400] "GET /favicon.ico HTTP/1.1" 302 -
0:0:0:0:0:0:0:1 - - [23/Jul/2020:09:29:39 -0400] "GET /login HTTP/1.1" 200 6378
0:0:0:0:0:0:0:1 - - [23/Jul/2020:13:12:17 -0400] "GET /login HTTP/1.1" 302 -
0:0:0:0:0:0:0:1 - - [23/Jul/2020:13:12:18 -0400] "GET /login HTTP/1.1" 200 6378
0:0:0:0:0:0:0:1 - - [23/Jul/2020:13:12:29 -0400] "GET /registration HTTP/1.1" 200 8594
0:0:0:0:0:0:0:1 - - [23/Jul/2020:13:22:36 -0400] "POST /registration HTTP/1.1" 500 17358
0:0:0:0:0:0:0:1 - - [23/Jul/2020:13:29:51 -0400] "POST /registration HTTP/1.1" 500 10875
0:0:0:0:0:0:0:1 - - [23/Jul/2020:13:33:21 -0400] "POST /registration HTTP/1.1" 500 10875
0:0:0:0:0:0:0:1 - - [23/Jul/2020:13:35:12 -0400] "POST /registration HTTP/1.1" 500 10875
0:0:0:0:0:0:0:1 - - [23/Jul/2020:13:36:25 -0400] "GET /login HTTP/1.1" 302 -
0:0:0:0:0:0:0:1 - - [23/Jul/2020:13:36:26 -0400] "GET /login HTTP/1.1" 200 6378
0:0:0:0:0:0:0:1 - - [23/Jul/2020:13:36:30 -0400] "GET /registration HTTP/1.1" 500 11629
0:0:0:0:0:0:0:1 - - [23/Jul/2020:13:36:46 -0400] "GET /registration HTTP/1.1" 500 11629
0:0:0:0:0:0:0:1 - - [23/Jul/2020:13:37:48 -0400] "GET /registration HTTP/1.1" 500 11629
0:0:0:0:0:0:0:1 - - [23/Jul/2020:13:39:54 -0400] "GET /registration HTTP/1.1" 200 8594
0:0:0:0:0:0:0:1 - - [23/Jul/2020:13:40:29 -0400] "POST /registration HTTP/1.1" 302 -
0:0:0:0:0:0:0:1 - - [23/Jul/2020:13:40:29 -0400] "GET /welcome HTTP/1.1" 302 -
0:0:0:0:0:0:0:1 - - [23/Jul/2020:13:40:30 -0400] "GET /Shipping/Europe HTTP/1.1" 200 50818
0:0:0:0:0:0:0:1 - - [23/Jul/2020:13:45:12 -0400] "GET /Shipping/Europe/Venezuela HTTP/1.1" 200 64131
0:0:0:0:0:0:0:1 - - [23/Jul/2020:13:49:26 -0400] "GET /Stats/closerecords HTTP/1.1" 200 37183
0:0:0:0:0:0:0:1 - - [23/Jul/2020:13:49:41 -0400] "GET /Shipping/addneworder HTTP/1.1" 200 20777
0:0:0:0:0:0:0:1 - - [23/Jul/2020:13:49:54 -0400] "GET /Shipping/addneworder HTTP/1.1" 200 20777
0:0:0:0:0:0:0:1 - - [23/Jul/2020:13:49:54 -0400] "GET /favicon.ico HTTP/1.1" 200 946
0:0:0:0:0:0:0:1 - - [23/Jul/2020:13:49:55 -0400] "-" 400 -
0:0:0:0:0:0:0:1 - - [23/Jul/2020:13:50:18 -0400] "GET /Shipping/Europe/Germany HTTP/1.1" 200 107798
0:0:0:0:0:0:0:1 - - [23/Jul/2020:13:50:27 -0400] "POST /logout HTTP/1.1" 302 -
0:0:0:0:0:0:0:1 - - [23/Jul/2020:13:50:27 -0400] "GET /login?logout HTTP/1.1" 500 9597
0:0:0:0:0:0:0:1 - - [23/Jul/2020:13:53:37 -0400] "GET /Shipping/Europe/Germany HTTP/1.1" 302 -
0:0:0:0:0:0:0:1 - - [23/Jul/2020:13:53:37 -0400] "GET /login HTTP/1.1" 200 6378
0:0:0:0:0:0:0:1 - - [23/Jul/2020:13:53:46 -0400] "POST /login HTTP/1.1" 302 -
0:0:0:0:0:0:0:1 - - [23/Jul/2020:13:53:46 -0400] "GET /Shipping/Europe/Germany HTTP/1.1" 200 107798
0:0:0:0:0:0:0:1 - - [23/Jul/2020:13:53:46 -0400] "GET /favicon.ico HTTP/1.1" 200 946
0:0:0:0:0:0:0:1 - - [23/Jul/2020:13:53:47 -0400] "GET /login HTTP/1.1" 200 6378
0:0:0:0:0:0:0:1 - - [23/Jul/2020:13:53:49 -0400] "POST /logout HTTP/1.1" 302 -
0:0:0:0:0:0:0:1 - - [23/Jul/2020:13:53:49 -0400] "GET /login?logout HTTP/1.1" 500 9597
0:0:0:0:0:0:0:1 - - [23/Jul/2020:13:54:01 -0400] "GET /Shipping/Europe/Germany HTTP/1.1" 302 -
0:0:0:0:0:0:0:1 - - [23/Jul/2020:13:54:01 -0400] "GET /login HTTP/1.1" 200 6378
0:0:0:0:0:0:0:1 - - [23/Jul/2020:13:54:07 -0400] "POST /login HTTP/1.1" 302 -
0:0:0:0:0:0:0:1 - - [23/Jul/2020:13:54:07 -0400] "GET /Shipping/Europe/Germany HTTP/1.1" 200 107799
0:0:0:0:0:0:0:1 - - [23/Jul/2020:13:54:08 -0400] "GET /login HTTP/1.1" 200 6378
0:0:0:0:0:0:0:1 - - [23/Jul/2020:13:54:14 -0400] "GET /Stats/closerecords HTTP/1.1" 200 37184
0:0:0:0:0:0:0:1 - - [23/Jul/2020:13:54:23 -0400] "POST /logout HTTP/1.1" 302 -
0:0:0:0:0:0:0:1 - - [23/Jul/2020:13:54:23 -0400] "GET /login?logout HTTP/1.1" 500 9597
0:0:0:0:0:0:0:1 - - [23/Jul/2020:13:56:03 -0400] "GET /login HTTP/1.1" 302 -
0:0:0:0:0:0:0:1 - - [23/Jul/2020:13:56:03 -0400] "GET /login HTTP/1.1" 200 6378
0:0:0:0:0:0:0:1 - - [23/Jul/2020:13:56:11 -0400] "POST /login HTTP/1.1" 302 -
0:0:0:0:0:0:0:1 - - [23/Jul/2020:13:56:11 -0400] "GET / HTTP/1.1" 302 -
0:0:0:0:0:0:0:1 - - [23/Jul/2020:13:56:11 -0400] "GET /Shipping/Europe HTTP/1.1" 200 50819
0:0:0:0:0:0:0:1 - - [23/Jul/2020:13:56:11 -0400] "GET /favicon.ico HTTP/1.1" 200 946
0:0:0:0:0:0:0:1 - - [23/Jul/2020:13:56:12 -0400] "GET /login HTTP/1.1" 200 6378
0:0:0:0:0:0:0:1 - - [23/Jul/2020:13:56:23 -0400] "GET /Stats/closerecords HTTP/1.1" 200 53022
0:0:0:0:0:0:0:1 - - [23/Jul/2020:13:56:23 -0400] "GET /favicon.ico HTTP/1.1" 200 946
0:0:0:0:0:0:0:1 - - [23/Jul/2020:13:56:27 -0400] "POST /logout HTTP/1.1" 302 -
0:0:0:0:0:0:0:1 - - [23/Jul/2020:13:56:27 -0400] "GET /login?logout HTTP/1.1" 200 6416
0:0:0:0:0:0:0:1 - - [23/Jul/2020:13:56:36 -0400] "POST /login HTTP/1.1" 302 -
0:0:0:0:0:0:0:1 - - [23/Jul/2020:13:56:36 -0400] "GET / HTTP/1.1" 302 -
0:0:0:0:0:0:0:1 - - [23/Jul/2020:13:56:36 -0400] "GET /Shipping/Europe HTTP/1.1" 200 50818
0:0:0:0:0:0:0:1 - - [23/Jul/2020:13:56:36 -0400] "GET /login HTTP/1.1" 200 6378
0:0:0:0:0:0:0:1 - - [23/Jul/2020:13:56:40 -0400] "POST /logout HTTP/1.1" 302 -
0:0:0:0:0:0:0:1 - - [23/Jul/2020:13:56:40 -0400] "GET /login?logout HTTP/1.1" 200 6416
0:0:0:0:0:0:0:1 - - [23/Jul/2020:13:57:58 -0400] "GET /registration HTTP/1.1" 200 8594
0:0:0:0:0:0:0:1 - - [23/Jul/2020:13:58:03 -0400] "POST /registration HTTP/1.1" 200 8161
0:0:0:0:0:0:0:1 - - [23/Jul/2020:13:58:33 -0400] "POST /registration HTTP/1.1" 200 8178
0:0:0:0:0:0:0:1 - - [23/Jul/2020:13:59:17 -0400] "GET /login HTTP/1.1" 302 -
0:0:0:0:0:0:0:1 - - [23/Jul/2020:13:59:17 -0400] "GET /login HTTP/1.1" 200 6378
0:0:0:0:0:0:0:1 - - [23/Jul/2020:13:59:22 -0400] "GET /login HTTP/1.1" 200 6378
0:0:0:0:0:0:0:1 - - [23/Jul/2020:13:59:32 -0400] "POST /login HTTP/1.1" 302 -
0:0:0:0:0:0:0:1 - - [23/Jul/2020:13:59:32 -0400] "GET / HTTP/1.1" 302 -
0:0:0:0:0:0:0:1 - - [23/Jul/2020:13:59:32 -0400] "GET /Shipping/Pacific HTTP/1.1" 200 7519
0:0:0:0:0:0:0:1 - - [23/Jul/2020:13:59:33 -0400] "GET /login HTTP/1.1" 200 6378
