0:0:0:0:0:0:0:1 - - [28/May/2020:09:54:11 -0400] "GET /login HTTP/1.1" 302 -
0:0:0:0:0:0:0:1 - - [28/May/2020:09:54:11 -0400] "GET /login HTTP/1.1" 200 6120
0:0:0:0:0:0:0:1 - - [28/May/2020:09:54:12 -0400] "GET /favicon.ico HTTP/1.1" 302 -
0:0:0:0:0:0:0:1 - - [28/May/2020:09:54:22 -0400] "POST /login HTTP/1.1" 302 -
0:0:0:0:0:0:0:1 - - [28/May/2020:09:54:22 -0400] "GET /login?error HTTP/1.1" 200 6167
0:0:0:0:0:0:0:1 - - [28/May/2020:09:54:22 -0400] "GET /login HTTP/1.1" 200 6120
0:0:0:0:0:0:0:1 - - [28/May/2020:09:54:36 -0400] "POST /login HTTP/1.1" 302 -
0:0:0:0:0:0:0:1 - - [28/May/2020:09:54:36 -0400] "GET /login?error HTTP/1.1" 200 6167
0:0:0:0:0:0:0:1 - - [28/May/2020:09:54:36 -0400] "GET /login HTTP/1.1" 200 6120
0:0:0:0:0:0:0:1 - - [28/May/2020:09:54:52 -0400] "POST /login HTTP/1.1" 302 -
0:0:0:0:0:0:0:1 - - [28/May/2020:09:54:52 -0400] "GET /login?error HTTP/1.1" 200 6167
0:0:0:0:0:0:0:1 - - [28/May/2020:09:54:52 -0400] "GET /login HTTP/1.1" 200 6120
0:0:0:0:0:0:0:1 - - [28/May/2020:09:55:01 -0400] "POST /login HTTP/1.1" 302 -
0:0:0:0:0:0:0:1 - - [28/May/2020:09:55:01 -0400] "GET /login?error HTTP/1.1" 200 6167
0:0:0:0:0:0:0:1 - - [28/May/2020:09:55:01 -0400] "GET /login HTTP/1.1" 200 6120
0:0:0:0:0:0:0:1 - - [28/May/2020:09:55:18 -0400] "POST /login HTTP/1.1" 302 -
0:0:0:0:0:0:0:1 - - [28/May/2020:09:55:18 -0400] "GET /login?error HTTP/1.1" 200 6167
0:0:0:0:0:0:0:1 - - [28/May/2020:09:55:18 -0400] "GET /login HTTP/1.1" 200 6120
0:0:0:0:0:0:0:1 - - [28/May/2020:09:59:47 -0400] "POST /login HTTP/1.1" 302 -
0:0:0:0:0:0:0:1 - - [28/May/2020:09:59:47 -0400] "GET / HTTP/1.1" 302 -
0:0:0:0:0:0:0:1 - - [28/May/2020:09:59:47 -0400] "GET /Shipping/America HTTP/1.1" 200 31670
0:0:0:0:0:0:0:1 - - [28/May/2020:09:59:47 -0400] "GET /login HTTP/1.1" 200 6120
0:0:0:0:0:0:0:1 - - [28/May/2020:10:02:43 -0400] "GET /Shipping/America HTTP/1.1" 200 31670
0:0:0:0:0:0:0:1 - - [28/May/2020:10:02:47 -0400] "GET /Shipping/SingleObject/10303 HTTP/1.1" 200 7407
0:0:0:0:0:0:0:1 - - [28/May/2020:10:02:47 -0400] "GET /login HTTP/1.1" 200 6120
0:0:0:0:0:0:0:1 - - [28/May/2020:10:02:55 -0400] "GET /Shipping/addneworder HTTP/1.1" 200 15678
0:0:0:0:0:0:0:1 - - [28/May/2020:10:02:57 -0400] "GET /Shipping/addneworder/4 HTTP/1.1" 200 16777
0:0:0:0:0:0:0:1 - - [28/May/2020:10:02:59 -0400] "GET /Shipping/addneworder/Geitost HTTP/1.1" 200 14513
0:0:0:0:0:0:0:1 - - [28/May/2020:10:03:06 -0400] "POST /Shipping/addneworder/Invoicve-0/0 HTTP/1.1" 200 14447
0:0:0:0:0:0:0:1 - - [28/May/2020:10:03:17 -0400] "POST /Shipping/addneworder/Invoicve-0/ HTTP/1.1" 200 13561
0:0:0:0:0:0:0:1 - - [28/May/2020:10:04:09 -0400] "POST /Shipping/addneworder/Invoicve-0/0 HTTP/1.1" 500 9750
0:0:0:0:0:0:0:1 - - [28/May/2020:10:04:16 -0400] "GET /Shipping/addneworder/Geitost HTTP/1.1" 200 14513
0:0:0:0:0:0:0:1 - - [28/May/2020:10:04:18 -0400] "POST /Shipping/addneworder/Invoicve-0/0 HTTP/1.1" 200 14447
0:0:0:0:0:0:0:1 - - [28/May/2020:10:05:03 -0400] "GET /Shipping/addneworder/4 HTTP/1.1" 200 16777
0:0:0:0:0:0:0:1 - - [28/May/2020:10:05:04 -0400] "GET /Shipping/addneworder/Gorgonzola%20Telino HTTP/1.1" 200 14774
0:0:0:0:0:0:0:1 - - [28/May/2020:10:05:16 -0400] "POST /Shipping/addneworder/Invoicve-0/2 HTTP/1.1" 200 14476
0:0:0:0:0:0:0:1 - - [28/May/2020:10:05:21 -0400] "GET /Shipping/addneworder/4 HTTP/1.1" 200 16777
0:0:0:0:0:0:0:1 - - [28/May/2020:10:05:23 -0400] "GET /Shipping/addneworder/Queso%20Manchego%20La%20Pastora HTTP/1.1" 200 14574
0:0:0:0:0:0:0:1 - - [28/May/2020:10:05:27 -0400] "POST /Shipping/addneworder/Invoicve-0/0 HTTP/1.1" 200 14483
0:0:0:0:0:0:0:1 - - [28/May/2020:10:12:04 -0400] "GET /Shipping/addneworder HTTP/1.1" 200 15678
0:0:0:0:0:0:0:1 - - [28/May/2020:10:12:06 -0400] "GET /Shipping/addneworder/7 HTTP/1.1" 200 15176
0:0:0:0:0:0:0:1 - - [28/May/2020:10:12:12 -0400] "GET /Shipping/addneworder/Longlife%20Tofu HTTP/1.1" 200 14644
0:0:0:0:0:0:0:1 - - [28/May/2020:10:12:19 -0400] "POST /Shipping/addneworder/Invoicve-0/1 HTTP/1.1" 302 -
0:0:0:0:0:0:0:1 - - [28/May/2020:10:12:19 -0400] "GET /Shipping/addneworder/Longlife%20Tofu?error=This+input+is+not+a+number HTTP/1.1" 200 14644
0:0:0:0:0:0:0:1 - - [28/May/2020:10:12:42 -0400] "POST /Shipping/addneworder/Invoicve-0/1 HTTP/1.1" 302 -
0:0:0:0:0:0:0:1 - - [28/May/2020:10:12:42 -0400] "GET /Shipping/addneworder/Longlife%20Tofu?error=The+amount+requested+is+larger+than+what%27s+in+stock HTTP/1.1" 200 14644
0:0:0:0:0:0:0:1 - - [28/May/2020:10:18:04 -0400] "GET /Shipping/addneworder HTTP/1.1" 200 15678
0:0:0:0:0:0:0:1 - - [28/May/2020:10:18:06 -0400] "GET /Shipping/addneworder/2 HTTP/1.1" 200 17547
0:0:0:0:0:0:0:1 - - [28/May/2020:10:18:08 -0400] "GET /Shipping/addneworder/Chef%20Anton's%20Gumbo%20Mix HTTP/1.1" 200 14550
0:0:0:0:0:0:0:1 - - [28/May/2020:10:18:16 -0400] "POST /Shipping/addneworder/Invoicve-0/0 HTTP/1.1" 302 -
0:0:0:0:0:0:0:1 - - [28/May/2020:10:18:16 -0400] "GET /Shipping/addneworder/Chef%20Anton's%20Gumbo%20Mix HTTP/1.1" 200 14576
0:0:0:0:0:0:0:1 - - [28/May/2020:10:18:21 -0400] "POST /Shipping/addneworder/Invoicve-0/0 HTTP/1.1" 302 -
0:0:0:0:0:0:0:1 - - [28/May/2020:10:18:21 -0400] "GET /Shipping/addneworder/Chef%20Anton's%20Gumbo%20Mix HTTP/1.1" 200 14601
0:0:0:0:0:0:0:1 - - [28/May/2020:10:32:07 -0400] "GET /Shipping/addneworder/Chef%20Anton's%20Cajun%20Seasoning HTTP/1.1" 200 14723
0:0:0:0:0:0:0:1 - - [28/May/2020:10:32:19 -0400] "GET /Shipping/addneworder/Chef%20Anton's%20Cajun%20Seasoning HTTP/1.1" 200 14723
0:0:0:0:0:0:0:1 - - [28/May/2020:10:32:19 -0400] "GET /login HTTP/1.1" 200 6120
0:0:0:0:0:0:0:1 - - [28/May/2020:10:33:14 -0400] "GET /Shipping/addneworder/Chef%20Anton's%20Cajun%20Seasoning HTTP/1.1" 200 14672
0:0:0:0:0:0:0:1 - - [28/May/2020:10:37:44 -0400] "GET /Shipping/addneworder/Chef%20Anton's%20Cajun%20Seasoning HTTP/1.1" 200 14734
0:0:0:0:0:0:0:1 - - [28/May/2020:10:37:44 -0400] "GET /favicon.ico HTTP/1.1" 200 946
0:0:0:0:0:0:0:1 - - [28/May/2020:10:37:48 -0400] "GET /Shipping/addneworder/2 HTTP/1.1" 200 17547
0:0:0:0:0:0:0:1 - - [28/May/2020:10:37:50 -0400] "GET /Shipping/addneworder/Chef%20Anton's%20Cajun%20Seasoning HTTP/1.1" 200 14734
0:0:0:0:0:0:0:1 - - [28/May/2020:10:41:03 -0400] "GET /Shipping/addneworder/Chef%20Anton's%20Cajun%20Seasoning HTTP/1.1" 200 14812
0:0:0:0:0:0:0:1 - - [28/May/2020:10:41:08 -0400] "GET /Shipping/addneworder/2 HTTP/1.1" 200 17547
0:0:0:0:0:0:0:1 - - [28/May/2020:10:41:08 -0400] "GET /favicon.ico HTTP/1.1" 200 946
0:0:0:0:0:0:0:1 - - [28/May/2020:10:41:09 -0400] "GET /Shipping/addneworder/Aniseed%20Syrup HTTP/1.1" 200 14779
0:0:0:0:0:0:0:1 - - [28/May/2020:10:45:31 -0400] "GET /Shipping/addneworder/Aniseed%20Syrup HTTP/1.1" 200 14693
0:0:0:0:0:0:0:1 - - [28/May/2020:10:45:46 -0400] "GET /Shipping/addneworder HTTP/1.1" 200 15678
0:0:0:0:0:0:0:1 - - [28/May/2020:10:45:47 -0400] "GET /Shipping/addneworder/2 HTTP/1.1" 200 17547
0:0:0:0:0:0:0:1 - - [28/May/2020:10:45:47 -0400] "GET /login HTTP/1.1" 200 6120
0:0:0:0:0:0:0:1 - - [28/May/2020:10:45:49 -0400] "GET /Shipping/addneworder/Aniseed%20Syrup HTTP/1.1" 200 14693
0:0:0:0:0:0:0:1 - - [28/May/2020:10:47:11 -0400] "GET /Shipping/addneworder/Aniseed%20Syrup HTTP/1.1" 200 14621
0:0:0:0:0:0:0:1 - - [28/May/2020:10:47:11 -0400] "GET /favicon.ico HTTP/1.1" 200 946
0:0:0:0:0:0:0:1 - - [28/May/2020:10:47:12 -0400] "GET /Shipping/addneworder/Aniseed%20Syrup HTTP/1.1" 200 14621
0:0:0:0:0:0:0:1 - - [28/May/2020:10:47:13 -0400] "GET /login HTTP/1.1" 200 6120
0:0:0:0:0:0:0:1 - - [28/May/2020:10:48:09 -0400] "GET /Shipping/addneworder/Aniseed%20Syrup HTTP/1.1" 200 14595
0:0:0:0:0:0:0:1 - - [28/May/2020:10:48:09 -0400] "GET /favicon.ico HTTP/1.1" 200 946
0:0:0:0:0:0:0:1 - - [28/May/2020:10:48:19 -0400] "GET /Shipping/addneworder/Aniseed%20Syrup HTTP/1.1" 200 14595
0:0:0:0:0:0:0:1 - - [28/May/2020:10:48:19 -0400] "GET /favicon.ico HTTP/1.1" 200 946
0:0:0:0:0:0:0:1 - - [28/May/2020:10:48:19 -0400] "-" 400 -
0:0:0:0:0:0:0:1 - - [28/May/2020:10:48:21 -0400] "GET /Shipping/addneworder/2 HTTP/1.1" 200 17547
0:0:0:0:0:0:0:1 - - [28/May/2020:10:48:23 -0400] "GET /Shipping/addneworder/Aniseed%20Syrup HTTP/1.1" 200 14595
0:0:0:0:0:0:0:1 - - [28/May/2020:10:48:23 -0400] "GET /favicon.ico HTTP/1.1" 200 946
0:0:0:0:0:0:0:1 - - [28/May/2020:10:48:52 -0400] "GET /Shipping/addneworder/Aniseed%20Syrup HTTP/1.1" 200 14605
0:0:0:0:0:0:0:1 - - [28/May/2020:10:48:52 -0400] "GET /favicon.ico HTTP/1.1" 200 946
0:0:0:0:0:0:0:1 - - [28/May/2020:10:48:55 -0400] "GET /Shipping/addneworder/2 HTTP/1.1" 200 17547
0:0:0:0:0:0:0:1 - - [28/May/2020:10:48:57 -0400] "GET /Shipping/addneworder/Aniseed%20Syrup HTTP/1.1" 200 14605
0:0:0:0:0:0:0:1 - - [28/May/2020:10:50:03 -0400] "GET /Shipping/addneworder/Aniseed%20Syrup HTTP/1.1" 200 14609
0:0:0:0:0:0:0:1 - - [28/May/2020:10:50:03 -0400] "GET /favicon.ico HTTP/1.1" 200 946
0:0:0:0:0:0:0:1 - - [28/May/2020:10:50:33 -0400] "GET /Shipping/addneworder/Aniseed%20Syrup HTTP/1.1" 200 14600
0:0:0:0:0:0:0:1 - - [28/May/2020:10:50:33 -0400] "GET /favicon.ico HTTP/1.1" 200 946
0:0:0:0:0:0:0:1 - - [28/May/2020:10:50:34 -0400] "GET /Shipping/addneworder/Aniseed%20Syrup HTTP/1.1" 200 14600
0:0:0:0:0:0:0:1 - - [28/May/2020:10:50:58 -0400] "GET /Shipping/addneworder/Chef%20Anton's%20Cajun%20Seasoning HTTP/1.1" 200 14628
0:0:0:0:0:0:0:1 - - [28/May/2020:10:50:59 -0400] "GET /favicon.ico HTTP/1.1" 200 946
0:0:0:0:0:0:0:1 - - [28/May/2020:10:51:52 -0400] "-" 400 -
0:0:0:0:0:0:0:1 - - [28/May/2020:10:51:53 -0400] "GET /Shipping/addneworder/2 HTTP/1.1" 200 17547
0:0:0:0:0:0:0:1 - - [28/May/2020:10:51:54 -0400] "GET /Shipping/addneworder/Aniseed%20Syrup HTTP/1.1" 200 14603
0:0:0:0:0:0:0:1 - - [28/May/2020:10:52:27 -0400] "GET /Shipping/addneworder/Aniseed%20Syrup HTTP/1.1" 200 14603
0:0:0:0:0:0:0:1 - - [28/May/2020:10:53:05 -0400] "GET /Shipping/addneworder/Aniseed%20Syrup HTTP/1.1" 200 14605
0:0:0:0:0:0:0:1 - - [28/May/2020:10:53:05 -0400] "GET /favicon.ico HTTP/1.1" 200 946
0:0:0:0:0:0:0:1 - - [28/May/2020:10:53:34 -0400] "GET /Shipping/addneworder/Aniseed%20Syrup HTTP/1.1" 200 14595
0:0:0:0:0:0:0:1 - - [28/May/2020:10:53:34 -0400] "GET /favicon.ico HTTP/1.1" 200 946
0:0:0:0:0:0:0:1 - - [28/May/2020:10:53:52 -0400] "GET /Shipping/addneworder/Aniseed%20Syrup HTTP/1.1" 200 14599
0:0:0:0:0:0:0:1 - - [28/May/2020:10:54:16 -0400] "GET /Shipping/addneworder/Aniseed%20Syrup HTTP/1.1" 200 14603
0:0:0:0:0:0:0:1 - - [28/May/2020:10:54:16 -0400] "GET /favicon.ico HTTP/1.1" 200 946
0:0:0:0:0:0:0:1 - - [28/May/2020:10:55:03 -0400] "GET /Shipping/addneworder/Aniseed%20Syrup HTTP/1.1" 200 14594
0:0:0:0:0:0:0:1 - - [28/May/2020:10:55:03 -0400] "GET /favicon.ico HTTP/1.1" 200 946
0:0:0:0:0:0:0:1 - - [28/May/2020:10:55:03 -0400] "-" 400 -
0:0:0:0:0:0:0:1 - - [28/May/2020:10:55:23 -0400] "GET /Shipping/addneworder/Aniseed%20Syrup HTTP/1.1" 200 14595
0:0:0:0:0:0:0:1 - - [28/May/2020:10:55:23 -0400] "GET /login HTTP/1.1" 200 6120
0:0:0:0:0:0:0:1 - - [28/May/2020:10:57:59 -0400] "GET /Shipping/addneworder/Aniseed%20Syrup HTTP/1.1" 200 14595
0:0:0:0:0:0:0:1 - - [28/May/2020:10:57:59 -0400] "GET /favicon.ico HTTP/1.1" 200 946
0:0:0:0:0:0:0:1 - - [28/May/2020:10:58:33 -0400] "GET /Shipping/addneworder/Aniseed%20Syrup HTTP/1.1" 200 14599
0:0:0:0:0:0:0:1 - - [28/May/2020:10:58:33 -0400] "GET /favicon.ico HTTP/1.1" 200 946
0:0:0:0:0:0:0:1 - - [28/May/2020:10:58:33 -0400] "-" 400 -
0:0:0:0:0:0:0:1 - - [28/May/2020:10:59:49 -0400] "GET /Shipping/addneworder/Aniseed%20Syrup HTTP/1.1" 200 14595
0:0:0:0:0:0:0:1 - - [28/May/2020:10:59:49 -0400] "GET /favicon.ico HTTP/1.1" 200 946
0:0:0:0:0:0:0:1 - - [28/May/2020:10:59:52 -0400] "GET /Shipping/addneworder/Aniseed%20Syrup HTTP/1.1" 200 14595
0:0:0:0:0:0:0:1 - - [28/May/2020:10:59:52 -0400] "GET /login HTTP/1.1" 200 6120
0:0:0:0:0:0:0:1 - - [28/May/2020:11:00:07 -0400] "GET /Shipping/addneworder/Aniseed%20Syrup HTTP/1.1" 200 14595
0:0:0:0:0:0:0:1 - - [28/May/2020:11:00:07 -0400] "GET /favicon.ico HTTP/1.1" 200 946
0:0:0:0:0:0:0:1 - - [28/May/2020:11:00:28 -0400] "GET /Shipping/addneworder/Aniseed%20Syrup HTTP/1.1" 200 14595
0:0:0:0:0:0:0:1 - - [28/May/2020:11:00:28 -0400] "GET /login HTTP/1.1" 200 6120
0:0:0:0:0:0:0:1 - - [28/May/2020:11:00:53 -0400] "GET /Shipping/addneworder/Aniseed%20Syrup HTTP/1.1" 200 14596
0:0:0:0:0:0:0:1 - - [28/May/2020:11:00:53 -0400] "GET /favicon.ico HTTP/1.1" 200 946
0:0:0:0:0:0:0:1 - - [28/May/2020:11:01:13 -0400] "GET /Shipping/addneworder/Aniseed%20Syrup HTTP/1.1" 200 14592
0:0:0:0:0:0:0:1 - - [28/May/2020:11:01:31 -0400] "GET /Shipping/addneworder/Aniseed%20Syrup HTTP/1.1" 200 14594
0:0:0:0:0:0:0:1 - - [28/May/2020:11:01:46 -0400] "POST /Shipping/addneworder/Invoicve-0/1 HTTP/1.1" 302 -
0:0:0:0:0:0:0:1 - - [28/May/2020:11:01:46 -0400] "GET /Shipping/addneworder/Aniseed%20Syrup HTTP/1.1" 200 14645
0:0:0:0:0:0:0:1 - - [28/May/2020:11:01:53 -0400] "POST /Shipping/addneworder/Invoicve-0/1 HTTP/1.1" 302 -
0:0:0:0:0:0:0:1 - - [28/May/2020:11:01:53 -0400] "GET /Shipping/addneworder/Aniseed%20Syrup HTTP/1.1" 200 14620
0:0:0:0:0:0:0:1 - - [28/May/2020:11:02:10 -0400] "POST /Shipping/addneworder/Invoicve-0/1 HTTP/1.1" 200 13669
0:0:0:0:0:0:0:1 - - [28/May/2020:11:02:18 -0400] "POST /logout HTTP/1.1" 302 -
0:0:0:0:0:0:0:1 - - [28/May/2020:11:02:18 -0400] "GET /login?logout HTTP/1.1" 500 9686
0:0:0:0:0:0:0:1 - - [28/May/2020:11:02:18 -0400] "-" 400 -
0:0:0:0:0:0:0:1 - - [28/May/2020:11:02:18 -0400] "-" 400 -
0:0:0:0:0:0:0:1 - - [28/May/2020:11:02:54 -0400] "GET /login HTTP/1.1" 200 6120
0:0:0:0:0:0:0:1 - - [28/May/2020:11:02:55 -0400] "GET /favicon.ico HTTP/1.1" 302 -
0:0:0:0:0:0:0:1 - - [28/May/2020:11:03:03 -0400] "POST /login HTTP/1.1" 302 -
0:0:0:0:0:0:0:1 - - [28/May/2020:11:03:03 -0400] "GET / HTTP/1.1" 302 -
0:0:0:0:0:0:0:1 - - [28/May/2020:11:03:03 -0400] "GET /Shipping/America HTTP/1.1" 200 31670
0:0:0:0:0:0:0:1 - - [28/May/2020:11:03:03 -0400] "GET /login HTTP/1.1" 200 6120
0:0:0:0:0:0:0:1 - - [28/May/2020:11:03:06 -0400] "GET /Shipping/addneworder HTTP/1.1" 200 15678
0:0:0:0:0:0:0:1 - - [28/May/2020:11:03:11 -0400] "GET /Shipping/addneworder/4 HTTP/1.1" 200 16777
0:0:0:0:0:0:0:1 - - [28/May/2020:11:03:12 -0400] "GET /Shipping/addneworder/Gorgonzola%20Telino HTTP/1.1" 200 14685
0:0:0:0:0:0:0:1 - - [28/May/2020:11:03:20 -0400] "GET /Shipping/addneworder/Geitost HTTP/1.1" 200 14500
0:0:0:0:0:0:0:1 - - [28/May/2020:11:03:20 -0400] "GET /login HTTP/1.1" 200 6120
0:0:0:0:0:0:0:1 - - [28/May/2020:11:03:34 -0400] "POST /Shipping/addneworder/Invoicve-0/0 HTTP/1.1" 200 13683
0:0:0:0:0:0:0:1 - - [28/May/2020:11:03:35 -0400] "POST /logout HTTP/1.1" 302 -
0:0:0:0:0:0:0:1 - - [28/May/2020:11:03:35 -0400] "GET /login?logout HTTP/1.1" 200 6158
0:0:0:0:0:0:0:1 - - [28/May/2020:14:36:56 -0400] "GET /login HTTP/1.1" 302 -
0:0:0:0:0:0:0:1 - - [28/May/2020:14:36:56 -0400] "GET /login HTTP/1.1" 200 6120
0:0:0:0:0:0:0:1 - - [28/May/2020:14:36:56 -0400] "GET /favicon.ico HTTP/1.1" 302 -
0:0:0:0:0:0:0:1 - - [28/May/2020:14:37:04 -0400] "POST /login HTTP/1.1" 302 -
0:0:0:0:0:0:0:1 - - [28/May/2020:14:37:04 -0400] "GET / HTTP/1.1" 302 -
0:0:0:0:0:0:0:1 - - [28/May/2020:14:37:04 -0400] "GET /Shipping/America HTTP/1.1" 200 31670
0:0:0:0:0:0:0:1 - - [28/May/2020:14:37:04 -0400] "GET /login HTTP/1.1" 200 6120
0:0:0:0:0:0:0:1 - - [28/May/2020:14:37:06 -0400] "GET /Shipping/addneworder HTTP/1.1" 500 11641
0:0:0:0:0:0:0:1 - - [28/May/2020:14:37:06 -0400] "-" 400 -
0:0:0:0:0:0:0:1 - - [28/May/2020:14:39:20 -0400] "GET /Shipping/addneworder HTTP/1.1" 200 10955
0:0:0:0:0:0:0:1 - - [28/May/2020:14:39:20 -0400] "GET /resources/js/reportfunctions.js HTTP/1.1" 404 163
0:0:0:0:0:0:0:1 - - [28/May/2020:14:39:20 -0400] "GET /resources/js/reportfunctions.js HTTP/1.1" 404 163
0:0:0:0:0:0:0:1 - - [28/May/2020:14:39:39 -0400] "POST /logout HTTP/1.1" 302 -
0:0:0:0:0:0:0:1 - - [28/May/2020:14:39:39 -0400] "GET /login?logout HTTP/1.1" 200 6158
0:0:0:0:0:0:0:1 - - [28/May/2020:14:39:45 -0400] "POST /login HTTP/1.1" 302 -
0:0:0:0:0:0:0:1 - - [28/May/2020:14:39:45 -0400] "GET / HTTP/1.1" 302 -
0:0:0:0:0:0:0:1 - - [28/May/2020:14:39:45 -0400] "GET /Shipping/America HTTP/1.1" 200 31670
0:0:0:0:0:0:0:1 - - [28/May/2020:14:39:46 -0400] "GET /login HTTP/1.1" 200 6120
0:0:0:0:0:0:0:1 - - [28/May/2020:14:39:48 -0400] "GET /Shipping/addneworder HTTP/1.1" 200 10955
0:0:0:0:0:0:0:1 - - [28/May/2020:14:39:48 -0400] "GET /resources/js/reportfunctions.js HTTP/1.1" 404 163
0:0:0:0:0:0:0:1 - - [28/May/2020:14:39:48 -0400] "GET /resources/js/reportfunctions.js HTTP/1.1" 404 163
0:0:0:0:0:0:0:1 - - [28/May/2020:14:40:16 -0400] "GET /Shipping/addneworder HTTP/1.1" 200 15673
0:0:0:0:0:0:0:1 - - [28/May/2020:14:52:17 -0400] "GET /HomePage HTTP/1.1" 200 5984
0:0:0:0:0:0:0:1 - - [28/May/2020:14:52:17 -0400] "-" 400 -
0:0:0:0:0:0:0:1 - - [28/May/2020:14:52:17 -0400] "GET /favicon.ico HTTP/1.1" 200 946
0:0:0:0:0:0:0:1 - - [28/May/2020:14:53:06 -0400] "GET /HomePage HTTP/1.1" 200 5957
0:0:0:0:0:0:0:1 - - [28/May/2020:14:53:33 -0400] "GET /HomePage HTTP/1.1" 200 5968
0:0:0:0:0:0:0:1 - - [28/May/2020:14:54:00 -0400] "GET /HomePage HTTP/1.1" 200 5957
0:0:0:0:0:0:0:1 - - [28/May/2020:14:56:25 -0400] "GET /HomePage HTTP/1.1" 200 5957
0:0:0:0:0:0:0:1 - - [28/May/2020:14:56:47 -0400] "GET /HomePage HTTP/1.1" 200 5968
0:0:0:0:0:0:0:1 - - [28/May/2020:14:59:59 -0400] "GET /HomePage HTTP/1.1" 200 5992
0:0:0:0:0:0:0:1 - - [28/May/2020:15:00:46 -0400] "GET /HomePage HTTP/1.1" 200 5979
0:0:0:0:0:0:0:1 - - [28/May/2020:15:00:46 -0400] "GET /login HTTP/1.1" 200 6120
0:0:0:0:0:0:0:1 - - [28/May/2020:15:03:23 -0400] "GET /HomePage HTTP/1.1" 200 6034
0:0:0:0:0:0:0:1 - - [28/May/2020:15:03:57 -0400] "GET /HomePage HTTP/1.1" 200 6023
0:0:0:0:0:0:0:1 - - [28/May/2020:15:03:57 -0400] "GET /login HTTP/1.1" 200 6120
0:0:0:0:0:0:0:1 - - [28/May/2020:15:04:42 -0400] "GET /HomePage HTTP/1.1" 200 5974
0:0:0:0:0:0:0:1 - - [28/May/2020:15:04:42 -0400] "GET /login HTTP/1.1" 200 6120
0:0:0:0:0:0:0:1 - - [28/May/2020:15:05:10 -0400] "GET /HomePage HTTP/1.1" 200 5983
0:0:0:0:0:0:0:1 - - [28/May/2020:15:05:22 -0400] "GET /HomePage HTTP/1.1" 200 5984
0:0:0:0:0:0:0:1 - - [28/May/2020:15:05:22 -0400] "GET /login HTTP/1.1" 200 6120
0:0:0:0:0:0:0:1 - - [28/May/2020:15:06:03 -0400] "GET /HomePage HTTP/1.1" 200 5979
0:0:0:0:0:0:0:1 - - [28/May/2020:15:06:03 -0400] "GET /login HTTP/1.1" 200 6120
0:0:0:0:0:0:0:1 - - [28/May/2020:15:06:42 -0400] "GET /HomePage HTTP/1.1" 200 5949
0:0:0:0:0:0:0:1 - - [28/May/2020:15:06:42 -0400] "GET /favicon.ico HTTP/1.1" 200 946
0:0:0:0:0:0:0:1 - - [28/May/2020:15:07:05 -0400] "GET /HomePage HTTP/1.1" 200 5962
0:0:0:0:0:0:0:1 - - [28/May/2020:15:07:05 -0400] "GET /favicon.ico HTTP/1.1" 200 946
0:0:0:0:0:0:0:1 - - [28/May/2020:15:07:06 -0400] "GET /HomePage HTTP/1.1" 200 5963
0:0:0:0:0:0:0:1 - - [28/May/2020:15:07:16 -0400] "GET /HomePage HTTP/1.1" 200 5979
0:0:0:0:0:0:0:1 - - [28/May/2020:15:07:54 -0400] "GET /HomePage HTTP/1.1" 200 6024
0:0:0:0:0:0:0:1 - - [28/May/2020:15:07:54 -0400] "GET /login HTTP/1.1" 200 6120
0:0:0:0:0:0:0:1 - - [28/May/2020:15:09:27 -0400] "GET /HomePage HTTP/1.1" 200 6039
0:0:0:0:0:0:0:1 - - [28/May/2020:15:09:27 -0400] "GET /favicon.ico HTTP/1.1" 200 946
0:0:0:0:0:0:0:1 - - [28/May/2020:15:09:53 -0400] "GET /HomePage HTTP/1.1" 200 6035
0:0:0:0:0:0:0:1 - - [28/May/2020:15:10:22 -0400] "GET /HomePage HTTP/1.1" 200 6028
0:0:0:0:0:0:0:1 - - [28/May/2020:15:10:22 -0400] "GET /login HTTP/1.1" 200 6120
0:0:0:0:0:0:0:1 - - [28/May/2020:15:10:41 -0400] "GET /HomePage HTTP/1.1" 200 6030
0:0:0:0:0:0:0:1 - - [28/May/2020:15:10:41 -0400] "GET /login HTTP/1.1" 200 6120
0:0:0:0:0:0:0:1 - - [28/May/2020:15:10:53 -0400] "GET /HomePage HTTP/1.1" 200 6032
0:0:0:0:0:0:0:1 - - [28/May/2020:15:11:24 -0400] "GET /HomePage HTTP/1.1" 200 5991
0:0:0:0:0:0:0:1 - - [28/May/2020:15:11:40 -0400] "GET /HomePage HTTP/1.1" 200 5993
0:0:0:0:0:0:0:1 - - [28/May/2020:15:11:40 -0400] "GET /login HTTP/1.1" 200 6120
0:0:0:0:0:0:0:1 - - [28/May/2020:15:13:13 -0400] "GET /HomePage HTTP/1.1" 200 5972
0:0:0:0:0:0:0:1 - - [28/May/2020:15:13:13 -0400] "GET /favicon.ico HTTP/1.1" 200 946
0:0:0:0:0:0:0:1 - - [28/May/2020:15:13:32 -0400] "GET /HomePage HTTP/1.1" 200 5973
0:0:0:0:0:0:0:1 - - [28/May/2020:15:13:33 -0400] "GET /favicon.ico HTTP/1.1" 200 946
0:0:0:0:0:0:0:1 - - [28/May/2020:15:13:57 -0400] "GET /HomePage HTTP/1.1" 200 5967
0:0:0:0:0:0:0:1 - - [28/May/2020:15:13:59 -0400] "GET /HomePage HTTP/1.1" 200 5967
0:0:0:0:0:0:0:1 - - [28/May/2020:15:13:59 -0400] "GET /login HTTP/1.1" 200 6120
