0:0:0:0:0:0:0:1 - - [11/Jun/2020:09:01:00 -0400] "GET /HomePage HTTP/1.1" 200 12661
0:0:0:0:0:0:0:1 - - [11/Jun/2020:09:01:00 -0400] "GET /favicon.ico HTTP/1.1" 302 -
0:0:0:0:0:0:0:1 - - [11/Jun/2020:09:01:00 -0400] "GET /login HTTP/1.1" 200 6378
0:0:0:0:0:0:0:1 - - [11/Jun/2020:09:02:33 -0400] "GET /HomePage HTTP/1.1" 200 16927
0:0:0:0:0:0:0:1 - - [11/Jun/2020:09:02:33 -0400] "GET /favicon.ico HTTP/1.1" 302 -
0:0:0:0:0:0:0:1 - - [11/Jun/2020:09:03:09 -0400] "GET /HomePage HTTP/1.1" 500 11432
0:0:0:0:0:0:0:1 - - [11/Jun/2020:09:03:24 -0400] "GET /HomePage HTTP/1.1" 500 11426
0:0:0:0:0:0:0:1 - - [11/Jun/2020:09:03:24 -0400] "-" 400 -
0:0:0:0:0:0:0:1 - - [11/Jun/2020:09:03:45 -0400] "GET /HomePage HTTP/1.1" 200 16927
0:0:0:0:0:0:0:1 - - [11/Jun/2020:09:03:45 -0400] "GET /favicon.ico HTTP/1.1" 302 -
0:0:0:0:0:0:0:1 - - [11/Jun/2020:09:03:55 -0400] "POST /TestPage HTTP/1.1" 200 16919
0:0:0:0:0:0:0:1 - - [11/Jun/2020:09:04:42 -0400] "POST /TestPage HTTP/1.1" 200 16922
0:0:0:0:0:0:0:1 - - [11/Jun/2020:09:07:24 -0400] "POST /TestPage HTTP/1.1" 200 10107
0:0:0:0:0:0:0:1 - - [11/Jun/2020:09:07:24 -0400] "GET /resources/js/reportfunctions.js HTTP/1.1" 404 163
0:0:0:0:0:0:0:1 - - [11/Jun/2020:09:07:35 -0400] "GET /homepage HTTP/1.1" 302 -
0:0:0:0:0:0:0:1 - - [11/Jun/2020:09:07:35 -0400] "GET /login HTTP/1.1" 200 6378
0:0:0:0:0:0:0:1 - - [11/Jun/2020:09:07:58 -0400] "GET /HomePage HTTP/1.1" 200 10115
0:0:0:0:0:0:0:1 - - [11/Jun/2020:09:07:58 -0400] "GET /resources/js/reportfunctions.js HTTP/1.1" 404 163
0:0:0:0:0:0:0:1 - - [11/Jun/2020:09:08:45 -0400] "GET /HomePage HTTP/1.1" 200 10112
0:0:0:0:0:0:0:1 - - [11/Jun/2020:09:08:45 -0400] "GET /resources/js/reportfunctions.js HTTP/1.1" 404 163
0:0:0:0:0:0:0:1 - - [11/Jun/2020:09:09:03 -0400] "GET /HomePage HTTP/1.1" 200 16924
0:0:0:0:0:0:0:1 - - [11/Jun/2020:09:09:03 -0400] "-" 400 -
0:0:0:0:0:0:0:1 - - [11/Jun/2020:09:19:34 -0400] "GET /HomePage HTTP/1.1" 200 10138
0:0:0:0:0:0:0:1 - - [11/Jun/2020:09:19:34 -0400] "GET /resources/js/reportfunctions.js HTTP/1.1" 404 163
0:0:0:0:0:0:0:1 - - [11/Jun/2020:09:19:55 -0400] "GET /HomePage HTTP/1.1" 200 10135
0:0:0:0:0:0:0:1 - - [11/Jun/2020:09:19:55 -0400] "GET /resources/js/reportfunctions.js HTTP/1.1" 404 163
0:0:0:0:0:0:0:1 - - [11/Jun/2020:09:19:55 -0400] "-" 400 -
0:0:0:0:0:0:0:1 - - [11/Jun/2020:09:20:15 -0400] "GET /HomePage HTTP/1.1" 200 16924
0:0:0:0:0:0:0:1 - - [11/Jun/2020:09:54:27 -0400] "GET /HomePage HTTP/1.1" 200 18638
0:0:0:0:0:0:0:1 - - [11/Jun/2020:09:54:27 -0400] "GET /favicon.ico HTTP/1.1" 302 -
0:0:0:0:0:0:0:1 - - [11/Jun/2020:09:54:56 -0400] "GET /HomePage HTTP/1.1" 200 18482
0:0:0:0:0:0:0:1 - - [11/Jun/2020:09:54:56 -0400] "GET /login HTTP/1.1" 200 6378
0:0:0:0:0:0:0:1 - - [11/Jun/2020:09:57:29 -0400] "GET /HomePage HTTP/1.1" 200 18524
0:0:0:0:0:0:0:1 - - [11/Jun/2020:09:57:54 -0400] "GET /HomePage HTTP/1.1" 200 18411
0:0:0:0:0:0:0:1 - - [11/Jun/2020:10:20:40 -0400] "GET /HomePage HTTP/1.1" 200 14882
0:0:0:0:0:0:0:1 - - [11/Jun/2020:10:20:46 -0400] "GET /1 HTTP/1.1" 302 -
0:0:0:0:0:0:0:1 - - [11/Jun/2020:10:20:46 -0400] "GET /login HTTP/1.1" 200 6378
0:0:0:0:0:0:0:1 - - [11/Jun/2020:10:21:00 -0400] "GET /HomePage HTTP/1.1" 200 14882
0:0:0:0:0:0:0:1 - - [11/Jun/2020:10:26:49 -0400] "GET /HomePage HTTP/1.1" 200 14925
0:0:0:0:0:0:0:1 - - [11/Jun/2020:10:26:49 -0400] "GET /favicon.ico HTTP/1.1" 302 -
0:0:0:0:0:0:0:1 - - [11/Jun/2020:10:28:13 -0400] "GET /HomePage HTTP/1.1" 200 14876
0:0:0:0:0:0:0:1 - - [11/Jun/2020:10:29:20 -0400] "GET /HomePage HTTP/1.1" 200 17142
0:0:0:0:0:0:0:1 - - [11/Jun/2020:10:29:20 -0400] "GET /favicon.ico HTTP/1.1" 302 -
0:0:0:0:0:0:0:1 - - [11/Jun/2020:10:40:16 -0400] "GET /HomePage HTTP/1.1" 200 17090
0:0:0:0:0:0:0:1 - - [11/Jun/2020:10:40:16 -0400] "GET /favicon.ico HTTP/1.1" 302 -
0:0:0:0:0:0:0:1 - - [11/Jun/2020:10:40:54 -0400] "GET /HomePage HTTP/1.1" 200 17112
0:0:0:0:0:0:0:1 - - [11/Jun/2020:10:40:54 -0400] "GET /favicon.ico HTTP/1.1" 302 -
0:0:0:0:0:0:0:1 - - [11/Jun/2020:10:42:20 -0400] "GET /HomePage HTTP/1.1" 200 17084
0:0:0:0:0:0:0:1 - - [11/Jun/2020:10:42:20 -0400] "GET /login HTTP/1.1" 200 6378
0:0:0:0:0:0:0:1 - - [11/Jun/2020:10:45:31 -0400] "GET /HomePage HTTP/1.1" 200 17051
0:0:0:0:0:0:0:1 - - [11/Jun/2020:10:45:33 -0400] "GET /favicon.ico HTTP/1.1" 302 -
0:0:0:0:0:0:0:1 - - [11/Jun/2020:11:11:16 -0400] "GET /HomePage HTTP/1.1" 200 17979
0:0:0:0:0:0:0:1 - - [11/Jun/2020:11:11:17 -0400] "GET /login HTTP/1.1" 200 6378
0:0:0:0:0:0:0:1 - - [11/Jun/2020:11:12:14 -0400] "GET /HomePage HTTP/1.1" 200 18006
0:0:0:0:0:0:0:1 - - [11/Jun/2020:11:12:15 -0400] "GET /login HTTP/1.1" 200 6378
0:0:0:0:0:0:0:1 - - [11/Jun/2020:11:12:53 -0400] "GET /HomePage HTTP/1.1" 200 17967
0:0:0:0:0:0:0:1 - - [11/Jun/2020:11:13:14 -0400] "GET /HomePage HTTP/1.1" 200 17965
0:0:0:0:0:0:0:1 - - [11/Jun/2020:11:13:33 -0400] "GET /HomePage HTTP/1.1" 200 17788
0:0:0:0:0:0:0:1 - - [11/Jun/2020:11:13:51 -0400] "GET /HomePage HTTP/1.1" 200 16932
0:0:0:0:0:0:0:1 - - [11/Jun/2020:11:14:18 -0400] "GET /HomePage HTTP/1.1" 200 16932
0:0:0:0:0:0:0:1 - - [11/Jun/2020:11:16:02 -0400] "GET /HomePage HTTP/1.1" 200 16921
