0:0:0:0:0:0:0:1 - - [16/Jul/2020:09:36:15 -0400] "GET /HomePage HTTP/1.1" 200 25890
0:0:0:0:0:0:0:1 - - [16/Jul/2020:09:36:16 -0400] "GET /ImageAssets/Condaments.jpeg HTTP/1.1" 200 41485
0:0:0:0:0:0:0:1 - - [16/Jul/2020:09:36:16 -0400] "GET /ImageAssets/Beverages.png HTTP/1.1" 200 43184
0:0:0:0:0:0:0:1 - - [16/Jul/2020:09:36:16 -0400] "GET /ImageAssets/grain%20cereal.jpg HTTP/1.1" 200 41318
0:0:0:0:0:0:0:1 - - [16/Jul/2020:09:36:16 -0400] "GET /ImageAssets/Produce.jpg HTTP/1.1" 200 71131
0:0:0:0:0:0:0:1 - - [16/Jul/2020:09:36:16 -0400] "GET /ImageAssets/meat-pultry.jpg HTTP/1.1" 200 124485
0:0:0:0:0:0:0:1 - - [16/Jul/2020:09:36:16 -0400] "GET /ImageAssets/confections.jpg HTTP/1.1" 200 315715
0:0:0:0:0:0:0:1 - - [16/Jul/2020:09:36:16 -0400] "GET /FixedAssets/ComponyLogo.png HTTP/1.1" 200 25947
0:0:0:0:0:0:0:1 - - [16/Jul/2020:09:36:16 -0400] "GET /ImageAssets/seafood.jpeg HTTP/1.1" 200 267854
0:0:0:0:0:0:0:1 - - [16/Jul/2020:09:36:16 -0400] "GET /ImageAssets/Dairy%20products.jpg HTTP/1.1" 200 1718054
0:0:0:0:0:0:0:1 - - [16/Jul/2020:09:36:16 -0400] "GET /FixedAssets/ShopingInterface.PNG HTTP/1.1" 200 27851
0:0:0:0:0:0:0:1 - - [16/Jul/2020:09:36:16 -0400] "GET /FixedAssets/AaronLarch.jpg HTTP/1.1" 200 995586
0:0:0:0:0:0:0:1 - - [16/Jul/2020:09:36:16 -0400] "GET /FixedAssets/BrianRodewald1.jpg HTTP/1.1" 200 917302
0:0:0:0:0:0:0:1 - - [16/Jul/2020:09:36:16 -0400] "GET /favicon.ico HTTP/1.1" 302 -
0:0:0:0:0:0:0:1 - - [16/Jul/2020:09:37:13 -0400] "GET /login HTTP/1.1" 200 6378
0:0:0:0:0:0:0:1 - - [16/Jul/2020:10:18:13 -0400] "GET /HomePage HTTP/1.1" 200 25890
0:0:0:0:0:0:0:1 - - [16/Jul/2020:10:18:14 -0400] "GET /ImageAssets/grain%20cereal.jpg HTTP/1.1" 200 41318
0:0:0:0:0:0:0:1 - - [16/Jul/2020:10:18:14 -0400] "GET /ImageAssets/Condaments.jpeg HTTP/1.1" 200 41485
0:0:0:0:0:0:0:1 - - [16/Jul/2020:10:18:14 -0400] "GET /ImageAssets/Beverages.png HTTP/1.1" 200 43184
0:0:0:0:0:0:0:1 - - [16/Jul/2020:10:18:14 -0400] "GET /FixedAssets/ComponyLogo.png HTTP/1.1" 200 25947
0:0:0:0:0:0:0:1 - - [16/Jul/2020:10:18:14 -0400] "GET /ImageAssets/meat-pultry.jpg HTTP/1.1" 200 124485
0:0:0:0:0:0:0:1 - - [16/Jul/2020:10:18:14 -0400] "GET /ImageAssets/confections.jpg HTTP/1.1" 200 315715
0:0:0:0:0:0:0:1 - - [16/Jul/2020:10:18:14 -0400] "GET /ImageAssets/Produce.jpg HTTP/1.1" 200 71131
0:0:0:0:0:0:0:1 - - [16/Jul/2020:10:18:14 -0400] "GET /FixedAssets/ShopingInterface.PNG HTTP/1.1" 200 27851
0:0:0:0:0:0:0:1 - - [16/Jul/2020:10:18:14 -0400] "GET /ImageAssets/seafood.jpeg HTTP/1.1" 200 267854
0:0:0:0:0:0:0:1 - - [16/Jul/2020:10:18:14 -0400] "GET /FixedAssets/AaronLarch.jpg HTTP/1.1" 200 995586
0:0:0:0:0:0:0:1 - - [16/Jul/2020:10:18:14 -0400] "GET /FixedAssets/BrianRodewald1.jpg HTTP/1.1" 200 917302
0:0:0:0:0:0:0:1 - - [16/Jul/2020:10:18:14 -0400] "GET /ImageAssets/Dairy%20products.jpg HTTP/1.1" 200 1718054
0:0:0:0:0:0:0:1 - - [16/Jul/2020:10:20:07 -0400] "GET /HomePage HTTP/1.1" 200 26126
0:0:0:0:0:0:0:1 - - [16/Jul/2020:10:20:07 -0400] "GET /ImageAssets/Confusing%20Interfaces.PNG HTTP/1.1" 200 54655
0:0:0:0:0:0:0:1 - - [16/Jul/2020:10:20:07 -0400] "GET /ImageAssets/Beverages.png HTTP/1.1" 200 43184
0:0:0:0:0:0:0:1 - - [16/Jul/2020:10:20:07 -0400] "GET /ImageAssets/grain%20cereal.jpg HTTP/1.1" 200 41318
0:0:0:0:0:0:0:1 - - [16/Jul/2020:10:20:07 -0400] "GET /ImageAssets/Produce.jpg HTTP/1.1" 200 71131
0:0:0:0:0:0:0:1 - - [16/Jul/2020:10:20:07 -0400] "GET /FixedAssets/ComponyLogo.png HTTP/1.1" 200 25947
0:0:0:0:0:0:0:1 - - [16/Jul/2020:10:20:07 -0400] "GET /ImageAssets/meat-pultry.jpg HTTP/1.1" 200 124485
0:0:0:0:0:0:0:1 - - [16/Jul/2020:10:20:07 -0400] "GET /ImageAssets/Condaments.jpeg HTTP/1.1" 200 41485
0:0:0:0:0:0:0:1 - - [16/Jul/2020:10:20:07 -0400] "GET /FixedAssets/ShopingInterface.PNG HTTP/1.1" 200 27851
0:0:0:0:0:0:0:1 - - [16/Jul/2020:10:20:07 -0400] "GET /ImageAssets/seafood.jpeg HTTP/1.1" 200 267854
0:0:0:0:0:0:0:1 - - [16/Jul/2020:10:20:07 -0400] "GET /ImageAssets/confections.jpg HTTP/1.1" 200 315715
0:0:0:0:0:0:0:1 - - [16/Jul/2020:10:20:07 -0400] "GET /FixedAssets/AaronLarch.jpg HTTP/1.1" 200 995586
0:0:0:0:0:0:0:1 - - [16/Jul/2020:10:20:07 -0400] "GET /FixedAssets/BrianRodewald1.jpg HTTP/1.1" 200 917302
0:0:0:0:0:0:0:1 - - [16/Jul/2020:10:20:07 -0400] "GET /ImageAssets/Dairy%20products.jpg HTTP/1.1" 200 1718054
0:0:0:0:0:0:0:1 - - [16/Jul/2020:10:22:11 -0400] "GET /login HTTP/1.1" 200 6378
0:0:0:0:0:0:0:1 - - [16/Jul/2020:10:22:29 -0400] "POST /login HTTP/1.1" 302 -
0:0:0:0:0:0:0:1 - - [16/Jul/2020:10:22:29 -0400] "GET /login?error HTTP/1.1" 200 6425
0:0:0:0:0:0:0:1 - - [16/Jul/2020:10:22:29 -0400] "GET /login HTTP/1.1" 200 6378
0:0:0:0:0:0:0:1 - - [16/Jul/2020:10:22:38 -0400] "POST /login HTTP/1.1" 302 -
0:0:0:0:0:0:0:1 - - [16/Jul/2020:10:22:38 -0400] "GET /login?error HTTP/1.1" 200 6425
0:0:0:0:0:0:0:1 - - [16/Jul/2020:10:22:39 -0400] "GET /login HTTP/1.1" 200 6378
0:0:0:0:0:0:0:1 - - [16/Jul/2020:10:23:00 -0400] "POST /login HTTP/1.1" 302 -
0:0:0:0:0:0:0:1 - - [16/Jul/2020:10:23:00 -0400] "GET /login?error HTTP/1.1" 200 6425
0:0:0:0:0:0:0:1 - - [16/Jul/2020:10:23:00 -0400] "GET /login HTTP/1.1" 200 6378
0:0:0:0:0:0:0:1 - - [16/Jul/2020:10:23:17 -0400] "POST /login HTTP/1.1" 302 -
0:0:0:0:0:0:0:1 - - [16/Jul/2020:10:23:17 -0400] "GET / HTTP/1.1" 302 -
0:0:0:0:0:0:0:1 - - [16/Jul/2020:10:23:17 -0400] "GET /Shipping/Pacific HTTP/1.1" 200 7485
0:0:0:0:0:0:0:1 - - [16/Jul/2020:10:23:18 -0400] "GET /login HTTP/1.1" 200 6378
0:0:0:0:0:0:0:1 - - [16/Jul/2020:10:23:51 -0400] "POST /Account/ResetPassword HTTP/1.1" 302 -
0:0:0:0:0:0:0:1 - - [16/Jul/2020:10:23:51 -0400] "GET /Shipping/Pacific HTTP/1.1" 200 7485
0:0:0:0:0:0:0:1 - - [16/Jul/2020:10:25:10 -0400] "GET /Account/user/changePassword?token=4f073828-9b5c-4fae-ab2c-4e1015af8543 HTTP/1.1" 200 6906
0:0:0:0:0:0:0:1 - - [16/Jul/2020:10:25:10 -0400] "GET /login HTTP/1.1" 200 6378
0:0:0:0:0:0:0:1 - - [16/Jul/2020:10:25:45 -0400] "POST /Account/user/changePassword?token=4f073828-9b5c-4fae-ab2c-4e1015af8543 HTTP/1.1" 200 6900
0:0:0:0:0:0:0:1 - - [16/Jul/2020:10:27:00 -0400] "POST /Account/user/changePassword?token=4f073828-9b5c-4fae-ab2c-4e1015af8543 HTTP/1.1" 302 -
0:0:0:0:0:0:0:1 - - [16/Jul/2020:10:27:00 -0400] "GET /welcome HTTP/1.1" 302 -
0:0:0:0:0:0:0:1 - - [16/Jul/2020:10:27:00 -0400] "GET /Shipping/America HTTP/1.1" 200 38652
0:0:0:0:0:0:0:1 - - [16/Jul/2020:10:27:39 -0400] "POST /logout HTTP/1.1" 302 -
0:0:0:0:0:0:0:1 - - [16/Jul/2020:10:27:39 -0400] "GET /login?logout HTTP/1.1" 200 6416
0:0:0:0:0:0:0:1 - - [16/Jul/2020:10:27:50 -0400] "POST /login HTTP/1.1" 302 -
0:0:0:0:0:0:0:1 - - [16/Jul/2020:10:27:50 -0400] "GET / HTTP/1.1" 302 -
0:0:0:0:0:0:0:1 - - [16/Jul/2020:10:27:50 -0400] "GET /Shipping/America HTTP/1.1" 200 38652
0:0:0:0:0:0:0:1 - - [16/Jul/2020:10:27:51 -0400] "GET /login HTTP/1.1" 200 6378
0:0:0:0:0:0:0:1 - - [16/Jul/2020:10:27:58 -0400] "GET /Shipping/addneworder HTTP/1.1" 200 19371
0:0:0:0:0:0:0:1 - - [16/Jul/2020:10:28:28 -0400] "GET /Shipping/addneworder/4 HTTP/1.1" 200 20463
0:0:0:0:0:0:0:1 - - [16/Jul/2020:10:28:34 -0400] "GET /Shipping/addneworder/Geitost HTTP/1.1" 200 18097
0:0:0:0:0:0:0:1 - - [16/Jul/2020:10:29:33 -0400] "POST /Shipping/addneworder/Invoicve HTTP/1.1" 200 17370
0:0:0:0:0:0:0:1 - - [16/Jul/2020:10:30:20 -0400] "POST /logout HTTP/1.1" 302 -
0:0:0:0:0:0:0:1 - - [16/Jul/2020:10:30:20 -0400] "GET /login?logout HTTP/1.1" 200 6416
0:0:0:0:0:0:0:1 - - [16/Jul/2020:10:30:28 -0400] "GET /registration HTTP/1.1" 200 7454
0:0:0:0:0:0:0:1 - - [16/Jul/2020:10:31:04 -0400] "POST /logout HTTP/1.1" 302 -
0:0:0:0:0:0:0:1 - - [16/Jul/2020:10:31:04 -0400] "GET /login HTTP/1.1" 200 6378
0:0:0:0:0:0:0:1 - - [16/Jul/2020:10:31:11 -0400] "GET /ImageAssets/Beverages.png HTTP/1.1" 200 43184
0:0:0:0:0:0:0:1 - - [16/Jul/2020:10:31:11 -0400] "GET /ImageAssets/Condaments.jpeg HTTP/1.1" 200 41485
0:0:0:0:0:0:0:1 - - [16/Jul/2020:10:31:11 -0400] "GET /ImageAssets/Confusing%20Interfaces.PNG HTTP/1.1" 200 54655
0:0:0:0:0:0:0:1 - - [16/Jul/2020:10:31:12 -0400] "GET /ImageAssets/grain%20cereal.jpg HTTP/1.1" 200 41318
0:0:0:0:0:0:0:1 - - [16/Jul/2020:10:31:12 -0400] "GET /ImageAssets/Produce.jpg HTTP/1.1" 200 71131
0:0:0:0:0:0:0:1 - - [16/Jul/2020:10:31:12 -0400] "GET /ImageAssets/meat-pultry.jpg HTTP/1.1" 200 124485
0:0:0:0:0:0:0:1 - - [16/Jul/2020:10:31:12 -0400] "GET /FixedAssets/ComponyLogo.png HTTP/1.1" 200 25947
0:0:0:0:0:0:0:1 - - [16/Jul/2020:10:31:12 -0400] "GET /ImageAssets/confections.jpg HTTP/1.1" 200 315715
0:0:0:0:0:0:0:1 - - [16/Jul/2020:10:31:12 -0400] "GET /FixedAssets/ShopingInterface.PNG HTTP/1.1" 200 27851
0:0:0:0:0:0:0:1 - - [16/Jul/2020:10:31:12 -0400] "GET /ImageAssets/seafood.jpeg HTTP/1.1" 200 267854
0:0:0:0:0:0:0:1 - - [16/Jul/2020:10:31:12 -0400] "GET /FixedAssets/AaronLarch.jpg HTTP/1.1" 200 995586
0:0:0:0:0:0:0:1 - - [16/Jul/2020:10:31:12 -0400] "GET /FixedAssets/BrianRodewald1.jpg HTTP/1.1" 200 917302
0:0:0:0:0:0:0:1 - - [16/Jul/2020:10:31:12 -0400] "GET /ImageAssets/Dairy%20products.jpg HTTP/1.1" 200 1718054
0:0:0:0:0:0:0:1 - - [16/Jul/2020:10:43:43 -0400] "GET /login HTTP/1.1" 200 6378
0:0:0:0:0:0:0:1 - - [16/Jul/2020:10:44:52 -0400] "POST /TestPage HTTP/1.1" 302 -
0:0:0:0:0:0:0:1 - - [16/Jul/2020:10:44:52 -0400] "GET /login HTTP/1.1" 200 6378
0:0:0:0:0:0:0:1 - - [16/Jul/2020:11:23:55 -0400] "GET /login HTTP/1.1" 200 6378
0:0:0:0:0:0:0:1 - - [16/Jul/2020:11:24:02 -0400] "POST /login HTTP/1.1" 302 -
0:0:0:0:0:0:0:1 - - [16/Jul/2020:11:24:02 -0400] "GET / HTTP/1.1" 302 -
0:0:0:0:0:0:0:1 - - [16/Jul/2020:11:24:03 -0400] "GET /Shipping/Europe HTTP/1.1" 200 47989
0:0:0:0:0:0:0:1 - - [16/Jul/2020:11:24:03 -0400] "GET /login HTTP/1.1" 200 6378
0:0:0:0:0:0:0:1 - - [16/Jul/2020:11:24:23 -0400] "GET /Stats/SearchFile HTTP/1.1" 400 9805
0:0:0:0:0:0:0:1 - - [16/Jul/2020:11:25:19 -0400] "GET /Shipping/Europe HTTP/1.1" 200 47989
0:0:0:0:0:0:0:1 - - [16/Jul/2020:11:25:19 -0400] "GET /favicon.ico HTTP/1.1" 200 946
0:0:0:0:0:0:0:1 - - [16/Jul/2020:11:25:22 -0400] "GET /Stats/SearchFile HTTP/1.1" 400 9805
0:0:0:0:0:0:0:1 - - [16/Jul/2020:11:25:23 -0400] "-" 400 -
0:0:0:0:0:0:0:1 - - [16/Jul/2020:11:28:46 -0400] "GET /Shipping/Europe HTTP/1.1" 200 47991
0:0:0:0:0:0:0:1 - - [16/Jul/2020:11:28:50 -0400] "GET /Stats/closerecords HTTP/1.1" 200 50216
0:0:0:0:0:0:0:1 - - [16/Jul/2020:11:28:57 -0400] "GET /login HTTP/1.1" 200 6378
0:0:0:0:0:0:0:1 - - [16/Jul/2020:11:29:39 -0400] "GET /Shipping/Europe HTTP/1.1" 200 47967
0:0:0:0:0:0:0:1 - - [16/Jul/2020:11:30:21 -0400] "GET /Shipping/Europe HTTP/1.1" 200 48000
0:0:0:0:0:0:0:1 - - [16/Jul/2020:11:30:21 -0400] "GET /favicon.ico HTTP/1.1" 200 946
0:0:0:0:0:0:0:1 - - [16/Jul/2020:11:30:23 -0400] "GET /Shipping/Europe HTTP/1.1" 200 48000
0:0:0:0:0:0:0:1 - - [16/Jul/2020:11:30:40 -0400] "GET /Shipping/Europe HTTP/1.1" 200 48006
0:0:0:0:0:0:0:1 - - [16/Jul/2020:11:31:09 -0400] "GET /Shipping/Europe HTTP/1.1" 200 47996
0:0:0:0:0:0:0:1 - - [16/Jul/2020:11:32:08 -0400] "GET /Shipping/Europe HTTP/1.1" 200 47997
0:0:0:0:0:0:0:1 - - [16/Jul/2020:11:32:45 -0400] "GET /Shipping/Europe HTTP/1.1" 200 47987
0:0:0:0:0:0:0:1 - - [16/Jul/2020:11:32:45 -0400] "GET /favicon.ico HTTP/1.1" 200 946
0:0:0:0:0:0:0:1 - - [16/Jul/2020:11:34:02 -0400] "GET /Shipping/Europe HTTP/1.1" 200 47997
0:0:0:0:0:0:0:1 - - [16/Jul/2020:11:34:02 -0400] "GET /favicon.ico HTTP/1.1" 200 946
0:0:0:0:0:0:0:1 - - [16/Jul/2020:11:34:35 -0400] "POST /logout HTTP/1.1" 302 -
0:0:0:0:0:0:0:1 - - [16/Jul/2020:11:34:35 -0400] "GET /login?logout HTTP/1.1" 200 6416
0:0:0:0:0:0:0:1 - - [16/Jul/2020:11:34:45 -0400] "POST /login HTTP/1.1" 302 -
0:0:0:0:0:0:0:1 - - [16/Jul/2020:11:34:45 -0400] "GET / HTTP/1.1" 302 -
0:0:0:0:0:0:0:1 - - [16/Jul/2020:11:34:45 -0400] "GET /Shipping/America HTTP/1.1" 200 46333
0:0:0:0:0:0:0:1 - - [16/Jul/2020:11:34:45 -0400] "GET /login HTTP/1.1" 200 6378
0:0:0:0:0:0:0:1 - - [16/Jul/2020:11:34:50 -0400] "POST /logout HTTP/1.1" 302 -
0:0:0:0:0:0:0:1 - - [16/Jul/2020:11:34:50 -0400] "GET /login?logout HTTP/1.1" 200 6416
0:0:0:0:0:0:0:1 - - [16/Jul/2020:11:35:06 -0400] "POST /login HTTP/1.1" 302 -
0:0:0:0:0:0:0:1 - - [16/Jul/2020:11:35:06 -0400] "GET / HTTP/1.1" 302 -
0:0:0:0:0:0:0:1 - - [16/Jul/2020:11:35:06 -0400] "GET /Shipping/Europe HTTP/1.1" 200 47997
0:0:0:0:0:0:0:1 - - [16/Jul/2020:11:35:06 -0400] "GET /login HTTP/1.1" 200 6378
0:0:0:0:0:0:0:1 - - [16/Jul/2020:11:38:29 -0400] "GET /Shipping/Europe HTTP/1.1" 200 48006
0:0:0:0:0:0:0:1 - - [16/Jul/2020:11:38:34 -0400] "POST /logout HTTP/1.1" 302 -
0:0:0:0:0:0:0:1 - - [16/Jul/2020:11:38:34 -0400] "GET /login?logout HTTP/1.1" 200 6416
0:0:0:0:0:0:0:1 - - [16/Jul/2020:11:38:43 -0400] "POST /login HTTP/1.1" 302 -
0:0:0:0:0:0:0:1 - - [16/Jul/2020:11:38:43 -0400] "GET / HTTP/1.1" 302 -
0:0:0:0:0:0:0:1 - - [16/Jul/2020:11:38:43 -0400] "GET /Shipping/America HTTP/1.1" 200 46342
0:0:0:0:0:0:0:1 - - [16/Jul/2020:11:38:43 -0400] "GET /login HTTP/1.1" 200 6378
0:0:0:0:0:0:0:1 - - [16/Jul/2020:11:38:46 -0400] "POST /logout HTTP/1.1" 302 -
0:0:0:0:0:0:0:1 - - [16/Jul/2020:11:38:46 -0400] "GET /login?logout HTTP/1.1" 200 6416
0:0:0:0:0:0:0:1 - - [16/Jul/2020:12:38:52 -0400] "GET /HomePage HTTP/1.1" 200 30745
0:0:0:0:0:0:0:1 - - [16/Jul/2020:12:38:52 -0400] "GET /ImageAssets/Beverages.png HTTP/1.1" 200 43184
0:0:0:0:0:0:0:1 - - [16/Jul/2020:12:38:52 -0400] "GET /ImageAssets/Condaments.jpeg HTTP/1.1" 200 41485
0:0:0:0:0:0:0:1 - - [16/Jul/2020:12:38:52 -0400] "GET /ImageAssets/Produce.jpg HTTP/1.1" 200 71131
0:0:0:0:0:0:0:1 - - [16/Jul/2020:12:38:52 -0400] "GET /ImageAssets/meat-pultry.jpg HTTP/1.1" 200 124485
0:0:0:0:0:0:0:1 - - [16/Jul/2020:12:38:52 -0400] "GET /FixedAssets/ComponyLogo.png HTTP/1.1" 200 25947
0:0:0:0:0:0:0:1 - - [16/Jul/2020:12:38:52 -0400] "GET /ImageAssets/grain%20cereal.jpg HTTP/1.1" 200 41318
0:0:0:0:0:0:0:1 - - [16/Jul/2020:12:38:52 -0400] "GET /ImageAssets/Confusing%20Interfaces.PNG HTTP/1.1" 200 54655
0:0:0:0:0:0:0:1 - - [16/Jul/2020:12:38:52 -0400] "GET /FixedAssets/ShopingInterface.PNG HTTP/1.1" 200 27851
0:0:0:0:0:0:0:1 - - [16/Jul/2020:12:38:52 -0400] "GET /ImageAssets/confections.jpg HTTP/1.1" 200 315715
0:0:0:0:0:0:0:1 - - [16/Jul/2020:12:38:52 -0400] "GET /ImageAssets/seafood.jpeg HTTP/1.1" 200 267854
0:0:0:0:0:0:0:1 - - [16/Jul/2020:12:38:53 -0400] "GET /FixedAssets/BrianRodewald1.jpg HTTP/1.1" 200 917302
0:0:0:0:0:0:0:1 - - [16/Jul/2020:12:38:53 -0400] "GET /FixedAssets/AaronLarch.jpg HTTP/1.1" 200 995586
0:0:0:0:0:0:0:1 - - [16/Jul/2020:12:38:53 -0400] "GET /ImageAssets/Dairy%20products.jpg HTTP/1.1" 200 1718054
0:0:0:0:0:0:0:1 - - [16/Jul/2020:12:46:24 -0400] "GET /HomePage HTTP/1.1" 500 10997
0:0:0:0:0:0:0:1 - - [16/Jul/2020:12:46:24 -0400] "-" 400 -
0:0:0:0:0:0:0:1 - - [16/Jul/2020:12:46:24 -0400] "-" 400 -
0:0:0:0:0:0:0:1 - - [16/Jul/2020:12:48:50 -0400] "GET /HomePage HTTP/1.1" 200 30238
0:0:0:0:0:0:0:1 - - [16/Jul/2020:12:48:50 -0400] "GET /ImageAssets/Beverages.png HTTP/1.1" 200 43184
0:0:0:0:0:0:0:1 - - [16/Jul/2020:12:48:50 -0400] "GET /ImageAssets/Condaments.jpeg HTTP/1.1" 200 41485
0:0:0:0:0:0:0:1 - - [16/Jul/2020:12:48:50 -0400] "GET /ImageAssets/meat-pultry.jpg HTTP/1.1" 200 124485
0:0:0:0:0:0:0:1 - - [16/Jul/2020:12:48:50 -0400] "GET /ImageAssets/Confusing%20Interfaces.PNG HTTP/1.1" 200 54655
0:0:0:0:0:0:0:1 - - [16/Jul/2020:12:48:50 -0400] "GET /FixedAssets/ComponyLogo.png HTTP/1.1" 200 25947
0:0:0:0:0:0:0:1 - - [16/Jul/2020:12:48:50 -0400] "GET /ImageAssets/grain%20cereal.jpg HTTP/1.1" 200 41318
0:0:0:0:0:0:0:1 - - [16/Jul/2020:12:48:50 -0400] "GET /ImageAssets/Produce.jpg HTTP/1.1" 200 71131
0:0:0:0:0:0:0:1 - - [16/Jul/2020:12:48:50 -0400] "GET /FixedAssets/ShopingInterface.PNG HTTP/1.1" 200 27851
0:0:0:0:0:0:0:1 - - [16/Jul/2020:12:48:50 -0400] "GET /ImageAssets/seafood.jpeg HTTP/1.1" 200 267854
0:0:0:0:0:0:0:1 - - [16/Jul/2020:12:48:50 -0400] "GET /ImageAssets/confections.jpg HTTP/1.1" 200 315715
0:0:0:0:0:0:0:1 - - [16/Jul/2020:12:48:50 -0400] "GET /FixedAssets/BrianRodewald1.jpg HTTP/1.1" 200 917302
0:0:0:0:0:0:0:1 - - [16/Jul/2020:12:48:50 -0400] "GET /FixedAssets/AaronLarch.jpg HTTP/1.1" 200 995586
0:0:0:0:0:0:0:1 - - [16/Jul/2020:12:48:50 -0400] "GET /ImageAssets/Dairy%20products.jpg HTTP/1.1" 200 1718054
0:0:0:0:0:0:0:1 - - [16/Jul/2020:12:48:50 -0400] "GET /favicon.ico HTTP/1.1" 302 -
0:0:0:0:0:0:0:1 - - [16/Jul/2020:12:50:31 -0400] "GET /HomePage HTTP/1.1" 200 30145
0:0:0:0:0:0:0:1 - - [16/Jul/2020:12:50:31 -0400] "GET /ImageAssets/Beverages.png HTTP/1.1" 200 43184
0:0:0:0:0:0:0:1 - - [16/Jul/2020:12:50:31 -0400] "GET /ImageAssets/Condaments.jpeg HTTP/1.1" 200 41485
0:0:0:0:0:0:0:1 - - [16/Jul/2020:12:50:31 -0400] "GET /ImageAssets/grain%20cereal.jpg HTTP/1.1" 200 41318
0:0:0:0:0:0:0:1 - - [16/Jul/2020:12:50:31 -0400] "GET /ImageAssets/Confusing%20Interfaces.PNG HTTP/1.1" 200 54655
0:0:0:0:0:0:0:1 - - [16/Jul/2020:12:50:31 -0400] "GET /ImageAssets/Produce.jpg HTTP/1.1" 200 71131
0:0:0:0:0:0:0:1 - - [16/Jul/2020:12:50:31 -0400] "GET /FixedAssets/ComponyLogo.png HTTP/1.1" 200 25947
0:0:0:0:0:0:0:1 - - [16/Jul/2020:12:50:31 -0400] "GET /ImageAssets/meat-pultry.jpg HTTP/1.1" 200 124485
0:0:0:0:0:0:0:1 - - [16/Jul/2020:12:50:31 -0400] "GET /ImageAssets/confections.jpg HTTP/1.1" 200 315715
0:0:0:0:0:0:0:1 - - [16/Jul/2020:12:50:31 -0400] "GET /ImageAssets/seafood.jpeg HTTP/1.1" 200 267854
0:0:0:0:0:0:0:1 - - [16/Jul/2020:12:50:31 -0400] "GET /FixedAssets/ShopingInterface.PNG HTTP/1.1" 200 27851
0:0:0:0:0:0:0:1 - - [16/Jul/2020:12:50:31 -0400] "GET /FixedAssets/AaronLarch.jpg HTTP/1.1" 200 995586
0:0:0:0:0:0:0:1 - - [16/Jul/2020:12:50:31 -0400] "GET /ImageAssets/Dairy%20products.jpg HTTP/1.1" 200 1718054
0:0:0:0:0:0:0:1 - - [16/Jul/2020:12:50:31 -0400] "GET /FixedAssets/BrianRodewald1.jpg HTTP/1.1" 200 917302
0:0:0:0:0:0:0:1 - - [16/Jul/2020:12:50:31 -0400] "GET /favicon.ico HTTP/1.1" 302 -
0:0:0:0:0:0:0:1 - - [16/Jul/2020:12:50:31 -0400] "GET /login HTTP/1.1" 200 6378
0:0:0:0:0:0:0:1 - - [16/Jul/2020:12:51:14 -0400] "GET /HomePage HTTP/1.1" 200 30145
0:0:0:0:0:0:0:1 - - [16/Jul/2020:12:51:15 -0400] "GET /ImageAssets/Beverages.png HTTP/1.1" 200 43184
0:0:0:0:0:0:0:1 - - [16/Jul/2020:12:51:15 -0400] "GET /ImageAssets/Condaments.jpeg HTTP/1.1" 200 41485
0:0:0:0:0:0:0:1 - - [16/Jul/2020:12:51:15 -0400] "GET /ImageAssets/Produce.jpg HTTP/1.1" 200 71131
0:0:0:0:0:0:0:1 - - [16/Jul/2020:12:51:15 -0400] "GET /ImageAssets/confections.jpg HTTP/1.1" 200 315715
0:0:0:0:0:0:0:1 - - [16/Jul/2020:12:51:15 -0400] "GET /FixedAssets/ComponyLogo.png HTTP/1.1" 200 25947
0:0:0:0:0:0:0:1 - - [16/Jul/2020:12:51:15 -0400] "GET /ImageAssets/meat-pultry.jpg HTTP/1.1" 200 124485
0:0:0:0:0:0:0:1 - - [16/Jul/2020:12:51:15 -0400] "GET /ImageAssets/Confusing%20Interfaces.PNG HTTP/1.1" 200 54655
0:0:0:0:0:0:0:1 - - [16/Jul/2020:12:51:15 -0400] "GET /ImageAssets/seafood.jpeg HTTP/1.1" 200 267854
0:0:0:0:0:0:0:1 - - [16/Jul/2020:12:51:15 -0400] "GET /FixedAssets/ShopingInterface.PNG HTTP/1.1" 200 27851
0:0:0:0:0:0:0:1 - - [16/Jul/2020:12:51:15 -0400] "GET /ImageAssets/grain%20cereal.jpg HTTP/1.1" 200 41318
0:0:0:0:0:0:0:1 - - [16/Jul/2020:12:51:15 -0400] "GET /FixedAssets/AaronLarch.jpg HTTP/1.1" 200 995586
0:0:0:0:0:0:0:1 - - [16/Jul/2020:12:51:15 -0400] "GET /FixedAssets/BrianRodewald1.jpg HTTP/1.1" 200 917302
0:0:0:0:0:0:0:1 - - [16/Jul/2020:12:51:15 -0400] "GET /ImageAssets/Dairy%20products.jpg HTTP/1.1" 200 1718054
0:0:0:0:0:0:0:1 - - [16/Jul/2020:12:51:15 -0400] "GET /favicon.ico HTTP/1.1" 302 -
0:0:0:0:0:0:0:1 - - [16/Jul/2020:12:51:15 -0400] "GET /login HTTP/1.1" 200 6378
0:0:0:0:0:0:0:1 - - [16/Jul/2020:12:52:52 -0400] "GET /HomePage HTTP/1.1" 200 30129
0:0:0:0:0:0:0:1 - - [16/Jul/2020:12:52:52 -0400] "GET /ImageAssets/Beverages.png HTTP/1.1" 200 43184
0:0:0:0:0:0:0:1 - - [16/Jul/2020:12:52:52 -0400] "GET /ImageAssets/Condaments.jpeg HTTP/1.1" 200 41485
0:0:0:0:0:0:0:1 - - [16/Jul/2020:12:52:52 -0400] "GET /ImageAssets/grain%20cereal.jpg HTTP/1.1" 200 41318
0:0:0:0:0:0:0:1 - - [16/Jul/2020:12:52:52 -0400] "GET /ImageAssets/Produce.jpg HTTP/1.1" 200 71131
0:0:0:0:0:0:0:1 - - [16/Jul/2020:12:52:52 -0400] "GET /FixedAssets/ComponyLogo.png HTTP/1.1" 200 25947
0:0:0:0:0:0:0:1 - - [16/Jul/2020:12:52:52 -0400] "GET /ImageAssets/confections.jpg HTTP/1.1" 200 315715
0:0:0:0:0:0:0:1 - - [16/Jul/2020:12:52:52 -0400] "GET /ImageAssets/Confusing%20Interfaces.PNG HTTP/1.1" 200 54655
0:0:0:0:0:0:0:1 - - [16/Jul/2020:12:52:52 -0400] "GET /ImageAssets/meat-pultry.jpg HTTP/1.1" 200 124485
0:0:0:0:0:0:0:1 - - [16/Jul/2020:12:52:52 -0400] "GET /ImageAssets/seafood.jpeg HTTP/1.1" 200 267854
0:0:0:0:0:0:0:1 - - [16/Jul/2020:12:52:52 -0400] "GET /FixedAssets/ShopingInterface.PNG HTTP/1.1" 200 27851
0:0:0:0:0:0:0:1 - - [16/Jul/2020:12:52:52 -0400] "GET /FixedAssets/BrianRodewald1.jpg HTTP/1.1" 200 917302
0:0:0:0:0:0:0:1 - - [16/Jul/2020:12:52:52 -0400] "GET /FixedAssets/AaronLarch.jpg HTTP/1.1" 200 995586
0:0:0:0:0:0:0:1 - - [16/Jul/2020:12:52:52 -0400] "GET /ImageAssets/Dairy%20products.jpg HTTP/1.1" 200 1718054
0:0:0:0:0:0:0:1 - - [16/Jul/2020:12:52:52 -0400] "GET /favicon.ico HTTP/1.1" 302 -
0:0:0:0:0:0:0:1 - - [16/Jul/2020:12:52:53 -0400] "GET /login HTTP/1.1" 200 6378
0:0:0:0:0:0:0:1 - - [16/Jul/2020:12:53:36 -0400] "GET /HomePage HTTP/1.1" 200 29859
0:0:0:0:0:0:0:1 - - [16/Jul/2020:12:53:36 -0400] "GET /ImageAssets/Beverages.png HTTP/1.1" 200 43184
0:0:0:0:0:0:0:1 - - [16/Jul/2020:12:53:36 -0400] "GET /ImageAssets/Condaments.jpeg HTTP/1.1" 200 41485
0:0:0:0:0:0:0:1 - - [16/Jul/2020:12:53:36 -0400] "GET /ImageAssets/Produce.jpg HTTP/1.1" 200 71131
0:0:0:0:0:0:0:1 - - [16/Jul/2020:12:53:36 -0400] "GET /ImageAssets/Confusing%20Interfaces.PNG HTTP/1.1" 200 54655
0:0:0:0:0:0:0:1 - - [16/Jul/2020:12:53:36 -0400] "GET /ImageAssets/confections.jpg HTTP/1.1" 200 315715
0:0:0:0:0:0:0:1 - - [16/Jul/2020:12:53:36 -0400] "GET /ImageAssets/meat-pultry.jpg HTTP/1.1" 200 124485
0:0:0:0:0:0:0:1 - - [16/Jul/2020:12:53:36 -0400] "GET /FixedAssets/ComponyLogo.png HTTP/1.1" 200 25947
0:0:0:0:0:0:0:1 - - [16/Jul/2020:12:53:36 -0400] "GET /ImageAssets/seafood.jpeg HTTP/1.1" 200 267854
0:0:0:0:0:0:0:1 - - [16/Jul/2020:12:53:36 -0400] "GET /FixedAssets/ShopingInterface.PNG HTTP/1.1" 200 27851
0:0:0:0:0:0:0:1 - - [16/Jul/2020:12:53:36 -0400] "GET /ImageAssets/grain%20cereal.jpg HTTP/1.1" 200 41318
0:0:0:0:0:0:0:1 - - [16/Jul/2020:12:53:36 -0400] "GET /FixedAssets/BrianRodewald1.jpg HTTP/1.1" 200 917302
0:0:0:0:0:0:0:1 - - [16/Jul/2020:12:53:36 -0400] "GET /FixedAssets/AaronLarch.jpg HTTP/1.1" 200 995586
0:0:0:0:0:0:0:1 - - [16/Jul/2020:12:53:36 -0400] "GET /ImageAssets/Dairy%20products.jpg HTTP/1.1" 200 1718054
0:0:0:0:0:0:0:1 - - [16/Jul/2020:12:53:36 -0400] "GET /favicon.ico HTTP/1.1" 302 -
0:0:0:0:0:0:0:1 - - [16/Jul/2020:12:55:45 -0400] "GET /HomePage HTTP/1.1" 200 30138
0:0:0:0:0:0:0:1 - - [16/Jul/2020:12:55:45 -0400] "GET /ImageAssets/Beverages.png HTTP/1.1" 200 43184
0:0:0:0:0:0:0:1 - - [16/Jul/2020:12:55:45 -0400] "GET /ImageAssets/meat-pultry.jpg HTTP/1.1" 200 124485
0:0:0:0:0:0:0:1 - - [16/Jul/2020:12:55:45 -0400] "GET /ImageAssets/grain%20cereal.jpg HTTP/1.1" 200 41318
0:0:0:0:0:0:0:1 - - [16/Jul/2020:12:55:45 -0400] "GET /ImageAssets/Condaments.jpeg HTTP/1.1" 200 41485
0:0:0:0:0:0:0:1 - - [16/Jul/2020:12:55:45 -0400] "GET /ImageAssets/Confusing%20Interfaces.PNG HTTP/1.1" 200 54655
0:0:0:0:0:0:0:1 - - [16/Jul/2020:12:55:45 -0400] "GET /FixedAssets/ComponyLogo.png HTTP/1.1" 200 25947
0:0:0:0:0:0:0:1 - - [16/Jul/2020:12:55:45 -0400] "GET /ImageAssets/Produce.jpg HTTP/1.1" 200 71131
0:0:0:0:0:0:0:1 - - [16/Jul/2020:12:55:45 -0400] "GET /ImageAssets/confections.jpg HTTP/1.1" 200 315715
0:0:0:0:0:0:0:1 - - [16/Jul/2020:12:55:45 -0400] "GET /FixedAssets/ShopingInterface.PNG HTTP/1.1" 200 27851
0:0:0:0:0:0:0:1 - - [16/Jul/2020:12:55:45 -0400] "GET /ImageAssets/seafood.jpeg HTTP/1.1" 200 267854
0:0:0:0:0:0:0:1 - - [16/Jul/2020:12:55:45 -0400] "GET /FixedAssets/AaronLarch.jpg HTTP/1.1" 200 995586
0:0:0:0:0:0:0:1 - - [16/Jul/2020:12:55:45 -0400] "GET /FixedAssets/BrianRodewald1.jpg HTTP/1.1" 200 917302
0:0:0:0:0:0:0:1 - - [16/Jul/2020:12:55:45 -0400] "GET /favicon.ico HTTP/1.1" 302 -
0:0:0:0:0:0:0:1 - - [16/Jul/2020:12:55:45 -0400] "GET /ImageAssets/Dairy%20products.jpg HTTP/1.1" 200 1718054
0:0:0:0:0:0:0:1 - - [16/Jul/2020:12:55:46 -0400] "GET /login HTTP/1.1" 200 6378
0:0:0:0:0:0:0:1 - - [16/Jul/2020:12:57:16 -0400] "GET /HomePage HTTP/1.1" 200 30093
0:0:0:0:0:0:0:1 - - [16/Jul/2020:12:57:17 -0400] "GET /ImageAssets/Beverages.png HTTP/1.1" 200 43184
0:0:0:0:0:0:0:1 - - [16/Jul/2020:12:57:17 -0400] "GET /ImageAssets/meat-pultry.jpg HTTP/1.1" 200 124485
0:0:0:0:0:0:0:1 - - [16/Jul/2020:12:57:17 -0400] "GET /ImageAssets/Condaments.jpeg HTTP/1.1" 200 41485
0:0:0:0:0:0:0:1 - - [16/Jul/2020:12:57:17 -0400] "GET /ImageAssets/Produce.jpg HTTP/1.1" 200 71131
0:0:0:0:0:0:0:1 - - [16/Jul/2020:12:57:17 -0400] "GET /ImageAssets/grain%20cereal.jpg HTTP/1.1" 200 41318
0:0:0:0:0:0:0:1 - - [16/Jul/2020:12:57:17 -0400] "GET /FixedAssets/ComponyLogo.png HTTP/1.1" 200 25947
0:0:0:0:0:0:0:1 - - [16/Jul/2020:12:57:17 -0400] "GET /ImageAssets/Confusing%20Interfaces.PNG HTTP/1.1" 200 54655
0:0:0:0:0:0:0:1 - - [16/Jul/2020:12:57:17 -0400] "GET /FixedAssets/ShopingInterface.PNG HTTP/1.1" 200 27851
0:0:0:0:0:0:0:1 - - [16/Jul/2020:12:57:17 -0400] "GET /ImageAssets/seafood.jpeg HTTP/1.1" 200 267854
0:0:0:0:0:0:0:1 - - [16/Jul/2020:12:57:17 -0400] "GET /ImageAssets/confections.jpg HTTP/1.1" 200 315715
0:0:0:0:0:0:0:1 - - [16/Jul/2020:12:57:17 -0400] "GET /FixedAssets/BrianRodewald1.jpg HTTP/1.1" 200 917302
0:0:0:0:0:0:0:1 - - [16/Jul/2020:12:57:17 -0400] "GET /FixedAssets/AaronLarch.jpg HTTP/1.1" 200 995586
0:0:0:0:0:0:0:1 - - [16/Jul/2020:12:57:17 -0400] "GET /ImageAssets/Dairy%20products.jpg HTTP/1.1" 200 1718054
0:0:0:0:0:0:0:1 - - [16/Jul/2020:12:59:21 -0400] "GET /HomePage HTTP/1.1" 200 30086
0:0:0:0:0:0:0:1 - - [16/Jul/2020:12:59:22 -0400] "GET /ImageAssets/Beverages.png HTTP/1.1" 200 43184
0:0:0:0:0:0:0:1 - - [16/Jul/2020:12:59:22 -0400] "GET /ImageAssets/Condaments.jpeg HTTP/1.1" 200 41485
0:0:0:0:0:0:0:1 - - [16/Jul/2020:12:59:22 -0400] "GET /ImageAssets/meat-pultry.jpg HTTP/1.1" 200 124485
0:0:0:0:0:0:0:1 - - [16/Jul/2020:12:59:22 -0400] "GET /ImageAssets/Confusing%20Interfaces.PNG HTTP/1.1" 200 54655
0:0:0:0:0:0:0:1 - - [16/Jul/2020:12:59:22 -0400] "GET /ImageAssets/grain%20cereal.jpg HTTP/1.1" 200 41318
0:0:0:0:0:0:0:1 - - [16/Jul/2020:12:59:22 -0400] "GET /ImageAssets/Produce.jpg HTTP/1.1" 200 71131
0:0:0:0:0:0:0:1 - - [16/Jul/2020:12:59:22 -0400] "GET /ImageAssets/seafood.jpeg HTTP/1.1" 200 267854
0:0:0:0:0:0:0:1 - - [16/Jul/2020:12:59:22 -0400] "GET /FixedAssets/ComponyLogo.png HTTP/1.1" 200 25947
0:0:0:0:0:0:0:1 - - [16/Jul/2020:12:59:22 -0400] "GET /ImageAssets/confections.jpg HTTP/1.1" 200 315715
0:0:0:0:0:0:0:1 - - [16/Jul/2020:12:59:22 -0400] "GET /FixedAssets/ShopingInterface.PNG HTTP/1.1" 200 27851
0:0:0:0:0:0:0:1 - - [16/Jul/2020:12:59:22 -0400] "GET /FixedAssets/AaronLarch.jpg HTTP/1.1" 200 995586
0:0:0:0:0:0:0:1 - - [16/Jul/2020:12:59:22 -0400] "GET /FixedAssets/BrianRodewald1.jpg HTTP/1.1" 200 917302
0:0:0:0:0:0:0:1 - - [16/Jul/2020:12:59:22 -0400] "GET /ImageAssets/Dairy%20products.jpg HTTP/1.1" 200 1718054
0:0:0:0:0:0:0:1 - - [16/Jul/2020:12:59:57 -0400] "GET /HomePage HTTP/1.1" 200 30095
0:0:0:0:0:0:0:1 - - [16/Jul/2020:12:59:57 -0400] "GET /ImageAssets/Beverages.png HTTP/1.1" 200 43184
0:0:0:0:0:0:0:1 - - [16/Jul/2020:12:59:57 -0400] "GET /ImageAssets/Condaments.jpeg HTTP/1.1" 200 41485
0:0:0:0:0:0:0:1 - - [16/Jul/2020:12:59:57 -0400] "GET /ImageAssets/grain%20cereal.jpg HTTP/1.1" 200 41318
0:0:0:0:0:0:0:1 - - [16/Jul/2020:12:59:57 -0400] "GET /ImageAssets/meat-pultry.jpg HTTP/1.1" 200 124485
0:0:0:0:0:0:0:1 - - [16/Jul/2020:12:59:57 -0400] "GET /ImageAssets/Confusing%20Interfaces.PNG HTTP/1.1" 200 54655
0:0:0:0:0:0:0:1 - - [16/Jul/2020:12:59:57 -0400] "GET /ImageAssets/Produce.jpg HTTP/1.1" 200 71131
0:0:0:0:0:0:0:1 - - [16/Jul/2020:12:59:57 -0400] "GET /ImageAssets/confections.jpg HTTP/1.1" 200 315715
0:0:0:0:0:0:0:1 - - [16/Jul/2020:12:59:58 -0400] "GET /FixedAssets/ShopingInterface.PNG HTTP/1.1" 200 27851
0:0:0:0:0:0:0:1 - - [16/Jul/2020:12:59:58 -0400] "GET /ImageAssets/seafood.jpeg HTTP/1.1" 200 267854
0:0:0:0:0:0:0:1 - - [16/Jul/2020:12:59:58 -0400] "GET /FixedAssets/ComponyLogo.png HTTP/1.1" 200 25947
0:0:0:0:0:0:0:1 - - [16/Jul/2020:12:59:58 -0400] "GET /FixedAssets/BrianRodewald1.jpg HTTP/1.1" 200 917302
0:0:0:0:0:0:0:1 - - [16/Jul/2020:12:59:58 -0400] "GET /ImageAssets/Dairy%20products.jpg HTTP/1.1" 200 1718054
0:0:0:0:0:0:0:1 - - [16/Jul/2020:12:59:58 -0400] "GET /FixedAssets/AaronLarch.jpg HTTP/1.1" 200 995586
0:0:0:0:0:0:0:1 - - [16/Jul/2020:12:59:58 -0400] "GET /favicon.ico HTTP/1.1" 302 -
0:0:0:0:0:0:0:1 - - [16/Jul/2020:13:00:28 -0400] "GET /HomePage HTTP/1.1" 200 30165
0:0:0:0:0:0:0:1 - - [16/Jul/2020:13:00:28 -0400] "GET /ImageAssets/Beverages.png HTTP/1.1" 200 43184
0:0:0:0:0:0:0:1 - - [16/Jul/2020:13:00:28 -0400] "GET /ImageAssets/Condaments.jpeg HTTP/1.1" 200 41485
0:0:0:0:0:0:0:1 - - [16/Jul/2020:13:00:28 -0400] "GET /ImageAssets/Confusing%20Interfaces.PNG HTTP/1.1" 200 54655
0:0:0:0:0:0:0:1 - - [16/Jul/2020:13:00:29 -0400] "GET /ImageAssets/grain%20cereal.jpg HTTP/1.1" 200 41318
0:0:0:0:0:0:0:1 - - [16/Jul/2020:13:00:29 -0400] "GET /ImageAssets/Produce.jpg HTTP/1.1" 200 71131
0:0:0:0:0:0:0:1 - - [16/Jul/2020:13:00:29 -0400] "GET /ImageAssets/meat-pultry.jpg HTTP/1.1" 200 124485
0:0:0:0:0:0:0:1 - - [16/Jul/2020:13:00:29 -0400] "GET /FixedAssets/ComponyLogo.png HTTP/1.1" 200 25947
0:0:0:0:0:0:0:1 - - [16/Jul/2020:13:00:29 -0400] "GET /ImageAssets/seafood.jpeg HTTP/1.1" 200 267854
0:0:0:0:0:0:0:1 - - [16/Jul/2020:13:00:29 -0400] "GET /ImageAssets/confections.jpg HTTP/1.1" 200 315715
0:0:0:0:0:0:0:1 - - [16/Jul/2020:13:00:29 -0400] "GET /FixedAssets/ShopingInterface.PNG HTTP/1.1" 200 27851
0:0:0:0:0:0:0:1 - - [16/Jul/2020:13:00:29 -0400] "GET /FixedAssets/BrianRodewald1.jpg HTTP/1.1" 200 917302
0:0:0:0:0:0:0:1 - - [16/Jul/2020:13:00:29 -0400] "GET /FixedAssets/AaronLarch.jpg HTTP/1.1" 200 995586
0:0:0:0:0:0:0:1 - - [16/Jul/2020:13:00:29 -0400] "GET /ImageAssets/Dairy%20products.jpg HTTP/1.1" 200 1718054
0:0:0:0:0:0:0:1 - - [16/Jul/2020:13:00:29 -0400] "GET /favicon.ico HTTP/1.1" 302 -
0:0:0:0:0:0:0:1 - - [16/Jul/2020:13:01:05 -0400] "GET /HomePage HTTP/1.1" 200 30163
0:0:0:0:0:0:0:1 - - [16/Jul/2020:13:01:05 -0400] "GET /ImageAssets/Condaments.jpeg HTTP/1.1" 200 41485
0:0:0:0:0:0:0:1 - - [16/Jul/2020:13:01:05 -0400] "GET /ImageAssets/Beverages.png HTTP/1.1" 200 43184
0:0:0:0:0:0:0:1 - - [16/Jul/2020:13:01:05 -0400] "GET /ImageAssets/Confusing%20Interfaces.PNG HTTP/1.1" 200 54655
0:0:0:0:0:0:0:1 - - [16/Jul/2020:13:01:05 -0400] "GET /ImageAssets/grain%20cereal.jpg HTTP/1.1" 200 41318
0:0:0:0:0:0:0:1 - - [16/Jul/2020:13:01:05 -0400] "GET /ImageAssets/meat-pultry.jpg HTTP/1.1" 200 124485
0:0:0:0:0:0:0:1 - - [16/Jul/2020:13:01:05 -0400] "GET /ImageAssets/Produce.jpg HTTP/1.1" 200 71131
0:0:0:0:0:0:0:1 - - [16/Jul/2020:13:01:05 -0400] "GET /FixedAssets/ComponyLogo.png HTTP/1.1" 200 25947
0:0:0:0:0:0:0:1 - - [16/Jul/2020:13:01:05 -0400] "GET /ImageAssets/seafood.jpeg HTTP/1.1" 200 267854
0:0:0:0:0:0:0:1 - - [16/Jul/2020:13:01:05 -0400] "GET /FixedAssets/ShopingInterface.PNG HTTP/1.1" 200 27851
0:0:0:0:0:0:0:1 - - [16/Jul/2020:13:01:05 -0400] "GET /ImageAssets/confections.jpg HTTP/1.1" 200 315715
0:0:0:0:0:0:0:1 - - [16/Jul/2020:13:01:05 -0400] "GET /FixedAssets/BrianRodewald1.jpg HTTP/1.1" 200 917302
0:0:0:0:0:0:0:1 - - [16/Jul/2020:13:01:05 -0400] "GET /FixedAssets/AaronLarch.jpg HTTP/1.1" 200 995586
0:0:0:0:0:0:0:1 - - [16/Jul/2020:13:01:05 -0400] "GET /ImageAssets/Dairy%20products.jpg HTTP/1.1" 200 1718054
0:0:0:0:0:0:0:1 - - [16/Jul/2020:13:01:05 -0400] "GET /favicon.ico HTTP/1.1" 302 -
0:0:0:0:0:0:0:1 - - [16/Jul/2020:13:02:09 -0400] "GET /HomePage HTTP/1.1" 200 30163
0:0:0:0:0:0:0:1 - - [16/Jul/2020:13:02:09 -0400] "GET /ImageAssets/Beverages.png HTTP/1.1" 200 43184
0:0:0:0:0:0:0:1 - - [16/Jul/2020:13:02:09 -0400] "GET /ImageAssets/Condaments.jpeg HTTP/1.1" 200 41485
0:0:0:0:0:0:0:1 - - [16/Jul/2020:13:02:09 -0400] "GET /ImageAssets/grain%20cereal.jpg HTTP/1.1" 200 41318
0:0:0:0:0:0:0:1 - - [16/Jul/2020:13:02:09 -0400] "GET /ImageAssets/Confusing%20Interfaces.PNG HTTP/1.1" 200 54655
0:0:0:0:0:0:0:1 - - [16/Jul/2020:13:02:09 -0400] "GET /ImageAssets/meat-pultry.jpg HTTP/1.1" 200 124485
0:0:0:0:0:0:0:1 - - [16/Jul/2020:13:02:09 -0400] "GET /ImageAssets/confections.jpg HTTP/1.1" 200 315715
0:0:0:0:0:0:0:1 - - [16/Jul/2020:13:02:09 -0400] "GET /FixedAssets/ComponyLogo.png HTTP/1.1" 200 25947
0:0:0:0:0:0:0:1 - - [16/Jul/2020:13:02:09 -0400] "GET /FixedAssets/ShopingInterface.PNG HTTP/1.1" 200 27851
0:0:0:0:0:0:0:1 - - [16/Jul/2020:13:02:09 -0400] "GET /ImageAssets/seafood.jpeg HTTP/1.1" 200 267854
0:0:0:0:0:0:0:1 - - [16/Jul/2020:13:02:09 -0400] "GET /ImageAssets/Produce.jpg HTTP/1.1" 200 71131
0:0:0:0:0:0:0:1 - - [16/Jul/2020:13:02:09 -0400] "GET /FixedAssets/BrianRodewald1.jpg HTTP/1.1" 200 917302
0:0:0:0:0:0:0:1 - - [16/Jul/2020:13:02:09 -0400] "GET /FixedAssets/AaronLarch.jpg HTTP/1.1" 200 995586
0:0:0:0:0:0:0:1 - - [16/Jul/2020:13:02:10 -0400] "GET /ImageAssets/Dairy%20products.jpg HTTP/1.1" 200 1718054
0:0:0:0:0:0:0:1 - - [16/Jul/2020:13:02:36 -0400] "GET /HomePage HTTP/1.1" 200 30126
0:0:0:0:0:0:0:1 - - [16/Jul/2020:13:02:36 -0400] "GET /ImageAssets/Beverages.png HTTP/1.1" 200 43184
0:0:0:0:0:0:0:1 - - [16/Jul/2020:13:02:36 -0400] "GET /ImageAssets/Confusing%20Interfaces.PNG HTTP/1.1" 200 54655
0:0:0:0:0:0:0:1 - - [16/Jul/2020:13:02:36 -0400] "GET /ImageAssets/Produce.jpg HTTP/1.1" 200 71131
0:0:0:0:0:0:0:1 - - [16/Jul/2020:13:02:36 -0400] "GET /ImageAssets/grain%20cereal.jpg HTTP/1.1" 200 41318
0:0:0:0:0:0:0:1 - - [16/Jul/2020:13:02:36 -0400] "GET /FixedAssets/ComponyLogo.png HTTP/1.1" 200 25947
0:0:0:0:0:0:0:1 - - [16/Jul/2020:13:02:36 -0400] "GET /ImageAssets/meat-pultry.jpg HTTP/1.1" 200 124485
0:0:0:0:0:0:0:1 - - [16/Jul/2020:13:02:36 -0400] "GET /ImageAssets/Condaments.jpeg HTTP/1.1" 200 41485
0:0:0:0:0:0:0:1 - - [16/Jul/2020:13:02:36 -0400] "GET /ImageAssets/confections.jpg HTTP/1.1" 200 315715
0:0:0:0:0:0:0:1 - - [16/Jul/2020:13:02:36 -0400] "GET /FixedAssets/ShopingInterface.PNG HTTP/1.1" 200 27851
0:0:0:0:0:0:0:1 - - [16/Jul/2020:13:02:36 -0400] "GET /ImageAssets/seafood.jpeg HTTP/1.1" 200 267854
0:0:0:0:0:0:0:1 - - [16/Jul/2020:13:02:36 -0400] "GET /FixedAssets/BrianRodewald1.jpg HTTP/1.1" 200 917302
0:0:0:0:0:0:0:1 - - [16/Jul/2020:13:02:36 -0400] "GET /FixedAssets/AaronLarch.jpg HTTP/1.1" 200 995586
0:0:0:0:0:0:0:1 - - [16/Jul/2020:13:02:36 -0400] "GET /ImageAssets/Dairy%20products.jpg HTTP/1.1" 200 1718054
0:0:0:0:0:0:0:1 - - [16/Jul/2020:13:03:09 -0400] "GET /HomePage HTTP/1.1" 200 30130
0:0:0:0:0:0:0:1 - - [16/Jul/2020:13:03:09 -0400] "GET /ImageAssets/Beverages.png HTTP/1.1" 200 43184
0:0:0:0:0:0:0:1 - - [16/Jul/2020:13:03:09 -0400] "GET /ImageAssets/meat-pultry.jpg HTTP/1.1" 200 124485
0:0:0:0:0:0:0:1 - - [16/Jul/2020:13:03:09 -0400] "GET /ImageAssets/Confusing%20Interfaces.PNG HTTP/1.1" 200 54655
0:0:0:0:0:0:0:1 - - [16/Jul/2020:13:03:09 -0400] "GET /ImageAssets/grain%20cereal.jpg HTTP/1.1" 200 41318
0:0:0:0:0:0:0:1 - - [16/Jul/2020:13:03:09 -0400] "GET /FixedAssets/ComponyLogo.png HTTP/1.1" 200 25947
0:0:0:0:0:0:0:1 - - [16/Jul/2020:13:03:09 -0400] "GET /ImageAssets/Condaments.jpeg HTTP/1.1" 200 41485
0:0:0:0:0:0:0:1 - - [16/Jul/2020:13:03:09 -0400] "GET /ImageAssets/confections.jpg HTTP/1.1" 200 315715
0:0:0:0:0:0:0:1 - - [16/Jul/2020:13:03:09 -0400] "GET /ImageAssets/Produce.jpg HTTP/1.1" 200 71131
0:0:0:0:0:0:0:1 - - [16/Jul/2020:13:03:09 -0400] "GET /FixedAssets/ShopingInterface.PNG HTTP/1.1" 200 27851
0:0:0:0:0:0:0:1 - - [16/Jul/2020:13:03:09 -0400] "GET /ImageAssets/seafood.jpeg HTTP/1.1" 200 267854
0:0:0:0:0:0:0:1 - - [16/Jul/2020:13:03:09 -0400] "GET /FixedAssets/BrianRodewald1.jpg HTTP/1.1" 200 917302
0:0:0:0:0:0:0:1 - - [16/Jul/2020:13:03:09 -0400] "GET /FixedAssets/AaronLarch.jpg HTTP/1.1" 200 995586
0:0:0:0:0:0:0:1 - - [16/Jul/2020:13:03:09 -0400] "GET /ImageAssets/Dairy%20products.jpg HTTP/1.1" 200 1718054
0:0:0:0:0:0:0:1 - - [16/Jul/2020:13:03:43 -0400] "GET /HomePage HTTP/1.1" 200 30093
0:0:0:0:0:0:0:1 - - [16/Jul/2020:13:03:43 -0400] "GET /ImageAssets/Beverages.png HTTP/1.1" 200 43184
0:0:0:0:0:0:0:1 - - [16/Jul/2020:13:03:43 -0400] "GET /ImageAssets/Confusing%20Interfaces.PNG HTTP/1.1" 200 54655
0:0:0:0:0:0:0:1 - - [16/Jul/2020:13:03:43 -0400] "GET /ImageAssets/Produce.jpg HTTP/1.1" 200 71131
0:0:0:0:0:0:0:1 - - [16/Jul/2020:13:03:43 -0400] "GET /ImageAssets/meat-pultry.jpg HTTP/1.1" 200 124485
0:0:0:0:0:0:0:1 - - [16/Jul/2020:13:03:43 -0400] "GET /ImageAssets/grain%20cereal.jpg HTTP/1.1" 200 41318
0:0:0:0:0:0:0:1 - - [16/Jul/2020:13:03:43 -0400] "GET /ImageAssets/confections.jpg HTTP/1.1" 200 315715
0:0:0:0:0:0:0:1 - - [16/Jul/2020:13:03:44 -0400] "GET /ImageAssets/Condaments.jpeg HTTP/1.1" 200 41485
0:0:0:0:0:0:0:1 - - [16/Jul/2020:13:03:44 -0400] "GET /FixedAssets/ComponyLogo.png HTTP/1.1" 200 25947
0:0:0:0:0:0:0:1 - - [16/Jul/2020:13:03:44 -0400] "GET /FixedAssets/ShopingInterface.PNG HTTP/1.1" 200 27851
0:0:0:0:0:0:0:1 - - [16/Jul/2020:13:03:44 -0400] "GET /ImageAssets/seafood.jpeg HTTP/1.1" 200 267854
0:0:0:0:0:0:0:1 - - [16/Jul/2020:13:03:44 -0400] "GET /FixedAssets/AaronLarch.jpg HTTP/1.1" 200 995586
0:0:0:0:0:0:0:1 - - [16/Jul/2020:13:03:44 -0400] "GET /FixedAssets/BrianRodewald1.jpg HTTP/1.1" 200 917302
0:0:0:0:0:0:0:1 - - [16/Jul/2020:13:03:44 -0400] "GET /ImageAssets/Dairy%20products.jpg HTTP/1.1" 200 1718054
0:0:0:0:0:0:0:1 - - [16/Jul/2020:13:04:12 -0400] "GET /HomePage HTTP/1.1" 200 29922
0:0:0:0:0:0:0:1 - - [16/Jul/2020:13:04:12 -0400] "GET /ImageAssets/Condaments.jpeg HTTP/1.1" 200 41485
0:0:0:0:0:0:0:1 - - [16/Jul/2020:13:04:12 -0400] "GET /ImageAssets/Beverages.png HTTP/1.1" 200 43184
0:0:0:0:0:0:0:1 - - [16/Jul/2020:13:04:12 -0400] "GET /ImageAssets/meat-pultry.jpg HTTP/1.1" 200 124485
0:0:0:0:0:0:0:1 - - [16/Jul/2020:13:04:12 -0400] "GET /ImageAssets/Produce.jpg HTTP/1.1" 200 71131
0:0:0:0:0:0:0:1 - - [16/Jul/2020:13:04:12 -0400] "GET /ImageAssets/Confusing%20Interfaces.PNG HTTP/1.1" 200 54655
0:0:0:0:0:0:0:1 - - [16/Jul/2020:13:04:12 -0400] "GET /ImageAssets/grain%20cereal.jpg HTTP/1.1" 200 41318
0:0:0:0:0:0:0:1 - - [16/Jul/2020:13:04:12 -0400] "GET /ImageAssets/confections.jpg HTTP/1.1" 200 315715
0:0:0:0:0:0:0:1 - - [16/Jul/2020:13:04:12 -0400] "GET /FixedAssets/ShopingInterface.PNG HTTP/1.1" 200 27851
0:0:0:0:0:0:0:1 - - [16/Jul/2020:13:04:12 -0400] "GET /ImageAssets/seafood.jpeg HTTP/1.1" 200 267854
0:0:0:0:0:0:0:1 - - [16/Jul/2020:13:04:12 -0400] "GET /FixedAssets/ComponyLogo.png HTTP/1.1" 200 25947
0:0:0:0:0:0:0:1 - - [16/Jul/2020:13:04:12 -0400] "GET /FixedAssets/AaronLarch.jpg HTTP/1.1" 200 995586
0:0:0:0:0:0:0:1 - - [16/Jul/2020:13:04:12 -0400] "GET /FixedAssets/BrianRodewald1.jpg HTTP/1.1" 200 917302
0:0:0:0:0:0:0:1 - - [16/Jul/2020:13:04:12 -0400] "GET /ImageAssets/Dairy%20products.jpg HTTP/1.1" 200 1718054
0:0:0:0:0:0:0:1 - - [16/Jul/2020:13:05:09 -0400] "GET /HomePage HTTP/1.1" 200 30115
0:0:0:0:0:0:0:1 - - [16/Jul/2020:13:05:09 -0400] "GET /ImageAssets/Condaments.jpeg HTTP/1.1" 200 41485
0:0:0:0:0:0:0:1 - - [16/Jul/2020:13:05:09 -0400] "GET /ImageAssets/Beverages.png HTTP/1.1" 200 43184
0:0:0:0:0:0:0:1 - - [16/Jul/2020:13:05:09 -0400] "GET /ImageAssets/Confusing%20Interfaces.PNG HTTP/1.1" 200 54655
0:0:0:0:0:0:0:1 - - [16/Jul/2020:13:05:09 -0400] "GET /ImageAssets/grain%20cereal.jpg HTTP/1.1" 200 41318
0:0:0:0:0:0:0:1 - - [16/Jul/2020:13:05:09 -0400] "GET /ImageAssets/meat-pultry.jpg HTTP/1.1" 200 124485
0:0:0:0:0:0:0:1 - - [16/Jul/2020:13:05:09 -0400] "GET /ImageAssets/Produce.jpg HTTP/1.1" 200 71131
0:0:0:0:0:0:0:1 - - [16/Jul/2020:13:05:09 -0400] "GET /FixedAssets/ComponyLogo.png HTTP/1.1" 200 25947
0:0:0:0:0:0:0:1 - - [16/Jul/2020:13:05:09 -0400] "GET /ImageAssets/seafood.jpeg HTTP/1.1" 200 267854
0:0:0:0:0:0:0:1 - - [16/Jul/2020:13:05:09 -0400] "GET /FixedAssets/ShopingInterface.PNG HTTP/1.1" 200 27851
0:0:0:0:0:0:0:1 - - [16/Jul/2020:13:05:09 -0400] "GET /ImageAssets/confections.jpg HTTP/1.1" 200 315715
0:0:0:0:0:0:0:1 - - [16/Jul/2020:13:05:09 -0400] "GET /FixedAssets/BrianRodewald1.jpg HTTP/1.1" 200 917302
0:0:0:0:0:0:0:1 - - [16/Jul/2020:13:05:09 -0400] "GET /FixedAssets/AaronLarch.jpg HTTP/1.1" 200 995586
0:0:0:0:0:0:0:1 - - [16/Jul/2020:13:05:09 -0400] "GET /ImageAssets/Dairy%20products.jpg HTTP/1.1" 200 1718054
0:0:0:0:0:0:0:1 - - [16/Jul/2020:13:07:17 -0400] "GET /ImageAssets/Beverages.png HTTP/1.1" 200 43184
0:0:0:0:0:0:0:1 - - [16/Jul/2020:13:07:17 -0400] "GET /ImageAssets/Condaments.jpeg HTTP/1.1" 200 41485
0:0:0:0:0:0:0:1 - - [16/Jul/2020:13:07:17 -0400] "GET /ImageAssets/meat-pultry.jpg HTTP/1.1" 200 124485
0:0:0:0:0:0:0:1 - - [16/Jul/2020:13:07:17 -0400] "GET /ImageAssets/Produce.jpg HTTP/1.1" 200 71131
0:0:0:0:0:0:0:1 - - [16/Jul/2020:13:07:17 -0400] "GET /ImageAssets/Confusing%20Interfaces.PNG HTTP/1.1" 200 54655
0:0:0:0:0:0:0:1 - - [16/Jul/2020:13:07:17 -0400] "GET /ImageAssets/seafood.jpeg HTTP/1.1" 200 267854
0:0:0:0:0:0:0:1 - - [16/Jul/2020:13:07:17 -0400] "GET /ImageAssets/grain%20cereal.jpg HTTP/1.1" 200 41318
0:0:0:0:0:0:0:1 - - [16/Jul/2020:13:07:17 -0400] "GET /FixedAssets/ShopingInterface.PNG HTTP/1.1" 200 27851
0:0:0:0:0:0:0:1 - - [16/Jul/2020:13:07:17 -0400] "GET /FixedAssets/ComponyLogo.png HTTP/1.1" 200 25947
0:0:0:0:0:0:0:1 - - [16/Jul/2020:13:07:17 -0400] "GET /ImageAssets/confections.jpg HTTP/1.1" 200 315715
0:0:0:0:0:0:0:1 - - [16/Jul/2020:13:07:17 -0400] "GET /FixedAssets/BrianRodewald1.jpg HTTP/1.1" 200 917302
0:0:0:0:0:0:0:1 - - [16/Jul/2020:13:07:17 -0400] "GET /FixedAssets/AaronLarch.jpg HTTP/1.1" 200 995586
0:0:0:0:0:0:0:1 - - [16/Jul/2020:13:07:17 -0400] "GET /ImageAssets/Dairy%20products.jpg HTTP/1.1" 200 1718054
0:0:0:0:0:0:0:1 - - [16/Jul/2020:13:07:24 -0400] "GET /HomePage HTTP/1.1" 200 30248
0:0:0:0:0:0:0:1 - - [16/Jul/2020:13:07:25 -0400] "GET /ImageAssets/Condaments.jpeg HTTP/1.1" 200 41485
0:0:0:0:0:0:0:1 - - [16/Jul/2020:13:07:25 -0400] "GET /ImageAssets/Beverages.png HTTP/1.1" 200 43184
0:0:0:0:0:0:0:1 - - [16/Jul/2020:13:07:25 -0400] "GET /ImageAssets/grain%20cereal.jpg HTTP/1.1" 200 41318
0:0:0:0:0:0:0:1 - - [16/Jul/2020:13:07:25 -0400] "GET /ImageAssets/Produce.jpg HTTP/1.1" 200 71131
0:0:0:0:0:0:0:1 - - [16/Jul/2020:13:07:25 -0400] "GET /ImageAssets/meat-pultry.jpg HTTP/1.1" 200 124485
0:0:0:0:0:0:0:1 - - [16/Jul/2020:13:07:25 -0400] "GET /FixedAssets/ComponyLogo.png HTTP/1.1" 200 25947
0:0:0:0:0:0:0:1 - - [16/Jul/2020:13:07:25 -0400] "GET /ImageAssets/seafood.jpeg HTTP/1.1" 200 267854
0:0:0:0:0:0:0:1 - - [16/Jul/2020:13:07:25 -0400] "GET /ImageAssets/Confusing%20Interfaces.PNG HTTP/1.1" 200 54655
0:0:0:0:0:0:0:1 - - [16/Jul/2020:13:07:25 -0400] "GET /ImageAssets/confections.jpg HTTP/1.1" 200 315715
0:0:0:0:0:0:0:1 - - [16/Jul/2020:13:07:25 -0400] "GET /FixedAssets/ShopingInterface.PNG HTTP/1.1" 200 27851
0:0:0:0:0:0:0:1 - - [16/Jul/2020:13:07:25 -0400] "GET /FixedAssets/BrianRodewald1.jpg HTTP/1.1" 200 917302
0:0:0:0:0:0:0:1 - - [16/Jul/2020:13:07:25 -0400] "GET /FixedAssets/AaronLarch.jpg HTTP/1.1" 200 995586
0:0:0:0:0:0:0:1 - - [16/Jul/2020:13:07:25 -0400] "GET /ImageAssets/Dairy%20products.jpg HTTP/1.1" 200 1718054
0:0:0:0:0:0:0:1 - - [16/Jul/2020:13:08:44 -0400] "GET /HomePage HTTP/1.1" 200 30257
0:0:0:0:0:0:0:1 - - [16/Jul/2020:13:08:44 -0400] "GET /ImageAssets/Beverages.png HTTP/1.1" 200 43184
0:0:0:0:0:0:0:1 - - [16/Jul/2020:13:08:44 -0400] "GET /ImageAssets/Confusing%20Interfaces.PNG HTTP/1.1" 200 54655
0:0:0:0:0:0:0:1 - - [16/Jul/2020:13:08:44 -0400] "GET /ImageAssets/grain%20cereal.jpg HTTP/1.1" 200 41318
0:0:0:0:0:0:0:1 - - [16/Jul/2020:13:08:44 -0400] "GET /ImageAssets/Condaments.jpeg HTTP/1.1" 200 41485
0:0:0:0:0:0:0:1 - - [16/Jul/2020:13:08:44 -0400] "GET /ImageAssets/meat-pultry.jpg HTTP/1.1" 200 124485
0:0:0:0:0:0:0:1 - - [16/Jul/2020:13:08:44 -0400] "GET /ImageAssets/Produce.jpg HTTP/1.1" 200 71131
0:0:0:0:0:0:0:1 - - [16/Jul/2020:13:08:44 -0400] "GET /FixedAssets/ComponyLogo.png HTTP/1.1" 200 25947
0:0:0:0:0:0:0:1 - - [16/Jul/2020:13:08:44 -0400] "GET /ImageAssets/confections.jpg HTTP/1.1" 200 315715
0:0:0:0:0:0:0:1 - - [16/Jul/2020:13:08:44 -0400] "GET /ImageAssets/seafood.jpeg HTTP/1.1" 200 267854
0:0:0:0:0:0:0:1 - - [16/Jul/2020:13:08:44 -0400] "GET /FixedAssets/ShopingInterface.PNG HTTP/1.1" 200 27851
0:0:0:0:0:0:0:1 - - [16/Jul/2020:13:08:44 -0400] "GET /FixedAssets/BrianRodewald1.jpg HTTP/1.1" 200 917302
0:0:0:0:0:0:0:1 - - [16/Jul/2020:13:08:44 -0400] "GET /FixedAssets/AaronLarch.jpg HTTP/1.1" 200 995586
0:0:0:0:0:0:0:1 - - [16/Jul/2020:13:08:45 -0400] "GET /ImageAssets/Dairy%20products.jpg HTTP/1.1" 200 1718054
0:0:0:0:0:0:0:1 - - [16/Jul/2020:13:09:29 -0400] "GET /HomePage HTTP/1.1" 200 30247
0:0:0:0:0:0:0:1 - - [16/Jul/2020:13:09:29 -0400] "GET /ImageAssets/Beverages.png HTTP/1.1" 200 43184
0:0:0:0:0:0:0:1 - - [16/Jul/2020:13:09:29 -0400] "GET /ImageAssets/Condaments.jpeg HTTP/1.1" 200 41485
0:0:0:0:0:0:0:1 - - [16/Jul/2020:13:09:29 -0400] "GET /ImageAssets/Produce.jpg HTTP/1.1" 200 71131
0:0:0:0:0:0:0:1 - - [16/Jul/2020:13:09:29 -0400] "GET /ImageAssets/Confusing%20Interfaces.PNG HTTP/1.1" 200 54655
0:0:0:0:0:0:0:1 - - [16/Jul/2020:13:09:30 -0400] "GET /ImageAssets/meat-pultry.jpg HTTP/1.1" 200 124485
0:0:0:0:0:0:0:1 - - [16/Jul/2020:13:09:30 -0400] "GET /ImageAssets/grain%20cereal.jpg HTTP/1.1" 200 41318
0:0:0:0:0:0:0:1 - - [16/Jul/2020:13:09:30 -0400] "GET /ImageAssets/confections.jpg HTTP/1.1" 200 315715
0:0:0:0:0:0:0:1 - - [16/Jul/2020:13:09:30 -0400] "GET /FixedAssets/ComponyLogo.png HTTP/1.1" 200 25947
0:0:0:0:0:0:0:1 - - [16/Jul/2020:13:09:30 -0400] "GET /FixedAssets/ShopingInterface.PNG HTTP/1.1" 200 27851
0:0:0:0:0:0:0:1 - - [16/Jul/2020:13:09:30 -0400] "GET /ImageAssets/seafood.jpeg HTTP/1.1" 200 267854
0:0:0:0:0:0:0:1 - - [16/Jul/2020:13:09:30 -0400] "GET /FixedAssets/AaronLarch.jpg HTTP/1.1" 200 995586
0:0:0:0:0:0:0:1 - - [16/Jul/2020:13:09:30 -0400] "GET /FixedAssets/BrianRodewald1.jpg HTTP/1.1" 200 917302
0:0:0:0:0:0:0:1 - - [16/Jul/2020:13:09:30 -0400] "GET /ImageAssets/Dairy%20products.jpg HTTP/1.1" 200 1718054
0:0:0:0:0:0:0:1 - - [16/Jul/2020:13:12:28 -0400] "GET /HomePage HTTP/1.1" 200 30355
0:0:0:0:0:0:0:1 - - [16/Jul/2020:13:12:28 -0400] "GET /ImageAssets/Beverages.png HTTP/1.1" 200 43184
0:0:0:0:0:0:0:1 - - [16/Jul/2020:13:12:29 -0400] "GET /ImageAssets/Condaments.jpeg HTTP/1.1" 200 41485
0:0:0:0:0:0:0:1 - - [16/Jul/2020:13:12:29 -0400] "GET /ImageAssets/meat-pultry.jpg HTTP/1.1" 200 124485
0:0:0:0:0:0:0:1 - - [16/Jul/2020:13:12:29 -0400] "GET /ImageAssets/grain%20cereal.jpg HTTP/1.1" 200 41318
0:0:0:0:0:0:0:1 - - [16/Jul/2020:13:12:29 -0400] "GET /FixedAssets/ComponyLogo.png HTTP/1.1" 200 25947
0:0:0:0:0:0:0:1 - - [16/Jul/2020:13:12:29 -0400] "GET /ImageAssets/Produce.jpg HTTP/1.1" 200 71131
0:0:0:0:0:0:0:1 - - [16/Jul/2020:13:12:29 -0400] "GET /ImageAssets/Confusing%20Interfaces.PNG HTTP/1.1" 200 54655
0:0:0:0:0:0:0:1 - - [16/Jul/2020:13:12:29 -0400] "GET /FixedAssets/ShopingInterface.PNG HTTP/1.1" 200 27851
0:0:0:0:0:0:0:1 - - [16/Jul/2020:13:12:29 -0400] "GET /ImageAssets/seafood.jpeg HTTP/1.1" 200 267854
0:0:0:0:0:0:0:1 - - [16/Jul/2020:13:12:29 -0400] "GET /ImageAssets/confections.jpg HTTP/1.1" 200 315715
0:0:0:0:0:0:0:1 - - [16/Jul/2020:13:12:29 -0400] "GET /FixedAssets/BrianRodewald1.jpg HTTP/1.1" 200 917302
0:0:0:0:0:0:0:1 - - [16/Jul/2020:13:12:29 -0400] "GET /FixedAssets/AaronLarch.jpg HTTP/1.1" 200 995586
0:0:0:0:0:0:0:1 - - [16/Jul/2020:13:12:29 -0400] "GET /ImageAssets/Dairy%20products.jpg HTTP/1.1" 200 1718054
0:0:0:0:0:0:0:1 - - [16/Jul/2020:13:14:40 -0400] "GET /HomePage HTTP/1.1" 200 30357
0:0:0:0:0:0:0:1 - - [16/Jul/2020:13:14:41 -0400] "GET /ImageAssets/Condaments.jpeg HTTP/1.1" 200 41485
0:0:0:0:0:0:0:1 - - [16/Jul/2020:13:14:41 -0400] "GET /ImageAssets/Beverages.png HTTP/1.1" 200 43184
0:0:0:0:0:0:0:1 - - [16/Jul/2020:13:14:41 -0400] "GET /ImageAssets/grain%20cereal.jpg HTTP/1.1" 200 41318
0:0:0:0:0:0:0:1 - - [16/Jul/2020:13:14:41 -0400] "GET /ImageAssets/Confusing%20Interfaces.PNG HTTP/1.1" 200 54655
0:0:0:0:0:0:0:1 - - [16/Jul/2020:13:14:41 -0400] "GET /ImageAssets/meat-pultry.jpg HTTP/1.1" 200 124485
0:0:0:0:0:0:0:1 - - [16/Jul/2020:13:14:41 -0400] "GET /ImageAssets/Produce.jpg HTTP/1.1" 200 71131
0:0:0:0:0:0:0:1 - - [16/Jul/2020:13:14:41 -0400] "GET /ImageAssets/confections.jpg HTTP/1.1" 200 315715
0:0:0:0:0:0:0:1 - - [16/Jul/2020:13:14:41 -0400] "GET /ImageAssets/seafood.jpeg HTTP/1.1" 200 267854
0:0:0:0:0:0:0:1 - - [16/Jul/2020:13:14:41 -0400] "GET /FixedAssets/ComponyLogo.png HTTP/1.1" 200 25947
0:0:0:0:0:0:0:1 - - [16/Jul/2020:13:14:41 -0400] "GET /FixedAssets/ShopingInterface.PNG HTTP/1.1" 200 27851
0:0:0:0:0:0:0:1 - - [16/Jul/2020:13:14:41 -0400] "GET /FixedAssets/BrianRodewald1.jpg HTTP/1.1" 200 917302
0:0:0:0:0:0:0:1 - - [16/Jul/2020:13:14:41 -0400] "GET /FixedAssets/AaronLarch.jpg HTTP/1.1" 200 995586
0:0:0:0:0:0:0:1 - - [16/Jul/2020:13:14:41 -0400] "GET /ImageAssets/Dairy%20products.jpg HTTP/1.1" 200 1718054
0:0:0:0:0:0:0:1 - - [16/Jul/2020:13:15:49 -0400] "GET /HomePage HTTP/1.1" 200 30361
0:0:0:0:0:0:0:1 - - [16/Jul/2020:13:15:49 -0400] "GET /ImageAssets/Beverages.png HTTP/1.1" 200 43184
0:0:0:0:0:0:0:1 - - [16/Jul/2020:13:15:49 -0400] "GET /ImageAssets/Condaments.jpeg HTTP/1.1" 200 41485
0:0:0:0:0:0:0:1 - - [16/Jul/2020:13:15:49 -0400] "GET /ImageAssets/grain%20cereal.jpg HTTP/1.1" 200 41318
0:0:0:0:0:0:0:1 - - [16/Jul/2020:13:15:49 -0400] "GET /ImageAssets/meat-pultry.jpg HTTP/1.1" 200 124485
0:0:0:0:0:0:0:1 - - [16/Jul/2020:13:15:49 -0400] "GET /ImageAssets/Produce.jpg HTTP/1.1" 200 71131
0:0:0:0:0:0:0:1 - - [16/Jul/2020:13:15:49 -0400] "GET /ImageAssets/Confusing%20Interfaces.PNG HTTP/1.1" 200 54655
0:0:0:0:0:0:0:1 - - [16/Jul/2020:13:15:49 -0400] "GET /FixedAssets/ComponyLogo.png HTTP/1.1" 200 25947
0:0:0:0:0:0:0:1 - - [16/Jul/2020:13:15:49 -0400] "GET /FixedAssets/ShopingInterface.PNG HTTP/1.1" 200 27851
0:0:0:0:0:0:0:1 - - [16/Jul/2020:13:15:49 -0400] "GET /ImageAssets/confections.jpg HTTP/1.1" 200 315715
0:0:0:0:0:0:0:1 - - [16/Jul/2020:13:15:49 -0400] "GET /ImageAssets/seafood.jpeg HTTP/1.1" 200 267854
0:0:0:0:0:0:0:1 - - [16/Jul/2020:13:15:49 -0400] "GET /FixedAssets/AaronLarch.jpg HTTP/1.1" 200 995586
0:0:0:0:0:0:0:1 - - [16/Jul/2020:13:15:49 -0400] "GET /FixedAssets/BrianRodewald1.jpg HTTP/1.1" 200 917302
0:0:0:0:0:0:0:1 - - [16/Jul/2020:13:15:50 -0400] "GET /ImageAssets/Dairy%20products.jpg HTTP/1.1" 200 1718054
0:0:0:0:0:0:0:1 - - [16/Jul/2020:13:19:30 -0400] "GET /HomePage HTTP/1.1" 200 30465
0:0:0:0:0:0:0:1 - - [16/Jul/2020:13:19:30 -0400] "GET /ImageAssets/Beverages.png HTTP/1.1" 200 43184
0:0:0:0:0:0:0:1 - - [16/Jul/2020:13:19:30 -0400] "GET /ImageAssets/Condaments.jpeg HTTP/1.1" 200 41485
0:0:0:0:0:0:0:1 - - [16/Jul/2020:13:19:30 -0400] "GET /ImageAssets/Produce.jpg HTTP/1.1" 200 71131
0:0:0:0:0:0:0:1 - - [16/Jul/2020:13:19:30 -0400] "GET /ImageAssets/grain%20cereal.jpg HTTP/1.1" 200 41318
0:0:0:0:0:0:0:1 - - [16/Jul/2020:13:19:30 -0400] "GET /FixedAssets/ComponyLogo.png HTTP/1.1" 200 25947
0:0:0:0:0:0:0:1 - - [16/Jul/2020:13:19:30 -0400] "GET /ImageAssets/Confusing%20Interfaces.PNG HTTP/1.1" 200 54655
0:0:0:0:0:0:0:1 - - [16/Jul/2020:13:19:30 -0400] "GET /ImageAssets/meat-pultry.jpg HTTP/1.1" 200 124485
0:0:0:0:0:0:0:1 - - [16/Jul/2020:13:19:30 -0400] "GET /FixedAssets/ShopingInterface.PNG HTTP/1.1" 200 27851
0:0:0:0:0:0:0:1 - - [16/Jul/2020:13:19:30 -0400] "GET /ImageAssets/confections.jpg HTTP/1.1" 200 315715
0:0:0:0:0:0:0:1 - - [16/Jul/2020:13:19:30 -0400] "GET /ImageAssets/seafood.jpeg HTTP/1.1" 200 267854
0:0:0:0:0:0:0:1 - - [16/Jul/2020:13:19:30 -0400] "GET /FixedAssets/BrianRodewald1.jpg HTTP/1.1" 200 917302
0:0:0:0:0:0:0:1 - - [16/Jul/2020:13:19:30 -0400] "GET /FixedAssets/AaronLarch.jpg HTTP/1.1" 200 995586
0:0:0:0:0:0:0:1 - - [16/Jul/2020:13:19:30 -0400] "GET /ImageAssets/Dairy%20products.jpg HTTP/1.1" 200 1718054
0:0:0:0:0:0:0:1 - - [16/Jul/2020:13:24:44 -0400] "GET /HomePage HTTP/1.1" 200 30539
0:0:0:0:0:0:0:1 - - [16/Jul/2020:13:24:44 -0400] "GET /ImageAssets/Beverages.png HTTP/1.1" 200 43184
0:0:0:0:0:0:0:1 - - [16/Jul/2020:13:24:44 -0400] "GET /ImageAssets/Condaments.jpeg HTTP/1.1" 200 41485
0:0:0:0:0:0:0:1 - - [16/Jul/2020:13:24:44 -0400] "GET /ImageAssets/confections.jpg HTTP/1.1" 200 315715
0:0:0:0:0:0:0:1 - - [16/Jul/2020:13:24:44 -0400] "GET /ImageAssets/meat-pultry.jpg HTTP/1.1" 200 124485
0:0:0:0:0:0:0:1 - - [16/Jul/2020:13:24:44 -0400] "GET /ImageAssets/Confusing%20Interfaces.PNG HTTP/1.1" 200 54655
0:0:0:0:0:0:0:1 - - [16/Jul/2020:13:24:44 -0400] "GET /FixedAssets/ComponyLogo.png HTTP/1.1" 200 25947
0:0:0:0:0:0:0:1 - - [16/Jul/2020:13:24:44 -0400] "GET /ImageAssets/Produce.jpg HTTP/1.1" 200 71131
0:0:0:0:0:0:0:1 - - [16/Jul/2020:13:24:44 -0400] "GET /ImageAssets/grain%20cereal.jpg HTTP/1.1" 200 41318
0:0:0:0:0:0:0:1 - - [16/Jul/2020:13:24:44 -0400] "GET /FixedAssets/ShopingInterface.PNG HTTP/1.1" 200 27851
0:0:0:0:0:0:0:1 - - [16/Jul/2020:13:24:44 -0400] "GET /ImageAssets/seafood.jpeg HTTP/1.1" 200 267854
0:0:0:0:0:0:0:1 - - [16/Jul/2020:13:24:44 -0400] "GET /FixedAssets/BrianRodewald1.jpg HTTP/1.1" 200 917302
0:0:0:0:0:0:0:1 - - [16/Jul/2020:13:24:44 -0400] "GET /FixedAssets/AaronLarch.jpg HTTP/1.1" 200 995586
0:0:0:0:0:0:0:1 - - [16/Jul/2020:13:24:44 -0400] "GET /ImageAssets/Dairy%20products.jpg HTTP/1.1" 200 1718054
0:0:0:0:0:0:0:1 - - [16/Jul/2020:13:24:44 -0400] "GET /favicon.ico HTTP/1.1" 302 -
0:0:0:0:0:0:0:1 - - [16/Jul/2020:13:24:45 -0400] "GET /login HTTP/1.1" 200 6378
0:0:0:0:0:0:0:1 - - [16/Jul/2020:13:25:27 -0400] "GET /HomePage HTTP/1.1" 200 30491
0:0:0:0:0:0:0:1 - - [16/Jul/2020:13:25:27 -0400] "GET /ImageAssets/Condaments.jpeg HTTP/1.1" 200 41485
0:0:0:0:0:0:0:1 - - [16/Jul/2020:13:25:27 -0400] "GET /ImageAssets/Beverages.png HTTP/1.1" 200 43184
0:0:0:0:0:0:0:1 - - [16/Jul/2020:13:25:27 -0400] "GET /ImageAssets/Confusing%20Interfaces.PNG HTTP/1.1" 200 54655
0:0:0:0:0:0:0:1 - - [16/Jul/2020:13:25:27 -0400] "GET /ImageAssets/grain%20cereal.jpg HTTP/1.1" 200 41318
0:0:0:0:0:0:0:1 - - [16/Jul/2020:13:25:27 -0400] "GET /ImageAssets/Produce.jpg HTTP/1.1" 200 71131
0:0:0:0:0:0:0:1 - - [16/Jul/2020:13:25:27 -0400] "GET /ImageAssets/meat-pultry.jpg HTTP/1.1" 200 124485
0:0:0:0:0:0:0:1 - - [16/Jul/2020:13:25:27 -0400] "GET /ImageAssets/confections.jpg HTTP/1.1" 200 315715
0:0:0:0:0:0:0:1 - - [16/Jul/2020:13:25:27 -0400] "GET /FixedAssets/ShopingInterface.PNG HTTP/1.1" 200 27851
0:0:0:0:0:0:0:1 - - [16/Jul/2020:13:25:27 -0400] "GET /ImageAssets/seafood.jpeg HTTP/1.1" 200 267854
0:0:0:0:0:0:0:1 - - [16/Jul/2020:13:25:27 -0400] "GET /FixedAssets/ComponyLogo.png HTTP/1.1" 200 25947
0:0:0:0:0:0:0:1 - - [16/Jul/2020:13:25:27 -0400] "GET /FixedAssets/BrianRodewald1.jpg HTTP/1.1" 200 917302
0:0:0:0:0:0:0:1 - - [16/Jul/2020:13:25:27 -0400] "GET /FixedAssets/AaronLarch.jpg HTTP/1.1" 200 995586
0:0:0:0:0:0:0:1 - - [16/Jul/2020:13:25:27 -0400] "GET /ImageAssets/Dairy%20products.jpg HTTP/1.1" 200 1718054
0:0:0:0:0:0:0:1 - - [16/Jul/2020:13:26:12 -0400] "GET /HomePage HTTP/1.1" 200 30494
0:0:0:0:0:0:0:1 - - [16/Jul/2020:13:26:12 -0400] "GET /ImageAssets/Condaments.jpeg HTTP/1.1" 200 41485
0:0:0:0:0:0:0:1 - - [16/Jul/2020:13:26:12 -0400] "GET /ImageAssets/Confusing%20Interfaces.PNG HTTP/1.1" 200 54655
0:0:0:0:0:0:0:1 - - [16/Jul/2020:13:26:12 -0400] "GET /ImageAssets/Beverages.png HTTP/1.1" 200 43184
0:0:0:0:0:0:0:1 - - [16/Jul/2020:13:26:12 -0400] "GET /ImageAssets/grain%20cereal.jpg HTTP/1.1" 200 41318
0:0:0:0:0:0:0:1 - - [16/Jul/2020:13:26:12 -0400] "GET /FixedAssets/ComponyLogo.png HTTP/1.1" 200 25947
0:0:0:0:0:0:0:1 - - [16/Jul/2020:13:26:12 -0400] "GET /ImageAssets/meat-pultry.jpg HTTP/1.1" 200 124485
0:0:0:0:0:0:0:1 - - [16/Jul/2020:13:26:12 -0400] "GET /ImageAssets/Produce.jpg HTTP/1.1" 200 71131
0:0:0:0:0:0:0:1 - - [16/Jul/2020:13:26:12 -0400] "GET /ImageAssets/confections.jpg HTTP/1.1" 200 315715
0:0:0:0:0:0:0:1 - - [16/Jul/2020:13:26:12 -0400] "GET /FixedAssets/ShopingInterface.PNG HTTP/1.1" 200 27851
0:0:0:0:0:0:0:1 - - [16/Jul/2020:13:26:12 -0400] "GET /ImageAssets/seafood.jpeg HTTP/1.1" 200 267854
0:0:0:0:0:0:0:1 - - [16/Jul/2020:13:26:12 -0400] "GET /FixedAssets/AaronLarch.jpg HTTP/1.1" 200 995586
0:0:0:0:0:0:0:1 - - [16/Jul/2020:13:26:12 -0400] "GET /FixedAssets/BrianRodewald1.jpg HTTP/1.1" 200 917302
0:0:0:0:0:0:0:1 - - [16/Jul/2020:13:26:12 -0400] "GET /ImageAssets/Dairy%20products.jpg HTTP/1.1" 200 1718054
0:0:0:0:0:0:0:1 - - [16/Jul/2020:13:26:12 -0400] "GET /favicon.ico HTTP/1.1" 302 -
0:0:0:0:0:0:0:1 - - [16/Jul/2020:13:26:44 -0400] "GET /HomePage HTTP/1.1" 200 30472
0:0:0:0:0:0:0:1 - - [16/Jul/2020:13:26:44 -0400] "GET /ImageAssets/Confusing%20Interfaces.PNG HTTP/1.1" 200 54655
0:0:0:0:0:0:0:1 - - [16/Jul/2020:13:26:44 -0400] "GET /ImageAssets/grain%20cereal.jpg HTTP/1.1" 200 41318
0:0:0:0:0:0:0:1 - - [16/Jul/2020:13:26:44 -0400] "GET /ImageAssets/Beverages.png HTTP/1.1" 200 43184
0:0:0:0:0:0:0:1 - - [16/Jul/2020:13:26:44 -0400] "GET /ImageAssets/Produce.jpg HTTP/1.1" 200 71131
0:0:0:0:0:0:0:1 - - [16/Jul/2020:13:26:44 -0400] "GET /ImageAssets/Condaments.jpeg HTTP/1.1" 200 41485
0:0:0:0:0:0:0:1 - - [16/Jul/2020:13:26:44 -0400] "GET /ImageAssets/meat-pultry.jpg HTTP/1.1" 200 124485
0:0:0:0:0:0:0:1 - - [16/Jul/2020:13:26:44 -0400] "GET /FixedAssets/ComponyLogo.png HTTP/1.1" 200 25947
0:0:0:0:0:0:0:1 - - [16/Jul/2020:13:26:44 -0400] "GET /ImageAssets/confections.jpg HTTP/1.1" 200 315715
0:0:0:0:0:0:0:1 - - [16/Jul/2020:13:26:44 -0400] "GET /FixedAssets/ShopingInterface.PNG HTTP/1.1" 200 27851
0:0:0:0:0:0:0:1 - - [16/Jul/2020:13:26:44 -0400] "GET /ImageAssets/seafood.jpeg HTTP/1.1" 200 267854
0:0:0:0:0:0:0:1 - - [16/Jul/2020:13:26:44 -0400] "GET /FixedAssets/BrianRodewald1.jpg HTTP/1.1" 200 917302
0:0:0:0:0:0:0:1 - - [16/Jul/2020:13:26:44 -0400] "GET /FixedAssets/AaronLarch.jpg HTTP/1.1" 200 995586
0:0:0:0:0:0:0:1 - - [16/Jul/2020:13:26:44 -0400] "GET /ImageAssets/Dairy%20products.jpg HTTP/1.1" 200 1718054
0:0:0:0:0:0:0:1 - - [16/Jul/2020:13:26:44 -0400] "GET /favicon.ico HTTP/1.1" 302 -
0:0:0:0:0:0:0:1 - - [16/Jul/2020:13:30:49 -0400] "GET /HomePage HTTP/1.1" 200 30470
0:0:0:0:0:0:0:1 - - [16/Jul/2020:13:30:49 -0400] "GET /ImageAssets/Beverages.png HTTP/1.1" 200 43184
0:0:0:0:0:0:0:1 - - [16/Jul/2020:13:30:49 -0400] "GET /ImageAssets/Condaments.jpeg HTTP/1.1" 200 41485
0:0:0:0:0:0:0:1 - - [16/Jul/2020:13:30:49 -0400] "GET /ImageAssets/grain%20cereal.jpg HTTP/1.1" 200 41318
0:0:0:0:0:0:0:1 - - [16/Jul/2020:13:30:49 -0400] "GET /ImageAssets/Confusing%20Interfaces.PNG HTTP/1.1" 200 54655
0:0:0:0:0:0:0:1 - - [16/Jul/2020:13:30:49 -0400] "GET /ImageAssets/meat-pultry.jpg HTTP/1.1" 200 124485
0:0:0:0:0:0:0:1 - - [16/Jul/2020:13:30:49 -0400] "GET /ImageAssets/Produce.jpg HTTP/1.1" 200 71131
0:0:0:0:0:0:0:1 - - [16/Jul/2020:13:30:49 -0400] "GET /ImageAssets/confections.jpg HTTP/1.1" 200 315715
0:0:0:0:0:0:0:1 - - [16/Jul/2020:13:30:49 -0400] "GET /FixedAssets/ShopingInterface.PNG HTTP/1.1" 200 27851
0:0:0:0:0:0:0:1 - - [16/Jul/2020:13:30:49 -0400] "GET /FixedAssets/ComponyLogo.png HTTP/1.1" 200 25947
0:0:0:0:0:0:0:1 - - [16/Jul/2020:13:30:49 -0400] "GET /ImageAssets/seafood.jpeg HTTP/1.1" 200 267854
0:0:0:0:0:0:0:1 - - [16/Jul/2020:13:30:49 -0400] "GET /FixedAssets/BrianRodewald1.jpg HTTP/1.1" 200 917302
0:0:0:0:0:0:0:1 - - [16/Jul/2020:13:30:49 -0400] "GET /FixedAssets/AaronLarch.jpg HTTP/1.1" 200 995586
0:0:0:0:0:0:0:1 - - [16/Jul/2020:13:30:49 -0400] "GET /ImageAssets/Dairy%20products.jpg HTTP/1.1" 200 1718054
0:0:0:0:0:0:0:1 - - [16/Jul/2020:13:31:10 -0400] "GET /HomePage HTTP/1.1" 200 30447
0:0:0:0:0:0:0:1 - - [16/Jul/2020:13:31:10 -0400] "GET /ImageAssets/Confusing%20Interfaces.PNG HTTP/1.1" 200 54655
0:0:0:0:0:0:0:1 - - [16/Jul/2020:13:31:10 -0400] "GET /ImageAssets/Beverages.png HTTP/1.1" 200 43184
0:0:0:0:0:0:0:1 - - [16/Jul/2020:13:31:10 -0400] "GET /ImageAssets/Condaments.jpeg HTTP/1.1" 200 41485
0:0:0:0:0:0:0:1 - - [16/Jul/2020:13:31:10 -0400] "GET /ImageAssets/Produce.jpg HTTP/1.1" 200 71131
0:0:0:0:0:0:0:1 - - [16/Jul/2020:13:31:11 -0400] "GET /ImageAssets/meat-pultry.jpg HTTP/1.1" 200 124485
0:0:0:0:0:0:0:1 - - [16/Jul/2020:13:31:11 -0400] "GET /FixedAssets/ComponyLogo.png HTTP/1.1" 200 25947
0:0:0:0:0:0:0:1 - - [16/Jul/2020:13:31:11 -0400] "GET /ImageAssets/seafood.jpeg HTTP/1.1" 200 267854
0:0:0:0:0:0:0:1 - - [16/Jul/2020:13:31:11 -0400] "GET /FixedAssets/ShopingInterface.PNG HTTP/1.1" 200 27851
0:0:0:0:0:0:0:1 - - [16/Jul/2020:13:31:11 -0400] "GET /ImageAssets/grain%20cereal.jpg HTTP/1.1" 200 41318
0:0:0:0:0:0:0:1 - - [16/Jul/2020:13:31:11 -0400] "GET /ImageAssets/confections.jpg HTTP/1.1" 200 315715
0:0:0:0:0:0:0:1 - - [16/Jul/2020:13:31:11 -0400] "GET /FixedAssets/BrianRodewald1.jpg HTTP/1.1" 200 917302
0:0:0:0:0:0:0:1 - - [16/Jul/2020:13:31:11 -0400] "GET /FixedAssets/AaronLarch.jpg HTTP/1.1" 200 995586
0:0:0:0:0:0:0:1 - - [16/Jul/2020:13:31:11 -0400] "GET /ImageAssets/Dairy%20products.jpg HTTP/1.1" 200 1718054
0:0:0:0:0:0:0:1 - - [16/Jul/2020:13:31:57 -0400] "GET /HomePage HTTP/1.1" 200 30449
0:0:0:0:0:0:0:1 - - [16/Jul/2020:13:31:57 -0400] "GET /ImageAssets/Beverages.png HTTP/1.1" 200 43184
0:0:0:0:0:0:0:1 - - [16/Jul/2020:13:31:57 -0400] "GET /ImageAssets/Condaments.jpeg HTTP/1.1" 200 41485
0:0:0:0:0:0:0:1 - - [16/Jul/2020:13:31:57 -0400] "GET /ImageAssets/Confusing%20Interfaces.PNG HTTP/1.1" 200 54655
0:0:0:0:0:0:0:1 - - [16/Jul/2020:13:31:57 -0400] "GET /ImageAssets/grain%20cereal.jpg HTTP/1.1" 200 41318
0:0:0:0:0:0:0:1 - - [16/Jul/2020:13:31:57 -0400] "GET /ImageAssets/meat-pultry.jpg HTTP/1.1" 200 124485
0:0:0:0:0:0:0:1 - - [16/Jul/2020:13:31:57 -0400] "GET /FixedAssets/ComponyLogo.png HTTP/1.1" 200 25947
0:0:0:0:0:0:0:1 - - [16/Jul/2020:13:31:57 -0400] "GET /ImageAssets/Produce.jpg HTTP/1.1" 200 71131
0:0:0:0:0:0:0:1 - - [16/Jul/2020:13:31:57 -0400] "GET /FixedAssets/ShopingInterface.PNG HTTP/1.1" 200 27851
0:0:0:0:0:0:0:1 - - [16/Jul/2020:13:31:57 -0400] "GET /ImageAssets/seafood.jpeg HTTP/1.1" 200 267854
0:0:0:0:0:0:0:1 - - [16/Jul/2020:13:31:58 -0400] "GET /ImageAssets/confections.jpg HTTP/1.1" 200 315715
0:0:0:0:0:0:0:1 - - [16/Jul/2020:13:31:58 -0400] "GET /FixedAssets/AaronLarch.jpg HTTP/1.1" 200 995586
0:0:0:0:0:0:0:1 - - [16/Jul/2020:13:31:58 -0400] "GET /FixedAssets/BrianRodewald1.jpg HTTP/1.1" 200 917302
0:0:0:0:0:0:0:1 - - [16/Jul/2020:13:31:58 -0400] "GET /ImageAssets/Dairy%20products.jpg HTTP/1.1" 200 1718054
0:0:0:0:0:0:0:1 - - [16/Jul/2020:13:32:26 -0400] "GET /HomePage HTTP/1.1" 200 30448
0:0:0:0:0:0:0:1 - - [16/Jul/2020:13:32:26 -0400] "GET /ImageAssets/Condaments.jpeg HTTP/1.1" 200 41485
0:0:0:0:0:0:0:1 - - [16/Jul/2020:13:32:26 -0400] "GET /ImageAssets/Beverages.png HTTP/1.1" 200 43184
0:0:0:0:0:0:0:1 - - [16/Jul/2020:13:32:26 -0400] "GET /ImageAssets/Confusing%20Interfaces.PNG HTTP/1.1" 200 54655
0:0:0:0:0:0:0:1 - - [16/Jul/2020:13:32:26 -0400] "GET /ImageAssets/grain%20cereal.jpg HTTP/1.1" 200 41318
0:0:0:0:0:0:0:1 - - [16/Jul/2020:13:32:26 -0400] "GET /FixedAssets/ComponyLogo.png HTTP/1.1" 200 25947
0:0:0:0:0:0:0:1 - - [16/Jul/2020:13:32:26 -0400] "GET /ImageAssets/Produce.jpg HTTP/1.1" 200 71131
0:0:0:0:0:0:0:1 - - [16/Jul/2020:13:32:26 -0400] "GET /ImageAssets/meat-pultry.jpg HTTP/1.1" 200 124485
0:0:0:0:0:0:0:1 - - [16/Jul/2020:13:32:26 -0400] "GET /FixedAssets/ShopingInterface.PNG HTTP/1.1" 200 27851
0:0:0:0:0:0:0:1 - - [16/Jul/2020:13:32:26 -0400] "GET /ImageAssets/confections.jpg HTTP/1.1" 200 315715
0:0:0:0:0:0:0:1 - - [16/Jul/2020:13:32:26 -0400] "GET /ImageAssets/seafood.jpeg HTTP/1.1" 200 267854
0:0:0:0:0:0:0:1 - - [16/Jul/2020:13:32:27 -0400] "GET /FixedAssets/BrianRodewald1.jpg HTTP/1.1" 200 917302
0:0:0:0:0:0:0:1 - - [16/Jul/2020:13:32:27 -0400] "GET /FixedAssets/AaronLarch.jpg HTTP/1.1" 200 995586
0:0:0:0:0:0:0:1 - - [16/Jul/2020:13:32:27 -0400] "GET /ImageAssets/Dairy%20products.jpg HTTP/1.1" 200 1718054
0:0:0:0:0:0:0:1 - - [16/Jul/2020:13:32:27 -0400] "GET /favicon.ico HTTP/1.1" 302 -
0:0:0:0:0:0:0:1 - - [16/Jul/2020:13:33:32 -0400] "GET /HomePage HTTP/1.1" 200 30449
0:0:0:0:0:0:0:1 - - [16/Jul/2020:13:33:32 -0400] "GET /ImageAssets/Beverages.png HTTP/1.1" 200 43184
0:0:0:0:0:0:0:1 - - [16/Jul/2020:13:33:32 -0400] "GET /ImageAssets/Condaments.jpeg HTTP/1.1" 200 41485
0:0:0:0:0:0:0:1 - - [16/Jul/2020:13:33:32 -0400] "GET /ImageAssets/Confusing%20Interfaces.PNG HTTP/1.1" 200 54655
0:0:0:0:0:0:0:1 - - [16/Jul/2020:13:33:32 -0400] "GET /ImageAssets/grain%20cereal.jpg HTTP/1.1" 200 41318
0:0:0:0:0:0:0:1 - - [16/Jul/2020:13:33:32 -0400] "GET /ImageAssets/confections.jpg HTTP/1.1" 200 315715
0:0:0:0:0:0:0:1 - - [16/Jul/2020:13:33:32 -0400] "GET /ImageAssets/meat-pultry.jpg HTTP/1.1" 200 124485
0:0:0:0:0:0:0:1 - - [16/Jul/2020:13:33:32 -0400] "GET /ImageAssets/Produce.jpg HTTP/1.1" 200 71131
0:0:0:0:0:0:0:1 - - [16/Jul/2020:13:33:32 -0400] "GET /FixedAssets/ComponyLogo.png HTTP/1.1" 200 25947
0:0:0:0:0:0:0:1 - - [16/Jul/2020:13:33:32 -0400] "GET /FixedAssets/ShopingInterface.PNG HTTP/1.1" 200 27851
0:0:0:0:0:0:0:1 - - [16/Jul/2020:13:33:32 -0400] "GET /ImageAssets/seafood.jpeg HTTP/1.1" 200 267854
0:0:0:0:0:0:0:1 - - [16/Jul/2020:13:33:32 -0400] "GET /FixedAssets/AaronLarch.jpg HTTP/1.1" 200 995586
0:0:0:0:0:0:0:1 - - [16/Jul/2020:13:33:32 -0400] "GET /FixedAssets/BrianRodewald1.jpg HTTP/1.1" 200 917302
0:0:0:0:0:0:0:1 - - [16/Jul/2020:13:33:32 -0400] "GET /ImageAssets/Dairy%20products.jpg HTTP/1.1" 200 1718054
0:0:0:0:0:0:0:1 - - [16/Jul/2020:13:34:26 -0400] "GET /HomePage HTTP/1.1" 200 30465
0:0:0:0:0:0:0:1 - - [16/Jul/2020:13:34:27 -0400] "GET /ImageAssets/Beverages.png HTTP/1.1" 200 43184
0:0:0:0:0:0:0:1 - - [16/Jul/2020:13:34:27 -0400] "GET /ImageAssets/Condaments.jpeg HTTP/1.1" 200 41485
0:0:0:0:0:0:0:1 - - [16/Jul/2020:13:34:27 -0400] "GET /ImageAssets/Confusing%20Interfaces.PNG HTTP/1.1" 200 54655
0:0:0:0:0:0:0:1 - - [16/Jul/2020:13:34:27 -0400] "GET /ImageAssets/meat-pultry.jpg HTTP/1.1" 200 124485
0:0:0:0:0:0:0:1 - - [16/Jul/2020:13:34:27 -0400] "GET /ImageAssets/Produce.jpg HTTP/1.1" 200 71131
0:0:0:0:0:0:0:1 - - [16/Jul/2020:13:34:27 -0400] "GET /FixedAssets/ComponyLogo.png HTTP/1.1" 200 25947
0:0:0:0:0:0:0:1 - - [16/Jul/2020:13:34:27 -0400] "GET /ImageAssets/confections.jpg HTTP/1.1" 200 315715
0:0:0:0:0:0:0:1 - - [16/Jul/2020:13:34:27 -0400] "GET /FixedAssets/ShopingInterface.PNG HTTP/1.1" 200 27851
0:0:0:0:0:0:0:1 - - [16/Jul/2020:13:34:27 -0400] "GET /ImageAssets/seafood.jpeg HTTP/1.1" 200 267854
0:0:0:0:0:0:0:1 - - [16/Jul/2020:13:34:27 -0400] "GET /ImageAssets/grain%20cereal.jpg HTTP/1.1" 200 41318
0:0:0:0:0:0:0:1 - - [16/Jul/2020:13:34:27 -0400] "GET /FixedAssets/AaronLarch.jpg HTTP/1.1" 200 995586
0:0:0:0:0:0:0:1 - - [16/Jul/2020:13:34:27 -0400] "GET /FixedAssets/BrianRodewald1.jpg HTTP/1.1" 200 917302
0:0:0:0:0:0:0:1 - - [16/Jul/2020:13:34:27 -0400] "GET /ImageAssets/Dairy%20products.jpg HTTP/1.1" 200 1718054
0:0:0:0:0:0:0:1 - - [16/Jul/2020:13:35:08 -0400] "GET /HomePage HTTP/1.1" 200 30465
0:0:0:0:0:0:0:1 - - [16/Jul/2020:13:35:08 -0400] "GET /ImageAssets/Condaments.jpeg HTTP/1.1" 200 41485
0:0:0:0:0:0:0:1 - - [16/Jul/2020:13:35:08 -0400] "GET /ImageAssets/Beverages.png HTTP/1.1" 200 43184
0:0:0:0:0:0:0:1 - - [16/Jul/2020:13:35:08 -0400] "GET /ImageAssets/Confusing%20Interfaces.PNG HTTP/1.1" 200 54655
0:0:0:0:0:0:0:1 - - [16/Jul/2020:13:35:08 -0400] "GET /ImageAssets/Produce.jpg HTTP/1.1" 200 71131
0:0:0:0:0:0:0:1 - - [16/Jul/2020:13:35:08 -0400] "GET /ImageAssets/grain%20cereal.jpg HTTP/1.1" 200 41318
0:0:0:0:0:0:0:1 - - [16/Jul/2020:13:35:08 -0400] "GET /FixedAssets/ComponyLogo.png HTTP/1.1" 200 25947
0:0:0:0:0:0:0:1 - - [16/Jul/2020:13:35:08 -0400] "GET /ImageAssets/confections.jpg HTTP/1.1" 200 315715
0:0:0:0:0:0:0:1 - - [16/Jul/2020:13:35:08 -0400] "GET /ImageAssets/seafood.jpeg HTTP/1.1" 200 267854
0:0:0:0:0:0:0:1 - - [16/Jul/2020:13:35:08 -0400] "GET /FixedAssets/ShopingInterface.PNG HTTP/1.1" 200 27851
0:0:0:0:0:0:0:1 - - [16/Jul/2020:13:35:08 -0400] "GET /ImageAssets/meat-pultry.jpg HTTP/1.1" 200 124485
0:0:0:0:0:0:0:1 - - [16/Jul/2020:13:35:08 -0400] "GET /FixedAssets/BrianRodewald1.jpg HTTP/1.1" 200 917302
0:0:0:0:0:0:0:1 - - [16/Jul/2020:13:35:08 -0400] "GET /FixedAssets/AaronLarch.jpg HTTP/1.1" 200 995586
0:0:0:0:0:0:0:1 - - [16/Jul/2020:13:35:08 -0400] "GET /ImageAssets/Dairy%20products.jpg HTTP/1.1" 200 1718054
0:0:0:0:0:0:0:1 - - [16/Jul/2020:13:35:50 -0400] "GET /HomePage HTTP/1.1" 200 30465
0:0:0:0:0:0:0:1 - - [16/Jul/2020:13:35:51 -0400] "GET /ImageAssets/Beverages.png HTTP/1.1" 200 43184
0:0:0:0:0:0:0:1 - - [16/Jul/2020:13:35:51 -0400] "GET /ImageAssets/Condaments.jpeg HTTP/1.1" 200 41485
0:0:0:0:0:0:0:1 - - [16/Jul/2020:13:35:51 -0400] "GET /ImageAssets/Produce.jpg HTTP/1.1" 200 71131
0:0:0:0:0:0:0:1 - - [16/Jul/2020:13:35:51 -0400] "GET /ImageAssets/Confusing%20Interfaces.PNG HTTP/1.1" 200 54655
0:0:0:0:0:0:0:1 - - [16/Jul/2020:13:35:51 -0400] "GET /FixedAssets/ComponyLogo.png HTTP/1.1" 200 25947
0:0:0:0:0:0:0:1 - - [16/Jul/2020:13:35:51 -0400] "GET /ImageAssets/grain%20cereal.jpg HTTP/1.1" 200 41318
0:0:0:0:0:0:0:1 - - [16/Jul/2020:13:35:51 -0400] "GET /ImageAssets/confections.jpg HTTP/1.1" 200 315715
0:0:0:0:0:0:0:1 - - [16/Jul/2020:13:35:51 -0400] "GET /FixedAssets/ShopingInterface.PNG HTTP/1.1" 200 27851
0:0:0:0:0:0:0:1 - - [16/Jul/2020:13:35:51 -0400] "GET /ImageAssets/seafood.jpeg HTTP/1.1" 200 267854
0:0:0:0:0:0:0:1 - - [16/Jul/2020:13:35:51 -0400] "GET /ImageAssets/meat-pultry.jpg HTTP/1.1" 200 124485
0:0:0:0:0:0:0:1 - - [16/Jul/2020:13:35:51 -0400] "GET /FixedAssets/BrianRodewald1.jpg HTTP/1.1" 200 917302
0:0:0:0:0:0:0:1 - - [16/Jul/2020:13:35:51 -0400] "GET /FixedAssets/AaronLarch.jpg HTTP/1.1" 200 995586
0:0:0:0:0:0:0:1 - - [16/Jul/2020:13:35:51 -0400] "GET /ImageAssets/Dairy%20products.jpg HTTP/1.1" 200 1718054
0:0:0:0:0:0:0:1 - - [16/Jul/2020:13:36:13 -0400] "GET /HomePage HTTP/1.1" 200 30451
0:0:0:0:0:0:0:1 - - [16/Jul/2020:13:36:13 -0400] "GET /ImageAssets/Beverages.png HTTP/1.1" 200 43184
0:0:0:0:0:0:0:1 - - [16/Jul/2020:13:36:13 -0400] "GET /ImageAssets/meat-pultry.jpg HTTP/1.1" 200 124485
0:0:0:0:0:0:0:1 - - [16/Jul/2020:13:36:13 -0400] "GET /ImageAssets/grain%20cereal.jpg HTTP/1.1" 200 41318
0:0:0:0:0:0:0:1 - - [16/Jul/2020:13:36:13 -0400] "GET /ImageAssets/Condaments.jpeg HTTP/1.1" 200 41485
0:0:0:0:0:0:0:1 - - [16/Jul/2020:13:36:13 -0400] "GET /ImageAssets/confections.jpg HTTP/1.1" 200 315715
0:0:0:0:0:0:0:1 - - [16/Jul/2020:13:36:13 -0400] "GET /ImageAssets/Produce.jpg HTTP/1.1" 200 71131
0:0:0:0:0:0:0:1 - - [16/Jul/2020:13:36:13 -0400] "GET /FixedAssets/ComponyLogo.png HTTP/1.1" 200 25947
0:0:0:0:0:0:0:1 - - [16/Jul/2020:13:36:13 -0400] "GET /FixedAssets/ShopingInterface.PNG HTTP/1.1" 200 27851
0:0:0:0:0:0:0:1 - - [16/Jul/2020:13:36:13 -0400] "GET /ImageAssets/Confusing%20Interfaces.PNG HTTP/1.1" 200 54655
0:0:0:0:0:0:0:1 - - [16/Jul/2020:13:36:13 -0400] "GET /ImageAssets/seafood.jpeg HTTP/1.1" 200 267854
0:0:0:0:0:0:0:1 - - [16/Jul/2020:13:36:14 -0400] "GET /FixedAssets/AaronLarch.jpg HTTP/1.1" 200 995586
0:0:0:0:0:0:0:1 - - [16/Jul/2020:13:36:14 -0400] "GET /FixedAssets/BrianRodewald1.jpg HTTP/1.1" 200 917302
0:0:0:0:0:0:0:1 - - [16/Jul/2020:13:36:14 -0400] "GET /ImageAssets/Dairy%20products.jpg HTTP/1.1" 200 1718054
0:0:0:0:0:0:0:1 - - [16/Jul/2020:13:36:36 -0400] "GET /HomePage HTTP/1.1" 200 30449
0:0:0:0:0:0:0:1 - - [16/Jul/2020:13:36:36 -0400] "GET /ImageAssets/Condaments.jpeg HTTP/1.1" 200 41485
0:0:0:0:0:0:0:1 - - [16/Jul/2020:13:36:36 -0400] "GET /ImageAssets/Confusing%20Interfaces.PNG HTTP/1.1" 200 54655
0:0:0:0:0:0:0:1 - - [16/Jul/2020:13:36:36 -0400] "GET /ImageAssets/grain%20cereal.jpg HTTP/1.1" 200 41318
0:0:0:0:0:0:0:1 - - [16/Jul/2020:13:36:37 -0400] "GET /ImageAssets/meat-pultry.jpg HTTP/1.1" 200 124485
0:0:0:0:0:0:0:1 - - [16/Jul/2020:13:36:37 -0400] "GET /ImageAssets/Produce.jpg HTTP/1.1" 200 71131
0:0:0:0:0:0:0:1 - - [16/Jul/2020:13:36:37 -0400] "GET /ImageAssets/seafood.jpeg HTTP/1.1" 200 267854
0:0:0:0:0:0:0:1 - - [16/Jul/2020:13:36:37 -0400] "GET /FixedAssets/ComponyLogo.png HTTP/1.1" 200 25947
0:0:0:0:0:0:0:1 - - [16/Jul/2020:13:36:37 -0400] "GET /ImageAssets/Beverages.png HTTP/1.1" 200 43184
0:0:0:0:0:0:0:1 - - [16/Jul/2020:13:36:37 -0400] "GET /ImageAssets/confections.jpg HTTP/1.1" 200 315715
0:0:0:0:0:0:0:1 - - [16/Jul/2020:13:36:37 -0400] "GET /FixedAssets/ShopingInterface.PNG HTTP/1.1" 200 27851
0:0:0:0:0:0:0:1 - - [16/Jul/2020:13:36:37 -0400] "GET /FixedAssets/AaronLarch.jpg HTTP/1.1" 200 995586
0:0:0:0:0:0:0:1 - - [16/Jul/2020:13:36:37 -0400] "GET /FixedAssets/BrianRodewald1.jpg HTTP/1.1" 200 917302
0:0:0:0:0:0:0:1 - - [16/Jul/2020:13:36:37 -0400] "GET /ImageAssets/Dairy%20products.jpg HTTP/1.1" 200 1718054
0:0:0:0:0:0:0:1 - - [16/Jul/2020:14:54:08 -0400] "GET /HomePage HTTP/1.1" 200 30574
0:0:0:0:0:0:0:1 - - [16/Jul/2020:14:54:08 -0400] "GET /ImageAssets/Beverages.png HTTP/1.1" 200 43184
0:0:0:0:0:0:0:1 - - [16/Jul/2020:14:54:08 -0400] "GET /ImageAssets/Condaments.jpeg HTTP/1.1" 200 41485
0:0:0:0:0:0:0:1 - - [16/Jul/2020:14:54:08 -0400] "GET /ImageAssets/Produce.jpg HTTP/1.1" 200 71131
0:0:0:0:0:0:0:1 - - [16/Jul/2020:14:54:08 -0400] "GET /ImageAssets/meat-pultry.jpg HTTP/1.1" 200 124485
0:0:0:0:0:0:0:1 - - [16/Jul/2020:14:54:08 -0400] "GET /FixedAssets/ComponyLogo.png HTTP/1.1" 200 25947
0:0:0:0:0:0:0:1 - - [16/Jul/2020:14:54:08 -0400] "GET /ImageAssets/confections.jpg HTTP/1.1" 200 315715
0:0:0:0:0:0:0:1 - - [16/Jul/2020:14:54:08 -0400] "GET /ImageAssets/seafood.jpeg HTTP/1.1" 200 267854
0:0:0:0:0:0:0:1 - - [16/Jul/2020:14:54:08 -0400] "GET /ImageAssets/Confusing%20Interfaces.PNG HTTP/1.1" 200 54655
0:0:0:0:0:0:0:1 - - [16/Jul/2020:14:54:08 -0400] "GET /ImageAssets/grain%20cereal.jpg HTTP/1.1" 200 41318
0:0:0:0:0:0:0:1 - - [16/Jul/2020:14:54:08 -0400] "GET /FixedAssets/ShopingInterface.PNG HTTP/1.1" 200 27851
0:0:0:0:0:0:0:1 - - [16/Jul/2020:14:54:09 -0400] "GET /FixedAssets/BrianRodewald1.jpg HTTP/1.1" 200 917302
0:0:0:0:0:0:0:1 - - [16/Jul/2020:14:54:09 -0400] "GET /FixedAssets/AaronLarch.jpg HTTP/1.1" 200 995586
0:0:0:0:0:0:0:1 - - [16/Jul/2020:14:54:09 -0400] "GET /ImageAssets/Dairy%20products.jpg HTTP/1.1" 200 1718054
0:0:0:0:0:0:0:1 - - [16/Jul/2020:14:55:24 -0400] "GET /HomePage HTTP/1.1" 200 30574
0:0:0:0:0:0:0:1 - - [16/Jul/2020:14:55:24 -0400] "GET /ImageAssets/Beverages.png HTTP/1.1" 200 43184
0:0:0:0:0:0:0:1 - - [16/Jul/2020:14:55:24 -0400] "GET /ImageAssets/Condaments.jpeg HTTP/1.1" 200 41485
0:0:0:0:0:0:0:1 - - [16/Jul/2020:14:55:24 -0400] "GET /ImageAssets/Confusing%20Interfaces.PNG HTTP/1.1" 200 54655
0:0:0:0:0:0:0:1 - - [16/Jul/2020:14:55:24 -0400] "GET /ImageAssets/Produce.jpg HTTP/1.1" 200 71131
0:0:0:0:0:0:0:1 - - [16/Jul/2020:14:55:24 -0400] "GET /FixedAssets/ComponyLogo.png HTTP/1.1" 200 25947
0:0:0:0:0:0:0:1 - - [16/Jul/2020:14:55:24 -0400] "GET /ImageAssets/grain%20cereal.jpg HTTP/1.1" 200 41318
0:0:0:0:0:0:0:1 - - [16/Jul/2020:14:55:24 -0400] "GET /ImageAssets/meat-pultry.jpg HTTP/1.1" 200 124485
0:0:0:0:0:0:0:1 - - [16/Jul/2020:14:55:24 -0400] "GET /ImageAssets/seafood.jpeg HTTP/1.1" 200 267854
0:0:0:0:0:0:0:1 - - [16/Jul/2020:14:55:24 -0400] "GET /FixedAssets/ShopingInterface.PNG HTTP/1.1" 200 27851
0:0:0:0:0:0:0:1 - - [16/Jul/2020:14:55:24 -0400] "GET /ImageAssets/confections.jpg HTTP/1.1" 200 315715
0:0:0:0:0:0:0:1 - - [16/Jul/2020:14:55:24 -0400] "GET /FixedAssets/BrianRodewald1.jpg HTTP/1.1" 200 917302
0:0:0:0:0:0:0:1 - - [16/Jul/2020:14:55:24 -0400] "GET /FixedAssets/AaronLarch.jpg HTTP/1.1" 200 995586
0:0:0:0:0:0:0:1 - - [16/Jul/2020:14:55:24 -0400] "GET /ImageAssets/Dairy%20products.jpg HTTP/1.1" 200 1718054
0:0:0:0:0:0:0:1 - - [16/Jul/2020:14:55:24 -0400] "GET /favicon.ico HTTP/1.1" 302 -
0:0:0:0:0:0:0:1 - - [16/Jul/2020:14:55:24 -0400] "GET /login HTTP/1.1" 200 6378
0:0:0:0:0:0:0:1 - - [16/Jul/2020:14:56:29 -0400] "GET /HomePage HTTP/1.1" 200 30542
0:0:0:0:0:0:0:1 - - [16/Jul/2020:14:56:29 -0400] "GET /ImageAssets/Beverages.png HTTP/1.1" 200 43184
0:0:0:0:0:0:0:1 - - [16/Jul/2020:14:56:29 -0400] "GET /ImageAssets/Condaments.jpeg HTTP/1.1" 200 41485
0:0:0:0:0:0:0:1 - - [16/Jul/2020:14:56:29 -0400] "GET /ImageAssets/Confusing%20Interfaces.PNG HTTP/1.1" 200 54655
0:0:0:0:0:0:0:1 - - [16/Jul/2020:14:56:29 -0400] "GET /ImageAssets/grain%20cereal.jpg HTTP/1.1" 200 41318
0:0:0:0:0:0:0:1 - - [16/Jul/2020:14:56:29 -0400] "GET /ImageAssets/meat-pultry.jpg HTTP/1.1" 200 124485
0:0:0:0:0:0:0:1 - - [16/Jul/2020:14:56:29 -0400] "GET /FixedAssets/ComponyLogo.png HTTP/1.1" 200 25947
0:0:0:0:0:0:0:1 - - [16/Jul/2020:14:56:29 -0400] "GET /ImageAssets/seafood.jpeg HTTP/1.1" 200 267854
0:0:0:0:0:0:0:1 - - [16/Jul/2020:14:56:29 -0400] "GET /ImageAssets/Produce.jpg HTTP/1.1" 200 71131
0:0:0:0:0:0:0:1 - - [16/Jul/2020:14:56:29 -0400] "GET /FixedAssets/ShopingInterface.PNG HTTP/1.1" 200 27851
0:0:0:0:0:0:0:1 - - [16/Jul/2020:14:56:29 -0400] "GET /ImageAssets/confections.jpg HTTP/1.1" 200 315715
0:0:0:0:0:0:0:1 - - [16/Jul/2020:14:56:29 -0400] "GET /FixedAssets/BrianRodewald1.jpg HTTP/1.1" 200 917302
0:0:0:0:0:0:0:1 - - [16/Jul/2020:14:56:29 -0400] "GET /FixedAssets/AaronLarch.jpg HTTP/1.1" 200 995586
0:0:0:0:0:0:0:1 - - [16/Jul/2020:14:56:30 -0400] "GET /ImageAssets/Dairy%20products.jpg HTTP/1.1" 200 1718054
0:0:0:0:0:0:0:1 - - [16/Jul/2020:14:56:30 -0400] "GET /favicon.ico HTTP/1.1" 302 -
0:0:0:0:0:0:0:1 - - [16/Jul/2020:14:56:30 -0400] "GET /login HTTP/1.1" 200 6378
0:0:0:0:0:0:0:1 - - [16/Jul/2020:15:01:30 -0400] "GET /HomePage HTTP/1.1" 200 30903
0:0:0:0:0:0:0:1 - - [16/Jul/2020:15:01:30 -0400] "GET /ImageAssets/Beverages.png HTTP/1.1" 200 43184
0:0:0:0:0:0:0:1 - - [16/Jul/2020:15:01:30 -0400] "GET /ImageAssets/Condaments.jpeg HTTP/1.1" 200 41485
0:0:0:0:0:0:0:1 - - [16/Jul/2020:15:01:30 -0400] "GET /ImageAssets/grain%20cereal.jpg HTTP/1.1" 200 41318
0:0:0:0:0:0:0:1 - - [16/Jul/2020:15:01:30 -0400] "GET /ImageAssets/Confusing%20Interfaces.PNG HTTP/1.1" 200 54655
0:0:0:0:0:0:0:1 - - [16/Jul/2020:15:01:30 -0400] "GET /ImageAssets/meat-pultry.jpg HTTP/1.1" 200 124485
0:0:0:0:0:0:0:1 - - [16/Jul/2020:15:01:30 -0400] "GET /FixedAssets/ComponyLogo.png HTTP/1.1" 200 25947
0:0:0:0:0:0:0:1 - - [16/Jul/2020:15:01:30 -0400] "GET /ImageAssets/Produce.jpg HTTP/1.1" 200 71131
0:0:0:0:0:0:0:1 - - [16/Jul/2020:15:01:30 -0400] "GET /ImageAssets/seafood.jpeg HTTP/1.1" 200 267854
0:0:0:0:0:0:0:1 - - [16/Jul/2020:15:01:30 -0400] "GET /FixedAssets/ShopingInterface.PNG HTTP/1.1" 200 27851
0:0:0:0:0:0:0:1 - - [16/Jul/2020:15:01:30 -0400] "GET /ImageAssets/confections.jpg HTTP/1.1" 200 315715
0:0:0:0:0:0:0:1 - - [16/Jul/2020:15:01:31 -0400] "GET /FixedAssets/AaronLarch.jpg HTTP/1.1" 200 995586
0:0:0:0:0:0:0:1 - - [16/Jul/2020:15:01:31 -0400] "GET /FixedAssets/BrianRodewald1.jpg HTTP/1.1" 200 917302
0:0:0:0:0:0:0:1 - - [16/Jul/2020:15:01:31 -0400] "GET /ImageAssets/Dairy%20products.jpg HTTP/1.1" 200 1718054
0:0:0:0:0:0:0:1 - - [16/Jul/2020:15:02:56 -0400] "GET /HomePage HTTP/1.1" 200 30898
0:0:0:0:0:0:0:1 - - [16/Jul/2020:15:02:56 -0400] "GET /ImageAssets/Beverages.png HTTP/1.1" 200 43184
0:0:0:0:0:0:0:1 - - [16/Jul/2020:15:02:56 -0400] "GET /ImageAssets/Condaments.jpeg HTTP/1.1" 200 41485
0:0:0:0:0:0:0:1 - - [16/Jul/2020:15:02:56 -0400] "GET /ImageAssets/grain%20cereal.jpg HTTP/1.1" 200 41318
0:0:0:0:0:0:0:1 - - [16/Jul/2020:15:02:56 -0400] "GET /ImageAssets/Produce.jpg HTTP/1.1" 200 71131
0:0:0:0:0:0:0:1 - - [16/Jul/2020:15:02:56 -0400] "GET /ImageAssets/meat-pultry.jpg HTTP/1.1" 200 124485
0:0:0:0:0:0:0:1 - - [16/Jul/2020:15:02:56 -0400] "GET /ImageAssets/Confusing%20Interfaces.PNG HTTP/1.1" 200 54655
0:0:0:0:0:0:0:1 - - [16/Jul/2020:15:02:56 -0400] "GET /FixedAssets/ComponyLogo.png HTTP/1.1" 200 25947
0:0:0:0:0:0:0:1 - - [16/Jul/2020:15:02:56 -0400] "GET /FixedAssets/ShopingInterface.PNG HTTP/1.1" 200 27851
0:0:0:0:0:0:0:1 - - [16/Jul/2020:15:02:57 -0400] "GET /ImageAssets/seafood.jpeg HTTP/1.1" 200 267854
0:0:0:0:0:0:0:1 - - [16/Jul/2020:15:02:57 -0400] "GET /ImageAssets/confections.jpg HTTP/1.1" 200 315715
0:0:0:0:0:0:0:1 - - [16/Jul/2020:15:02:57 -0400] "GET /FixedAssets/BrianRodewald1.jpg HTTP/1.1" 200 917302
0:0:0:0:0:0:0:1 - - [16/Jul/2020:15:02:57 -0400] "GET /FixedAssets/AaronLarch.jpg HTTP/1.1" 200 995586
0:0:0:0:0:0:0:1 - - [16/Jul/2020:15:02:57 -0400] "GET /ImageAssets/Dairy%20products.jpg HTTP/1.1" 200 1718054
0:0:0:0:0:0:0:1 - - [16/Jul/2020:15:02:57 -0400] "GET /favicon.ico HTTP/1.1" 302 -
0:0:0:0:0:0:0:1 - - [16/Jul/2020:15:04:36 -0400] "GET /HomePage HTTP/1.1" 200 30909
0:0:0:0:0:0:0:1 - - [16/Jul/2020:15:04:36 -0400] "GET /ImageAssets/Beverages.png HTTP/1.1" 200 43184
0:0:0:0:0:0:0:1 - - [16/Jul/2020:15:04:36 -0400] "GET /ImageAssets/Condaments.jpeg HTTP/1.1" 200 41485
0:0:0:0:0:0:0:1 - - [16/Jul/2020:15:04:36 -0400] "GET /ImageAssets/meat-pultry.jpg HTTP/1.1" 200 124485
0:0:0:0:0:0:0:1 - - [16/Jul/2020:15:04:36 -0400] "GET /ImageAssets/grain%20cereal.jpg HTTP/1.1" 200 41318
0:0:0:0:0:0:0:1 - - [16/Jul/2020:15:04:36 -0400] "GET /FixedAssets/ComponyLogo.png HTTP/1.1" 200 25947
0:0:0:0:0:0:0:1 - - [16/Jul/2020:15:04:36 -0400] "GET /ImageAssets/Confusing%20Interfaces.PNG HTTP/1.1" 200 54655
0:0:0:0:0:0:0:1 - - [16/Jul/2020:15:04:36 -0400] "GET /ImageAssets/Produce.jpg HTTP/1.1" 200 71131
0:0:0:0:0:0:0:1 - - [16/Jul/2020:15:04:36 -0400] "GET /FixedAssets/ShopingInterface.PNG HTTP/1.1" 200 27851
0:0:0:0:0:0:0:1 - - [16/Jul/2020:15:04:37 -0400] "GET /ImageAssets/seafood.jpeg HTTP/1.1" 200 267854
0:0:0:0:0:0:0:1 - - [16/Jul/2020:15:04:37 -0400] "GET /ImageAssets/confections.jpg HTTP/1.1" 200 315715
0:0:0:0:0:0:0:1 - - [16/Jul/2020:15:04:37 -0400] "GET /FixedAssets/AaronLarch.jpg HTTP/1.1" 200 995586
0:0:0:0:0:0:0:1 - - [16/Jul/2020:15:04:37 -0400] "GET /FixedAssets/BrianRodewald1.jpg HTTP/1.1" 200 917302
0:0:0:0:0:0:0:1 - - [16/Jul/2020:15:04:37 -0400] "GET /ImageAssets/Dairy%20products.jpg HTTP/1.1" 200 1718054
0:0:0:0:0:0:0:1 - - [16/Jul/2020:15:04:37 -0400] "GET /favicon.ico HTTP/1.1" 302 -
