0:0:0:0:0:0:0:1 - - [01/Jun/2020:11:24:37 -0400] "GET /HomePage HTTP/1.1" 200 8190
0:0:0:0:0:0:0:1 - - [01/Jun/2020:11:24:38 -0400] "GET /favicon.ico HTTP/1.1" 302 -
0:0:0:0:0:0:0:1 - - [01/Jun/2020:11:24:38 -0400] "-" 400 -
0:0:0:0:0:0:0:1 - - [01/Jun/2020:11:24:59 -0400] "GET /HomePage HTTP/1.1" 200 8179
0:0:0:0:0:0:0:1 - - [01/Jun/2020:11:24:59 -0400] "GET /NewFile.html HTTP/1.1" 302 -
0:0:0:0:0:0:0:1 - - [01/Jun/2020:11:24:59 -0400] "GET /login HTTP/1.1" 200 6378
0:0:0:0:0:0:0:1 - - [01/Jun/2020:11:26:36 -0400] "GET /HomePage HTTP/1.1" 200 8183
0:0:0:0:0:0:0:1 - - [01/Jun/2020:11:26:37 -0400] "GET /favicon.ico HTTP/1.1" 302 -
0:0:0:0:0:0:0:1 - - [01/Jun/2020:11:33:43 -0400] "GET /HomePage HTTP/1.1" 200 8213
0:0:0:0:0:0:0:1 - - [01/Jun/2020:11:33:44 -0400] "GET /favicon.ico HTTP/1.1" 302 -
0:0:0:0:0:0:0:1 - - [01/Jun/2020:11:33:44 -0400] "GET /NewFile.html/ HTTP/1.1" 302 -
0:0:0:0:0:0:0:1 - - [01/Jun/2020:11:33:44 -0400] "GET /login HTTP/1.1" 200 6378
0:0:0:0:0:0:0:1 - - [01/Jun/2020:11:34:08 -0400] "GET /HomePage HTTP/1.1" 200 8183
0:0:0:0:0:0:0:1 - - [01/Jun/2020:11:34:08 -0400] "GET /favicon.ico HTTP/1.1" 302 -
0:0:0:0:0:0:0:1 - - [01/Jun/2020:11:34:08 -0400] "GET / HTTP/1.1" 302 -
0:0:0:0:0:0:0:1 - - [01/Jun/2020:11:34:08 -0400] "GET /login HTTP/1.1" 200 6378
0:0:0:0:0:0:0:1 - - [01/Jun/2020:11:35:55 -0400] "GET /HomePage HTTP/1.1" 200 8212
0:0:0:0:0:0:0:1 - - [01/Jun/2020:11:35:56 -0400] "GET /favicon.ico HTTP/1.1" 302 -
0:0:0:0:0:0:0:1 - - [01/Jun/2020:11:35:56 -0400] "GET /NewFile.html HTTP/1.1" 302 -
0:0:0:0:0:0:0:1 - - [01/Jun/2020:11:35:56 -0400] "GET /login HTTP/1.1" 200 6378
0:0:0:0:0:0:0:1 - - [01/Jun/2020:11:35:57 -0400] "GET /HomePage HTTP/1.1" 200 8212
0:0:0:0:0:0:0:1 - - [01/Jun/2020:11:35:57 -0400] "GET /NewFile.html HTTP/1.1" 302 -
0:0:0:0:0:0:0:1 - - [01/Jun/2020:11:35:57 -0400] "GET /login HTTP/1.1" 200 6378
0:0:0:0:0:0:0:1 - - [01/Jun/2020:11:36:21 -0400] "GET /HomePage HTTP/1.1" 200 8212
0:0:0:0:0:0:0:1 - - [01/Jun/2020:11:36:22 -0400] "GET /NewFile.html HTTP/1.1" 302 -
0:0:0:0:0:0:0:1 - - [01/Jun/2020:11:36:22 -0400] "GET /login HTTP/1.1" 200 6378
0:0:0:0:0:0:0:1 - - [01/Jun/2020:11:36:37 -0400] "GET /HomePage HTTP/1.1" 200 8192
0:0:0:0:0:0:0:1 - - [01/Jun/2020:11:36:37 -0400] "GET /NewFile.html HTTP/1.1" 302 -
0:0:0:0:0:0:0:1 - - [01/Jun/2020:11:36:37 -0400] "GET /login HTTP/1.1" 200 6378
0:0:0:0:0:0:0:1 - - [01/Jun/2020:11:36:38 -0400] "GET /HomePage HTTP/1.1" 200 8192
0:0:0:0:0:0:0:1 - - [01/Jun/2020:11:36:38 -0400] "GET /NewFile.html HTTP/1.1" 302 -
0:0:0:0:0:0:0:1 - - [01/Jun/2020:11:36:38 -0400] "GET /login HTTP/1.1" 200 6378
0:0:0:0:0:0:0:1 - - [01/Jun/2020:11:38:41 -0400] "GET /HomePage HTTP/1.1" 200 8192
0:0:0:0:0:0:0:1 - - [01/Jun/2020:11:38:41 -0400] "GET /favicon.ico HTTP/1.1" 302 -
0:0:0:0:0:0:0:1 - - [01/Jun/2020:11:38:41 -0400] "GET /NewFile.html HTTP/1.1" 302 -
0:0:0:0:0:0:0:1 - - [01/Jun/2020:11:38:41 -0400] "GET /login HTTP/1.1" 200 6378
0:0:0:0:0:0:0:1 - - [01/Jun/2020:11:42:27 -0400] "GET /login HTTP/1.1" 200 6378
0:0:0:0:0:0:0:1 - - [01/Jun/2020:11:42:27 -0400] "GET /favicon.ico HTTP/1.1" 302 -
0:0:0:0:0:0:0:1 - - [01/Jun/2020:11:42:34 -0400] "GET /registration HTTP/1.1" 200 7454
0:0:0:0:0:0:0:1 - - [01/Jun/2020:11:44:24 -0400] "GET /HomePage HTTP/1.1" 200 8192
0:0:0:0:0:0:0:1 - - [01/Jun/2020:11:44:24 -0400] "GET /NewFile.html HTTP/1.1" 302 -
0:0:0:0:0:0:0:1 - - [01/Jun/2020:11:44:24 -0400] "GET /login HTTP/1.1" 200 6378
0:0:0:0:0:0:0:1 - - [01/Jun/2020:11:44:38 -0400] "GET /HomePage HTTP/1.1" 200 8192
0:0:0:0:0:0:0:1 - - [01/Jun/2020:11:44:39 -0400] "GET /NewFile.html HTTP/1.1" 302 -
0:0:0:0:0:0:0:1 - - [01/Jun/2020:11:44:39 -0400] "GET /login HTTP/1.1" 200 6378
0:0:0:0:0:0:0:1 - - [01/Jun/2020:11:45:32 -0400] "GET /HomePage HTTP/1.1" 200 8192
0:0:0:0:0:0:0:1 - - [01/Jun/2020:11:45:32 -0400] "GET /NewFile.html HTTP/1.1" 302 -
0:0:0:0:0:0:0:1 - - [01/Jun/2020:11:45:32 -0400] "GET /login HTTP/1.1" 200 6378
0:0:0:0:0:0:0:1 - - [01/Jun/2020:11:46:57 -0400] "GET /HomePage HTTP/1.1" 200 8272
0:0:0:0:0:0:0:1 - - [01/Jun/2020:11:47:02 -0400] "GET /NewFile.html HTTP/1.1" 302 -
0:0:0:0:0:0:0:1 - - [01/Jun/2020:11:47:02 -0400] "GET /login HTTP/1.1" 200 6378
0:0:0:0:0:0:0:1 - - [01/Jun/2020:11:47:05 -0400] "GET /NewFile.html HTTP/1.1" 302 -
0:0:0:0:0:0:0:1 - - [01/Jun/2020:11:47:05 -0400] "GET /login HTTP/1.1" 200 6378
0:0:0:0:0:0:0:1 - - [01/Jun/2020:11:47:05 -0400] "GET /NewFile.html HTTP/1.1" 302 -
0:0:0:0:0:0:0:1 - - [01/Jun/2020:11:47:05 -0400] "GET /login HTTP/1.1" 200 6378
0:0:0:0:0:0:0:1 - - [01/Jun/2020:11:47:06 -0400] "GET /NewFile.html HTTP/1.1" 302 -
0:0:0:0:0:0:0:1 - - [01/Jun/2020:11:47:06 -0400] "GET /login HTTP/1.1" 200 6378
0:0:0:0:0:0:0:1 - - [01/Jun/2020:11:47:06 -0400] "GET /NewFile.html HTTP/1.1" 302 -
0:0:0:0:0:0:0:1 - - [01/Jun/2020:11:47:06 -0400] "GET /login HTTP/1.1" 200 6378
0:0:0:0:0:0:0:1 - - [01/Jun/2020:11:47:06 -0400] "GET /NewFile.html HTTP/1.1" 302 -
0:0:0:0:0:0:0:1 - - [01/Jun/2020:11:47:06 -0400] "GET /login HTTP/1.1" 200 6378
0:0:0:0:0:0:0:1 - - [01/Jun/2020:11:47:06 -0400] "GET /NewFile.html HTTP/1.1" 302 -
0:0:0:0:0:0:0:1 - - [01/Jun/2020:11:47:06 -0400] "GET /login HTTP/1.1" 200 6378
0:0:0:0:0:0:0:1 - - [01/Jun/2020:11:47:10 -0400] "GET /NewFile.html HTTP/1.1" 302 -
0:0:0:0:0:0:0:1 - - [01/Jun/2020:11:47:10 -0400] "GET /login HTTP/1.1" 200 6378
0:0:0:0:0:0:0:1 - - [01/Jun/2020:11:47:47 -0400] "GET /HomePage HTTP/1.1" 200 8260
0:0:0:0:0:0:0:1 - - [01/Jun/2020:11:47:49 -0400] "GET /NewFile.html HTTP/1.1" 302 -
0:0:0:0:0:0:0:1 - - [01/Jun/2020:11:47:49 -0400] "GET /login HTTP/1.1" 200 6378
0:0:0:0:0:0:0:1 - - [01/Jun/2020:11:49:03 -0400] "GET /HomePage HTTP/1.1" 200 8247
0:0:0:0:0:0:0:1 - - [01/Jun/2020:11:49:03 -0400] "GET /favicon.ico HTTP/1.1" 302 -
0:0:0:0:0:0:0:1 - - [01/Jun/2020:11:49:07 -0400] "GET /NewFile.html HTTP/1.1" 302 -
0:0:0:0:0:0:0:1 - - [01/Jun/2020:11:49:07 -0400] "GET /login HTTP/1.1" 200 6378
0:0:0:0:0:0:0:1 - - [01/Jun/2020:11:49:57 -0400] "GET /HomePage HTTP/1.1" 200 8247
0:0:0:0:0:0:0:1 - - [01/Jun/2020:11:49:58 -0400] "GET /favicon.ico HTTP/1.1" 302 -
0:0:0:0:0:0:0:1 - - [01/Jun/2020:11:50:00 -0400] "GET /NewFile.html HTTP/1.1" 302 -
0:0:0:0:0:0:0:1 - - [01/Jun/2020:11:50:00 -0400] "GET /login HTTP/1.1" 200 6378
0:0:0:0:0:0:0:1 - - [01/Jun/2020:11:51:04 -0400] "GET /HomePage HTTP/1.1" 200 8260
0:0:0:0:0:0:0:1 - - [01/Jun/2020:11:51:04 -0400] "GET /favicon.ico HTTP/1.1" 302 -
0:0:0:0:0:0:0:1 - - [01/Jun/2020:11:51:07 -0400] "GET /NewFile.html HTTP/1.1" 302 -
0:0:0:0:0:0:0:1 - - [01/Jun/2020:11:51:07 -0400] "GET /login HTTP/1.1" 200 6378
0:0:0:0:0:0:0:1 - - [01/Jun/2020:11:51:09 -0400] "GET /NewFile.html HTTP/1.1" 302 -
0:0:0:0:0:0:0:1 - - [01/Jun/2020:11:51:09 -0400] "GET /login HTTP/1.1" 200 6378
0:0:0:0:0:0:0:1 - - [01/Jun/2020:12:54:49 -0400] "GET /HomePage HTTP/1.1" 200 8260
0:0:0:0:0:0:0:1 - - [01/Jun/2020:12:54:50 -0400] "-" 400 -
0:0:0:0:0:0:0:1 - - [01/Jun/2020:12:54:53 -0400] "GET /NewFile.html HTTP/1.1" 302 -
0:0:0:0:0:0:0:1 - - [01/Jun/2020:12:54:53 -0400] "GET /login HTTP/1.1" 200 6378
0:0:0:0:0:0:0:1 - - [01/Jun/2020:12:55:40 -0400] "GET /HomePage HTTP/1.1" 200 8260
0:0:0:0:0:0:0:1 - - [01/Jun/2020:12:55:40 -0400] "GET /favicon.ico HTTP/1.1" 302 -
0:0:0:0:0:0:0:1 - - [01/Jun/2020:12:55:43 -0400] "GET /NewFile.html HTTP/1.1" 302 -
0:0:0:0:0:0:0:1 - - [01/Jun/2020:12:55:43 -0400] "GET /login HTTP/1.1" 200 6378
0:0:0:0:0:0:0:1 - - [01/Jun/2020:12:55:49 -0400] "GET /NewFile.html HTTP/1.1" 302 -
0:0:0:0:0:0:0:1 - - [01/Jun/2020:12:55:49 -0400] "GET /login HTTP/1.1" 200 6378
0:0:0:0:0:0:0:1 - - [01/Jun/2020:12:56:12 -0400] "GET /HomePage HTTP/1.1" 200 8223
0:0:0:0:0:0:0:1 - - [01/Jun/2020:12:56:12 -0400] "GET /NewFile.html HTTP/1.1" 302 -
0:0:0:0:0:0:0:1 - - [01/Jun/2020:12:56:12 -0400] "GET /login HTTP/1.1" 200 6378
0:0:0:0:0:0:0:1 - - [01/Jun/2020:12:56:29 -0400] "GET /HomePage HTTP/1.1" 200 8192
0:0:0:0:0:0:0:1 - - [01/Jun/2020:12:56:29 -0400] "GET /NewFile.html HTTP/1.1" 302 -
0:0:0:0:0:0:0:1 - - [01/Jun/2020:12:56:29 -0400] "GET /login HTTP/1.1" 200 6378
0:0:0:0:0:0:0:1 - - [01/Jun/2020:12:56:41 -0400] "GET /login HTTP/1.1" 200 6378
0:0:0:0:0:0:0:1 - - [01/Jun/2020:12:57:29 -0400] "GET /HomePage HTTP/1.1" 200 8192
0:0:0:0:0:0:0:1 - - [01/Jun/2020:12:57:29 -0400] "GET /NewFile.html HTTP/1.1" 302 -
0:0:0:0:0:0:0:1 - - [01/Jun/2020:12:57:29 -0400] "GET /login HTTP/1.1" 200 6378
0:0:0:0:0:0:0:1 - - [01/Jun/2020:12:58:01 -0400] "GET /HomePage HTTP/1.1" 200 8220
0:0:0:0:0:0:0:1 - - [01/Jun/2020:12:58:01 -0400] "GET /NewFile.html/ HTTP/1.1" 302 -
0:0:0:0:0:0:0:1 - - [01/Jun/2020:12:58:01 -0400] "GET /login HTTP/1.1" 200 6378
0:0:0:0:0:0:0:1 - - [01/Jun/2020:13:02:51 -0400] "GET /HomePage HTTP/1.1" 200 8218
0:0:0:0:0:0:0:1 - - [01/Jun/2020:13:02:51 -0400] "GET /NewFile.html HTTP/1.1" 302 -
0:0:0:0:0:0:0:1 - - [01/Jun/2020:13:02:51 -0400] "GET /login HTTP/1.1" 200 6378
0:0:0:0:0:0:0:1 - - [01/Jun/2020:13:24:18 -0400] "GET /HomePage HTTP/1.1" 200 8218
0:0:0:0:0:0:0:1 - - [01/Jun/2020:13:24:18 -0400] "GET /favicon.ico HTTP/1.1" 302 -
0:0:0:0:0:0:0:1 - - [01/Jun/2020:13:24:18 -0400] "GET /NewFile.html HTTP/1.1" 302 -
0:0:0:0:0:0:0:1 - - [01/Jun/2020:13:24:18 -0400] "GET /login HTTP/1.1" 200 6378
0:0:0:0:0:0:0:1 - - [01/Jun/2020:13:24:51 -0400] "GET /HomePage HTTP/1.1" 200 8219
0:0:0:0:0:0:0:1 - - [01/Jun/2020:13:24:52 -0400] "GET /NewFile.html HTTP/1.1" 302 -
0:0:0:0:0:0:0:1 - - [01/Jun/2020:13:24:52 -0400] "GET /login HTTP/1.1" 200 6378
0:0:0:0:0:0:0:1 - - [01/Jun/2020:13:25:12 -0400] "GET /HomePage HTTP/1.1" 200 8218
0:0:0:0:0:0:0:1 - - [01/Jun/2020:13:25:12 -0400] "GET /NewFile.html HTTP/1.1" 302 -
0:0:0:0:0:0:0:1 - - [01/Jun/2020:13:25:12 -0400] "GET /login HTTP/1.1" 200 6378
0:0:0:0:0:0:0:1 - - [01/Jun/2020:13:25:56 -0400] "GET /HomePage HTTP/1.1" 200 8218
0:0:0:0:0:0:0:1 - - [01/Jun/2020:13:25:56 -0400] "GET /NewFile.html HTTP/1.1" 302 -
0:0:0:0:0:0:0:1 - - [01/Jun/2020:13:25:56 -0400] "GET /login HTTP/1.1" 200 6378
0:0:0:0:0:0:0:1 - - [01/Jun/2020:13:26:14 -0400] "GET /HomePage HTTP/1.1" 200 8192
0:0:0:0:0:0:0:1 - - [01/Jun/2020:13:26:14 -0400] "GET /NewFile.html HTTP/1.1" 302 -
0:0:0:0:0:0:0:1 - - [01/Jun/2020:13:26:14 -0400] "GET /login HTTP/1.1" 200 6378
0:0:0:0:0:0:0:1 - - [01/Jun/2020:13:28:47 -0400] "GET /HomePage HTTP/1.1" 200 8224
0:0:0:0:0:0:0:1 - - [01/Jun/2020:13:28:47 -0400] "GET /favicon.ico HTTP/1.1" 302 -
0:0:0:0:0:0:0:1 - - [01/Jun/2020:13:28:47 -0400] "GET /NewFile.html HTTP/1.1" 302 -
0:0:0:0:0:0:0:1 - - [01/Jun/2020:13:28:47 -0400] "GET /login HTTP/1.1" 200 6378
0:0:0:0:0:0:0:1 - - [01/Jun/2020:13:29:43 -0400] "GET /HomePage HTTP/1.1" 200 8223
0:0:0:0:0:0:0:1 - - [01/Jun/2020:13:29:43 -0400] "GET /favicon.ico HTTP/1.1" 302 -
0:0:0:0:0:0:0:1 - - [01/Jun/2020:13:29:43 -0400] "GET /NewFile.jsp HTTP/1.1" 302 -
0:0:0:0:0:0:0:1 - - [01/Jun/2020:13:29:43 -0400] "GET /login HTTP/1.1" 200 6378
0:0:0:0:0:0:0:1 - - [01/Jun/2020:13:30:36 -0400] "GET /HomePage HTTP/1.1" 200 8236
0:0:0:0:0:0:0:1 - - [01/Jun/2020:13:30:37 -0400] "GET /WEB-INF/jsp/NewFile.jsp HTTP/1.1" 302 -
0:0:0:0:0:0:0:1 - - [01/Jun/2020:13:30:37 -0400] "GET /login HTTP/1.1" 200 6378
0:0:0:0:0:0:0:1 - - [01/Jun/2020:13:31:05 -0400] "GET /HomePage HTTP/1.1" 200 8236
0:0:0:0:0:0:0:1 - - [01/Jun/2020:13:31:05 -0400] "GET /WEB-INF/jsp/NewFile.jsp HTTP/1.1" 302 -
0:0:0:0:0:0:0:1 - - [01/Jun/2020:13:31:05 -0400] "GET /login HTTP/1.1" 200 6378
0:0:0:0:0:0:0:1 - - [01/Jun/2020:13:31:35 -0400] "GET /HomePage HTTP/1.1" 200 8224
0:0:0:0:0:0:0:1 - - [01/Jun/2020:13:31:35 -0400] "GET /NewFile.jsp HTTP/1.1" 302 -
0:0:0:0:0:0:0:1 - - [01/Jun/2020:13:31:35 -0400] "GET /login HTTP/1.1" 200 6378
0:0:0:0:0:0:0:1 - - [01/Jun/2020:13:59:30 -0400] "GET /HomePage HTTP/1.1" 200 8174
0:0:0:0:0:0:0:1 - - [01/Jun/2020:13:59:30 -0400] "GET /NewFile.jsp HTTP/1.1" 302 -
0:0:0:0:0:0:0:1 - - [01/Jun/2020:13:59:30 -0400] "GET /login HTTP/1.1" 200 6378
0:0:0:0:0:0:0:1 - - [01/Jun/2020:13:59:36 -0400] "GET /HomePage HTTP/1.1" 200 8174
0:0:0:0:0:0:0:1 - - [01/Jun/2020:13:59:36 -0400] "GET /NewFile.jsp HTTP/1.1" 302 -
0:0:0:0:0:0:0:1 - - [01/Jun/2020:13:59:36 -0400] "GET /login HTTP/1.1" 200 6378
0:0:0:0:0:0:0:1 - - [01/Jun/2020:14:14:35 -0400] "GET /HomePage HTTP/1.1" 200 8174
0:0:0:0:0:0:0:1 - - [01/Jun/2020:14:14:35 -0400] "GET /NewFile.jsp HTTP/1.1" 302 -
0:0:0:0:0:0:0:1 - - [01/Jun/2020:14:14:35 -0400] "GET /login HTTP/1.1" 200 6378
