0:0:0:0:0:0:0:1 - - [24/Jun/2020:07:23:03 -0400] "GET /login HTTP/1.1" 302 -
0:0:0:0:0:0:0:1 - - [24/Jun/2020:07:23:04 -0400] "GET /login HTTP/1.1" 200 6378
0:0:0:0:0:0:0:1 - - [24/Jun/2020:07:23:04 -0400] "GET /favicon.ico HTTP/1.1" 302 -
0:0:0:0:0:0:0:1 - - [24/Jun/2020:07:23:20 -0400] "POST /login HTTP/1.1" 302 -
0:0:0:0:0:0:0:1 - - [24/Jun/2020:07:23:20 -0400] "GET / HTTP/1.1" 302 -
0:0:0:0:0:0:0:1 - - [24/Jun/2020:07:23:20 -0400] "GET /Shipping/Pacific HTTP/1.1" 200 7450
0:0:0:0:0:0:0:1 - - [24/Jun/2020:07:23:20 -0400] "GET /login HTTP/1.1" 200 6378
0:0:0:0:0:0:0:1 - - [24/Jun/2020:07:23:53 -0400] "POST /Account/ResetPassword HTTP/1.1" 500 16414
0:0:0:0:0:0:0:1 - - [24/Jun/2020:08:20:14 -0400] "GET /Shipping/Pacific HTTP/1.1" 302 -
0:0:0:0:0:0:0:1 - - [24/Jun/2020:08:20:14 -0400] "GET /login HTTP/1.1" 200 6378
0:0:0:0:0:0:0:1 - - [24/Jun/2020:08:20:21 -0400] "POST /login HTTP/1.1" 302 -
0:0:0:0:0:0:0:1 - - [24/Jun/2020:08:20:21 -0400] "GET /Shipping/Pacific HTTP/1.1" 200 7450
0:0:0:0:0:0:0:1 - - [24/Jun/2020:08:20:22 -0400] "GET /login HTTP/1.1" 200 6378
0:0:0:0:0:0:0:1 - - [24/Jun/2020:08:20:26 -0400] "POST /Account/ResetPassword HTTP/1.1" 500 16414
0:0:0:0:0:0:0:1 - - [24/Jun/2020:08:21:11 -0400] "GET /Shipping/Pacific HTTP/1.1" 200 7450
0:0:0:0:0:0:0:1 - - [24/Jun/2020:08:21:14 -0400] "POST /Account/ResetPassword HTTP/1.1" 500 16414
0:0:0:0:0:0:0:1 - - [24/Jun/2020:08:25:02 -0400] "GET /login HTTP/1.1" 302 -
0:0:0:0:0:0:0:1 - - [24/Jun/2020:08:25:02 -0400] "GET /login HTTP/1.1" 200 6378
0:0:0:0:0:0:0:1 - - [24/Jun/2020:08:25:11 -0400] "POST /login HTTP/1.1" 302 -
0:0:0:0:0:0:0:1 - - [24/Jun/2020:08:25:11 -0400] "GET / HTTP/1.1" 302 -
0:0:0:0:0:0:0:1 - - [24/Jun/2020:08:25:11 -0400] "GET /Shipping/Pacific HTTP/1.1" 200 7450
0:0:0:0:0:0:0:1 - - [24/Jun/2020:08:25:11 -0400] "GET /login HTTP/1.1" 200 6378
0:0:0:0:0:0:0:1 - - [24/Jun/2020:08:25:15 -0400] "POST /Account/ResetPassword HTTP/1.1" 500 16414
127.0.0.1 - - [24/Jun/2020:08:40:02 -0400] "GET /Shipping/Pacific HTTP/1.1" 200 7450
127.0.0.1 - - [24/Jun/2020:08:40:02 -0400] "GET /favicon.ico HTTP/1.1" 200 946
127.0.0.1 - - [24/Jun/2020:08:40:05 -0400] "POST /Account/ResetPassword HTTP/1.1" 500 16414
0:0:0:0:0:0:0:1 - - [24/Jun/2020:08:50:46 -0400] "GET /login HTTP/1.1" 302 -
0:0:0:0:0:0:0:1 - - [24/Jun/2020:08:50:47 -0400] "GET /login HTTP/1.1" 200 6378
0:0:0:0:0:0:0:1 - - [24/Jun/2020:08:50:53 -0400] "POST /login HTTP/1.1" 302 -
0:0:0:0:0:0:0:1 - - [24/Jun/2020:08:50:53 -0400] "GET / HTTP/1.1" 302 -
0:0:0:0:0:0:0:1 - - [24/Jun/2020:08:50:53 -0400] "GET /Shipping/Pacific HTTP/1.1" 200 7450
0:0:0:0:0:0:0:1 - - [24/Jun/2020:08:50:53 -0400] "GET /login HTTP/1.1" 200 6378
0:0:0:0:0:0:0:1 - - [24/Jun/2020:08:50:56 -0400] "POST /Account/ResetPassword HTTP/1.1" 500 16414
0:0:0:0:0:0:0:1 - - [24/Jun/2020:10:25:36 -0400] "GET /Shipping/Pacific HTTP/1.1" 302 -
0:0:0:0:0:0:0:1 - - [24/Jun/2020:10:25:36 -0400] "GET /login HTTP/1.1" 200 6378
0:0:0:0:0:0:0:1 - - [24/Jun/2020:10:25:45 -0400] "POST /login HTTP/1.1" 302 -
0:0:0:0:0:0:0:1 - - [24/Jun/2020:10:25:45 -0400] "GET /Shipping/Pacific HTTP/1.1" 200 7450
0:0:0:0:0:0:0:1 - - [24/Jun/2020:10:25:45 -0400] "GET /login HTTP/1.1" 200 6378
0:0:0:0:0:0:0:1 - - [24/Jun/2020:10:25:48 -0400] "POST /Account/ResetPassword HTTP/1.1" 500 16432
0:0:0:0:0:0:0:1 - - [24/Jun/2020:10:26:32 -0400] "GET /Shipping/Pacific HTTP/1.1" 200 7450
0:0:0:0:0:0:0:1 - - [24/Jun/2020:10:26:35 -0400] "POST /Account/ResetPassword HTTP/1.1" 500 9707
0:0:0:0:0:0:0:1 - - [24/Jun/2020:10:29:34 -0400] "GET /Shipping/Pacific HTTP/1.1" 200 7450
0:0:0:0:0:0:0:1 - - [24/Jun/2020:10:29:37 -0400] "POST /Account/ResetPassword HTTP/1.1" 500 16566
0:0:0:0:0:0:0:1 - - [24/Jun/2020:10:31:32 -0400] "GET /Shipping/Pacific HTTP/1.1" 200 7450
0:0:0:0:0:0:0:1 - - [24/Jun/2020:10:31:34 -0400] "POST /Account/ResetPassword HTTP/1.1" 500 16432
0:0:0:0:0:0:0:1 - - [24/Jun/2020:10:32:19 -0400] "GET /Shipping/Pacific HTTP/1.1" 200 7450
0:0:0:0:0:0:0:1 - - [24/Jun/2020:10:32:21 -0400] "POST /Account/ResetPassword HTTP/1.1" 500 9707
0:0:0:0:0:0:0:1 - - [24/Jun/2020:10:50:50 -0400] "GET /Shipping/Pacific HTTP/1.1" 200 7450
0:0:0:0:0:0:0:1 - - [24/Jun/2020:10:50:53 -0400] "POST /Account/ResetPassword HTTP/1.1" 500 9707
0:0:0:0:0:0:0:1 - - [24/Jun/2020:10:56:21 -0400] "POST /logout HTTP/1.1" 302 -
0:0:0:0:0:0:0:1 - - [24/Jun/2020:10:56:21 -0400] "GET /login?logout HTTP/1.1" 500 9597
0:0:0:0:0:0:0:1 - - [24/Jun/2020:11:06:13 -0400] "GET /login HTTP/1.1" 200 6378
0:0:0:0:0:0:0:1 - - [24/Jun/2020:11:06:20 -0400] "POST /login HTTP/1.1" 302 -
0:0:0:0:0:0:0:1 - - [24/Jun/2020:11:06:20 -0400] "GET / HTTP/1.1" 302 -
0:0:0:0:0:0:0:1 - - [24/Jun/2020:11:06:21 -0400] "GET /Shipping/Pacific HTTP/1.1" 200 7485
0:0:0:0:0:0:0:1 - - [24/Jun/2020:11:06:21 -0400] "GET /login HTTP/1.1" 200 6378
0:0:0:0:0:0:0:1 - - [24/Jun/2020:11:14:08 -0400] "GET /Shipping/Pacific HTTP/1.1" 200 7485
0:0:0:0:0:0:0:1 - - [24/Jun/2020:11:14:13 -0400] "POST /Account/ResetPassword HTTP/1.1" 500 10059
0:0:0:0:0:0:0:1 - - [24/Jun/2020:11:15:35 -0400] "GET /Shipping/Pacific HTTP/1.1" 200 7485
0:0:0:0:0:0:0:1 - - [24/Jun/2020:11:15:38 -0400] "POST /Account/ResetPassword HTTP/1.1" 500 9867
0:0:0:0:0:0:0:1 - - [24/Jun/2020:11:19:03 -0400] "GET /Shipping/Pacific HTTP/1.1" 200 7485
0:0:0:0:0:0:0:1 - - [24/Jun/2020:11:19:05 -0400] "POST /Account/ResetPassword HTTP/1.1" 500 9867
0:0:0:0:0:0:0:1 - - [24/Jun/2020:11:26:14 -0400] "GET /Shipping/Pacific HTTP/1.1" 200 7485
0:0:0:0:0:0:0:1 - - [24/Jun/2020:11:26:18 -0400] "POST /Account/ResetPassword HTTP/1.1" 500 9867
0:0:0:0:0:0:0:1 - - [24/Jun/2020:11:28:09 -0400] "GET /Shipping/Pacific HTTP/1.1" 200 7485
0:0:0:0:0:0:0:1 - - [24/Jun/2020:11:28:11 -0400] "POST /Account/ResetPassword HTTP/1.1" 500 9867
0:0:0:0:0:0:0:1 - - [24/Jun/2020:11:37:14 -0400] "GET /login HTTP/1.1" 302 -
0:0:0:0:0:0:0:1 - - [24/Jun/2020:11:37:14 -0400] "GET /login HTTP/1.1" 200 6378
0:0:0:0:0:0:0:1 - - [24/Jun/2020:11:37:14 -0400] "GET /favicon.ico HTTP/1.1" 200 946
0:0:0:0:0:0:0:1 - - [24/Jun/2020:11:37:22 -0400] "POST /login HTTP/1.1" 302 -
0:0:0:0:0:0:0:1 - - [24/Jun/2020:11:37:22 -0400] "GET / HTTP/1.1" 302 -
0:0:0:0:0:0:0:1 - - [24/Jun/2020:11:37:22 -0400] "GET /Shipping/Pacific HTTP/1.1" 200 7485
0:0:0:0:0:0:0:1 - - [24/Jun/2020:11:37:22 -0400] "GET /login HTTP/1.1" 200 6378
0:0:0:0:0:0:0:1 - - [24/Jun/2020:13:16:54 -0400] "GET /login HTTP/1.1" 302 -
0:0:0:0:0:0:0:1 - - [24/Jun/2020:13:16:55 -0400] "GET /login HTTP/1.1" 200 6378
0:0:0:0:0:0:0:1 - - [24/Jun/2020:13:17:05 -0400] "POST /login HTTP/1.1" 302 -
0:0:0:0:0:0:0:1 - - [24/Jun/2020:13:17:05 -0400] "GET / HTTP/1.1" 302 -
0:0:0:0:0:0:0:1 - - [24/Jun/2020:13:17:05 -0400] "GET /Shipping/Pacific HTTP/1.1" 200 7485
0:0:0:0:0:0:0:1 - - [24/Jun/2020:13:17:05 -0400] "GET /favicon.ico HTTP/1.1" 200 946
0:0:0:0:0:0:0:1 - - [24/Jun/2020:13:17:05 -0400] "GET /login HTTP/1.1" 200 6378
0:0:0:0:0:0:0:1 - - [24/Jun/2020:13:20:08 -0400] "POST /Account/ResetPassword HTTP/1.1" 500 9867
0:0:0:0:0:0:0:1 - - [24/Jun/2020:13:20:08 -0400] "-" 400 -
0:0:0:0:0:0:0:1 - - [24/Jun/2020:13:20:08 -0400] "-" 400 -
0:0:0:0:0:0:0:1 - - [24/Jun/2020:13:27:32 -0400] "GET /Shipping/Pacific HTTP/1.1" 200 7485
0:0:0:0:0:0:0:1 - - [24/Jun/2020:13:28:40 -0400] "POST /Account/ResetPassword HTTP/1.1" 500 9971
0:0:0:0:0:0:0:1 - - [24/Jun/2020:13:28:40 -0400] "-" 400 -
0:0:0:0:0:0:0:1 - - [24/Jun/2020:13:29:56 -0400] "GET /login HTTP/1.1" 302 -
0:0:0:0:0:0:0:1 - - [24/Jun/2020:13:29:57 -0400] "GET /login HTTP/1.1" 200 6378
0:0:0:0:0:0:0:1 - - [24/Jun/2020:13:30:06 -0400] "POST /login HTTP/1.1" 302 -
0:0:0:0:0:0:0:1 - - [24/Jun/2020:13:30:06 -0400] "GET / HTTP/1.1" 302 -
0:0:0:0:0:0:0:1 - - [24/Jun/2020:13:30:06 -0400] "GET /Shipping/Pacific HTTP/1.1" 200 7485
0:0:0:0:0:0:0:1 - - [24/Jun/2020:13:30:06 -0400] "GET /login HTTP/1.1" 200 6378
0:0:0:0:0:0:0:1 - - [24/Jun/2020:13:34:43 -0400] "GET /login HTTP/1.1" 302 -
0:0:0:0:0:0:0:1 - - [24/Jun/2020:13:34:43 -0400] "GET /login HTTP/1.1" 200 6378
0:0:0:0:0:0:0:1 - - [24/Jun/2020:13:34:44 -0400] "GET /favicon.ico HTTP/1.1" 302 -
0:0:0:0:0:0:0:1 - - [24/Jun/2020:13:34:50 -0400] "POST /login HTTP/1.1" 302 -
0:0:0:0:0:0:0:1 - - [24/Jun/2020:13:34:50 -0400] "GET / HTTP/1.1" 302 -
0:0:0:0:0:0:0:1 - - [24/Jun/2020:13:34:50 -0400] "GET /Shipping/Pacific HTTP/1.1" 200 7485
0:0:0:0:0:0:0:1 - - [24/Jun/2020:13:34:50 -0400] "GET /login HTTP/1.1" 200 6378
0:0:0:0:0:0:0:1 - - [24/Jun/2020:13:37:25 -0400] "GET /login HTTP/1.1" 302 -
0:0:0:0:0:0:0:1 - - [24/Jun/2020:13:37:25 -0400] "GET /login HTTP/1.1" 200 6378
0:0:0:0:0:0:0:1 - - [24/Jun/2020:13:37:25 -0400] "GET /favicon.ico HTTP/1.1" 200 946
0:0:0:0:0:0:0:1 - - [24/Jun/2020:13:37:31 -0400] "POST /login HTTP/1.1" 302 -
0:0:0:0:0:0:0:1 - - [24/Jun/2020:13:37:31 -0400] "GET / HTTP/1.1" 302 -
0:0:0:0:0:0:0:1 - - [24/Jun/2020:13:37:31 -0400] "GET /Shipping/Pacific HTTP/1.1" 200 7485
0:0:0:0:0:0:0:1 - - [24/Jun/2020:13:37:31 -0400] "GET /login HTTP/1.1" 200 6378
0:0:0:0:0:0:0:1 - - [24/Jun/2020:13:39:39 -0400] "POST /Account/ResetPassword HTTP/1.1" 500 9971
0:0:0:0:0:0:0:1 - - [24/Jun/2020:13:39:39 -0400] "-" 400 -
0:0:0:0:0:0:0:1 - - [24/Jun/2020:13:40:53 -0400] "GET /login HTTP/1.1" 302 -
0:0:0:0:0:0:0:1 - - [24/Jun/2020:13:40:53 -0400] "GET /login HTTP/1.1" 200 6378
0:0:0:0:0:0:0:1 - - [24/Jun/2020:13:41:02 -0400] "POST /login HTTP/1.1" 302 -
0:0:0:0:0:0:0:1 - - [24/Jun/2020:13:41:02 -0400] "GET / HTTP/1.1" 302 -
0:0:0:0:0:0:0:1 - - [24/Jun/2020:13:41:02 -0400] "GET /Shipping/Pacific HTTP/1.1" 200 7485
0:0:0:0:0:0:0:1 - - [24/Jun/2020:13:41:02 -0400] "GET /login HTTP/1.1" 200 6378
0:0:0:0:0:0:0:1 - - [24/Jun/2020:13:45:48 -0400] "GET /Shipping/Pacific HTTP/1.1" 200 7485
0:0:0:0:0:0:0:1 - - [24/Jun/2020:13:46:22 -0400] "POST /Account/ResetPassword HTTP/1.1" 500 9971
0:0:0:0:0:0:0:1 - - [24/Jun/2020:13:46:22 -0400] "-" 400 -
0:0:0:0:0:0:0:1 - - [24/Jun/2020:13:54:17 -0400] "POST /Account/ResetPassword HTTP/1.1" 500 9971
0:0:0:0:0:0:0:1 - - [24/Jun/2020:13:54:17 -0400] "-" 400 -
0:0:0:0:0:0:0:1 - - [24/Jun/2020:13:55:07 -0400] "POST /Account/ResetPassword HTTP/1.1" 500 16566
0:0:0:0:0:0:0:1 - - [24/Jun/2020:13:55:45 -0400] "GET /Shipping/Pacific HTTP/1.1" 200 7485
0:0:0:0:0:0:0:1 - - [24/Jun/2020:13:57:32 -0400] "POST /Account/ResetPassword HTTP/1.1" 500 9971
