0:0:0:0:0:0:0:1 - - [06/Jul/2020:08:09:38 -0400] "GET /HomePage HTTP/1.1" 200 16921
0:0:0:0:0:0:0:1 - - [06/Jul/2020:08:09:39 -0400] "GET /favicon.ico HTTP/1.1" 302 -
0:0:0:0:0:0:0:1 - - [06/Jul/2020:08:09:39 -0400] "GET /login HTTP/1.1" 200 6378
0:0:0:0:0:0:0:1 - - [06/Jul/2020:09:09:42 -0400] "GET /HomePage HTTP/1.1" 200 16833
0:0:0:0:0:0:0:1 - - [06/Jul/2020:09:09:42 -0400] "GET /login HTTP/1.1" 200 6378
0:0:0:0:0:0:0:1 - - [06/Jul/2020:09:09:54 -0400] "GET /HomePage HTTP/1.1" 200 16921
0:0:0:0:0:0:0:1 - - [06/Jul/2020:09:09:55 -0400] "GET /favicon.ico HTTP/1.1" 302 -
0:0:0:0:0:0:0:1 - - [06/Jul/2020:09:11:37 -0400] "GET /HomePage HTTP/1.1" 200 17009
0:0:0:0:0:0:0:1 - - [06/Jul/2020:09:11:37 -0400] "GET /favicon.ico HTTP/1.1" 302 -
0:0:0:0:0:0:0:1 - - [06/Jul/2020:09:19:34 -0400] "GET /HomePage HTTP/1.1" 200 17025
0:0:0:0:0:0:0:1 - - [06/Jul/2020:09:22:30 -0400] "GET /HomePage HTTP/1.1" 200 17379
0:0:0:0:0:0:0:1 - - [06/Jul/2020:09:22:30 -0400] "GET /favicon.ico HTTP/1.1" 302 -
0:0:0:0:0:0:0:1 - - [06/Jul/2020:09:26:06 -0400] "GET /HomePage HTTP/1.1" 200 17448
0:0:0:0:0:0:0:1 - - [06/Jul/2020:09:26:06 -0400] "GET /favicon.ico HTTP/1.1" 302 -
0:0:0:0:0:0:0:1 - - [06/Jul/2020:09:27:17 -0400] "GET /HomePage HTTP/1.1" 200 17417
0:0:0:0:0:0:0:1 - - [06/Jul/2020:09:27:17 -0400] "-" 400 -
0:0:0:0:0:0:0:1 - - [06/Jul/2020:09:27:33 -0400] "GET /HomePage HTTP/1.1" 200 17362
0:0:0:0:0:0:0:1 - - [06/Jul/2020:09:28:25 -0400] "GET /HomePage HTTP/1.1" 200 17334
0:0:0:0:0:0:0:1 - - [06/Jul/2020:09:28:25 -0400] "GET /favicon.ico HTTP/1.1" 302 -
0:0:0:0:0:0:0:1 - - [06/Jul/2020:09:29:20 -0400] "GET /HomePage HTTP/1.1" 200 17338
0:0:0:0:0:0:0:1 - - [06/Jul/2020:09:29:46 -0400] "GET /login HTTP/1.1" 200 6378
0:0:0:0:0:0:0:1 - - [06/Jul/2020:09:29:53 -0400] "POST /login HTTP/1.1" 302 -
0:0:0:0:0:0:0:1 - - [06/Jul/2020:09:29:53 -0400] "GET / HTTP/1.1" 302 -
0:0:0:0:0:0:0:1 - - [06/Jul/2020:09:29:54 -0400] "GET /Shipping/Europe HTTP/1.1" 200 45546
0:0:0:0:0:0:0:1 - - [06/Jul/2020:09:29:54 -0400] "GET /login HTTP/1.1" 200 6378
0:0:0:0:0:0:0:1 - - [06/Jul/2020:09:32:41 -0400] "GET /Account/user/changePassword?token=e219bf00-2b72-4ff4-ad87-2d5430e2387b HTTP/1.1" 302 -
0:0:0:0:0:0:0:1 - - [06/Jul/2020:09:32:41 -0400] "GET /login HTTP/1.1" 200 6378
0:0:0:0:0:0:0:1 - - [06/Jul/2020:09:32:41 -0400] "GET /favicon.ico HTTP/1.1" 302 -
0:0:0:0:0:0:0:1 - - [06/Jul/2020:09:32:41 -0400] "GET /login HTTP/1.1" 200 6378
0:0:0:0:0:0:0:1 - - [06/Jul/2020:09:33:01 -0400] "GET /Shipping/addneworder HTTP/1.1" 200 18239
0:0:0:0:0:0:0:1 - - [06/Jul/2020:09:33:05 -0400] "GET /Shipping/addneworder/4 HTTP/1.1" 200 19331
0:0:0:0:0:0:0:1 - - [06/Jul/2020:09:33:09 -0400] "GET /Shipping/addneworder/Mascarpone%20Fabioli HTTP/1.1" 200 17235
0:0:0:0:0:0:0:1 - - [06/Jul/2020:09:34:19 -0400] "POST /logout HTTP/1.1" 302 -
0:0:0:0:0:0:0:1 - - [06/Jul/2020:09:34:19 -0400] "GET /login?logout HTTP/1.1" 200 6416
0:0:0:0:0:0:0:1 - - [06/Jul/2020:09:35:04 -0400] "GET /HomePage HTTP/1.1" 200 17338
0:0:0:0:0:0:0:1 - - [06/Jul/2020:09:35:05 -0400] "GET /login HTTP/1.1" 200 6378
0:0:0:0:0:0:0:1 - - [06/Jul/2020:09:38:01 -0400] "GET /login HTTP/1.1" 200 6378
0:0:0:0:0:0:0:1 - - [06/Jul/2020:09:38:01 -0400] "GET /favicon.ico HTTP/1.1" 302 -
0:0:0:0:0:0:0:1 - - [06/Jul/2020:09:38:08 -0400] "POST /login HTTP/1.1" 302 -
0:0:0:0:0:0:0:1 - - [06/Jul/2020:09:38:08 -0400] "GET / HTTP/1.1" 302 -
0:0:0:0:0:0:0:1 - - [06/Jul/2020:09:38:08 -0400] "GET /Shipping/Europe HTTP/1.1" 200 45546
0:0:0:0:0:0:0:1 - - [06/Jul/2020:09:38:08 -0400] "GET /login HTTP/1.1" 200 6378
0:0:0:0:0:0:0:1 - - [06/Jul/2020:09:38:14 -0400] "GET /Shipping/addneworder HTTP/1.1" 200 18239
0:0:0:0:0:0:0:1 - - [06/Jul/2020:09:38:15 -0400] "GET /favicon.ico HTTP/1.1" 200 946
0:0:0:0:0:0:0:1 - - [06/Jul/2020:10:13:59 -0400] "GET /HomePage HTTP/1.1" 200 17396
0:0:0:0:0:0:0:1 - - [06/Jul/2020:10:14:00 -0400] "GET /resources/ImageAssets/meat-pultry.jpg HTTP/1.1" 404 169
0:0:0:0:0:0:0:1 - - [06/Jul/2020:10:14:00 -0400] "GET /resources/ImageAssets/meat-pultry.jpg HTTP/1.1" 404 169
0:0:0:0:0:0:0:1 - - [06/Jul/2020:10:14:31 -0400] "GET /HomePage HTTP/1.1" 200 17397
0:0:0:0:0:0:0:1 - - [06/Jul/2020:10:14:31 -0400] "GET /resources/ImageAssets/meat-pultry.jpeg HTTP/1.1" 404 170
0:0:0:0:0:0:0:1 - - [06/Jul/2020:10:14:32 -0400] "GET /resources/ImageAssets/meat-pultry.jpeg HTTP/1.1" 404 170
0:0:0:0:0:0:0:1 - - [06/Jul/2020:10:15:03 -0400] "GET /HomePage HTTP/1.1" 200 17393
0:0:0:0:0:0:0:1 - - [06/Jul/2020:10:15:03 -0400] "GET /resources/ImageAssets/meat-pultry.jpg HTTP/1.1" 404 169
0:0:0:0:0:0:0:1 - - [06/Jul/2020:10:15:03 -0400] "GET /resources/ImageAssets/meat-pultry.jpg HTTP/1.1" 404 169
0:0:0:0:0:0:0:1 - - [06/Jul/2020:10:15:31 -0400] "GET /HomePage HTTP/1.1" 200 17392
0:0:0:0:0:0:0:1 - - [06/Jul/2020:10:15:31 -0400] "GET /resources/ImageAssets/seafood.jpg HTTP/1.1" 404 165
0:0:0:0:0:0:0:1 - - [06/Jul/2020:10:15:31 -0400] "GET /resources/ImageAssets/seafood.jpg HTTP/1.1" 404 165
0:0:0:0:0:0:0:1 - - [06/Jul/2020:10:15:31 -0400] "GET /favicon.ico HTTP/1.1" 302 -
0:0:0:0:0:0:0:1 - - [06/Jul/2020:10:17:18 -0400] "GET /HomePage HTTP/1.1" 200 17420
0:0:0:0:0:0:0:1 - - [06/Jul/2020:10:17:18 -0400] "GET /resources/ImageAssets/seafood.jpg HTTP/1.1" 404 165
0:0:0:0:0:0:0:1 - - [06/Jul/2020:10:17:18 -0400] "GET /resources/ImageAssets/seafood.jpg HTTP/1.1" 404 165
0:0:0:0:0:0:0:1 - - [06/Jul/2020:10:24:49 -0400] "GET /HomePage HTTP/1.1" 200 17421
0:0:0:0:0:0:0:1 - - [06/Jul/2020:10:24:49 -0400] "GET /resources/ImageAssets/seafood.jpeg HTTP/1.1" 404 166
0:0:0:0:0:0:0:1 - - [06/Jul/2020:10:24:49 -0400] "GET /resources/ImageAssets/seafood.jpeg HTTP/1.1" 404 166
0:0:0:0:0:0:0:1 - - [06/Jul/2020:10:24:49 -0400] "GET /favicon.ico HTTP/1.1" 302 -
0:0:0:0:0:0:0:1 - - [06/Jul/2020:10:25:38 -0400] "GET /HomePage HTTP/1.1" 200 17427
0:0:0:0:0:0:0:1 - - [06/Jul/2020:10:25:38 -0400] "GET /resources/ImageAssets/seafood.jpeg HTTP/1.1" 404 166
0:0:0:0:0:0:0:1 - - [06/Jul/2020:10:25:38 -0400] "GET /resources/ImageAssets/seafood.jpeg HTTP/1.1" 404 166
0:0:0:0:0:0:0:1 - - [06/Jul/2020:10:25:38 -0400] "GET /favicon.ico HTTP/1.1" 302 -
0:0:0:0:0:0:0:1 - - [06/Jul/2020:10:26:15 -0400] "GET /HomePage HTTP/1.1" 200 17433
0:0:0:0:0:0:0:1 - - [06/Jul/2020:10:26:15 -0400] "GET /resources/ImageAssets/seafood.jpeg HTTP/1.1" 404 166
0:0:0:0:0:0:0:1 - - [06/Jul/2020:10:26:15 -0400] "GET /resources/ImageAssets/seafood.jpeg HTTP/1.1" 404 166
0:0:0:0:0:0:0:1 - - [06/Jul/2020:10:26:15 -0400] "GET /favicon.ico HTTP/1.1" 302 -
0:0:0:0:0:0:0:1 - - [06/Jul/2020:10:34:31 -0400] "GET /HomePage HTTP/1.1" 200 17422
0:0:0:0:0:0:0:1 - - [06/Jul/2020:10:34:31 -0400] "GET /resources/ImageAssets/seafood.jpeg HTTP/1.1" 404 166
0:0:0:0:0:0:0:1 - - [06/Jul/2020:10:34:31 -0400] "GET /resources/ImageAssets/seafood.jpeg HTTP/1.1" 404 166
0:0:0:0:0:0:0:1 - - [06/Jul/2020:10:34:31 -0400] "GET /favicon.ico HTTP/1.1" 302 -
0:0:0:0:0:0:0:1 - - [06/Jul/2020:10:35:06 -0400] "GET /HomePage HTTP/1.1" 200 17422
0:0:0:0:0:0:0:1 - - [06/Jul/2020:10:35:06 -0400] "GET /resources/ImageAssets/seafood.jpeg HTTP/1.1" 404 166
0:0:0:0:0:0:0:1 - - [06/Jul/2020:10:35:06 -0400] "GET /login HTTP/1.1" 200 6378
0:0:0:0:0:0:0:1 - - [06/Jul/2020:10:35:55 -0400] "GET /HomePage HTTP/1.1" 200 17422
0:0:0:0:0:0:0:1 - - [06/Jul/2020:10:35:55 -0400] "GET /resources/ImageAssets/seafood.jpeg HTTP/1.1" 404 166
0:0:0:0:0:0:0:1 - - [06/Jul/2020:10:35:55 -0400] "GET /resources/ImageAssets/seafood.jpeg HTTP/1.1" 404 166
0:0:0:0:0:0:0:1 - - [06/Jul/2020:10:35:55 -0400] "GET /favicon.ico HTTP/1.1" 302 -
0:0:0:0:0:0:0:1 - - [06/Jul/2020:10:36:32 -0400] "GET /HomePage HTTP/1.1" 200 17422
0:0:0:0:0:0:0:1 - - [06/Jul/2020:10:36:33 -0400] "GET /resources/ImageAssets/IMG_0287.JPG HTTP/1.1" 404 166
0:0:0:0:0:0:0:1 - - [06/Jul/2020:10:36:33 -0400] "GET /resources/ImageAssets/IMG_0287.JPG HTTP/1.1" 404 166
0:0:0:0:0:0:0:1 - - [06/Jul/2020:10:36:33 -0400] "GET /favicon.ico HTTP/1.1" 302 -
0:0:0:0:0:0:0:1 - - [06/Jul/2020:10:36:44 -0400] "GET /HomePage HTTP/1.1" 200 17420
0:0:0:0:0:0:0:1 - - [06/Jul/2020:10:36:44 -0400] "GET /resources/ImageAssets/IMG_0287.JPG HTTP/1.1" 404 166
0:0:0:0:0:0:0:1 - - [06/Jul/2020:10:36:44 -0400] "GET /resources/ImageAssets/IMG_0287.JPG HTTP/1.1" 404 166
0:0:0:0:0:0:0:1 - - [06/Jul/2020:10:36:44 -0400] "GET /favicon.ico HTTP/1.1" 302 -
0:0:0:0:0:0:0:1 - - [06/Jul/2020:10:36:57 -0400] "GET /HomePage HTTP/1.1" 200 17419
0:0:0:0:0:0:0:1 - - [06/Jul/2020:10:36:57 -0400] "GET /resources/ImageAssets/IMG_0287.JPG HTTP/1.1" 404 166
0:0:0:0:0:0:0:1 - - [06/Jul/2020:10:36:58 -0400] "GET /resources/ImageAssets/IMG_0287.JPG HTTP/1.1" 404 166
0:0:0:0:0:0:0:1 - - [06/Jul/2020:10:37:14 -0400] "GET /HomePage HTTP/1.1" 500 11450
0:0:0:0:0:0:0:1 - - [06/Jul/2020:10:37:24 -0400] "GET /HomePage HTTP/1.1" 200 17419
0:0:0:0:0:0:0:1 - - [06/Jul/2020:10:37:24 -0400] "GET /resources/ImageAssets/IMG_0287.JPG HTTP/1.1" 404 166
0:0:0:0:0:0:0:1 - - [06/Jul/2020:10:37:24 -0400] "GET /resources/ImageAssets/IMG_0287.JPG HTTP/1.1" 404 166
0:0:0:0:0:0:0:1 - - [06/Jul/2020:10:37:24 -0400] "GET /favicon.ico HTTP/1.1" 302 -
0:0:0:0:0:0:0:1 - - [06/Jul/2020:10:37:24 -0400] "-" 400 -
0:0:0:0:0:0:0:1 - - [06/Jul/2020:10:40:40 -0400] "GET /HomePage HTTP/1.1" 200 17422
0:0:0:0:0:0:0:1 - - [06/Jul/2020:10:40:40 -0400] "GET /resources/ImageAssets/IMG_0287.JPG HTTP/1.1" 404 166
0:0:0:0:0:0:0:1 - - [06/Jul/2020:10:40:40 -0400] "GET /resources/ImageAssets/IMG_0287.JPG HTTP/1.1" 404 166
0:0:0:0:0:0:0:1 - - [06/Jul/2020:10:40:40 -0400] "GET /favicon.ico HTTP/1.1" 302 -
0:0:0:0:0:0:0:1 - - [06/Jul/2020:10:43:57 -0400] "GET /HomePage HTTP/1.1" 200 17421
0:0:0:0:0:0:0:1 - - [06/Jul/2020:10:43:57 -0400] "GET /resources/ImageAssets/IMG_0287.JPG HTTP/1.1" 404 166
0:0:0:0:0:0:0:1 - - [06/Jul/2020:10:43:57 -0400] "GET /resources/ImageAssets/IMG_0287.JPG HTTP/1.1" 404 166
0:0:0:0:0:0:0:1 - - [06/Jul/2020:10:44:12 -0400] "GET /HomePage HTTP/1.1" 500 11454
0:0:0:0:0:0:0:1 - - [06/Jul/2020:10:44:23 -0400] "GET /HomePage HTTP/1.1" 200 17421
0:0:0:0:0:0:0:1 - - [06/Jul/2020:10:44:23 -0400] "GET /resources/ImageAssets/IMG_0287.JPG HTTP/1.1" 404 166
0:0:0:0:0:0:0:1 - - [06/Jul/2020:10:44:24 -0400] "GET /resources/ImageAssets/IMG_0287.JPG HTTP/1.1" 404 166
0:0:0:0:0:0:0:1 - - [06/Jul/2020:10:44:24 -0400] "GET /favicon.ico HTTP/1.1" 302 -
0:0:0:0:0:0:0:1 - - [06/Jul/2020:10:44:39 -0400] "GET /HomePage HTTP/1.1" 200 17422
0:0:0:0:0:0:0:1 - - [06/Jul/2020:10:44:39 -0400] "GET /resources/ImageAssets/IMG_0287.JPG HTTP/1.1" 404 166
0:0:0:0:0:0:0:1 - - [06/Jul/2020:10:44:40 -0400] "GET /resources/ImageAssets/IMG_0287.JPG HTTP/1.1" 404 166
0:0:0:0:0:0:0:1 - - [06/Jul/2020:10:45:14 -0400] "GET /HomePage HTTP/1.1" 200 17423
0:0:0:0:0:0:0:1 - - [06/Jul/2020:10:45:14 -0400] "GET /resources/ImageAssets/Beverages.png HTTP/1.1" 404 167
0:0:0:0:0:0:0:1 - - [06/Jul/2020:10:45:14 -0400] "GET /resources/ImageAssets/Beverages.png HTTP/1.1" 404 167
0:0:0:0:0:0:0:1 - - [06/Jul/2020:10:46:30 -0400] "GET /HomePage HTTP/1.1" 200 17423
0:0:0:0:0:0:0:1 - - [06/Jul/2020:10:46:30 -0400] "GET /resources/ImageAssets/Beverages.png HTTP/1.1" 404 167
0:0:0:0:0:0:0:1 - - [06/Jul/2020:10:46:30 -0400] "GET /resources/ImageAssets/Beverages.png HTTP/1.1" 404 167
0:0:0:0:0:0:0:1 - - [06/Jul/2020:10:46:30 -0400] "GET /favicon.ico HTTP/1.1" 302 -
0:0:0:0:0:0:0:1 - - [06/Jul/2020:10:46:58 -0400] "GET /HomePage HTTP/1.1" 200 17423
0:0:0:0:0:0:0:1 - - [06/Jul/2020:10:46:58 -0400] "GET /resources/ImageAssets/Beverages.png HTTP/1.1" 404 167
0:0:0:0:0:0:0:1 - - [06/Jul/2020:10:46:58 -0400] "GET /resources/ImageAssets/Beverages.png HTTP/1.1" 404 167
0:0:0:0:0:0:0:1 - - [06/Jul/2020:10:49:31 -0400] "GET /HomePage HTTP/1.1" 200 17453
0:0:0:0:0:0:0:1 - - [06/Jul/2020:10:49:31 -0400] "GET /url_for('static',%20filename='../resources/ImageAssets/Beverages.png') HTTP/1.1" 302 -
0:0:0:0:0:0:0:1 - - [06/Jul/2020:10:49:31 -0400] "GET /login HTTP/1.1" 200 6378
0:0:0:0:0:0:0:1 - - [06/Jul/2020:10:49:32 -0400] "GET /url_for('static',%20filename='../resources/ImageAssets/Beverages.png') HTTP/1.1" 302 -
0:0:0:0:0:0:0:1 - - [06/Jul/2020:10:49:32 -0400] "GET /login HTTP/1.1" 200 6378
0:0:0:0:0:0:0:1 - - [06/Jul/2020:10:49:32 -0400] "GET /favicon.ico HTTP/1.1" 302 -
0:0:0:0:0:0:0:1 - - [06/Jul/2020:10:53:13 -0400] "GET /HomePage HTTP/1.1" 500 11560
0:0:0:0:0:0:0:1 - - [06/Jul/2020:10:53:49 -0400] "GET /HomePage HTTP/1.1" 200 17423
0:0:0:0:0:0:0:1 - - [06/Jul/2020:10:53:49 -0400] "GET /resources/ImageAssets/Beverages.png HTTP/1.1" 404 167
0:0:0:0:0:0:0:1 - - [06/Jul/2020:10:53:49 -0400] "GET /resources/ImageAssets/Beverages.png HTTP/1.1" 404 167
0:0:0:0:0:0:0:1 - - [06/Jul/2020:10:57:32 -0400] "GET /HomePage HTTP/1.1" 200 17444
0:0:0:0:0:0:0:1 - - [06/Jul/2020:10:57:33 -0400] "GET /favicon.ico HTTP/1.1" 302 -
0:0:0:0:0:0:0:1 - - [06/Jul/2020:10:57:59 -0400] "GET /HomePage HTTP/1.1" 200 17430
0:0:0:0:0:0:0:1 - - [06/Jul/2020:10:57:59 -0400] "GET /favicon.ico HTTP/1.1" 302 -
0:0:0:0:0:0:0:1 - - [06/Jul/2020:10:58:00 -0400] "GET /HomePage HTTP/1.1" 200 17430
0:0:0:0:0:0:0:1 - - [06/Jul/2020:10:58:35 -0400] "GET /HomePage HTTP/1.1" 200 17423
0:0:0:0:0:0:0:1 - - [06/Jul/2020:10:58:35 -0400] "GET /resources/ImageAssets/Beverages.png HTTP/1.1" 404 167
0:0:0:0:0:0:0:1 - - [06/Jul/2020:10:58:35 -0400] "GET /resources/ImageAssets/Beverages.png HTTP/1.1" 404 167
0:0:0:0:0:0:0:1 - - [06/Jul/2020:10:58:35 -0400] "GET /favicon.ico HTTP/1.1" 302 -
0:0:0:0:0:0:0:1 - - [06/Jul/2020:10:58:35 -0400] "GET /login HTTP/1.1" 200 6378
0:0:0:0:0:0:0:1 - - [06/Jul/2020:11:02:40 -0400] "GET /HomePage HTTP/1.1" 200 17438
0:0:0:0:0:0:0:1 - - [06/Jul/2020:11:02:40 -0400] "GET /favicon.ico HTTP/1.1" 302 -
0:0:0:0:0:0:0:1 - - [06/Jul/2020:11:02:40 -0400] "-" 400 -
0:0:0:0:0:0:0:1 - - [06/Jul/2020:11:04:36 -0400] "GET /HomePage HTTP/1.1" 500 11328
0:0:0:0:0:0:0:1 - - [06/Jul/2020:11:04:36 -0400] "-" 400 -
0:0:0:0:0:0:0:1 - - [06/Jul/2020:11:05:14 -0400] "GET /HomePage HTTP/1.1" 200 17438
0:0:0:0:0:0:0:1 - - [06/Jul/2020:11:05:14 -0400] "GET /favicon.ico HTTP/1.1" 302 -
0:0:0:0:0:0:0:1 - - [06/Jul/2020:11:05:40 -0400] "GET /HomePage HTTP/1.1" 200 17438
0:0:0:0:0:0:0:1 - - [06/Jul/2020:11:05:40 -0400] "GET /favicon.ico HTTP/1.1" 302 -
0:0:0:0:0:0:0:1 - - [06/Jul/2020:11:07:08 -0400] "GET /HomePage HTTP/1.1" 200 17443
0:0:0:0:0:0:0:1 - - [06/Jul/2020:11:07:08 -0400] "GET /favicon.ico HTTP/1.1" 302 -
0:0:0:0:0:0:0:1 - - [06/Jul/2020:11:07:26 -0400] "GET /HomePage HTTP/1.1" 200 17428
0:0:0:0:0:0:0:1 - - [06/Jul/2020:11:07:26 -0400] "GET /resources/ImageAssets/Beverages.png HTTP/1.1" 404 167
0:0:0:0:0:0:0:1 - - [06/Jul/2020:11:07:26 -0400] "GET /resources/ImageAssets/Beverages.png HTTP/1.1" 404 167
0:0:0:0:0:0:0:1 - - [06/Jul/2020:11:07:26 -0400] "GET /favicon.ico HTTP/1.1" 302 -
0:0:0:0:0:0:0:1 - - [06/Jul/2020:11:08:21 -0400] "GET /HomePage HTTP/1.1" 200 17443
0:0:0:0:0:0:0:1 - - [06/Jul/2020:11:08:32 -0400] "GET /HomePage HTTP/1.1" 200 17428
0:0:0:0:0:0:0:1 - - [06/Jul/2020:11:08:33 -0400] "GET /resources/ImageAssets/Beverages.png HTTP/1.1" 404 167
0:0:0:0:0:0:0:1 - - [06/Jul/2020:11:08:33 -0400] "GET /resources/ImageAssets/Beverages.png HTTP/1.1" 404 167
0:0:0:0:0:0:0:1 - - [06/Jul/2020:11:11:17 -0400] "GET /HomePage HTTP/1.1" 200 17455
0:0:0:0:0:0:0:1 - - [06/Jul/2020:11:11:17 -0400] "-" 400 -
0:0:0:0:0:0:0:1 - - [06/Jul/2020:11:11:18 -0400] "-" 400 -
0:0:0:0:0:0:0:1 - - [06/Jul/2020:11:12:59 -0400] "GET /HomePage HTTP/1.1" 200 17455
0:0:0:0:0:0:0:1 - - [06/Jul/2020:11:12:59 -0400] "-" 400 -
0:0:0:0:0:0:0:1 - - [06/Jul/2020:11:12:59 -0400] "-" 400 -
0:0:0:0:0:0:0:1 - - [06/Jul/2020:11:12:59 -0400] "GET /favicon.ico HTTP/1.1" 302 -
0:0:0:0:0:0:0:1 - - [06/Jul/2020:11:14:53 -0400] "GET /HomePage HTTP/1.1" 200 17413
0:0:0:0:0:0:0:1 - - [06/Jul/2020:11:14:53 -0400] "GET /resources/ImageAssets/Beverages.png HTTP/1.1" 404 167
0:0:0:0:0:0:0:1 - - [06/Jul/2020:11:14:53 -0400] "GET /resources/ImageAssets/Beverages.png HTTP/1.1" 404 167
0:0:0:0:0:0:0:1 - - [06/Jul/2020:11:14:53 -0400] "GET /favicon.ico HTTP/1.1" 302 -
0:0:0:0:0:0:0:1 - - [06/Jul/2020:11:21:21 -0400] "GET /HomePage HTTP/1.1" 200 17400
0:0:0:0:0:0:0:1 - - [06/Jul/2020:11:21:21 -0400] "GET /ImageAssets/Beverages.png HTTP/1.1" 302 -
0:0:0:0:0:0:0:1 - - [06/Jul/2020:11:21:21 -0400] "GET /login HTTP/1.1" 200 6378
0:0:0:0:0:0:0:1 - - [06/Jul/2020:11:21:21 -0400] "GET /favicon.ico HTTP/1.1" 302 -
0:0:0:0:0:0:0:1 - - [06/Jul/2020:11:24:29 -0400] "GET /HomePage HTTP/1.1" 200 17431
0:0:0:0:0:0:0:1 - - [06/Jul/2020:11:24:29 -0400] "GET /favicon.ico HTTP/1.1" 302 -
0:0:0:0:0:0:0:1 - - [06/Jul/2020:11:25:27 -0400] "GET /HomePage HTTP/1.1" 200 17428
0:0:0:0:0:0:0:1 - - [06/Jul/2020:11:25:27 -0400] "GET /favicon.ico HTTP/1.1" 302 -
0:0:0:0:0:0:0:1 - - [06/Jul/2020:11:26:01 -0400] "GET /HomePage HTTP/1.1" 200 17400
0:0:0:0:0:0:0:1 - - [06/Jul/2020:11:26:01 -0400] "GET /ImageAssets/Beverages.png HTTP/1.1" 302 -
0:0:0:0:0:0:0:1 - - [06/Jul/2020:11:26:01 -0400] "GET /login HTTP/1.1" 200 6378
0:0:0:0:0:0:0:1 - - [06/Jul/2020:11:26:01 -0400] "GET /ImageAssets/Beverages.png HTTP/1.1" 302 -
0:0:0:0:0:0:0:1 - - [06/Jul/2020:11:26:01 -0400] "GET /login HTTP/1.1" 200 6378
0:0:0:0:0:0:0:1 - - [06/Jul/2020:11:26:01 -0400] "GET /favicon.ico HTTP/1.1" 302 -
0:0:0:0:0:0:0:1 - - [06/Jul/2020:11:26:12 -0400] "GET /HomePage HTTP/1.1" 200 17401
0:0:0:0:0:0:0:1 - - [06/Jul/2020:11:26:12 -0400] "GET /ImageAssets/Beverages.png HTTP/1.1" 302 -
0:0:0:0:0:0:0:1 - - [06/Jul/2020:11:26:12 -0400] "GET /login HTTP/1.1" 200 6378
0:0:0:0:0:0:0:1 - - [06/Jul/2020:11:26:12 -0400] "GET /ImageAssets/Beverages.png HTTP/1.1" 302 -
0:0:0:0:0:0:0:1 - - [06/Jul/2020:11:26:12 -0400] "GET /login HTTP/1.1" 200 6378
0:0:0:0:0:0:0:1 - - [06/Jul/2020:11:26:12 -0400] "GET /favicon.ico HTTP/1.1" 302 -
0:0:0:0:0:0:0:1 - - [06/Jul/2020:11:34:33 -0400] "GET /HomePage HTTP/1.1" 200 17422
0:0:0:0:0:0:0:1 - - [06/Jul/2020:11:34:33 -0400] "-" 400 -
0:0:0:0:0:0:0:1 - - [06/Jul/2020:11:34:33 -0400] "-" 400 -
0:0:0:0:0:0:0:1 - - [06/Jul/2020:11:34:33 -0400] "GET /favicon.ico HTTP/1.1" 302 -
0:0:0:0:0:0:0:1 - - [06/Jul/2020:11:35:31 -0400] "GET /HomePage HTTP/1.1" 200 17400
0:0:0:0:0:0:0:1 - - [06/Jul/2020:11:35:31 -0400] "GET /ImageAssets/Beverages.png HTTP/1.1" 302 -
0:0:0:0:0:0:0:1 - - [06/Jul/2020:11:35:31 -0400] "GET /login HTTP/1.1" 200 6378
0:0:0:0:0:0:0:1 - - [06/Jul/2020:11:35:43 -0400] "GET /HomePage HTTP/1.1" 200 17401
0:0:0:0:0:0:0:1 - - [06/Jul/2020:11:35:43 -0400] "GET /ImageAssets/Beverages.png HTTP/1.1" 302 -
0:0:0:0:0:0:0:1 - - [06/Jul/2020:11:35:43 -0400] "GET /login HTTP/1.1" 200 6378
0:0:0:0:0:0:0:1 - - [06/Jul/2020:11:35:43 -0400] "GET /ImageAssets/Beverages.png HTTP/1.1" 302 -
0:0:0:0:0:0:0:1 - - [06/Jul/2020:11:35:43 -0400] "GET /login HTTP/1.1" 200 6378
0:0:0:0:0:0:0:1 - - [06/Jul/2020:11:35:55 -0400] "GET /HomePage HTTP/1.1" 200 17403
0:0:0:0:0:0:0:1 - - [06/Jul/2020:11:35:55 -0400] "GET /ImageAssets/Beverages.png HTTP/1.1" 302 -
0:0:0:0:0:0:0:1 - - [06/Jul/2020:11:35:55 -0400] "GET /login HTTP/1.1" 200 6378
0:0:0:0:0:0:0:1 - - [06/Jul/2020:11:35:55 -0400] "GET /ImageAssets/Beverages.png HTTP/1.1" 302 -
0:0:0:0:0:0:0:1 - - [06/Jul/2020:11:35:55 -0400] "GET /login HTTP/1.1" 200 6378
0:0:0:0:0:0:0:1 - - [06/Jul/2020:11:36:44 -0400] "GET /HomePage HTTP/1.1" 200 17406
0:0:0:0:0:0:0:1 - - [06/Jul/2020:11:36:44 -0400] "GET /ImageAssets/Beverages.png HTTP/1.1" 302 -
0:0:0:0:0:0:0:1 - - [06/Jul/2020:11:36:44 -0400] "GET /login HTTP/1.1" 200 6378
0:0:0:0:0:0:0:1 - - [06/Jul/2020:11:36:44 -0400] "GET /ImageAssets/Beverages.png HTTP/1.1" 302 -
0:0:0:0:0:0:0:1 - - [06/Jul/2020:11:36:44 -0400] "GET /login HTTP/1.1" 200 6378
0:0:0:0:0:0:0:1 - - [06/Jul/2020:11:38:12 -0400] "GET /HomePage HTTP/1.1" 200 17430
0:0:0:0:0:0:0:1 - - [06/Jul/2020:11:38:12 -0400] "GET /url_for('static',%20filename='ImageAssets/Beverages.png') HTTP/1.1" 302 -
0:0:0:0:0:0:0:1 - - [06/Jul/2020:11:38:12 -0400] "GET /login HTTP/1.1" 200 6378
0:0:0:0:0:0:0:1 - - [06/Jul/2020:11:38:12 -0400] "GET /url_for('static',%20filename='ImageAssets/Beverages.png') HTTP/1.1" 302 -
0:0:0:0:0:0:0:1 - - [06/Jul/2020:11:38:12 -0400] "GET /login HTTP/1.1" 200 6378
0:0:0:0:0:0:0:1 - - [06/Jul/2020:11:38:12 -0400] "GET /favicon.ico HTTP/1.1" 302 -
0:0:0:0:0:0:0:1 - - [06/Jul/2020:11:38:51 -0400] "GET /HomePage HTTP/1.1" 200 17431
0:0:0:0:0:0:0:1 - - [06/Jul/2020:11:38:51 -0400] "GET /url_for('static',%20filename='ImageAssets/Beverages.png') HTTP/1.1" 302 -
0:0:0:0:0:0:0:1 - - [06/Jul/2020:11:38:51 -0400] "GET /login HTTP/1.1" 200 6378
0:0:0:0:0:0:0:1 - - [06/Jul/2020:11:38:51 -0400] "GET /url_for('static',%20filename='ImageAssets/Beverages.png') HTTP/1.1" 302 -
0:0:0:0:0:0:0:1 - - [06/Jul/2020:11:38:51 -0400] "GET /login HTTP/1.1" 200 6378
0:0:0:0:0:0:0:1 - - [06/Jul/2020:11:39:53 -0400] "GET /HomePage HTTP/1.1" 200 17428
0:0:0:0:0:0:0:1 - - [06/Jul/2020:11:39:53 -0400] "GET /url_for('static',%20filename='ImageAssets/Beverages.png') HTTP/1.1" 302 -
0:0:0:0:0:0:0:1 - - [06/Jul/2020:11:39:53 -0400] "GET /login HTTP/1.1" 200 6378
0:0:0:0:0:0:0:1 - - [06/Jul/2020:11:39:53 -0400] "GET /url_for('static',%20filename='ImageAssets/Beverages.png') HTTP/1.1" 302 -
0:0:0:0:0:0:0:1 - - [06/Jul/2020:11:39:53 -0400] "GET /login HTTP/1.1" 200 6378
0:0:0:0:0:0:0:1 - - [06/Jul/2020:11:39:53 -0400] "GET /favicon.ico HTTP/1.1" 302 -
0:0:0:0:0:0:0:1 - - [06/Jul/2020:11:47:20 -0400] "GET /HomePage HTTP/1.1" 200 17398
0:0:0:0:0:0:0:1 - - [06/Jul/2020:11:47:20 -0400] "GET /ImageAssets/Beverages.png HTTP/1.1" 302 -
0:0:0:0:0:0:0:1 - - [06/Jul/2020:11:47:20 -0400] "GET /login HTTP/1.1" 200 6378
0:0:0:0:0:0:0:1 - - [06/Jul/2020:11:47:20 -0400] "GET /favicon.ico HTTP/1.1" 302 -
0:0:0:0:0:0:0:1 - - [06/Jul/2020:11:49:01 -0400] "GET /HomePage HTTP/1.1" 200 17405
0:0:0:0:0:0:0:1 - - [06/Jul/2020:11:49:01 -0400] "GET /webapp/ImageAssets/Beverages.png HTTP/1.1" 302 -
0:0:0:0:0:0:0:1 - - [06/Jul/2020:11:49:01 -0400] "GET /login HTTP/1.1" 200 6378
0:0:0:0:0:0:0:1 - - [06/Jul/2020:11:49:02 -0400] "GET /webapp/ImageAssets/Beverages.png HTTP/1.1" 302 -
0:0:0:0:0:0:0:1 - - [06/Jul/2020:11:49:02 -0400] "GET /login HTTP/1.1" 200 6378
0:0:0:0:0:0:0:1 - - [06/Jul/2020:11:49:02 -0400] "GET /favicon.ico HTTP/1.1" 302 -
0:0:0:0:0:0:0:1 - - [06/Jul/2020:11:50:13 -0400] "GET /HomePage HTTP/1.1" 200 17430
0:0:0:0:0:0:0:1 - - [06/Jul/2020:11:50:13 -0400] "GET /ShippingWebsiteSpringSQL/webapp/ImageAssets/Beverages.png HTTP/1.1" 302 -
0:0:0:0:0:0:0:1 - - [06/Jul/2020:11:50:13 -0400] "GET /login HTTP/1.1" 200 6378
0:0:0:0:0:0:0:1 - - [06/Jul/2020:11:50:13 -0400] "GET /ShippingWebsiteSpringSQL/webapp/ImageAssets/Beverages.png HTTP/1.1" 302 -
0:0:0:0:0:0:0:1 - - [06/Jul/2020:11:50:13 -0400] "GET /login HTTP/1.1" 200 6378
0:0:0:0:0:0:0:1 - - [06/Jul/2020:11:50:13 -0400] "GET /favicon.ico HTTP/1.1" 302 -
0:0:0:0:0:0:0:1 - - [06/Jul/2020:11:59:05 -0400] "GET /HomePage HTTP/1.1" 200 17430
0:0:0:0:0:0:0:1 - - [06/Jul/2020:11:59:05 -0400] "GET /ShippingWebsiteSpringSQL/webapp/ImageAssets/Beverages.png HTTP/1.1" 302 -
0:0:0:0:0:0:0:1 - - [06/Jul/2020:11:59:05 -0400] "GET /login HTTP/1.1" 200 6378
0:0:0:0:0:0:0:1 - - [06/Jul/2020:11:59:05 -0400] "GET /favicon.ico HTTP/1.1" 302 -
0:0:0:0:0:0:0:1 - - [06/Jul/2020:14:43:56 -0400] "GET /HomePage HTTP/1.1" 200 17518
0:0:0:0:0:0:0:1 - - [06/Jul/2020:14:43:56 -0400] "GET /ShippingWebsiteSpringSQL/webapp/ImageAssets/Beverages.png HTTP/1.1" 302 -
0:0:0:0:0:0:0:1 - - [06/Jul/2020:14:43:56 -0400] "GET /ImageAssets/Beverages.png HTTP/1.1" 302 -
0:0:0:0:0:0:0:1 - - [06/Jul/2020:14:43:56 -0400] "GET /login HTTP/1.1" 200 6378
0:0:0:0:0:0:0:1 - - [06/Jul/2020:14:43:56 -0400] "GET /login HTTP/1.1" 200 6378
0:0:0:0:0:0:0:1 - - [06/Jul/2020:14:43:56 -0400] "GET /favicon.ico HTTP/1.1" 302 -
0:0:0:0:0:0:0:1 - - [06/Jul/2020:14:44:31 -0400] "GET /HomePage HTTP/1.1" 200 17549
0:0:0:0:0:0:0:1 - - [06/Jul/2020:14:44:31 -0400] "GET /ShippingWebsiteSpringSQL/webapp/ImageAssets/Beverages.png HTTP/1.1" 302 -
0:0:0:0:0:0:0:1 - - [06/Jul/2020:14:44:31 -0400] "GET /login HTTP/1.1" 200 6378
0:0:0:0:0:0:0:1 - - [06/Jul/2020:14:44:31 -0400] "GET /ShippingWebsiteSpringSQL/webapp/ImageAssets/Beverages.png HTTP/1.1" 302 -
0:0:0:0:0:0:0:1 - - [06/Jul/2020:14:44:31 -0400] "GET /login HTTP/1.1" 200 6378
0:0:0:0:0:0:0:1 - - [06/Jul/2020:14:50:10 -0400] "GET /HomePage HTTP/1.1" 200 17549
0:0:0:0:0:0:0:1 - - [06/Jul/2020:14:50:10 -0400] "GET /ShippingWebsiteSpringSQL/webapp/ImageAssets/Beverages.png HTTP/1.1" 302 -
0:0:0:0:0:0:0:1 - - [06/Jul/2020:14:50:10 -0400] "GET /login HTTP/1.1" 200 6378
0:0:0:0:0:0:0:1 - - [06/Jul/2020:14:50:10 -0400] "GET /ShippingWebsiteSpringSQL/webapp/ImageAssets/Beverages.png HTTP/1.1" 302 -
0:0:0:0:0:0:0:1 - - [06/Jul/2020:14:50:10 -0400] "GET /login HTTP/1.1" 200 6378
0:0:0:0:0:0:0:1 - - [06/Jul/2020:14:50:10 -0400] "GET /favicon.ico HTTP/1.1" 302 -
