0:0:0:0:0:0:0:1 - - [27/May/2020:10:19:34 -0400] "GET /login HTTP/1.1" 302 -
0:0:0:0:0:0:0:1 - - [27/May/2020:10:19:34 -0400] "GET /login HTTP/1.1" 200 6120
0:0:0:0:0:0:0:1 - - [27/May/2020:10:20:27 -0400] "POST /login HTTP/1.1" 302 -
0:0:0:0:0:0:0:1 - - [27/May/2020:10:20:27 -0400] "GET /login?error HTTP/1.1" 200 6167
0:0:0:0:0:0:0:1 - - [27/May/2020:10:20:27 -0400] "GET /login HTTP/1.1" 200 6120
0:0:0:0:0:0:0:1 - - [27/May/2020:10:21:09 -0400] "POST /login HTTP/1.1" 302 -
0:0:0:0:0:0:0:1 - - [27/May/2020:10:21:09 -0400] "GET / HTTP/1.1" 302 -
0:0:0:0:0:0:0:1 - - [27/May/2020:10:21:09 -0400] "GET /Shipping/Pacific HTTP/1.1" 404 306
0:0:0:0:0:0:0:1 - - [27/May/2020:10:21:10 -0400] "GET /login HTTP/1.1" 200 6120
0:0:0:0:0:0:0:1 - - [27/May/2020:10:21:54 -0400] "POST /login HTTP/1.1" 403 295
0:0:0:0:0:0:0:1 - - [27/May/2020:10:21:55 -0400] "GET /login HTTP/1.1" 200 6120
0:0:0:0:0:0:0:1 - - [27/May/2020:10:22:04 -0400] "GET /registration HTTP/1.1" 200 7196
0:0:0:0:0:0:0:1 - - [27/May/2020:10:23:07 -0400] "POST /registration HTTP/1.1" 302 -
0:0:0:0:0:0:0:1 - - [27/May/2020:10:23:07 -0400] "GET /welcome HTTP/1.1" 302 -
0:0:0:0:0:0:0:1 - - [27/May/2020:10:23:07 -0400] "GET /Shipping/America HTTP/1.1" 200 29974
0:0:0:0:0:0:0:1 - - [27/May/2020:10:23:24 -0400] "GET /Shipping/SingleObject/10365 HTTP/1.1" 200 7409
0:0:0:0:0:0:0:1 - - [27/May/2020:10:23:30 -0400] "GET /Shipping/addneworder HTTP/1.1" 200 15678
0:0:0:0:0:0:0:1 - - [27/May/2020:10:23:50 -0400] "GET /Shipping/addneworder/4 HTTP/1.1" 200 16777
0:0:0:0:0:0:0:1 - - [27/May/2020:10:25:17 -0400] "GET /Shipping/addneworder/Mascarpone%20Fabioli HTTP/1.1" 200 14773
0:0:0:0:0:0:0:1 - - [27/May/2020:10:26:12 -0400] "POST /Shipping/addneworder/Invoicve-0/2 HTTP/1.1" 200 14453
0:0:0:0:0:0:0:1 - - [27/May/2020:10:26:21 -0400] "POST /Shipping/addneworder/Invoicve-0/ HTTP/1.1" 200 13561
0:0:0:0:0:0:0:1 - - [27/May/2020:10:28:13 -0400] "POST /Shipping/addneworder/Invoicve-0/2 HTTP/1.1" 500 9750
0:0:0:0:0:0:0:1 - - [27/May/2020:10:28:59 -0400] "POST /Shipping/addneworder/Invoicve-0/2 HTTP/1.1" 500 9750
0:0:0:0:0:0:0:1 - - [27/May/2020:10:29:20 -0400] "POST /logout HTTP/1.1" 302 -
0:0:0:0:0:0:0:1 - - [27/May/2020:10:29:20 -0400] "GET /login?logout HTTP/1.1" 200 6158
0:0:0:0:0:0:0:1 - - [27/May/2020:10:29:29 -0400] "POST /login HTTP/1.1" 302 -
0:0:0:0:0:0:0:1 - - [27/May/2020:10:29:29 -0400] "GET / HTTP/1.1" 302 -
0:0:0:0:0:0:0:1 - - [27/May/2020:10:29:29 -0400] "GET /Shipping/Europe HTTP/1.1" 200 40834
0:0:0:0:0:0:0:1 - - [27/May/2020:10:29:29 -0400] "GET /login HTTP/1.1" 200 6120
0:0:0:0:0:0:0:1 - - [27/May/2020:10:29:40 -0400] "GET /Shipping/Europe/USA HTTP/1.1" 200 97957
0:0:0:0:0:0:0:1 - - [27/May/2020:10:29:44 -0400] "GET /Shipping/Europe/Spain HTTP/1.1" 200 40834
0:0:0:0:0:0:0:1 - - [27/May/2020:10:29:47 -0400] "GET /Shipping/Europe/Sweden HTTP/1.1" 200 48824
0:0:0:0:0:0:0:1 - - [27/May/2020:10:29:52 -0400] "GET /Shipping/Europe/Argentina HTTP/1.1" 200 36881
0:0:0:0:0:0:0:1 - - [27/May/2020:10:30:00 -0400] "GET /Shipping/Europe/Switzerland HTTP/1.1" 200 38034
0:0:0:0:0:0:0:1 - - [27/May/2020:10:30:15 -0400] "GET /Shipping/Europe/Switzerland HTTP/1.1" 200 38034
0:0:0:0:0:0:0:1 - - [27/May/2020:10:30:18 -0400] "GET /Shipping/addneworder HTTP/1.1" 200 15681
0:0:0:0:0:0:0:1 - - [27/May/2020:10:30:20 -0400] "GET /Shipping/addneworder/6 HTTP/1.1" 200 15463
0:0:0:0:0:0:0:1 - - [27/May/2020:10:30:22 -0400] "GET /Shipping/addneworder/Tourti%C3%A8re HTTP/1.1" 200 14873
0:0:0:0:0:0:0:1 - - [27/May/2020:10:30:35 -0400] "POST /Shipping/addneworder/Invoicve-0/3 HTTP/1.1" 200 13672
0:0:0:0:0:0:0:1 - - [27/May/2020:10:31:03 -0400] "POST /Shipping/tableUpdate HTTP/1.1" 302 -
0:0:0:0:0:0:0:1 - - [27/May/2020:10:31:03 -0400] "GET /Shipping/Europe/Switzerland HTTP/1.1" 200 38601
0:0:0:0:0:0:0:1 - - [27/May/2020:10:31:11 -0400] "GET /Shipping/Europe/Canada HTTP/1.1" 200 44886
0:0:0:0:0:0:0:1 - - [27/May/2020:10:31:29 -0400] "GET /Shipping/Europe/Canada HTTP/1.1" 200 44886
0:0:0:0:0:0:0:1 - - [27/May/2020:10:32:09 -0400] "GET /Shipping/SingleObject/10376 HTTP/1.1" 200 7400
0:0:0:0:0:0:0:1 - - [27/May/2020:10:32:47 -0400] "GET /Shipping/switchup?cn=Report5%2F2020&Product=freight HTTP/1.1" 200 23879
0:0:0:0:0:0:0:1 - - [27/May/2020:10:33:07 -0400] "GET /Shipping/manager HTTP/1.1" 404 306
0:0:0:0:0:0:0:1 - - [27/May/2020:10:33:46 -0400] "POST /Stats/BuildRecord/0 HTTP/1.1" 200 28411
0:0:0:0:0:0:0:1 - - [27/May/2020:10:34:09 -0400] "GET /Stats/chosenewdata/13 HTTP/1.1" 200 14685
0:0:0:0:0:0:0:1 - - [27/May/2020:10:34:12 -0400] "POST /Stats/BuildRecord/13 HTTP/1.1" 200 27716
0:0:0:0:0:0:0:1 - - [27/May/2020:10:34:16 -0400] "GET /Stats/chosenewdata/14 HTTP/1.1" 200 14613
0:0:0:0:0:0:0:1 - - [27/May/2020:10:34:21 -0400] "POST /Stats/BuildRecord/14 HTTP/1.1" 200 27577
0:0:0:0:0:0:0:1 - - [27/May/2020:10:34:48 -0400] "GET /Stats/closerecords HTTP/1.1" 200 36453
0:0:0:0:0:0:0:1 - - [27/May/2020:10:38:23 -0400] "GET /Stats/SearchFile?Record=Report5%2F2020&input=Average%3E%3D70 HTTP/1.1" 200 36493
0:0:0:0:0:0:0:1 - - [27/May/2020:10:38:45 -0400] "GET /Stats/SearchFile?input=pie+.%3D23 HTTP/1.1" 200 36512
0:0:0:0:0:0:0:1 - - [27/May/2020:10:39:30 -0400] "GET /Stats/SearchFile?Record=Report5%2F2020&input=Average+%3E%3D+70 HTTP/1.1" 200 28066
0:0:0:0:0:0:0:1 - - [27/May/2020:10:39:40 -0400] "GET /Stats/buildFinalRecord?choice=add HTTP/1.1" 200 27927
0:0:0:0:0:0:0:1 - - [27/May/2020:10:39:42 -0400] "GET /Stats/buildFinalRecord?choice=add HTTP/1.1" 302 -
0:0:0:0:0:0:0:1 - - [27/May/2020:10:39:43 -0400] "GET /Stats/chart HTTP/1.1" 200 13758
0:0:0:0:0:0:0:1 - - [27/May/2020:10:40:05 -0400] "GET /Stats/chart?action=1 HTTP/1.1" 200 12455
0:0:0:0:0:0:0:1 - - [27/May/2020:10:40:12 -0400] "GET /Stats/chart?action=1 HTTP/1.1" 200 13758
0:0:0:0:0:0:0:1 - - [27/May/2020:10:40:18 -0400] "GET /Stats/chart?action=-1 HTTP/1.1" 200 12455
0:0:0:0:0:0:0:1 - - [27/May/2020:10:40:48 -0400] "POST /logout HTTP/1.1" 302 -
0:0:0:0:0:0:0:1 - - [27/May/2020:10:40:48 -0400] "GET /login?logout HTTP/1.1" 200 6158
0:0:0:0:0:0:0:1 - - [27/May/2020:10:42:27 -0400] "GET /HomePage HTTP/1.1" 200 5892
0:0:0:0:0:0:0:1 - - [27/May/2020:10:43:17 -0400] "GET /login HTTP/1.1" 200 6120
0:0:0:0:0:0:0:1 - - [27/May/2020:11:10:54 -0400] "GET /login HTTP/1.1" 302 -
0:0:0:0:0:0:0:1 - - [27/May/2020:11:10:55 -0400] "GET /login HTTP/1.1" 200 6120
0:0:0:0:0:0:0:1 - - [27/May/2020:11:11:04 -0400] "POST /login HTTP/1.1" 302 -
0:0:0:0:0:0:0:1 - - [27/May/2020:11:11:04 -0400] "GET / HTTP/1.1" 302 -
0:0:0:0:0:0:0:1 - - [27/May/2020:11:11:04 -0400] "GET /Shipping/Europe HTTP/1.1" 200 40834
0:0:0:0:0:0:0:1 - - [27/May/2020:11:11:04 -0400] "GET /login HTTP/1.1" 200 6120
0:0:0:0:0:0:0:1 - - [27/May/2020:11:11:09 -0400] "GET /Shipping/Europe/Canada HTTP/1.1" 200 45454
0:0:0:0:0:0:0:1 - - [27/May/2020:11:11:09 -0400] "GET /login HTTP/1.1" 200 6120
0:0:0:0:0:0:0:1 - - [27/May/2020:11:11:26 -0400] "GET /Shipping/SpainDelete/11078 HTTP/1.1" 302 -
0:0:0:0:0:0:0:1 - - [27/May/2020:11:11:26 -0400] "GET /Shipping/Europe/Canada HTTP/1.1" 200 44886
0:0:0:0:0:0:0:1 - - [27/May/2020:11:11:36 -0400] "POST /logout HTTP/1.1" 302 -
0:0:0:0:0:0:0:1 - - [27/May/2020:11:11:36 -0400] "GET /login?logout HTTP/1.1" 200 6158
0:0:0:0:0:0:0:1 - - [27/May/2020:11:11:45 -0400] "POST /login HTTP/1.1" 302 -
0:0:0:0:0:0:0:1 - - [27/May/2020:11:11:45 -0400] "GET / HTTP/1.1" 302 -
0:0:0:0:0:0:0:1 - - [27/May/2020:11:11:45 -0400] "GET /Shipping/America HTTP/1.1" 200 43223
0:0:0:0:0:0:0:1 - - [27/May/2020:11:11:45 -0400] "GET /login HTTP/1.1" 200 6120
0:0:0:0:0:0:0:1 - - [27/May/2020:11:11:57 -0400] "GET /Shipping/addneworder HTTP/1.1" 200 15678
0:0:0:0:0:0:0:1 - - [27/May/2020:11:11:59 -0400] "GET /Shipping/addneworder/5 HTTP/1.1" 200 15846
0:0:0:0:0:0:0:1 - - [27/May/2020:11:12:00 -0400] "GET /Shipping/addneworder/Gnocchi%20di%20nonna%20Alice HTTP/1.1" 200 14901
0:0:0:0:0:0:0:1 - - [27/May/2020:11:12:09 -0400] "POST /Shipping/addneworder/Invoicve-0/3 HTTP/1.1" 200 13689
