0:0:0:0:0:0:0:1 - - [06/Aug/2020:06:37:31 -0400] "GET /HomePage HTTP/1.1" 200 29540
0:0:0:0:0:0:0:1 - - [06/Aug/2020:06:37:31 -0400] "GET /ImageAssets/confections.jpg HTTP/1.1" 304 -
0:0:0:0:0:0:0:1 - - [06/Aug/2020:06:37:31 -0400] "GET /ImageAssets/Grain%20&%20Cereal.jpg HTTP/1.1" 200 49949
0:0:0:0:0:0:0:1 - - [06/Aug/2020:06:37:31 -0400] "GET /ImageAssets/Condiments.jpg HTTP/1.1" 200 81102
0:0:0:0:0:0:0:1 - - [06/Aug/2020:06:37:31 -0400] "GET /ImageAssets/Produce.jpg HTTP/1.1" 200 90190
0:0:0:0:0:0:0:1 - - [06/Aug/2020:06:37:32 -0400] "GET /ImageAssets/Meat%20&%20Pultry.jpg HTTP/1.1" 200 124485
0:0:0:0:0:0:0:1 - - [06/Aug/2020:06:37:31 -0400] "GET /ImageAssets/Confusing%20Interfaces.PNG HTTP/1.1" 200 54655
0:0:0:0:0:0:0:1 - - [06/Aug/2020:06:37:32 -0400] "GET /ImageAssets/Beverages.jpg HTTP/1.1" 200 42287
0:0:0:0:0:0:0:1 - - [06/Aug/2020:06:37:32 -0400] "GET /FixedAssets/BenGibbs.jpg HTTP/1.1" 304 -
0:0:0:0:0:0:0:1 - - [06/Aug/2020:06:37:32 -0400] "GET /FixedAssets/AaronLarch.jpg HTTP/1.1" 304 -
0:0:0:0:0:0:0:1 - - [06/Aug/2020:06:37:32 -0400] "GET /FixedAssets/ComponyLogo.png HTTP/1.1" 200 25947
0:0:0:0:0:0:0:1 - - [06/Aug/2020:06:37:32 -0400] "GET /ImageAssets/Dairy%20products.jpg HTTP/1.1" 304 -
0:0:0:0:0:0:0:1 - - [06/Aug/2020:06:37:32 -0400] "GET /ImageAssets/SeaFood.jpeg HTTP/1.1" 304 -
0:0:0:0:0:0:0:1 - - [06/Aug/2020:06:37:32 -0400] "GET /FixedAssets/ShopingInterface.PNG HTTP/1.1" 200 27851
0:0:0:0:0:0:0:1 - - [06/Aug/2020:06:37:32 -0400] "GET /FixedAssets/BrianRodewald1.jpg HTTP/1.1" 304 -
0:0:0:0:0:0:0:1 - - [06/Aug/2020:06:37:32 -0400] "GET /favicon.ico HTTP/1.1" 302 -
0:0:0:0:0:0:0:1 - - [06/Aug/2020:06:37:32 -0400] "GET /login HTTP/1.1" 200 6378
0:0:0:0:0:0:0:1 - - [06/Aug/2020:08:09:12 -0400] "GET /HomePage HTTP/1.1" 200 29587
0:0:0:0:0:0:0:1 - - [06/Aug/2020:08:09:12 -0400] "GET /FixedAssets/AaronLarch.jpg HTTP/1.1" 304 -
0:0:0:0:0:0:0:1 - - [06/Aug/2020:08:09:12 -0400] "GET /FixedAssets/BenGibbs.jpg HTTP/1.1" 304 -
0:0:0:0:0:0:0:1 - - [06/Aug/2020:08:09:12 -0400] "GET /ImageAssets/confections.jpg HTTP/1.1" 304 -
0:0:0:0:0:0:0:1 - - [06/Aug/2020:08:09:12 -0400] "GET /ImageAssets/Dairy%20products.jpg HTTP/1.1" 304 -
0:0:0:0:0:0:0:1 - - [06/Aug/2020:08:09:12 -0400] "GET /FixedAssets/BrianRodewald1.jpg HTTP/1.1" 304 -
0:0:0:0:0:0:0:1 - - [06/Aug/2020:08:09:12 -0400] "GET /ImageAssets/SeaFood.jpeg HTTP/1.1" 304 -
0:0:0:0:0:0:0:1 - - [06/Aug/2020:08:09:12 -0400] "GET /ImageAssets/Produce.jpg HTTP/1.1" 200 90190
0:0:0:0:0:0:0:1 - - [06/Aug/2020:08:09:12 -0400] "GET /ImageAssets/Condiments.jpg HTTP/1.1" 200 81102
0:0:0:0:0:0:0:1 - - [06/Aug/2020:08:09:12 -0400] "GET /ImageAssets/Beverages.jpg HTTP/1.1" 200 42287
0:0:0:0:0:0:0:1 - - [06/Aug/2020:08:09:12 -0400] "GET /ImageAssets/Confusing%20Interfaces.PNG HTTP/1.1" 200 54655
0:0:0:0:0:0:0:1 - - [06/Aug/2020:08:09:12 -0400] "GET /ImageAssets/Meat%20&%20Pultry.jpg HTTP/1.1" 200 124485
0:0:0:0:0:0:0:1 - - [06/Aug/2020:08:09:12 -0400] "GET /ImageAssets/Grain%20&%20Cereal.jpg HTTP/1.1" 200 49949
0:0:0:0:0:0:0:1 - - [06/Aug/2020:08:09:12 -0400] "GET /FixedAssets/ComponyLogo.png HTTP/1.1" 200 25947
0:0:0:0:0:0:0:1 - - [06/Aug/2020:08:09:12 -0400] "GET /FixedAssets/ShopingInterface.PNG HTTP/1.1" 200 27851
