0:0:0:0:0:0:0:1 - - [09/Jul/2020:08:37:56 -0400] "GET /HomePage HTTP/1.1" 200 22077
0:0:0:0:0:0:0:1 - - [09/Jul/2020:08:37:56 -0400] "GET /ImageAssets/Condaments.jpeg HTTP/1.1" 200 41485
0:0:0:0:0:0:0:1 - - [09/Jul/2020:08:37:56 -0400] "GET /ImageAssets/grain%20cereal.jpg HTTP/1.1" 200 41318
0:0:0:0:0:0:0:1 - - [09/Jul/2020:08:37:56 -0400] "GET /ImageAssets/Beverages.png HTTP/1.1" 200 43184
0:0:0:0:0:0:0:1 - - [09/Jul/2020:08:37:56 -0400] "GET /ImageAssets/meat-pultry.jpg HTTP/1.1" 200 124485
0:0:0:0:0:0:0:1 - - [09/Jul/2020:08:37:56 -0400] "GET /ImageAssets/Produce.jpg HTTP/1.1" 200 71131
0:0:0:0:0:0:0:1 - - [09/Jul/2020:08:37:56 -0400] "GET /ImageAssets/confections.jpg HTTP/1.1" 200 315715
0:0:0:0:0:0:0:1 - - [09/Jul/2020:08:37:56 -0400] "GET /ImageAssets/seafood.jpeg HTTP/1.1" 200 267854
0:0:0:0:0:0:0:1 - - [09/Jul/2020:08:37:57 -0400] "GET /ImageAssets/Dairy%20products.jpg HTTP/1.1" 200 1718054
0:0:0:0:0:0:0:1 - - [09/Jul/2020:08:44:09 -0400] "GET /HomePage HTTP/1.1" 200 21907
0:0:0:0:0:0:0:1 - - [09/Jul/2020:08:44:09 -0400] "GET /ImageAssets/Beverages.png HTTP/1.1" 200 43184
0:0:0:0:0:0:0:1 - - [09/Jul/2020:08:44:09 -0400] "GET /ImageAssets/Condaments.jpeg HTTP/1.1" 200 41485
0:0:0:0:0:0:0:1 - - [09/Jul/2020:08:44:09 -0400] "GET /ImageAssets/grain%20cereal.jpg HTTP/1.1" 200 41318
0:0:0:0:0:0:0:1 - - [09/Jul/2020:08:44:09 -0400] "GET /ImageAssets/meat-pultry.jpg HTTP/1.1" 200 124485
0:0:0:0:0:0:0:1 - - [09/Jul/2020:08:44:09 -0400] "GET /ImageAssets/Produce.jpg HTTP/1.1" 200 71131
0:0:0:0:0:0:0:1 - - [09/Jul/2020:08:44:09 -0400] "GET /ImageAssets/confections.jpg HTTP/1.1" 200 315715
0:0:0:0:0:0:0:1 - - [09/Jul/2020:08:44:09 -0400] "GET /ImageAssets/seafood.jpeg HTTP/1.1" 200 267854
0:0:0:0:0:0:0:1 - - [09/Jul/2020:08:44:09 -0400] "GET /favicon.ico HTTP/1.1" 302 -
0:0:0:0:0:0:0:1 - - [09/Jul/2020:08:44:09 -0400] "GET /ImageAssets/Dairy%20products.jpg HTTP/1.1" 200 1718054
0:0:0:0:0:0:0:1 - - [09/Jul/2020:08:44:09 -0400] "GET /login HTTP/1.1" 200 6378
0:0:0:0:0:0:0:1 - - [09/Jul/2020:08:44:36 -0400] "GET /HomePage HTTP/1.1" 200 21909
0:0:0:0:0:0:0:1 - - [09/Jul/2020:08:44:36 -0400] "GET /ImageAssets/Beverages.png HTTP/1.1" 200 43184
0:0:0:0:0:0:0:1 - - [09/Jul/2020:08:44:36 -0400] "GET /ImageAssets/Condaments.jpeg HTTP/1.1" 200 41485
0:0:0:0:0:0:0:1 - - [09/Jul/2020:08:44:36 -0400] "GET /ImageAssets/Produce.jpg HTTP/1.1" 200 71131
0:0:0:0:0:0:0:1 - - [09/Jul/2020:08:44:36 -0400] "GET /ImageAssets/confections.jpg HTTP/1.1" 200 315715
0:0:0:0:0:0:0:1 - - [09/Jul/2020:08:44:36 -0400] "GET /ImageAssets/seafood.jpeg HTTP/1.1" 200 267854
0:0:0:0:0:0:0:1 - - [09/Jul/2020:08:44:36 -0400] "GET /ImageAssets/grain%20cereal.jpg HTTP/1.1" 200 41318
0:0:0:0:0:0:0:1 - - [09/Jul/2020:08:44:36 -0400] "GET /ImageAssets/meat-pultry.jpg HTTP/1.1" 200 124485
0:0:0:0:0:0:0:1 - - [09/Jul/2020:08:44:36 -0400] "GET /favicon.ico HTTP/1.1" 302 -
0:0:0:0:0:0:0:1 - - [09/Jul/2020:08:44:36 -0400] "GET /ImageAssets/Dairy%20products.jpg HTTP/1.1" 200 1718054
0:0:0:0:0:0:0:1 - - [09/Jul/2020:08:45:33 -0400] "GET /HomePage HTTP/1.1" 200 20270
0:0:0:0:0:0:0:1 - - [09/Jul/2020:08:45:33 -0400] "GET /ImageAssets/Beverages.png HTTP/1.1" 200 43184
0:0:0:0:0:0:0:1 - - [09/Jul/2020:08:45:33 -0400] "GET /ImageAssets/Produce.jpg HTTP/1.1" 200 71131
0:0:0:0:0:0:0:1 - - [09/Jul/2020:08:45:33 -0400] "GET /ImageAssets/grain%20cereal.jpg HTTP/1.1" 200 41318
0:0:0:0:0:0:0:1 - - [09/Jul/2020:08:45:33 -0400] "GET /ImageAssets/Condaments.jpeg HTTP/1.1" 200 41485
0:0:0:0:0:0:0:1 - - [09/Jul/2020:08:45:33 -0400] "GET /ImageAssets/confections.jpg HTTP/1.1" 200 315715
0:0:0:0:0:0:0:1 - - [09/Jul/2020:08:45:33 -0400] "GET /ImageAssets/meat-pultry.jpg HTTP/1.1" 200 124485
0:0:0:0:0:0:0:1 - - [09/Jul/2020:08:45:33 -0400] "GET /ImageAssets/seafood.jpeg HTTP/1.1" 200 267854
0:0:0:0:0:0:0:1 - - [09/Jul/2020:08:45:33 -0400] "GET /favicon.ico HTTP/1.1" 302 -
0:0:0:0:0:0:0:1 - - [09/Jul/2020:08:45:33 -0400] "GET /ImageAssets/Dairy%20products.jpg HTTP/1.1" 200 1718054
0:0:0:0:0:0:0:1 - - [09/Jul/2020:08:47:52 -0400] "GET /HomePage HTTP/1.1" 200 20499
0:0:0:0:0:0:0:1 - - [09/Jul/2020:08:47:52 -0400] "GET /ImageAssets/Confusing%20Layout's.PNG HTTP/1.1" 200 54655
0:0:0:0:0:0:0:1 - - [09/Jul/2020:08:47:52 -0400] "GET /ImageAssets/Beverages.png HTTP/1.1" 200 43184
0:0:0:0:0:0:0:1 - - [09/Jul/2020:08:47:52 -0400] "GET /ImageAssets/Condaments.jpeg HTTP/1.1" 200 41485
0:0:0:0:0:0:0:1 - - [09/Jul/2020:08:47:52 -0400] "GET /ImageAssets/Produce.jpg HTTP/1.1" 200 71131
0:0:0:0:0:0:0:1 - - [09/Jul/2020:08:47:52 -0400] "GET /ImageAssets/meat-pultry.jpg HTTP/1.1" 200 124485
0:0:0:0:0:0:0:1 - - [09/Jul/2020:08:47:52 -0400] "GET /ImageAssets/grain%20cereal.jpg HTTP/1.1" 200 41318
0:0:0:0:0:0:0:1 - - [09/Jul/2020:08:47:52 -0400] "GET /ImageAssets/confections.jpg HTTP/1.1" 200 315715
0:0:0:0:0:0:0:1 - - [09/Jul/2020:08:47:52 -0400] "GET /ImageAssets/seafood.jpeg HTTP/1.1" 200 267854
0:0:0:0:0:0:0:1 - - [09/Jul/2020:08:47:52 -0400] "GET /favicon.ico HTTP/1.1" 302 -
0:0:0:0:0:0:0:1 - - [09/Jul/2020:08:47:52 -0400] "GET /ImageAssets/Dairy%20products.jpg HTTP/1.1" 200 1718054
0:0:0:0:0:0:0:1 - - [09/Jul/2020:08:48:44 -0400] "GET /HomePage HTTP/1.1" 200 20270
0:0:0:0:0:0:0:1 - - [09/Jul/2020:08:48:44 -0400] "GET /ImageAssets/Beverages.png HTTP/1.1" 200 43184
0:0:0:0:0:0:0:1 - - [09/Jul/2020:08:48:44 -0400] "GET /ImageAssets/Condaments.jpeg HTTP/1.1" 200 41485
0:0:0:0:0:0:0:1 - - [09/Jul/2020:08:48:44 -0400] "GET /ImageAssets/grain%20cereal.jpg HTTP/1.1" 200 41318
0:0:0:0:0:0:0:1 - - [09/Jul/2020:08:48:44 -0400] "GET /ImageAssets/Produce.jpg HTTP/1.1" 200 71131
0:0:0:0:0:0:0:1 - - [09/Jul/2020:08:48:44 -0400] "GET /ImageAssets/seafood.jpeg HTTP/1.1" 200 267854
0:0:0:0:0:0:0:1 - - [09/Jul/2020:08:48:44 -0400] "GET /ImageAssets/meat-pultry.jpg HTTP/1.1" 200 124485
0:0:0:0:0:0:0:1 - - [09/Jul/2020:08:48:44 -0400] "GET /ImageAssets/confections.jpg HTTP/1.1" 200 315715
0:0:0:0:0:0:0:1 - - [09/Jul/2020:08:48:45 -0400] "GET /favicon.ico HTTP/1.1" 302 -
0:0:0:0:0:0:0:1 - - [09/Jul/2020:08:48:45 -0400] "GET /ImageAssets/Dairy%20products.jpg HTTP/1.1" 200 1718054
0:0:0:0:0:0:0:1 - - [09/Jul/2020:10:03:39 -0400] "GET /HomePage HTTP/1.1" 200 20480
0:0:0:0:0:0:0:1 - - [09/Jul/2020:10:03:40 -0400] "GET /ImageAssets/Beverages.png HTTP/1.1" 200 43184
0:0:0:0:0:0:0:1 - - [09/Jul/2020:10:03:40 -0400] "GET /ImageAssets/Condaments.jpeg HTTP/1.1" 200 41485
0:0:0:0:0:0:0:1 - - [09/Jul/2020:10:03:40 -0400] "GET /ImageAssets/grain%20cereal.jpg HTTP/1.1" 200 41318
0:0:0:0:0:0:0:1 - - [09/Jul/2020:10:03:40 -0400] "GET /ImageAssets/meat-pultry.jpg HTTP/1.1" 200 124485
0:0:0:0:0:0:0:1 - - [09/Jul/2020:10:03:40 -0400] "GET /ImageAssets/seafood.jpeg HTTP/1.1" 200 267854
0:0:0:0:0:0:0:1 - - [09/Jul/2020:10:03:40 -0400] "GET /ImageAssets/Produce.jpg HTTP/1.1" 200 71131
0:0:0:0:0:0:0:1 - - [09/Jul/2020:10:03:40 -0400] "GET /ImageAssets/confections.jpg HTTP/1.1" 200 315715
0:0:0:0:0:0:0:1 - - [09/Jul/2020:10:03:40 -0400] "GET /favicon.ico HTTP/1.1" 302 -
0:0:0:0:0:0:0:1 - - [09/Jul/2020:10:03:40 -0400] "GET /login HTTP/1.1" 200 6378
0:0:0:0:0:0:0:1 - - [09/Jul/2020:10:03:40 -0400] "GET /ImageAssets/Dairy%20products.jpg HTTP/1.1" 200 1718054
0:0:0:0:0:0:0:1 - - [09/Jul/2020:10:04:13 -0400] "GET /HomePage HTTP/1.1" 200 20617
0:0:0:0:0:0:0:1 - - [09/Jul/2020:10:04:13 -0400] "GET /ImageAssets/Beverages.png HTTP/1.1" 200 43184
0:0:0:0:0:0:0:1 - - [09/Jul/2020:10:04:13 -0400] "GET /ImageAssets/grain%20cereal.jpg HTTP/1.1" 200 41318
0:0:0:0:0:0:0:1 - - [09/Jul/2020:10:04:13 -0400] "GET /ImageAssets/Produce.jpg HTTP/1.1" 200 71131
0:0:0:0:0:0:0:1 - - [09/Jul/2020:10:04:13 -0400] "GET /ImageAssets/meat-pultry.jpg HTTP/1.1" 200 124485
0:0:0:0:0:0:0:1 - - [09/Jul/2020:10:04:13 -0400] "GET /ImageAssets/Condaments.jpeg HTTP/1.1" 200 41485
0:0:0:0:0:0:0:1 - - [09/Jul/2020:10:04:13 -0400] "GET /ImageAssets/confections.jpg HTTP/1.1" 200 315715
0:0:0:0:0:0:0:1 - - [09/Jul/2020:10:04:13 -0400] "GET /ImageAssets/seafood.jpeg HTTP/1.1" 200 267854
0:0:0:0:0:0:0:1 - - [09/Jul/2020:10:04:13 -0400] "GET /favicon.ico HTTP/1.1" 302 -
0:0:0:0:0:0:0:1 - - [09/Jul/2020:10:04:13 -0400] "GET /ImageAssets/Dairy%20products.jpg HTTP/1.1" 200 1718054
0:0:0:0:0:0:0:1 - - [09/Jul/2020:10:05:26 -0400] "GET /HomePage HTTP/1.1" 200 20496
0:0:0:0:0:0:0:1 - - [09/Jul/2020:10:05:26 -0400] "GET /ImageAssets/Beverages.png HTTP/1.1" 200 43184
0:0:0:0:0:0:0:1 - - [09/Jul/2020:10:05:26 -0400] "GET /ImageAssets/Condaments.jpeg HTTP/1.1" 200 41485
0:0:0:0:0:0:0:1 - - [09/Jul/2020:10:05:26 -0400] "GET /ImageAssets/Produce.jpg HTTP/1.1" 200 71131
0:0:0:0:0:0:0:1 - - [09/Jul/2020:10:05:26 -0400] "GET /ImageAssets/confections.jpg HTTP/1.1" 200 315715
0:0:0:0:0:0:0:1 - - [09/Jul/2020:10:05:26 -0400] "GET /ImageAssets/grain%20cereal.jpg HTTP/1.1" 200 41318
0:0:0:0:0:0:0:1 - - [09/Jul/2020:10:05:26 -0400] "GET /ImageAssets/meat-pultry.jpg HTTP/1.1" 200 124485
0:0:0:0:0:0:0:1 - - [09/Jul/2020:10:05:26 -0400] "GET /ImageAssets/seafood.jpeg HTTP/1.1" 200 267854
0:0:0:0:0:0:0:1 - - [09/Jul/2020:10:05:26 -0400] "GET /ImageAssets/Dairy%20products.jpg HTTP/1.1" 200 1718054
0:0:0:0:0:0:0:1 - - [09/Jul/2020:10:06:07 -0400] "GET /HomePage HTTP/1.1" 200 20286
0:0:0:0:0:0:0:1 - - [09/Jul/2020:10:06:07 -0400] "GET /ImageAssets/Beverages.png HTTP/1.1" 200 43184
0:0:0:0:0:0:0:1 - - [09/Jul/2020:10:06:07 -0400] "GET /ImageAssets/Condaments.jpeg HTTP/1.1" 200 41485
0:0:0:0:0:0:0:1 - - [09/Jul/2020:10:06:07 -0400] "GET /ImageAssets/Produce.jpg HTTP/1.1" 200 71131
0:0:0:0:0:0:0:1 - - [09/Jul/2020:10:06:07 -0400] "GET /ImageAssets/grain%20cereal.jpg HTTP/1.1" 200 41318
0:0:0:0:0:0:0:1 - - [09/Jul/2020:10:06:07 -0400] "GET /ImageAssets/seafood.jpeg HTTP/1.1" 200 267854
0:0:0:0:0:0:0:1 - - [09/Jul/2020:10:06:07 -0400] "GET /ImageAssets/meat-pultry.jpg HTTP/1.1" 200 124485
0:0:0:0:0:0:0:1 - - [09/Jul/2020:10:06:07 -0400] "GET /ImageAssets/confections.jpg HTTP/1.1" 200 315715
0:0:0:0:0:0:0:1 - - [09/Jul/2020:10:06:07 -0400] "GET /favicon.ico HTTP/1.1" 302 -
0:0:0:0:0:0:0:1 - - [09/Jul/2020:10:06:07 -0400] "GET /login HTTP/1.1" 200 6378
0:0:0:0:0:0:0:1 - - [09/Jul/2020:10:06:07 -0400] "GET /ImageAssets/Dairy%20products.jpg HTTP/1.1" 200 1718054
0:0:0:0:0:0:0:1 - - [09/Jul/2020:10:06:38 -0400] "GET /HomePage HTTP/1.1" 200 20254
0:0:0:0:0:0:0:1 - - [09/Jul/2020:10:06:38 -0400] "GET /ImageAssets/Beverages.png HTTP/1.1" 200 43184
0:0:0:0:0:0:0:1 - - [09/Jul/2020:10:06:38 -0400] "GET /ImageAssets/Condaments.jpeg HTTP/1.1" 200 41485
0:0:0:0:0:0:0:1 - - [09/Jul/2020:10:06:38 -0400] "GET /ImageAssets/Produce.jpg HTTP/1.1" 200 71131
0:0:0:0:0:0:0:1 - - [09/Jul/2020:10:06:38 -0400] "GET /ImageAssets/grain%20cereal.jpg HTTP/1.1" 200 41318
0:0:0:0:0:0:0:1 - - [09/Jul/2020:10:06:38 -0400] "GET /ImageAssets/confections.jpg HTTP/1.1" 200 315715
0:0:0:0:0:0:0:1 - - [09/Jul/2020:10:06:38 -0400] "GET /ImageAssets/meat-pultry.jpg HTTP/1.1" 200 124485
0:0:0:0:0:0:0:1 - - [09/Jul/2020:10:06:38 -0400] "GET /ImageAssets/seafood.jpeg HTTP/1.1" 200 267854
0:0:0:0:0:0:0:1 - - [09/Jul/2020:10:06:38 -0400] "GET /ImageAssets/Dairy%20products.jpg HTTP/1.1" 200 1718054
0:0:0:0:0:0:0:1 - - [09/Jul/2020:10:07:40 -0400] "GET /HomePage HTTP/1.1" 200 20464
0:0:0:0:0:0:0:1 - - [09/Jul/2020:10:07:41 -0400] "GET /ImageAssets/Beverages.png HTTP/1.1" 200 43184
0:0:0:0:0:0:0:1 - - [09/Jul/2020:10:07:41 -0400] "GET /ImageAssets/Condaments.jpeg HTTP/1.1" 200 41485
0:0:0:0:0:0:0:1 - - [09/Jul/2020:10:07:41 -0400] "GET /ImageAssets/meat-pultry.jpg HTTP/1.1" 200 124485
0:0:0:0:0:0:0:1 - - [09/Jul/2020:10:07:41 -0400] "GET /ImageAssets/grain%20cereal.jpg HTTP/1.1" 200 41318
0:0:0:0:0:0:0:1 - - [09/Jul/2020:10:07:41 -0400] "GET /ImageAssets/Produce.jpg HTTP/1.1" 200 71131
0:0:0:0:0:0:0:1 - - [09/Jul/2020:10:07:41 -0400] "GET /ImageAssets/seafood.jpeg HTTP/1.1" 200 267854
0:0:0:0:0:0:0:1 - - [09/Jul/2020:10:07:41 -0400] "GET /ImageAssets/confections.jpg HTTP/1.1" 200 315715
0:0:0:0:0:0:0:1 - - [09/Jul/2020:10:07:41 -0400] "GET /ImageAssets/Dairy%20products.jpg HTTP/1.1" 200 1718054
0:0:0:0:0:0:0:1 - - [09/Jul/2020:10:08:08 -0400] "GET /HomePage HTTP/1.1" 200 20478
0:0:0:0:0:0:0:1 - - [09/Jul/2020:10:08:09 -0400] "GET /ImageAssets/Condaments.jpeg HTTP/1.1" 200 41485
0:0:0:0:0:0:0:1 - - [09/Jul/2020:10:08:09 -0400] "GET /ImageAssets/grain%20cereal.jpg HTTP/1.1" 200 41318
0:0:0:0:0:0:0:1 - - [09/Jul/2020:10:08:09 -0400] "GET /ImageAssets/Beverages.png HTTP/1.1" 200 43184
0:0:0:0:0:0:0:1 - - [09/Jul/2020:10:08:09 -0400] "GET /ImageAssets/Produce.jpg HTTP/1.1" 200 71131
0:0:0:0:0:0:0:1 - - [09/Jul/2020:10:08:09 -0400] "GET /ImageAssets/meat-pultry.jpg HTTP/1.1" 200 124485
0:0:0:0:0:0:0:1 - - [09/Jul/2020:10:08:09 -0400] "GET /ImageAssets/seafood.jpeg HTTP/1.1" 200 267854
0:0:0:0:0:0:0:1 - - [09/Jul/2020:10:08:09 -0400] "GET /ImageAssets/confections.jpg HTTP/1.1" 200 315715
0:0:0:0:0:0:0:1 - - [09/Jul/2020:10:08:09 -0400] "GET /favicon.ico HTTP/1.1" 302 -
0:0:0:0:0:0:0:1 - - [09/Jul/2020:10:08:09 -0400] "GET /ImageAssets/Dairy%20products.jpg HTTP/1.1" 200 1718054
0:0:0:0:0:0:0:1 - - [09/Jul/2020:10:09:10 -0400] "GET /HomePage HTTP/1.1" 200 20440
0:0:0:0:0:0:0:1 - - [09/Jul/2020:10:09:10 -0400] "GET /ImageAssets/Beverages.png HTTP/1.1" 200 43184
0:0:0:0:0:0:0:1 - - [09/Jul/2020:10:09:10 -0400] "GET /ImageAssets/Condaments.jpeg HTTP/1.1" 200 41485
0:0:0:0:0:0:0:1 - - [09/Jul/2020:10:09:10 -0400] "GET /ImageAssets/Produce.jpg HTTP/1.1" 200 71131
0:0:0:0:0:0:0:1 - - [09/Jul/2020:10:09:10 -0400] "GET /ImageAssets/meat-pultry.jpg HTTP/1.1" 200 124485
0:0:0:0:0:0:0:1 - - [09/Jul/2020:10:09:10 -0400] "GET /ImageAssets/grain%20cereal.jpg HTTP/1.1" 200 41318
0:0:0:0:0:0:0:1 - - [09/Jul/2020:10:09:10 -0400] "GET /ImageAssets/confections.jpg HTTP/1.1" 200 315715
0:0:0:0:0:0:0:1 - - [09/Jul/2020:10:09:10 -0400] "GET /ImageAssets/seafood.jpeg HTTP/1.1" 200 267854
0:0:0:0:0:0:0:1 - - [09/Jul/2020:10:09:10 -0400] "GET /favicon.ico HTTP/1.1" 302 -
0:0:0:0:0:0:0:1 - - [09/Jul/2020:10:09:10 -0400] "GET /ImageAssets/Dairy%20products.jpg HTTP/1.1" 200 1718054
0:0:0:0:0:0:0:1 - - [09/Jul/2020:10:09:26 -0400] "GET /HomePage HTTP/1.1" 200 20328
0:0:0:0:0:0:0:1 - - [09/Jul/2020:10:09:26 -0400] "GET /ImageAssets/Condaments.jpeg HTTP/1.1" 200 41485
0:0:0:0:0:0:0:1 - - [09/Jul/2020:10:09:26 -0400] "GET /ImageAssets/Beverages.png HTTP/1.1" 200 43184
0:0:0:0:0:0:0:1 - - [09/Jul/2020:10:09:26 -0400] "GET /ImageAssets/grain%20cereal.jpg HTTP/1.1" 200 41318
0:0:0:0:0:0:0:1 - - [09/Jul/2020:10:09:26 -0400] "GET /ImageAssets/Produce.jpg HTTP/1.1" 200 71131
0:0:0:0:0:0:0:1 - - [09/Jul/2020:10:09:26 -0400] "GET /ImageAssets/meat-pultry.jpg HTTP/1.1" 200 124485
0:0:0:0:0:0:0:1 - - [09/Jul/2020:10:09:26 -0400] "GET /ImageAssets/seafood.jpeg HTTP/1.1" 200 267854
0:0:0:0:0:0:0:1 - - [09/Jul/2020:10:09:26 -0400] "GET /ImageAssets/confections.jpg HTTP/1.1" 200 315715
0:0:0:0:0:0:0:1 - - [09/Jul/2020:10:09:26 -0400] "GET /favicon.ico HTTP/1.1" 302 -
0:0:0:0:0:0:0:1 - - [09/Jul/2020:10:09:26 -0400] "GET /ImageAssets/Dairy%20products.jpg HTTP/1.1" 200 1718054
0:0:0:0:0:0:0:1 - - [09/Jul/2020:10:14:50 -0400] "GET /HomePage HTTP/1.1" 200 20294
0:0:0:0:0:0:0:1 - - [09/Jul/2020:10:14:50 -0400] "GET /ImageAssets/Beverages.png HTTP/1.1" 200 43184
0:0:0:0:0:0:0:1 - - [09/Jul/2020:10:14:50 -0400] "GET /ImageAssets/Condaments.jpeg HTTP/1.1" 200 41485
0:0:0:0:0:0:0:1 - - [09/Jul/2020:10:14:50 -0400] "GET /ImageAssets/grain%20cereal.jpg HTTP/1.1" 200 41318
0:0:0:0:0:0:0:1 - - [09/Jul/2020:10:14:50 -0400] "GET /ImageAssets/meat-pultry.jpg HTTP/1.1" 200 124485
0:0:0:0:0:0:0:1 - - [09/Jul/2020:10:14:50 -0400] "GET /ImageAssets/Produce.jpg HTTP/1.1" 200 71131
0:0:0:0:0:0:0:1 - - [09/Jul/2020:10:14:50 -0400] "GET /ImageAssets/seafood.jpeg HTTP/1.1" 200 267854
0:0:0:0:0:0:0:1 - - [09/Jul/2020:10:14:51 -0400] "GET /ImageAssets/confections.jpg HTTP/1.1" 200 315715
0:0:0:0:0:0:0:1 - - [09/Jul/2020:10:14:51 -0400] "GET /ImageAssets/Dairy%20products.jpg HTTP/1.1" 200 1718054
0:0:0:0:0:0:0:1 - - [09/Jul/2020:10:14:51 -0400] "GET /favicon.ico HTTP/1.1" 302 -
0:0:0:0:0:0:0:1 - - [09/Jul/2020:10:16:03 -0400] "GET /HomePage HTTP/1.1" 200 20297
0:0:0:0:0:0:0:1 - - [09/Jul/2020:10:16:03 -0400] "GET /ImageAssets/Beverages.png HTTP/1.1" 200 43184
0:0:0:0:0:0:0:1 - - [09/Jul/2020:10:16:03 -0400] "GET /ImageAssets/Produce.jpg HTTP/1.1" 200 71131
0:0:0:0:0:0:0:1 - - [09/Jul/2020:10:16:03 -0400] "GET /ImageAssets/meat-pultry.jpg HTTP/1.1" 200 124485
0:0:0:0:0:0:0:1 - - [09/Jul/2020:10:16:03 -0400] "GET /ImageAssets/grain%20cereal.jpg HTTP/1.1" 200 41318
0:0:0:0:0:0:0:1 - - [09/Jul/2020:10:16:03 -0400] "GET /ImageAssets/Condaments.jpeg HTTP/1.1" 200 41485
0:0:0:0:0:0:0:1 - - [09/Jul/2020:10:16:03 -0400] "GET /ImageAssets/seafood.jpeg HTTP/1.1" 200 267854
0:0:0:0:0:0:0:1 - - [09/Jul/2020:10:16:03 -0400] "GET /ImageAssets/confections.jpg HTTP/1.1" 200 315715
0:0:0:0:0:0:0:1 - - [09/Jul/2020:10:16:03 -0400] "GET /ImageAssets/Dairy%20products.jpg HTTP/1.1" 200 1718054
0:0:0:0:0:0:0:1 - - [09/Jul/2020:10:29:07 -0400] "GET /HomePage HTTP/1.1" 200 20337
0:0:0:0:0:0:0:1 - - [09/Jul/2020:10:29:07 -0400] "GET /ImageAssets/Beverages.png HTTP/1.1" 200 43184
0:0:0:0:0:0:0:1 - - [09/Jul/2020:10:29:07 -0400] "GET /ImageAssets/Condaments.jpeg HTTP/1.1" 200 41485
0:0:0:0:0:0:0:1 - - [09/Jul/2020:10:29:07 -0400] "GET /ImageAssets/grain%20cereal.jpg HTTP/1.1" 200 41318
0:0:0:0:0:0:0:1 - - [09/Jul/2020:10:29:07 -0400] "GET /ImageAssets/Produce.jpg HTTP/1.1" 200 71131
0:0:0:0:0:0:0:1 - - [09/Jul/2020:10:29:07 -0400] "GET /ImageAssets/seafood.jpeg HTTP/1.1" 200 267854
0:0:0:0:0:0:0:1 - - [09/Jul/2020:10:29:07 -0400] "GET /ImageAssets/confections.jpg HTTP/1.1" 200 315715
0:0:0:0:0:0:0:1 - - [09/Jul/2020:10:29:07 -0400] "GET /ImageAssets/meat-pultry.jpg HTTP/1.1" 200 124485
0:0:0:0:0:0:0:1 - - [09/Jul/2020:10:29:07 -0400] "GET /ImageAssets/Dairy%20products.jpg HTTP/1.1" 200 1718054
0:0:0:0:0:0:0:1 - - [09/Jul/2020:10:31:18 -0400] "GET /HomePage HTTP/1.1" 200 20383
0:0:0:0:0:0:0:1 - - [09/Jul/2020:10:31:18 -0400] "GET /ImageAssets/Beverages.png HTTP/1.1" 200 43184
0:0:0:0:0:0:0:1 - - [09/Jul/2020:10:31:18 -0400] "GET /ImageAssets/Condaments.jpeg HTTP/1.1" 200 41485
0:0:0:0:0:0:0:1 - - [09/Jul/2020:10:31:18 -0400] "GET /ImageAssets/grain%20cereal.jpg HTTP/1.1" 200 41318
0:0:0:0:0:0:0:1 - - [09/Jul/2020:10:31:18 -0400] "GET /ImageAssets/meat-pultry.jpg HTTP/1.1" 200 124485
0:0:0:0:0:0:0:1 - - [09/Jul/2020:10:31:18 -0400] "GET /ImageAssets/Produce.jpg HTTP/1.1" 200 71131
0:0:0:0:0:0:0:1 - - [09/Jul/2020:10:31:18 -0400] "GET /ImageAssets/seafood.jpeg HTTP/1.1" 200 267854
0:0:0:0:0:0:0:1 - - [09/Jul/2020:10:31:18 -0400] "GET /ImageAssets/confections.jpg HTTP/1.1" 200 315715
0:0:0:0:0:0:0:1 - - [09/Jul/2020:10:31:18 -0400] "GET /favicon.ico HTTP/1.1" 302 -
0:0:0:0:0:0:0:1 - - [09/Jul/2020:10:31:18 -0400] "GET /ImageAssets/Dairy%20products.jpg HTTP/1.1" 200 1718054
0:0:0:0:0:0:0:1 - - [09/Jul/2020:10:32:10 -0400] "GET /HomePage HTTP/1.1" 200 20296
0:0:0:0:0:0:0:1 - - [09/Jul/2020:10:32:10 -0400] "GET /ImageAssets/Condaments.jpeg HTTP/1.1" 200 41485
0:0:0:0:0:0:0:1 - - [09/Jul/2020:10:32:10 -0400] "GET /ImageAssets/Beverages.png HTTP/1.1" 200 43184
0:0:0:0:0:0:0:1 - - [09/Jul/2020:10:32:10 -0400] "GET /ImageAssets/grain%20cereal.jpg HTTP/1.1" 200 41318
0:0:0:0:0:0:0:1 - - [09/Jul/2020:10:32:10 -0400] "GET /ImageAssets/Produce.jpg HTTP/1.1" 200 71131
0:0:0:0:0:0:0:1 - - [09/Jul/2020:10:32:10 -0400] "GET /ImageAssets/meat-pultry.jpg HTTP/1.1" 200 124485
0:0:0:0:0:0:0:1 - - [09/Jul/2020:10:32:10 -0400] "GET /ImageAssets/confections.jpg HTTP/1.1" 200 315715
0:0:0:0:0:0:0:1 - - [09/Jul/2020:10:32:10 -0400] "GET /ImageAssets/seafood.jpeg HTTP/1.1" 200 267854
0:0:0:0:0:0:0:1 - - [09/Jul/2020:10:32:11 -0400] "GET /login HTTP/1.1" 200 6378
0:0:0:0:0:0:0:1 - - [09/Jul/2020:10:32:11 -0400] "GET /ImageAssets/Dairy%20products.jpg HTTP/1.1" 200 1718054
0:0:0:0:0:0:0:1 - - [09/Jul/2020:10:37:16 -0400] "GET /HomePage HTTP/1.1" 200 20461
0:0:0:0:0:0:0:1 - - [09/Jul/2020:10:37:16 -0400] "GET /ImageAssets/Beverages.png HTTP/1.1" 200 43184
0:0:0:0:0:0:0:1 - - [09/Jul/2020:10:37:16 -0400] "GET /ImageAssets/Condaments.jpeg HTTP/1.1" 200 41485
0:0:0:0:0:0:0:1 - - [09/Jul/2020:10:37:16 -0400] "GET /ImageAssets/Produce.jpg HTTP/1.1" 200 71131
0:0:0:0:0:0:0:1 - - [09/Jul/2020:10:37:16 -0400] "GET /ImageAssets/grain%20cereal.jpg HTTP/1.1" 200 41318
0:0:0:0:0:0:0:1 - - [09/Jul/2020:10:37:16 -0400] "GET /ImageAssets/meat-pultry.jpg HTTP/1.1" 200 124485
0:0:0:0:0:0:0:1 - - [09/Jul/2020:10:37:16 -0400] "GET /ImageAssets/confections.jpg HTTP/1.1" 200 315715
0:0:0:0:0:0:0:1 - - [09/Jul/2020:10:37:16 -0400] "GET /ImageAssets/seafood.jpeg HTTP/1.1" 200 267854
0:0:0:0:0:0:0:1 - - [09/Jul/2020:10:37:17 -0400] "GET /ImageAssets/Dairy%20products.jpg HTTP/1.1" 200 1718054
0:0:0:0:0:0:0:1 - - [09/Jul/2020:10:37:17 -0400] "GET /favicon.ico HTTP/1.1" 302 -
0:0:0:0:0:0:0:1 - - [09/Jul/2020:10:38:12 -0400] "GET /HomePage HTTP/1.1" 200 20415
0:0:0:0:0:0:0:1 - - [09/Jul/2020:10:38:12 -0400] "GET /ImageAssets/Beverages.png HTTP/1.1" 200 43184
0:0:0:0:0:0:0:1 - - [09/Jul/2020:10:38:12 -0400] "GET /ImageAssets/Condaments.jpeg HTTP/1.1" 200 41485
0:0:0:0:0:0:0:1 - - [09/Jul/2020:10:38:12 -0400] "GET /ImageAssets/grain%20cereal.jpg HTTP/1.1" 200 41318
0:0:0:0:0:0:0:1 - - [09/Jul/2020:10:38:12 -0400] "GET /ImageAssets/Produce.jpg HTTP/1.1" 200 71131
0:0:0:0:0:0:0:1 - - [09/Jul/2020:10:38:12 -0400] "GET /ImageAssets/confections.jpg HTTP/1.1" 200 315715
0:0:0:0:0:0:0:1 - - [09/Jul/2020:10:38:12 -0400] "GET /ImageAssets/seafood.jpeg HTTP/1.1" 200 267854
0:0:0:0:0:0:0:1 - - [09/Jul/2020:10:38:12 -0400] "GET /ImageAssets/meat-pultry.jpg HTTP/1.1" 200 124485
0:0:0:0:0:0:0:1 - - [09/Jul/2020:10:38:12 -0400] "GET /ImageAssets/Dairy%20products.jpg HTTP/1.1" 200 1718054
0:0:0:0:0:0:0:1 - - [09/Jul/2020:10:38:12 -0400] "GET /favicon.ico HTTP/1.1" 302 -
0:0:0:0:0:0:0:1 - - [09/Jul/2020:10:38:12 -0400] "GET /login HTTP/1.1" 200 6378
0:0:0:0:0:0:0:1 - - [09/Jul/2020:10:41:00 -0400] "GET /HomePage HTTP/1.1" 200 20286
0:0:0:0:0:0:0:1 - - [09/Jul/2020:10:41:01 -0400] "GET /ImageAssets/Beverages.png HTTP/1.1" 200 43184
0:0:0:0:0:0:0:1 - - [09/Jul/2020:10:41:01 -0400] "GET /ImageAssets/Condaments.jpeg HTTP/1.1" 200 41485
0:0:0:0:0:0:0:1 - - [09/Jul/2020:10:41:01 -0400] "GET /ImageAssets/meat-pultry.jpg HTTP/1.1" 200 124485
0:0:0:0:0:0:0:1 - - [09/Jul/2020:10:41:01 -0400] "GET /ImageAssets/grain%20cereal.jpg HTTP/1.1" 200 41318
0:0:0:0:0:0:0:1 - - [09/Jul/2020:10:41:01 -0400] "GET /ImageAssets/seafood.jpeg HTTP/1.1" 200 267854
0:0:0:0:0:0:0:1 - - [09/Jul/2020:10:41:01 -0400] "GET /ImageAssets/Produce.jpg HTTP/1.1" 200 71131
0:0:0:0:0:0:0:1 - - [09/Jul/2020:10:41:01 -0400] "GET /ImageAssets/confections.jpg HTTP/1.1" 200 315715
0:0:0:0:0:0:0:1 - - [09/Jul/2020:10:41:01 -0400] "GET /favicon.ico HTTP/1.1" 302 -
0:0:0:0:0:0:0:1 - - [09/Jul/2020:10:41:01 -0400] "GET /ImageAssets/Dairy%20products.jpg HTTP/1.1" 200 1718054
0:0:0:0:0:0:0:1 - - [09/Jul/2020:10:42:13 -0400] "GET /HomePage HTTP/1.1" 200 20286
0:0:0:0:0:0:0:1 - - [09/Jul/2020:10:42:13 -0400] "GET /ImageAssets/Beverages.png HTTP/1.1" 200 43184
0:0:0:0:0:0:0:1 - - [09/Jul/2020:10:42:13 -0400] "GET /ImageAssets/Produce.jpg HTTP/1.1" 200 71131
0:0:0:0:0:0:0:1 - - [09/Jul/2020:10:42:13 -0400] "GET /ImageAssets/Condaments.jpeg HTTP/1.1" 200 41485
0:0:0:0:0:0:0:1 - - [09/Jul/2020:10:42:13 -0400] "GET /ImageAssets/meat-pultry.jpg HTTP/1.1" 200 124485
0:0:0:0:0:0:0:1 - - [09/Jul/2020:10:42:13 -0400] "GET /ImageAssets/seafood.jpeg HTTP/1.1" 200 267854
0:0:0:0:0:0:0:1 - - [09/Jul/2020:10:42:13 -0400] "GET /ImageAssets/grain%20cereal.jpg HTTP/1.1" 200 41318
0:0:0:0:0:0:0:1 - - [09/Jul/2020:10:42:13 -0400] "GET /ImageAssets/confections.jpg HTTP/1.1" 200 315715
0:0:0:0:0:0:0:1 - - [09/Jul/2020:10:42:13 -0400] "GET /ImageAssets/Dairy%20products.jpg HTTP/1.1" 200 1718054
0:0:0:0:0:0:0:1 - - [09/Jul/2020:10:42:13 -0400] "GET /favicon.ico HTTP/1.1" 302 -
0:0:0:0:0:0:0:1 - - [09/Jul/2020:10:43:27 -0400] "GET /HomePage HTTP/1.1" 200 20285
0:0:0:0:0:0:0:1 - - [09/Jul/2020:10:43:27 -0400] "GET /ImageAssets/Beverages.png HTTP/1.1" 200 43184
0:0:0:0:0:0:0:1 - - [09/Jul/2020:10:43:27 -0400] "GET /ImageAssets/Condaments.jpeg HTTP/1.1" 200 41485
0:0:0:0:0:0:0:1 - - [09/Jul/2020:10:43:27 -0400] "GET /ImageAssets/grain%20cereal.jpg HTTP/1.1" 200 41318
0:0:0:0:0:0:0:1 - - [09/Jul/2020:10:43:27 -0400] "GET /ImageAssets/Produce.jpg HTTP/1.1" 200 71131
0:0:0:0:0:0:0:1 - - [09/Jul/2020:10:43:27 -0400] "GET /ImageAssets/meat-pultry.jpg HTTP/1.1" 200 124485
0:0:0:0:0:0:0:1 - - [09/Jul/2020:10:43:27 -0400] "GET /ImageAssets/confections.jpg HTTP/1.1" 200 315715
0:0:0:0:0:0:0:1 - - [09/Jul/2020:10:43:27 -0400] "GET /ImageAssets/seafood.jpeg HTTP/1.1" 200 267854
0:0:0:0:0:0:0:1 - - [09/Jul/2020:10:43:27 -0400] "GET /favicon.ico HTTP/1.1" 302 -
0:0:0:0:0:0:0:1 - - [09/Jul/2020:10:43:27 -0400] "GET /ImageAssets/Dairy%20products.jpg HTTP/1.1" 200 1718054
0:0:0:0:0:0:0:1 - - [09/Jul/2020:10:43:27 -0400] "GET /login HTTP/1.1" 200 6378
0:0:0:0:0:0:0:1 - - [09/Jul/2020:10:44:14 -0400] "GET /HomePage HTTP/1.1" 200 20284
0:0:0:0:0:0:0:1 - - [09/Jul/2020:10:44:14 -0400] "GET /ImageAssets/Condaments.jpeg HTTP/1.1" 200 41485
0:0:0:0:0:0:0:1 - - [09/Jul/2020:10:44:14 -0400] "GET /ImageAssets/grain%20cereal.jpg HTTP/1.1" 200 41318
0:0:0:0:0:0:0:1 - - [09/Jul/2020:10:44:14 -0400] "GET /ImageAssets/Produce.jpg HTTP/1.1" 200 71131
0:0:0:0:0:0:0:1 - - [09/Jul/2020:10:44:14 -0400] "GET /ImageAssets/Beverages.png HTTP/1.1" 200 43184
0:0:0:0:0:0:0:1 - - [09/Jul/2020:10:44:14 -0400] "GET /ImageAssets/seafood.jpeg HTTP/1.1" 200 267854
0:0:0:0:0:0:0:1 - - [09/Jul/2020:10:44:14 -0400] "GET /ImageAssets/confections.jpg HTTP/1.1" 200 315715
0:0:0:0:0:0:0:1 - - [09/Jul/2020:10:44:14 -0400] "GET /ImageAssets/meat-pultry.jpg HTTP/1.1" 200 124485
0:0:0:0:0:0:0:1 - - [09/Jul/2020:10:44:14 -0400] "GET /favicon.ico HTTP/1.1" 302 -
0:0:0:0:0:0:0:1 - - [09/Jul/2020:10:44:14 -0400] "GET /ImageAssets/Dairy%20products.jpg HTTP/1.1" 200 1718054
0:0:0:0:0:0:0:1 - - [09/Jul/2020:10:44:14 -0400] "GET /login HTTP/1.1" 200 6378
0:0:0:0:0:0:0:1 - - [09/Jul/2020:10:52:35 -0400] "GET /HomePage HTTP/1.1" 200 20319
0:0:0:0:0:0:0:1 - - [09/Jul/2020:10:52:35 -0400] "GET /ImageAssets/Beverages.png HTTP/1.1" 200 43184
0:0:0:0:0:0:0:1 - - [09/Jul/2020:10:52:35 -0400] "GET /ImageAssets/Condaments.jpeg HTTP/1.1" 200 41485
0:0:0:0:0:0:0:1 - - [09/Jul/2020:10:52:35 -0400] "GET /ImageAssets/grain%20cereal.jpg HTTP/1.1" 200 41318
0:0:0:0:0:0:0:1 - - [09/Jul/2020:10:52:35 -0400] "GET /ImageAssets/meat-pultry.jpg HTTP/1.1" 200 124485
0:0:0:0:0:0:0:1 - - [09/Jul/2020:10:52:35 -0400] "GET /ImageAssets/Produce.jpg HTTP/1.1" 200 71131
0:0:0:0:0:0:0:1 - - [09/Jul/2020:10:52:35 -0400] "GET /ImageAssets/seafood.jpeg HTTP/1.1" 200 267854
0:0:0:0:0:0:0:1 - - [09/Jul/2020:10:52:35 -0400] "GET /ImageAssets/confections.jpg HTTP/1.1" 200 315715
0:0:0:0:0:0:0:1 - - [09/Jul/2020:10:52:35 -0400] "GET /favicon.ico HTTP/1.1" 302 -
0:0:0:0:0:0:0:1 - - [09/Jul/2020:10:52:35 -0400] "GET /login HTTP/1.1" 200 6378
0:0:0:0:0:0:0:1 - - [09/Jul/2020:10:52:35 -0400] "GET /ImageAssets/Dairy%20products.jpg HTTP/1.1" 200 1718054
