0:0:0:0:0:0:0:1 - - [26/May/2020:14:40:20 -0400] "GET /login HTTP/1.1" 302 -
0:0:0:0:0:0:0:1 - - [26/May/2020:14:40:20 -0400] "GET /login HTTP/1.1" 200 6120
0:0:0:0:0:0:0:1 - - [26/May/2020:14:40:27 -0400] "POST /login HTTP/1.1" 302 -
0:0:0:0:0:0:0:1 - - [26/May/2020:14:40:27 -0400] "GET / HTTP/1.1" 302 -
0:0:0:0:0:0:0:1 - - [26/May/2020:14:40:27 -0400] "GET /Shipping/Europe HTTP/1.1" 200 40834
0:0:0:0:0:0:0:1 - - [26/May/2020:14:40:27 -0400] "GET /login HTTP/1.1" 200 6120
0:0:0:0:0:0:0:1 - - [26/May/2020:14:40:29 -0400] "GET /Shipping/addneworder HTTP/1.1" 200 15681
0:0:0:0:0:0:0:1 - - [26/May/2020:14:40:29 -0400] "GET /login HTTP/1.1" 200 6120
0:0:0:0:0:0:0:1 - - [26/May/2020:14:40:32 -0400] "GET /Shipping/addneworder/4 HTTP/1.1" 200 13875
0:0:0:0:0:0:0:1 - - [26/May/2020:14:40:44 -0400] "GET /Shipping/addneworder/8 HTTP/1.1" 200 13864
0:0:0:0:0:0:0:1 - - [26/May/2020:14:40:47 -0400] "GET /Shipping/addneworder/2 HTTP/1.1" 200 13883
0:0:0:0:0:0:0:1 - - [26/May/2020:14:41:21 -0400] "GET /Shipping/Europe HTTP/1.1" 200 40834
0:0:0:0:0:0:0:1 - - [26/May/2020:14:41:22 -0400] "GET /Shipping/addneworder HTTP/1.1" 200 15681
0:0:0:0:0:0:0:1 - - [26/May/2020:14:41:24 -0400] "GET /Shipping/addneworder/4 HTTP/1.1" 200 16780
0:0:0:0:0:0:0:1 - - [26/May/2020:14:43:04 -0400] "GET /Shipping/Europe HTTP/1.1" 200 40834
0:0:0:0:0:0:0:1 - - [26/May/2020:14:43:06 -0400] "GET /Shipping/addneworder HTTP/1.1" 200 15681
0:0:0:0:0:0:0:1 - - [26/May/2020:14:43:08 -0400] "GET /Shipping/addneworder/3 HTTP/1.1" 200 13869
0:0:0:0:0:0:0:1 - - [26/May/2020:14:46:24 -0400] "GET /Shipping/addneworder HTTP/1.1" 200 15681
0:0:0:0:0:0:0:1 - - [26/May/2020:14:46:26 -0400] "GET /Shipping/addneworder/1 HTTP/1.1" 200 13864
0:0:0:0:0:0:0:1 - - [26/May/2020:14:47:45 -0400] "GET /Shipping/addneworder HTTP/1.1" 200 15681
0:0:0:0:0:0:0:1 - - [26/May/2020:14:47:48 -0400] "GET /Shipping/addneworder/3 HTTP/1.1" 200 13564
0:0:0:0:0:0:0:1 - - [26/May/2020:14:49:04 -0400] "GET /Shipping/addneworder HTTP/1.1" 200 15681
0:0:0:0:0:0:0:1 - - [26/May/2020:14:49:06 -0400] "GET /Shipping/addneworder/5 HTTP/1.1" 200 13564
0:0:0:0:0:0:0:1 - - [26/May/2020:14:49:54 -0400] "GET /Shipping/addneworder/5 HTTP/1.1" 200 13893
0:0:0:0:0:0:0:1 - - [26/May/2020:14:51:25 -0400] "GET /Shipping/addneworder HTTP/1.1" 200 15681
0:0:0:0:0:0:0:1 - - [26/May/2020:14:51:28 -0400] "GET /Shipping/addneworder/6 HTTP/1.1" 200 15463
0:0:0:0:0:0:0:1 - - [26/May/2020:14:51:32 -0400] "GET /Shipping/addneworder/2 HTTP/1.1" 200 17550
0:0:0:0:0:0:0:1 - - [26/May/2020:14:51:43 -0400] "GET /Shipping/addneworder/6 HTTP/1.1" 200 15463
0:0:0:0:0:0:0:1 - - [26/May/2020:14:51:49 -0400] "GET /Shipping/addneworder/5 HTTP/1.1" 200 15849
0:0:0:0:0:0:0:1 - - [26/May/2020:14:51:53 -0400] "GET /Shipping/addneworder/1 HTTP/1.1" 200 17413
0:0:0:0:0:0:0:1 - - [26/May/2020:14:53:22 -0400] "GET /Shipping/addneworder HTTP/1.1" 200 15681
0:0:0:0:0:0:0:1 - - [26/May/2020:14:53:23 -0400] "GET /Shipping/addneworder/1 HTTP/1.1" 200 17413
