0:0:0:0:0:0:0:1 - - [02/Jun/2020:13:27:30 -0400] "GET /HomePage HTTP/1.1" 200 8482
0:0:0:0:0:0:0:1 - - [02/Jun/2020:13:27:30 -0400] "GET /NewFile.jsp HTTP/1.1" 302 -
0:0:0:0:0:0:0:1 - - [02/Jun/2020:13:27:30 -0400] "GET /login HTTP/1.1" 200 6378
0:0:0:0:0:0:0:1 - - [02/Jun/2020:13:29:39 -0400] "GET /HomePage HTTP/1.1" 200 8584
0:0:0:0:0:0:0:1 - - [02/Jun/2020:13:29:40 -0400] "GET /NewFile.jsp HTTP/1.1" 302 -
0:0:0:0:0:0:0:1 - - [02/Jun/2020:13:29:40 -0400] "GET /login HTTP/1.1" 200 6378
0:0:0:0:0:0:0:1 - - [02/Jun/2020:13:29:45 -0400] "POST /Newpage HTTP/1.1" 302 -
0:0:0:0:0:0:0:1 - - [02/Jun/2020:13:29:45 -0400] "GET /login HTTP/1.1" 200 6378
0:0:0:0:0:0:0:1 - - [02/Jun/2020:13:31:05 -0400] "GET /login HTTP/1.1" 200 6378
0:0:0:0:0:0:0:1 - - [02/Jun/2020:13:31:11 -0400] "GET /HomePage HTTP/1.1" 200 8541
0:0:0:0:0:0:0:1 - - [02/Jun/2020:13:31:29 -0400] "POST /Newpage HTTP/1.1" 302 -
0:0:0:0:0:0:0:1 - - [02/Jun/2020:13:31:29 -0400] "GET /login HTTP/1.1" 200 6378
0:0:0:0:0:0:0:1 - - [02/Jun/2020:13:32:29 -0400] "GET /HomePage HTTP/1.1" 200 8541
0:0:0:0:0:0:0:1 - - [02/Jun/2020:13:32:33 -0400] "POST /Newpage HTTP/1.1" 302 -
0:0:0:0:0:0:0:1 - - [02/Jun/2020:13:32:33 -0400] "GET /login HTTP/1.1" 200 6378
0:0:0:0:0:0:0:1 - - [02/Jun/2020:13:35:08 -0400] "-" 400 -
0:0:0:0:0:0:0:1 - - [02/Jun/2020:13:35:09 -0400] "GET /HomePage HTTP/1.1" 200 8488
0:0:0:0:0:0:0:1 - - [02/Jun/2020:13:35:13 -0400] "POST /Newpage HTTP/1.1" 302 -
0:0:0:0:0:0:0:1 - - [02/Jun/2020:13:35:13 -0400] "GET /login HTTP/1.1" 200 6378
0:0:0:0:0:0:0:1 - - [02/Jun/2020:13:35:35 -0400] "GET /HomePage HTTP/1.1" 200 8541
0:0:0:0:0:0:0:1 - - [02/Jun/2020:13:36:48 -0400] "GET /HomePage HTTP/1.1" 200 8541
0:0:0:0:0:0:0:1 - - [02/Jun/2020:13:36:51 -0400] "POST /Newpage HTTP/1.1" 302 -
0:0:0:0:0:0:0:1 - - [02/Jun/2020:13:36:51 -0400] "GET /login HTTP/1.1" 200 6378
0:0:0:0:0:0:0:1 - - [02/Jun/2020:13:41:07 -0400] "GET /HomePage HTTP/1.1" 500 11793
0:0:0:0:0:0:0:1 - - [02/Jun/2020:13:41:43 -0400] "GET /HomePage HTTP/1.1" 500 11793
0:0:0:0:0:0:0:1 - - [02/Jun/2020:13:42:26 -0400] "GET /HomePage HTTP/1.1" 500 11793
0:0:0:0:0:0:0:1 - - [02/Jun/2020:13:44:59 -0400] "GET /HomePage HTTP/1.1" 500 11793
0:0:0:0:0:0:0:1 - - [02/Jun/2020:13:45:21 -0400] "GET /HomePage HTTP/1.1" 500 11793
0:0:0:0:0:0:0:1 - - [02/Jun/2020:13:47:05 -0400] "GET /HomePage HTTP/1.1" 200 8470
0:0:0:0:0:0:0:1 - - [02/Jun/2020:13:47:43 -0400] "GET /HomePage HTTP/1.1" 200 8545
0:0:0:0:0:0:0:1 - - [02/Jun/2020:13:47:58 -0400] "POST /Newpage HTTP/1.1" 302 -
0:0:0:0:0:0:0:1 - - [02/Jun/2020:13:47:58 -0400] "GET /login HTTP/1.1" 200 6378
0:0:0:0:0:0:0:1 - - [02/Jun/2020:13:48:39 -0400] "GET /HomePage HTTP/1.1" 200 8545
0:0:0:0:0:0:0:1 - - [02/Jun/2020:14:31:20 -0400] "GET /HomePage HTTP/1.1" 200 8545
0:0:0:0:0:0:0:1 - - [02/Jun/2020:14:31:24 -0400] "POST /Newpage HTTP/1.1" 302 -
0:0:0:0:0:0:0:1 - - [02/Jun/2020:14:31:24 -0400] "GET /login HTTP/1.1" 200 6378
0:0:0:0:0:0:0:1 - - [02/Jun/2020:14:31:43 -0400] "GET /HomePage HTTP/1.1" 200 8545
0:0:0:0:0:0:0:1 - - [02/Jun/2020:14:31:47 -0400] "POST /Newpage HTTP/1.1" 302 -
0:0:0:0:0:0:0:1 - - [02/Jun/2020:14:31:47 -0400] "GET /login HTTP/1.1" 200 6378
0:0:0:0:0:0:0:1 - - [02/Jun/2020:14:32:00 -0400] "GET /Newpage HTTP/1.1" 302 -
0:0:0:0:0:0:0:1 - - [02/Jun/2020:14:32:00 -0400] "GET /login HTTP/1.1" 200 6378
0:0:0:0:0:0:0:1 - - [02/Jun/2020:14:33:12 -0400] "GET /Newpage HTTP/1.1" 302 -
0:0:0:0:0:0:0:1 - - [02/Jun/2020:14:33:12 -0400] "GET /login HTTP/1.1" 200 6378
0:0:0:0:0:0:0:1 - - [02/Jun/2020:14:34:06 -0400] "GET /Newpage HTTP/1.1" 302 -
0:0:0:0:0:0:0:1 - - [02/Jun/2020:14:34:06 -0400] "GET /login HTTP/1.1" 200 6378
0:0:0:0:0:0:0:1 - - [02/Jun/2020:14:34:42 -0400] "GET /Newpage HTTP/1.1" 302 -
0:0:0:0:0:0:0:1 - - [02/Jun/2020:14:34:42 -0400] "GET /login HTTP/1.1" 200 6378
0:0:0:0:0:0:0:1 - - [02/Jun/2020:14:35:56 -0400] "GET /HomePage HTTP/1.1" 200 8545
0:0:0:0:0:0:0:1 - - [02/Jun/2020:14:36:04 -0400] "GET /Newpage HTTP/1.1" 302 -
0:0:0:0:0:0:0:1 - - [02/Jun/2020:14:36:04 -0400] "GET /login HTTP/1.1" 200 6378
0:0:0:0:0:0:0:1 - - [02/Jun/2020:14:37:56 -0400] "GET /HomePage HTTP/1.1" 200 8545
0:0:0:0:0:0:0:1 - - [02/Jun/2020:14:38:09 -0400] "GET /newpage HTTP/1.1" 302 -
0:0:0:0:0:0:0:1 - - [02/Jun/2020:14:38:09 -0400] "GET /login HTTP/1.1" 200 6378
0:0:0:0:0:0:0:1 - - [02/Jun/2020:14:38:42 -0400] "GET /Newpage HTTP/1.1" 302 -
0:0:0:0:0:0:0:1 - - [02/Jun/2020:14:38:42 -0400] "GET /login HTTP/1.1" 200 6378
0:0:0:0:0:0:0:1 - - [02/Jun/2020:14:41:48 -0400] "GET /HomePage HTTP/1.1" 200 8546
0:0:0:0:0:0:0:1 - - [02/Jun/2020:14:41:50 -0400] "POST /HomePage HTTP/1.1" 200 8546
0:0:0:0:0:0:0:1 - - [02/Jun/2020:14:41:52 -0400] "POST /HomePage HTTP/1.1" 200 8546
0:0:0:0:0:0:0:1 - - [02/Jun/2020:14:41:52 -0400] "POST /HomePage HTTP/1.1" 200 8546
0:0:0:0:0:0:0:1 - - [02/Jun/2020:14:42:36 -0400] "POST /HomePage HTTP/1.1" 200 8545
0:0:0:0:0:0:0:1 - - [02/Jun/2020:14:42:39 -0400] "POST /NewPage HTTP/1.1" 302 -
0:0:0:0:0:0:0:1 - - [02/Jun/2020:14:42:39 -0400] "GET /login HTTP/1.1" 200 6378
0:0:0:0:0:0:0:1 - - [02/Jun/2020:14:43:32 -0400] "POST /HomePage HTTP/1.1" 200 8546
0:0:0:0:0:0:0:1 - - [02/Jun/2020:14:43:40 -0400] "POST /HomePage HTTP/1.1" 200 8546
0:0:0:0:0:0:0:1 - - [02/Jun/2020:14:43:44 -0400] "POST /TestPage HTTP/1.1" 302 -
0:0:0:0:0:0:0:1 - - [02/Jun/2020:14:43:44 -0400] "GET /login HTTP/1.1" 200 6378
0:0:0:0:0:0:0:1 - - [02/Jun/2020:14:44:16 -0400] "GET /HomePage HTTP/1.1" 200 8546
0:0:0:0:0:0:0:1 - - [02/Jun/2020:14:44:19 -0400] "GET /HomePage HTTP/1.1" 200 8546
0:0:0:0:0:0:0:1 - - [02/Jun/2020:14:44:20 -0400] "GET /HomePage HTTP/1.1" 200 8546
0:0:0:0:0:0:0:1 - - [02/Jun/2020:14:44:24 -0400] "GET /login HTTP/1.1" 200 6378
0:0:0:0:0:0:0:1 - - [02/Jun/2020:14:44:28 -0400] "POST /TestPage HTTP/1.1" 302 -
0:0:0:0:0:0:0:1 - - [02/Jun/2020:14:44:28 -0400] "GET /login HTTP/1.1" 200 6378
0:0:0:0:0:0:0:1 - - [02/Jun/2020:14:44:41 -0400] "GET /TestPage HTTP/1.1" 302 -
0:0:0:0:0:0:0:1 - - [02/Jun/2020:14:44:41 -0400] "GET /login HTTP/1.1" 200 6378
0:0:0:0:0:0:0:1 - - [02/Jun/2020:14:46:44 -0400] "GET /HomePage HTTP/1.1" 200 8462
0:0:0:0:0:0:0:1 - - [02/Jun/2020:14:46:57 -0400] "POST /TestPage HTTP/1.1" 302 -
0:0:0:0:0:0:0:1 - - [02/Jun/2020:14:46:57 -0400] "GET /login HTTP/1.1" 200 6378
0:0:0:0:0:0:0:1 - - [02/Jun/2020:14:47:36 -0400] "GET /HomePage HTTP/1.1" 200 8462
0:0:0:0:0:0:0:1 - - [02/Jun/2020:14:49:05 -0400] "GET //TestPage HTTP/1.1" 302 -
0:0:0:0:0:0:0:1 - - [02/Jun/2020:14:49:05 -0400] "GET /login HTTP/1.1" 200 6378
0:0:0:0:0:0:0:1 - - [02/Jun/2020:14:50:36 -0400] "GET /TestPage HTTP/1.1" 500 10937
0:0:0:0:0:0:0:1 - - [02/Jun/2020:14:54:31 -0400] "GET /TestPage HTTP/1.1" 405 9273
0:0:0:0:0:0:0:1 - - [02/Jun/2020:14:54:38 -0400] "GET /HomePage HTTP/1.1" 200 8462
0:0:0:0:0:0:0:1 - - [02/Jun/2020:14:54:50 -0400] "POST /TestPage HTTP/1.1" 200 8469
0:0:0:0:0:0:0:1 - - [02/Jun/2020:15:04:20 -0400] "GET /login HTTP/1.1" 200 6378
0:0:0:0:0:0:0:1 - - [02/Jun/2020:15:04:21 -0400] "GET /favicon.ico HTTP/1.1" 302 -
0:0:0:0:0:0:0:1 - - [02/Jun/2020:15:04:29 -0400] "POST /login HTTP/1.1" 302 -
0:0:0:0:0:0:0:1 - - [02/Jun/2020:15:04:29 -0400] "GET / HTTP/1.1" 302 -
0:0:0:0:0:0:0:1 - - [02/Jun/2020:15:04:29 -0400] "GET /Shipping/Europe HTTP/1.1" 200 45480
0:0:0:0:0:0:0:1 - - [02/Jun/2020:15:04:30 -0400] "GET /favicon.ico HTTP/1.1" 200 946
0:0:0:0:0:0:0:1 - - [02/Jun/2020:15:04:30 -0400] "GET /login HTTP/1.1" 200 6378
0:0:0:0:0:0:0:1 - - [02/Jun/2020:15:04:32 -0400] "GET /Shipping/addneworder HTTP/1.1" 200 18002
0:0:0:0:0:0:0:1 - - [02/Jun/2020:15:04:34 -0400] "GET /Shipping/addneworder/4 HTTP/1.1" 200 19094
0:0:0:0:0:0:0:1 - - [02/Jun/2020:15:04:35 -0400] "GET /Shipping/addneworder/Mascarpone%20Fabioli HTTP/1.1" 200 17002
0:0:0:0:0:0:0:1 - - [02/Jun/2020:15:04:52 -0400] "GET /Shipping/addneworder/Mascarpone%20Fabioli HTTP/1.1" 200 17008
0:0:0:0:0:0:0:1 - - [02/Jun/2020:15:09:20 -0400] "GET /Shipping/addneworder/Mascarpone%20Fabioli HTTP/1.1" 200 17286
0:0:0:0:0:0:0:1 - - [02/Jun/2020:15:09:46 -0400] "GET /Shipping/addneworder/Mascarpone%20Fabioli HTTP/1.1" 200 17280
0:0:0:0:0:0:0:1 - - [02/Jun/2020:15:10:08 -0400] "POST /Shipping/addneworder/Invoicve-0 HTTP/1.1" 200 15878
0:0:0:0:0:0:0:1 - - [02/Jun/2020:15:11:15 -0400] "POST /Shipping/addneworder/Invoicve-0 HTTP/1.1" 200 15878
0:0:0:0:0:0:0:1 - - [02/Jun/2020:15:11:20 -0400] "GET /Shipping/addneworder/Mascarpone%20Fabioli HTTP/1.1" 200 17008
0:0:0:0:0:0:0:1 - - [02/Jun/2020:15:11:23 -0400] "POST /Shipping/addneworder/Invoicve-0/2 HTTP/1.1" 200 16038
0:0:0:0:0:0:0:1 - - [02/Jun/2020:15:14:34 -0400] "GET /Shipping/addneworder/Mascarpone%20Fabioli HTTP/1.1" 200 17282
0:0:0:0:0:0:0:1 - - [02/Jun/2020:15:14:40 -0400] "POST /Shipping/addneworder/Invoicve-0/ HTTP/1.1" 302 -
0:0:0:0:0:0:0:1 - - [02/Jun/2020:15:14:40 -0400] "GET /Shipping/addneworder/Mascarpone%20Fabioli HTTP/1.1" 200 17308
0:0:0:0:0:0:0:1 - - [02/Jun/2020:15:14:49 -0400] "POST /Shipping/addneworder/Invoicve-0/ HTTP/1.1" 302 -
0:0:0:0:0:0:0:1 - - [02/Jun/2020:15:14:49 -0400] "GET /Shipping/addneworder/Mascarpone%20Fabioli HTTP/1.1" 200 17308
0:0:0:0:0:0:0:1 - - [02/Jun/2020:15:15:48 -0400] "POST /Shipping/addneworder/Invoicve-0/ HTTP/1.1" 302 -
0:0:0:0:0:0:0:1 - - [02/Jun/2020:15:15:48 -0400] "GET /Shipping/addneworder/Mascarpone%20Fabioli HTTP/1.1" 200 17308
0:0:0:0:0:0:0:1 - - [02/Jun/2020:15:16:30 -0400] "GET /Shipping/addneworder/Mascarpone%20Fabioli HTTP/1.1" 200 17282
0:0:0:0:0:0:0:1 - - [02/Jun/2020:15:16:31 -0400] "GET /Shipping/addneworder/Mascarpone%20Fabioli HTTP/1.1" 200 17282
0:0:0:0:0:0:0:1 - - [02/Jun/2020:15:16:32 -0400] "GET /login HTTP/1.1" 200 6378
0:0:0:0:0:0:0:1 - - [02/Jun/2020:15:16:40 -0400] "POST /Shipping/addneworder/Invoicve-0/ HTTP/1.1" 302 -
0:0:0:0:0:0:0:1 - - [02/Jun/2020:15:16:40 -0400] "GET /Shipping/addneworder/Mascarpone%20Fabioli HTTP/1.1" 200 17308
0:0:0:0:0:0:0:1 - - [02/Jun/2020:15:17:19 -0400] "GET /Shipping/addneworder/Mascarpone%20Fabioli HTTP/1.1" 200 17282
0:0:0:0:0:0:0:1 - - [02/Jun/2020:15:17:25 -0400] "POST /Shipping/addneworder/Invoicve-0/ HTTP/1.1" 200 15878
0:0:0:0:0:0:0:1 - - [02/Jun/2020:15:17:55 -0400] "GET /Shipping/addneworder/Mascarpone%20Fabioli HTTP/1.1" 200 17282
0:0:0:0:0:0:0:1 - - [02/Jun/2020:15:17:55 -0400] "GET /login HTTP/1.1" 200 6378
0:0:0:0:0:0:0:1 - - [02/Jun/2020:15:17:57 -0400] "POST /Shipping/addneworder/Invoicve-0/ HTTP/1.1" 200 15878
0:0:0:0:0:0:0:1 - - [02/Jun/2020:15:18:09 -0400] "POST /Shipping/addneworder/Invoicve-0/ HTTP/1.1" 200 15878
0:0:0:0:0:0:0:1 - - [02/Jun/2020:15:18:50 -0400] "GET /Shipping/addneworder/Mascarpone%20Fabioli HTTP/1.1" 200 17008
0:0:0:0:0:0:0:1 - - [02/Jun/2020:15:18:53 -0400] "GET /Shipping/addneworder/Gorgonzola%20Telino HTTP/1.1" 200 17009
0:0:0:0:0:0:0:1 - - [02/Jun/2020:15:18:57 -0400] "GET /Shipping/addneworder/Raclette%20Courdavault HTTP/1.1" 200 16932
0:0:0:0:0:0:0:1 - - [02/Jun/2020:15:19:05 -0400] "POST /Shipping/addneworder/Invoicve-0/1 HTTP/1.1" 200 16006
0:0:0:0:0:0:0:1 - - [02/Jun/2020:15:19:12 -0400] "POST /Shipping/addneworder/Invoicve-0/1 HTTP/1.1" 200 16006
0:0:0:0:0:0:0:1 - - [02/Jun/2020:15:19:25 -0400] "POST /Shipping/addneworder/Invoicve-0/1 HTTP/1.1" 200 16006
0:0:0:0:0:0:0:1 - - [02/Jun/2020:15:19:33 -0400] "POST /Shipping/addneworder/Invoicve-0/1 HTTP/1.1" 200 16006
0:0:0:0:0:0:0:1 - - [02/Jun/2020:15:19:40 -0400] "GET /Shipping/addneworder/Invoicve-0/0 HTTP/1.1" 405 9273
0:0:0:0:0:0:0:1 - - [02/Jun/2020:15:19:48 -0400] "POST /Shipping/addneworder/Invoicve-0/1 HTTP/1.1" 200 16006
