0:0:0:0:0:0:0:1 - - [18/Nov/2020:08:36:18 -0500] "GET /HomePage HTTP/1.1" 200 29590
0:0:0:0:0:0:0:1 - - [18/Nov/2020:08:36:18 -0500] "GET /ImageAssets/Beverages.jpg HTTP/1.1" 200 42287
0:0:0:0:0:0:0:1 - - [18/Nov/2020:08:36:18 -0500] "GET /ImageAssets/Condiments.jpg HTTP/1.1" 200 81102
0:0:0:0:0:0:0:1 - - [18/Nov/2020:08:36:18 -0500] "GET /ImageAssets/confections.jpg HTTP/1.1" 200 315715
0:0:0:0:0:0:0:1 - - [18/Nov/2020:08:36:19 -0500] "GET /ImageAssets/Produce.jpg HTTP/1.1" 200 90190
0:0:0:0:0:0:0:1 - - [18/Nov/2020:08:36:19 -0500] "GET /ImageAssets/Meat%20&%20Pultry.jpg HTTP/1.1" 200 124485
0:0:0:0:0:0:0:1 - - [18/Nov/2020:08:36:19 -0500] "GET /ImageAssets/Grain%20&%20Cereal.jpg HTTP/1.1" 200 49949
0:0:0:0:0:0:0:1 - - [18/Nov/2020:08:36:19 -0500] "GET /FixedAssets/ComponyLogo.png HTTP/1.1" 200 25947
0:0:0:0:0:0:0:1 - - [18/Nov/2020:08:36:19 -0500] "GET /ImageAssets/Confusing%20Interfaces.PNG HTTP/1.1" 200 54655
0:0:0:0:0:0:0:1 - - [18/Nov/2020:08:36:19 -0500] "GET /FixedAssets/ShopingInterface.PNG HTTP/1.1" 200 27851
0:0:0:0:0:0:0:1 - - [18/Nov/2020:08:36:19 -0500] "GET /ImageAssets/SeaFood.jpeg HTTP/1.1" 200 267854
0:0:0:0:0:0:0:1 - - [18/Nov/2020:08:36:19 -0500] "GET /FixedAssets/BenGibbs.jpg HTTP/1.1" 200 48223
0:0:0:0:0:0:0:1 - - [18/Nov/2020:08:36:19 -0500] "GET /FixedAssets/BrianRodewald1.jpg HTTP/1.1" 200 917302
0:0:0:0:0:0:0:1 - - [18/Nov/2020:08:36:19 -0500] "GET /FixedAssets/AaronLarch.jpg HTTP/1.1" 200 995586
0:0:0:0:0:0:0:1 - - [18/Nov/2020:08:36:19 -0500] "GET /ImageAssets/Dairy%20products.jpg HTTP/1.1" 200 1718054
0:0:0:0:0:0:0:1 - - [18/Nov/2020:08:36:19 -0500] "GET /favicon.ico HTTP/1.1" 302 -
0:0:0:0:0:0:0:1 - - [18/Nov/2020:08:36:19 -0500] "GET /login HTTP/1.1" 200 6472
0:0:0:0:0:0:0:1 - - [18/Nov/2020:08:37:51 -0500] "GET /HomePage HTTP/1.1" 200 29590
0:0:0:0:0:0:0:1 - - [18/Nov/2020:08:37:51 -0500] "GET /ImageAssets/Beverages.jpg HTTP/1.1" 200 42287
0:0:0:0:0:0:0:1 - - [18/Nov/2020:08:37:51 -0500] "GET /ImageAssets/Condiments.jpg HTTP/1.1" 200 81102
0:0:0:0:0:0:0:1 - - [18/Nov/2020:08:37:51 -0500] "GET /ImageAssets/Grain%20&%20Cereal.jpg HTTP/1.1" 200 49949
0:0:0:0:0:0:0:1 - - [18/Nov/2020:08:37:51 -0500] "GET /ImageAssets/Confusing%20Interfaces.PNG HTTP/1.1" 200 54655
0:0:0:0:0:0:0:1 - - [18/Nov/2020:08:37:51 -0500] "GET /ImageAssets/confections.jpg HTTP/1.1" 200 315715
0:0:0:0:0:0:0:1 - - [18/Nov/2020:08:37:51 -0500] "GET /FixedAssets/ComponyLogo.png HTTP/1.1" 200 25947
0:0:0:0:0:0:0:1 - - [18/Nov/2020:08:37:51 -0500] "GET /ImageAssets/Produce.jpg HTTP/1.1" 200 90190
0:0:0:0:0:0:0:1 - - [18/Nov/2020:08:37:51 -0500] "GET /FixedAssets/BenGibbs.jpg HTTP/1.1" 200 48223
0:0:0:0:0:0:0:1 - - [18/Nov/2020:08:37:52 -0500] "GET /ImageAssets/Meat%20&%20Pultry.jpg HTTP/1.1" 200 124485
0:0:0:0:0:0:0:1 - - [18/Nov/2020:08:37:52 -0500] "GET /ImageAssets/SeaFood.jpeg HTTP/1.1" 200 267854
0:0:0:0:0:0:0:1 - - [18/Nov/2020:08:37:52 -0500] "GET /FixedAssets/ShopingInterface.PNG HTTP/1.1" 200 27851
0:0:0:0:0:0:0:1 - - [18/Nov/2020:08:37:52 -0500] "GET /ImageAssets/Dairy%20products.jpg HTTP/1.1" 200 1718054
0:0:0:0:0:0:0:1 - - [18/Nov/2020:08:37:52 -0500] "GET /FixedAssets/BrianRodewald1.jpg HTTP/1.1" 200 917302
0:0:0:0:0:0:0:1 - - [18/Nov/2020:08:37:52 -0500] "GET /FixedAssets/AaronLarch.jpg HTTP/1.1" 200 995586
0:0:0:0:0:0:0:1 - - [18/Nov/2020:08:37:52 -0500] "GET /favicon.ico HTTP/1.1" 302 -
0:0:0:0:0:0:0:1 - - [18/Nov/2020:08:37:52 -0500] "GET /login HTTP/1.1" 200 6472
0:0:0:0:0:0:0:1 - - [18/Nov/2020:08:39:54 -0500] "GET /login HTTP/1.1" 200 6472
0:0:0:0:0:0:0:1 - - [18/Nov/2020:08:39:54 -0500] "GET /favicon.ico HTTP/1.1" 302 -
0:0:0:0:0:0:0:1 - - [18/Nov/2020:08:41:44 -0500] "POST /login HTTP/1.1" 302 -
0:0:0:0:0:0:0:1 - - [18/Nov/2020:08:41:44 -0500] "GET / HTTP/1.1" 302 -
0:0:0:0:0:0:0:1 - - [18/Nov/2020:08:41:44 -0500] "GET /Shipping/Europe HTTP/1.1" 200 54420
0:0:0:0:0:0:0:1 - - [18/Nov/2020:08:41:45 -0500] "GET /login HTTP/1.1" 200 6472
0:0:0:0:0:0:0:1 - - [18/Nov/2020:08:42:00 -0500] "GET /Shipping/Europe/Venezuela HTTP/1.1" 200 67739
0:0:0:0:0:0:0:1 - - [18/Nov/2020:08:42:09 -0500] "GET /Shipping/Europe/Norway HTTP/1.1" 200 44584
0:0:0:0:0:0:0:1 - - [18/Nov/2020:08:42:14 -0500] "GET /Shipping/Europe/Germany HTTP/1.1" 200 111400
0:0:0:0:0:0:0:1 - - [18/Nov/2020:08:42:37 -0500] "GET /Shipping/addneworder HTTP/1.1" 200 22577
0:0:0:0:0:0:0:1 - - [18/Nov/2020:08:42:44 -0500] "GET /Shipping/SingleObject/10249 HTTP/1.1" 200 7664
0:0:0:0:0:0:0:1 - - [18/Nov/2020:08:42:53 -0500] "GET /Stats/closerecords HTTP/1.1" 200 56621
0:0:0:0:0:0:0:1 - - [18/Nov/2020:08:43:36 -0500] "POST /logout HTTP/1.1" 302 -
0:0:0:0:0:0:0:1 - - [18/Nov/2020:08:43:36 -0500] "GET /login?logout HTTP/1.1" 200 6510
