0:0:0:0:0:0:0:1 - - [29/May/2020:07:38:59 -0400] "GET /HomePage HTTP/1.1" 200 6007
0:0:0:0:0:0:0:1 - - [29/May/2020:07:39:00 -0400] "GET /favicon.ico HTTP/1.1" 302 -
0:0:0:0:0:0:0:1 - - [29/May/2020:07:39:00 -0400] "GET /login HTTP/1.1" 200 6120
0:0:0:0:0:0:0:1 - - [29/May/2020:07:39:39 -0400] "GET /HomePage HTTP/1.1" 200 6028
0:0:0:0:0:0:0:1 - - [29/May/2020:07:40:10 -0400] "GET /HomePage HTTP/1.1" 200 6022
0:0:0:0:0:0:0:1 - - [29/May/2020:07:41:06 -0400] "GET /HomePage HTTP/1.1" 200 6011
0:0:0:0:0:0:0:1 - - [29/May/2020:07:41:06 -0400] "GET /favicon.ico HTTP/1.1" 302 -
0:0:0:0:0:0:0:1 - - [29/May/2020:07:43:54 -0400] "GET /HomePage HTTP/1.1" 200 6889
0:0:0:0:0:0:0:1 - - [29/May/2020:07:43:55 -0400] "GET /favicon.ico HTTP/1.1" 302 -
0:0:0:0:0:0:0:1 - - [29/May/2020:07:44:30 -0400] "GET /HomePage HTTP/1.1" 200 2104
0:0:0:0:0:0:0:1 - - [29/May/2020:07:44:50 -0400] "GET /HomePage HTTP/1.1" 200 2115
0:0:0:0:0:0:0:1 - - [29/May/2020:07:45:39 -0400] "GET /HomePage HTTP/1.1" 200 2123
0:0:0:0:0:0:0:1 - - [29/May/2020:07:46:24 -0400] "GET /HomePage HTTP/1.1" 200 2121
0:0:0:0:0:0:0:1 - - [29/May/2020:07:46:27 -0400] "GET /HomePage HTTP/1.1" 200 2121
0:0:0:0:0:0:0:1 - - [29/May/2020:07:47:27 -0400] "GET /HomePage HTTP/1.1" 200 2169
0:0:0:0:0:0:0:1 - - [29/May/2020:07:47:57 -0400] "GET /HomePage HTTP/1.1" 200 2170
0:0:0:0:0:0:0:1 - - [29/May/2020:07:49:59 -0400] "GET /HomePage HTTP/1.1" 200 2192
0:0:0:0:0:0:0:1 - - [29/May/2020:07:50:18 -0400] "GET /HomePage HTTP/1.1" 200 2192
0:0:0:0:0:0:0:1 - - [29/May/2020:07:50:20 -0400] "GET /HomePage HTTP/1.1" 200 2192
0:0:0:0:0:0:0:1 - - [29/May/2020:07:53:51 -0400] "GET /HomePage HTTP/1.1" 200 2192
0:0:0:0:0:0:0:1 - - [29/May/2020:07:59:50 -0400] "GET /HomePage HTTP/1.1" 500 11468
0:0:0:0:0:0:0:1 - - [29/May/2020:08:00:26 -0400] "GET /HomePage HTTP/1.1" 500 11468
0:0:0:0:0:0:0:1 - - [29/May/2020:08:01:14 -0400] "GET /HomePage HTTP/1.1" 500 11468
0:0:0:0:0:0:0:1 - - [29/May/2020:08:02:51 -0400] "GET /HomePage HTTP/1.1" 200 6038
0:0:0:0:0:0:0:1 - - [29/May/2020:08:02:51 -0400] "GET /favicon.ico HTTP/1.1" 302 -
0:0:0:0:0:0:0:1 - - [29/May/2020:08:03:35 -0400] "GET /HomePage HTTP/1.1" 200 5986
0:0:0:0:0:0:0:1 - - [29/May/2020:08:03:35 -0400] "GET /favicon.ico HTTP/1.1" 302 -
0:0:0:0:0:0:0:1 - - [29/May/2020:08:03:35 -0400] "-" 400 -
0:0:0:0:0:0:0:1 - - [29/May/2020:08:04:04 -0400] "GET /HomePage HTTP/1.1" 200 5986
0:0:0:0:0:0:0:1 - - [29/May/2020:08:04:47 -0400] "GET /HomePage HTTP/1.1" 200 6003
0:0:0:0:0:0:0:1 - - [29/May/2020:08:07:22 -0400] "GET /HomePage HTTP/1.1" 200 6047
0:0:0:0:0:0:0:1 - - [29/May/2020:08:07:49 -0400] "GET /HomePage HTTP/1.1" 200 6051
0:0:0:0:0:0:0:1 - - [29/May/2020:08:08:33 -0400] "GET /HomePage HTTP/1.1" 200 6035
0:0:0:0:0:0:0:1 - - [29/May/2020:08:08:33 -0400] "GET /favicon.ico HTTP/1.1" 302 -
0:0:0:0:0:0:0:1 - - [29/May/2020:08:09:22 -0400] "GET /HomePage HTTP/1.1" 200 6046
0:0:0:0:0:0:0:1 - - [29/May/2020:08:09:23 -0400] "GET /favicon.ico HTTP/1.1" 302 -
0:0:0:0:0:0:0:1 - - [29/May/2020:08:09:50 -0400] "GET /HomePage HTTP/1.1" 200 6050
0:0:0:0:0:0:0:1 - - [29/May/2020:08:09:51 -0400] "GET /favicon.ico HTTP/1.1" 302 -
0:0:0:0:0:0:0:1 - - [29/May/2020:08:10:07 -0400] "GET /HomePage HTTP/1.1" 200 6052
0:0:0:0:0:0:0:1 - - [29/May/2020:08:10:07 -0400] "GET /favicon.ico HTTP/1.1" 302 -
0:0:0:0:0:0:0:1 - - [29/May/2020:08:12:21 -0400] "GET /HomePage HTTP/1.1" 200 6070
0:0:0:0:0:0:0:1 - - [29/May/2020:08:14:59 -0400] "GET /HomePage HTTP/1.1" 200 6499
0:0:0:0:0:0:0:1 - - [29/May/2020:08:14:59 -0400] "GET /favicon.ico HTTP/1.1" 302 -
0:0:0:0:0:0:0:1 - - [29/May/2020:08:16:32 -0400] "GET /HomePage HTTP/1.1" 200 6325
0:0:0:0:0:0:0:1 - - [29/May/2020:08:16:32 -0400] "GET /favicon.ico HTTP/1.1" 302 -
0:0:0:0:0:0:0:1 - - [29/May/2020:08:17:24 -0400] "GET /HomePage HTTP/1.1" 200 6318
0:0:0:0:0:0:0:1 - - [29/May/2020:08:17:24 -0400] "GET /favicon.ico HTTP/1.1" 302 -
0:0:0:0:0:0:0:1 - - [29/May/2020:08:17:59 -0400] "GET /HomePage HTTP/1.1" 200 6103
0:0:0:0:0:0:0:1 - - [29/May/2020:08:17:59 -0400] "GET /favicon.ico HTTP/1.1" 302 -
0:0:0:0:0:0:0:1 - - [29/May/2020:08:18:33 -0400] "GET /HomePage HTTP/1.1" 200 6107
0:0:0:0:0:0:0:1 - - [29/May/2020:08:19:39 -0400] "GET /HomePage HTTP/1.1" 200 6094
0:0:0:0:0:0:0:1 - - [29/May/2020:08:19:39 -0400] "GET /favicon.ico HTTP/1.1" 302 -
0:0:0:0:0:0:0:1 - - [29/May/2020:08:20:48 -0400] "GET /HomePage HTTP/1.1" 200 6094
0:0:0:0:0:0:0:1 - - [29/May/2020:08:20:48 -0400] "GET /favicon.ico HTTP/1.1" 302 -
0:0:0:0:0:0:0:1 - - [29/May/2020:08:21:09 -0400] "GET /HomePage HTTP/1.1" 200 6135
0:0:0:0:0:0:0:1 - - [29/May/2020:08:21:39 -0400] "GET /HomePage HTTP/1.1" 200 6104
0:0:0:0:0:0:0:1 - - [29/May/2020:08:21:40 -0400] "GET /HomePage HTTP/1.1" 200 6104
0:0:0:0:0:0:0:1 - - [29/May/2020:08:25:01 -0400] "GET /HomePage HTTP/1.1" 200 6130
0:0:0:0:0:0:0:1 - - [29/May/2020:08:28:51 -0400] "GET /HomePage HTTP/1.1" 200 6009
0:0:0:0:0:0:0:1 - - [29/May/2020:08:28:51 -0400] "GET /favicon.ico HTTP/1.1" 302 -
0:0:0:0:0:0:0:1 - - [29/May/2020:08:29:16 -0400] "GET /HomePage HTTP/1.1" 200 5810
0:0:0:0:0:0:0:1 - - [29/May/2020:08:30:34 -0400] "GET /HomePage HTTP/1.1" 200 5809
0:0:0:0:0:0:0:1 - - [29/May/2020:08:30:34 -0400] "GET /favicon.ico HTTP/1.1" 302 -
0:0:0:0:0:0:0:1 - - [29/May/2020:08:33:16 -0400] "GET /HomePage HTTP/1.1" 200 5863
0:0:0:0:0:0:0:1 - - [29/May/2020:08:33:53 -0400] "GET /HomePage HTTP/1.1" 200 5912
0:0:0:0:0:0:0:1 - - [29/May/2020:08:34:27 -0400] "GET /HomePage HTTP/1.1" 200 5895
0:0:0:0:0:0:0:1 - - [29/May/2020:08:34:27 -0400] "GET /favicon.ico HTTP/1.1" 302 -
0:0:0:0:0:0:0:1 - - [29/May/2020:08:34:42 -0400] "GET /HomePage HTTP/1.1" 200 5874
0:0:0:0:0:0:0:1 - - [29/May/2020:08:34:42 -0400] "GET /favicon.ico HTTP/1.1" 302 -
0:0:0:0:0:0:0:1 - - [29/May/2020:08:37:32 -0400] "GET /HomePage HTTP/1.1" 200 6036
0:0:0:0:0:0:0:1 - - [29/May/2020:08:37:32 -0400] "GET /favicon.ico HTTP/1.1" 302 -
0:0:0:0:0:0:0:1 - - [29/May/2020:08:45:18 -0400] "GET /HomePage HTTP/1.1" 500 11233
0:0:0:0:0:0:0:1 - - [29/May/2020:08:45:19 -0400] "-" 400 -
0:0:0:0:0:0:0:1 - - [29/May/2020:08:47:02 -0400] "GET /HomePage HTTP/1.1" 200 5827
0:0:0:0:0:0:0:1 - - [29/May/2020:08:48:26 -0400] "GET /HomePage HTTP/1.1" 200 6239
0:0:0:0:0:0:0:1 - - [29/May/2020:08:50:15 -0400] "GET /HomePage HTTP/1.1" 200 6241
0:0:0:0:0:0:0:1 - - [29/May/2020:08:50:15 -0400] "GET /favicon.ico HTTP/1.1" 302 -
0:0:0:0:0:0:0:1 - - [29/May/2020:08:57:19 -0400] "GET /HomePage HTTP/1.1" 200 6246
0:0:0:0:0:0:0:1 - - [29/May/2020:08:57:20 -0400] "GET /favicon.ico HTTP/1.1" 302 -
0:0:0:0:0:0:0:1 - - [29/May/2020:08:57:50 -0400] "GET /HomePage HTTP/1.1" 200 6346
0:0:0:0:0:0:0:1 - - [29/May/2020:08:58:13 -0400] "GET /HomePage HTTP/1.1" 200 6302
0:0:0:0:0:0:0:1 - - [29/May/2020:09:00:44 -0400] "GET /HomePage HTTP/1.1" 200 6029
0:0:0:0:0:0:0:1 - - [29/May/2020:09:00:44 -0400] "GET /favicon.ico HTTP/1.1" 302 -
0:0:0:0:0:0:0:1 - - [29/May/2020:09:04:27 -0400] "GET /HomePage HTTP/1.1" 200 6024
0:0:0:0:0:0:0:1 - - [29/May/2020:09:04:27 -0400] "GET /favicon.ico HTTP/1.1" 302 -
0:0:0:0:0:0:0:1 - - [29/May/2020:09:07:52 -0400] "GET /HomePage HTTP/1.1" 200 6090
0:0:0:0:0:0:0:1 - - [29/May/2020:09:08:22 -0400] "GET /HomePage HTTP/1.1" 200 6011
0:0:0:0:0:0:0:1 - - [29/May/2020:09:08:22 -0400] "GET /favicon.ico HTTP/1.1" 302 -
0:0:0:0:0:0:0:1 - - [29/May/2020:09:09:17 -0400] "GET /HomePage HTTP/1.1" 200 6294
0:0:0:0:0:0:0:1 - - [29/May/2020:09:09:17 -0400] "GET /favicon.ico HTTP/1.1" 302 -
0:0:0:0:0:0:0:1 - - [29/May/2020:09:17:19 -0400] "GET /HomePage HTTP/1.1" 200 6152
0:0:0:0:0:0:0:1 - - [29/May/2020:09:17:19 -0400] "GET /favicon.ico HTTP/1.1" 302 -
0:0:0:0:0:0:0:1 - - [29/May/2020:09:17:34 -0400] "GET /HomePage HTTP/1.1" 200 6515
0:0:0:0:0:0:0:1 - - [29/May/2020:09:17:34 -0400] "GET /favicon.ico HTTP/1.1" 302 -
0:0:0:0:0:0:0:1 - - [29/May/2020:09:21:38 -0400] "GET /HomePage HTTP/1.1" 200 6340
0:0:0:0:0:0:0:1 - - [29/May/2020:09:21:53 -0400] "GET /HomePage HTTP/1.1" 200 6287
0:0:0:0:0:0:0:1 - - [29/May/2020:09:21:53 -0400] "GET /login HTTP/1.1" 200 6120
0:0:0:0:0:0:0:1 - - [29/May/2020:09:23:07 -0400] "GET /HomePage HTTP/1.1" 200 6287
0:0:0:0:0:0:0:1 - - [29/May/2020:09:23:07 -0400] "GET /favicon.ico HTTP/1.1" 302 -
0:0:0:0:0:0:0:1 - - [29/May/2020:09:23:26 -0400] "GET /HomePage HTTP/1.1" 200 6288
0:0:0:0:0:0:0:1 - - [29/May/2020:09:23:42 -0400] "GET /HomePage HTTP/1.1" 200 6288
0:0:0:0:0:0:0:1 - - [29/May/2020:09:23:42 -0400] "GET /favicon.ico HTTP/1.1" 302 -
0:0:0:0:0:0:0:1 - - [29/May/2020:09:23:42 -0400] "GET /login HTTP/1.1" 200 6120
0:0:0:0:0:0:0:1 - - [29/May/2020:09:24:30 -0400] "GET /HomePage HTTP/1.1" 200 6286
0:0:0:0:0:0:0:1 - - [29/May/2020:09:24:30 -0400] "GET /favicon.ico HTTP/1.1" 302 -
0:0:0:0:0:0:0:1 - - [29/May/2020:09:24:49 -0400] "GET /HomePage HTTP/1.1" 200 6286
0:0:0:0:0:0:0:1 - - [29/May/2020:09:26:50 -0400] "GET /HomePage HTTP/1.1" 200 6332
0:0:0:0:0:0:0:1 - - [29/May/2020:09:27:18 -0400] "GET /HomePage HTTP/1.1" 200 6334
0:0:0:0:0:0:0:1 - - [29/May/2020:09:27:18 -0400] "GET /favicon.ico HTTP/1.1" 302 -
0:0:0:0:0:0:0:1 - - [29/May/2020:09:28:28 -0400] "GET /HomePage HTTP/1.1" 200 6411
0:0:0:0:0:0:0:1 - - [29/May/2020:09:30:21 -0400] "GET /HomePage HTTP/1.1" 200 6276
0:0:0:0:0:0:0:1 - - [29/May/2020:09:30:21 -0400] "GET /favicon.ico HTTP/1.1" 302 -
0:0:0:0:0:0:0:1 - - [29/May/2020:09:31:27 -0400] "GET /HomePage HTTP/1.1" 200 6238
0:0:0:0:0:0:0:1 - - [29/May/2020:09:31:28 -0400] "GET /favicon.ico HTTP/1.1" 302 -
0:0:0:0:0:0:0:1 - - [29/May/2020:09:33:31 -0400] "GET /HomePage HTTP/1.1" 200 6066
0:0:0:0:0:0:0:1 - - [29/May/2020:09:33:32 -0400] "GET /favicon.ico HTTP/1.1" 302 -
0:0:0:0:0:0:0:1 - - [29/May/2020:09:34:03 -0400] "GET /HomePage HTTP/1.1" 200 6011
0:0:0:0:0:0:0:1 - - [29/May/2020:09:58:19 -0400] "GET /HomePage HTTP/1.1" 200 6103
0:0:0:0:0:0:0:1 - - [29/May/2020:09:58:19 -0400] "GET /favicon.ico HTTP/1.1" 302 -
0:0:0:0:0:0:0:1 - - [29/May/2020:09:58:19 -0400] "-" 400 -
0:0:0:0:0:0:0:1 - - [29/May/2020:09:58:40 -0400] "GET /HomePage HTTP/1.1" 200 6105
0:0:0:0:0:0:0:1 - - [29/May/2020:09:59:10 -0400] "GET /HomePage HTTP/1.1" 200 6101
0:0:0:0:0:0:0:1 - - [29/May/2020:09:59:23 -0400] "GET /HomePage HTTP/1.1" 200 6103
0:0:0:0:0:0:0:1 - - [29/May/2020:09:59:24 -0400] "GET /login HTTP/1.1" 200 6120
0:0:0:0:0:0:0:1 - - [29/May/2020:10:00:28 -0400] "GET /HomePage HTTP/1.1" 200 6155
0:0:0:0:0:0:0:1 - - [29/May/2020:10:08:42 -0400] "GET /HomePage HTTP/1.1" 200 6423
0:0:0:0:0:0:0:1 - - [29/May/2020:10:08:42 -0400] "GET /favicon.ico HTTP/1.1" 302 -
0:0:0:0:0:0:0:1 - - [29/May/2020:10:09:26 -0400] "GET /HomePage HTTP/1.1" 200 6433
0:0:0:0:0:0:0:1 - - [29/May/2020:10:09:46 -0400] "GET /HomePage HTTP/1.1" 200 6338
0:0:0:0:0:0:0:1 - - [29/May/2020:10:09:46 -0400] "GET /login HTTP/1.1" 200 6120
0:0:0:0:0:0:0:1 - - [29/May/2020:10:10:01 -0400] "GET /HomePage HTTP/1.1" 200 5861
0:0:0:0:0:0:0:1 - - [29/May/2020:10:10:01 -0400] "GET /login HTTP/1.1" 200 6120
0:0:0:0:0:0:0:1 - - [29/May/2020:10:10:41 -0400] "GET /HomePage HTTP/1.1" 200 5830
0:0:0:0:0:0:0:1 - - [29/May/2020:10:10:41 -0400] "GET /login HTTP/1.1" 200 6120
0:0:0:0:0:0:0:1 - - [29/May/2020:10:11:27 -0400] "GET /HomePage HTTP/1.1" 200 6214
0:0:0:0:0:0:0:1 - - [29/May/2020:10:11:27 -0400] "GET /favicon.ico HTTP/1.1" 302 -
0:0:0:0:0:0:0:1 - - [29/May/2020:10:11:31 -0400] "GET /HomePage HTTP/1.1" 200 6214
0:0:0:0:0:0:0:1 - - [29/May/2020:10:11:31 -0400] "GET /login HTTP/1.1" 200 6120
0:0:0:0:0:0:0:1 - - [29/May/2020:10:12:11 -0400] "GET /HomePage HTTP/1.1" 200 6255
0:0:0:0:0:0:0:1 - - [29/May/2020:10:12:34 -0400] "GET /HomePage HTTP/1.1" 200 6287
0:0:0:0:0:0:0:1 - - [29/May/2020:10:12:35 -0400] "GET /login HTTP/1.1" 200 6120
0:0:0:0:0:0:0:1 - - [29/May/2020:10:15:03 -0400] "GET /HomePage HTTP/1.1" 200 6287
0:0:0:0:0:0:0:1 - - [29/May/2020:10:15:04 -0400] "GET /favicon.ico HTTP/1.1" 302 -
0:0:0:0:0:0:0:1 - - [29/May/2020:10:17:22 -0400] "GET /HomePage HTTP/1.1" 200 6159
0:0:0:0:0:0:0:1 - - [29/May/2020:10:18:16 -0400] "GET /HomePage HTTP/1.1" 200 5852
0:0:0:0:0:0:0:1 - - [29/May/2020:10:18:16 -0400] "GET /login HTTP/1.1" 200 6120
0:0:0:0:0:0:0:1 - - [29/May/2020:10:18:43 -0400] "GET /HomePage HTTP/1.1" 200 5928
0:0:0:0:0:0:0:1 - - [29/May/2020:10:18:43 -0400] "GET /login HTTP/1.1" 200 6120
0:0:0:0:0:0:0:1 - - [29/May/2020:10:40:29 -0400] "GET /HomePage HTTP/1.1" 200 8114
0:0:0:0:0:0:0:1 - - [29/May/2020:10:40:32 -0400] "GET /login HTTP/1.1" 200 6378
0:0:0:0:0:0:0:1 - - [29/May/2020:10:40:38 -0400] "POST /login HTTP/1.1" 302 -
0:0:0:0:0:0:0:1 - - [29/May/2020:10:40:38 -0400] "GET / HTTP/1.1" 302 -
0:0:0:0:0:0:0:1 - - [29/May/2020:10:40:39 -0400] "GET /Shipping/Europe HTTP/1.1" 200 45630
0:0:0:0:0:0:0:1 - - [29/May/2020:10:40:39 -0400] "GET /login HTTP/1.1" 200 6378
0:0:0:0:0:0:0:1 - - [29/May/2020:10:40:39 -0400] "GET /favicon.ico HTTP/1.1" 200 946
0:0:0:0:0:0:0:1 - - [29/May/2020:10:40:45 -0400] "GET /Shipping/switchup?cn=&Product=shipVia HTTP/1.1" 200 24408
0:0:0:0:0:0:0:1 - - [29/May/2020:10:40:52 -0400] "POST /Stats/BuildRecord/0 HTTP/1.1" 200 33053
0:0:0:0:0:0:0:1 - - [29/May/2020:10:40:57 -0400] "GET /Stats/closerecords HTTP/1.1" 200 43314
0:0:0:0:0:0:0:1 - - [29/May/2020:10:40:58 -0400] "GET /login HTTP/1.1" 200 6378
0:0:0:0:0:0:0:1 - - [29/May/2020:10:41:42 -0400] "GET /Stats/SearchFile?Record=Report5%2F2020&input=Name+Contains+1 HTTP/1.1" 200 33586
0:0:0:0:0:0:0:1 - - [29/May/2020:10:41:47 -0400] "GET /Stats/buildFinalRecord?choice=add HTTP/1.1" 302 -
0:0:0:0:0:0:0:1 - - [29/May/2020:10:41:47 -0400] "GET /Stats/chart HTTP/1.1" 500 11500
0:0:0:0:0:0:0:1 - - [29/May/2020:10:41:47 -0400] "-" 400 -
0:0:0:0:0:0:0:1 - - [29/May/2020:10:42:38 -0400] "GET /Stats/chart HTTP/1.1" 500 11500
0:0:0:0:0:0:0:1 - - [29/May/2020:10:43:46 -0400] "GET /Stats/chart HTTP/1.1" 200 19057
0:0:0:0:0:0:0:1 - - [29/May/2020:10:43:47 -0400] "GET /favicon.ico HTTP/1.1" 200 946
0:0:0:0:0:0:0:1 - - [29/May/2020:10:43:52 -0400] "GET /Stats/chart?action=1 HTTP/1.1" 200 19057
0:0:0:0:0:0:0:1 - - [29/May/2020:10:43:52 -0400] "GET /login HTTP/1.1" 200 6378
0:0:0:0:0:0:0:1 - - [29/May/2020:10:45:35 -0400] "GET /Stats/chart?action=1 HTTP/1.1" 200 26001
0:0:0:0:0:0:0:1 - - [29/May/2020:10:45:36 -0400] "-" 400 -
0:0:0:0:0:0:0:1 - - [29/May/2020:10:47:40 -0400] "GET /Stats/chart?action=1 HTTP/1.1" 200 23884
0:0:0:0:0:0:0:1 - - [29/May/2020:10:47:40 -0400] "GET /favicon.ico HTTP/1.1" 200 946
0:0:0:0:0:0:0:1 - - [29/May/2020:10:47:40 -0400] "-" 400 -
0:0:0:0:0:0:0:1 - - [29/May/2020:10:47:49 -0400] "GET /Stats/chart?action=1 HTTP/1.1" 200 23884
0:0:0:0:0:0:0:1 - - [29/May/2020:10:47:49 -0400] "GET /login HTTP/1.1" 200 6378
0:0:0:0:0:0:0:1 - - [29/May/2020:10:48:12 -0400] "GET /Stats/chart?action=-1 HTTP/1.1" 200 23855
0:0:0:0:0:0:0:1 - - [29/May/2020:10:48:12 -0400] "GET /favicon.ico HTTP/1.1" 200 946
0:0:0:0:0:0:0:1 - - [29/May/2020:10:48:12 -0400] "-" 400 -
0:0:0:0:0:0:0:1 - - [29/May/2020:10:48:26 -0400] "GET /Stats/chart?action=-1 HTTP/1.1" 200 23884
0:0:0:0:0:0:0:1 - - [29/May/2020:10:48:26 -0400] "GET /login HTTP/1.1" 200 6378
0:0:0:0:0:0:0:1 - - [29/May/2020:10:48:31 -0400] "GET /Stats/chart?action=1 HTTP/1.1" 200 23884
0:0:0:0:0:0:0:1 - - [29/May/2020:10:52:14 -0400] "GET /Stats/chart?action=1 HTTP/1.1" 200 24029
0:0:0:0:0:0:0:1 - - [29/May/2020:10:52:14 -0400] "GET /favicon.ico HTTP/1.1" 200 946
0:0:0:0:0:0:0:1 - - [29/May/2020:10:53:56 -0400] "GET /Stats/chart?action=1 HTTP/1.1" 200 24035
0:0:0:0:0:0:0:1 - - [29/May/2020:10:53:57 -0400] "GET /favicon.ico HTTP/1.1" 200 946
0:0:0:0:0:0:0:1 - - [29/May/2020:10:54:40 -0400] "GET /Stats/chart?action=1 HTTP/1.1" 200 26148
0:0:0:0:0:0:0:1 - - [29/May/2020:10:54:41 -0400] "GET /favicon.ico HTTP/1.1" 200 946
0:0:0:0:0:0:0:1 - - [29/May/2020:10:54:41 -0400] "-" 400 -
0:0:0:0:0:0:0:1 - - [29/May/2020:10:54:58 -0400] "GET /Stats/chart?action=1 HTTP/1.1" 200 26148
0:0:0:0:0:0:0:1 - - [29/May/2020:10:54:58 -0400] "GET /favicon.ico HTTP/1.1" 200 946
0:0:0:0:0:0:0:1 - - [29/May/2020:10:54:58 -0400] "-" 400 -
0:0:0:0:0:0:0:1 - - [29/May/2020:10:59:08 -0400] "GET /Stats/chart?action=-1 HTTP/1.1" 200 23923
0:0:0:0:0:0:0:1 - - [29/May/2020:10:59:08 -0400] "GET /favicon.ico HTTP/1.1" 200 946
0:0:0:0:0:0:0:1 - - [29/May/2020:10:59:42 -0400] "GET /Stats/chart?action=-1 HTTP/1.1" 200 29537
0:0:0:0:0:0:0:1 - - [29/May/2020:10:59:42 -0400] "GET /favicon.ico HTTP/1.1" 200 946
0:0:0:0:0:0:0:1 - - [29/May/2020:11:00:06 -0400] "GET /Stats/chart?action=1 HTTP/1.1" 200 29537
0:0:0:0:0:0:0:1 - - [29/May/2020:11:00:06 -0400] "GET /favicon.ico HTTP/1.1" 200 946
0:0:0:0:0:0:0:1 - - [29/May/2020:11:00:40 -0400] "GET /Stats/chart?action=1 HTTP/1.1" 200 25679
0:0:0:0:0:0:0:1 - - [29/May/2020:11:00:40 -0400] "GET /favicon.ico HTTP/1.1" 200 946
0:0:0:0:0:0:0:1 - - [29/May/2020:11:01:27 -0400] "GET /Stats/chart?action=1 HTTP/1.1" 200 29499
0:0:0:0:0:0:0:1 - - [29/May/2020:11:01:27 -0400] "GET /favicon.ico HTTP/1.1" 200 946
0:0:0:0:0:0:0:1 - - [29/May/2020:11:01:28 -0400] "-" 400 -
0:0:0:0:0:0:0:1 - - [29/May/2020:11:02:12 -0400] "GET /Stats/chart?action=1 HTTP/1.1" 200 29926
0:0:0:0:0:0:0:1 - - [29/May/2020:11:02:12 -0400] "GET /favicon.ico HTTP/1.1" 200 946
0:0:0:0:0:0:0:1 - - [29/May/2020:11:02:12 -0400] "-" 400 -
0:0:0:0:0:0:0:1 - - [29/May/2020:11:02:39 -0400] "GET /Stats/chart?action=1 HTTP/1.1" 200 29077
0:0:0:0:0:0:0:1 - - [29/May/2020:11:02:39 -0400] "GET /login HTTP/1.1" 200 6378
0:0:0:0:0:0:0:1 - - [29/May/2020:11:03:22 -0400] "GET /Stats/chart?action=1 HTTP/1.1" 200 29098
0:0:0:0:0:0:0:1 - - [29/May/2020:11:03:22 -0400] "GET /favicon.ico HTTP/1.1" 200 946
0:0:0:0:0:0:0:1 - - [29/May/2020:11:03:49 -0400] "GET /Stats/chart?action=1 HTTP/1.1" 200 29048
0:0:0:0:0:0:0:1 - - [29/May/2020:11:04:52 -0400] "GET /Stats/chart?action=1 HTTP/1.1" 200 28170
0:0:0:0:0:0:0:1 - - [29/May/2020:11:04:52 -0400] "GET /favicon.ico HTTP/1.1" 200 946
0:0:0:0:0:0:0:1 - - [29/May/2020:11:05:28 -0400] "GET /Stats/chart?action=1 HTTP/1.1" 200 28214
0:0:0:0:0:0:0:1 - - [29/May/2020:11:05:28 -0400] "GET /favicon.ico HTTP/1.1" 200 946
0:0:0:0:0:0:0:1 - - [29/May/2020:11:05:57 -0400] "GET /Stats/chart?action=1 HTTP/1.1" 200 27839
0:0:0:0:0:0:0:1 - - [29/May/2020:11:05:57 -0400] "GET /favicon.ico HTTP/1.1" 200 946
0:0:0:0:0:0:0:1 - - [29/May/2020:11:06:22 -0400] "GET /Stats/chart?action=1 HTTP/1.1" 200 23812
0:0:0:0:0:0:0:1 - - [29/May/2020:11:06:22 -0400] "GET /favicon.ico HTTP/1.1" 200 946
0:0:0:0:0:0:0:1 - - [29/May/2020:11:06:43 -0400] "GET /Stats/chart?action=1 HTTP/1.1" 200 27839
0:0:0:0:0:0:0:1 - - [29/May/2020:11:06:43 -0400] "GET /favicon.ico HTTP/1.1" 200 946
0:0:0:0:0:0:0:1 - - [29/May/2020:11:06:43 -0400] "-" 400 -
0:0:0:0:0:0:0:1 - - [29/May/2020:11:07:10 -0400] "GET /Stats/chart?action=1 HTTP/1.1" 200 27722
0:0:0:0:0:0:0:1 - - [29/May/2020:11:07:10 -0400] "GET /login HTTP/1.1" 200 6378
0:0:0:0:0:0:0:1 - - [29/May/2020:11:07:24 -0400] "GET /Stats/chart?action=1 HTTP/1.1" 200 27391
0:0:0:0:0:0:0:1 - - [29/May/2020:11:07:25 -0400] "GET /favicon.ico HTTP/1.1" 200 946
0:0:0:0:0:0:0:1 - - [29/May/2020:11:07:39 -0400] "GET /Stats/chart?action=1 HTTP/1.1" 200 23945
0:0:0:0:0:0:0:1 - - [29/May/2020:11:07:39 -0400] "GET /favicon.ico HTTP/1.1" 200 946
0:0:0:0:0:0:0:1 - - [29/May/2020:11:07:39 -0400] "-" 400 -
0:0:0:0:0:0:0:1 - - [29/May/2020:11:07:57 -0400] "GET /Stats/chart?action=-1 HTTP/1.1" 200 27343
0:0:0:0:0:0:0:1 - - [29/May/2020:11:07:57 -0400] "GET /login HTTP/1.1" 200 6378
0:0:0:0:0:0:0:1 - - [29/May/2020:11:08:16 -0400] "GET /Stats/chart?action=-1 HTTP/1.1" 200 26765
0:0:0:0:0:0:0:1 - - [29/May/2020:11:08:16 -0400] "GET /favicon.ico HTTP/1.1" 200 946
0:0:0:0:0:0:0:1 - - [29/May/2020:11:08:32 -0400] "GET /Stats/chart?action=-1 HTTP/1.1" 200 26674
0:0:0:0:0:0:0:1 - - [29/May/2020:11:08:48 -0400] "GET /Stats/chart?action=-1 HTTP/1.1" 200 26093
0:0:0:0:0:0:0:1 - - [29/May/2020:11:08:48 -0400] "GET /login HTTP/1.1" 200 6378
0:0:0:0:0:0:0:1 - - [29/May/2020:11:09:04 -0400] "GET /Stats/chart?action=-1 HTTP/1.1" 200 24197
0:0:0:0:0:0:0:1 - - [29/May/2020:11:09:04 -0400] "GET /favicon.ico HTTP/1.1" 200 946
0:0:0:0:0:0:0:1 - - [29/May/2020:11:09:04 -0400] "-" 400 -
0:0:0:0:0:0:0:1 - - [29/May/2020:11:09:25 -0400] "GET /Stats/chart?action=-1 HTTP/1.1" 200 26091
0:0:0:0:0:0:0:1 - - [29/May/2020:11:09:26 -0400] "GET /login HTTP/1.1" 200 6378
0:0:0:0:0:0:0:1 - - [29/May/2020:11:09:42 -0400] "GET /Stats/chart?action=-1 HTTP/1.1" 200 25750
0:0:0:0:0:0:0:1 - - [29/May/2020:11:09:42 -0400] "GET /favicon.ico HTTP/1.1" 200 946
0:0:0:0:0:0:0:1 - - [29/May/2020:11:09:42 -0400] "-" 400 -
0:0:0:0:0:0:0:1 - - [29/May/2020:11:09:58 -0400] "GET /Stats/chart?action=-1 HTTP/1.1" 200 25708
0:0:0:0:0:0:0:1 - - [29/May/2020:11:09:59 -0400] "GET /favicon.ico HTTP/1.1" 200 946
0:0:0:0:0:0:0:1 - - [29/May/2020:11:09:59 -0400] "-" 400 -
0:0:0:0:0:0:0:1 - - [29/May/2020:11:10:25 -0400] "GET /Stats/chart?action=-1 HTTP/1.1" 200 25710
0:0:0:0:0:0:0:1 - - [29/May/2020:11:10:25 -0400] "GET /favicon.ico HTTP/1.1" 200 946
0:0:0:0:0:0:0:1 - - [29/May/2020:11:10:25 -0400] "-" 400 -
0:0:0:0:0:0:0:1 - - [29/May/2020:11:11:08 -0400] "GET /Stats/chart?action=-1 HTTP/1.1" 200 25709
0:0:0:0:0:0:0:1 - - [29/May/2020:11:11:08 -0400] "GET /favicon.ico HTTP/1.1" 200 946
0:0:0:0:0:0:0:1 - - [29/May/2020:11:11:23 -0400] "GET /Stats/chart?action=-1 HTTP/1.1" 200 25711
0:0:0:0:0:0:0:1 - - [29/May/2020:11:11:23 -0400] "GET /favicon.ico HTTP/1.1" 200 946
0:0:0:0:0:0:0:1 - - [29/May/2020:11:11:23 -0400] "-" 400 -
0:0:0:0:0:0:0:1 - - [29/May/2020:11:11:37 -0400] "GET /Stats/chart?action=-1 HTTP/1.1" 200 23828
0:0:0:0:0:0:0:1 - - [29/May/2020:11:11:38 -0400] "GET /login HTTP/1.1" 200 6378
0:0:0:0:0:0:0:1 - - [29/May/2020:11:12:56 -0400] "GET /Stats/chart?action=-1 HTTP/1.1" 200 23831
0:0:0:0:0:0:0:1 - - [29/May/2020:11:12:56 -0400] "GET /favicon.ico HTTP/1.1" 200 946
0:0:0:0:0:0:0:1 - - [29/May/2020:11:12:56 -0400] "-" 400 -
0:0:0:0:0:0:0:1 - - [29/May/2020:11:14:33 -0400] "GET /Stats/chart?action=1 HTTP/1.1" 200 23803
0:0:0:0:0:0:0:1 - - [29/May/2020:11:14:33 -0400] "GET /favicon.ico HTTP/1.1" 200 946
0:0:0:0:0:0:0:1 - - [29/May/2020:11:14:33 -0400] "-" 400 -
0:0:0:0:0:0:0:1 - - [29/May/2020:11:15:14 -0400] "GET /Stats/chart?action=-1 HTTP/1.1" 200 23803
0:0:0:0:0:0:0:1 - - [29/May/2020:11:15:14 -0400] "GET /favicon.ico HTTP/1.1" 200 946
0:0:0:0:0:0:0:1 - - [29/May/2020:11:15:14 -0400] "-" 400 -
0:0:0:0:0:0:0:1 - - [29/May/2020:11:15:41 -0400] "GET /Stats/chart?action=-1 HTTP/1.1" 200 23834
0:0:0:0:0:0:0:1 - - [29/May/2020:11:15:41 -0400] "GET /favicon.ico HTTP/1.1" 200 946
0:0:0:0:0:0:0:1 - - [29/May/2020:11:15:41 -0400] "-" 400 -
0:0:0:0:0:0:0:1 - - [29/May/2020:11:16:14 -0400] "GET /Stats/chart?action=-1 HTTP/1.1" 200 23824
0:0:0:0:0:0:0:1 - - [29/May/2020:11:16:14 -0400] "GET /login HTTP/1.1" 200 6378
0:0:0:0:0:0:0:1 - - [29/May/2020:11:17:11 -0400] "GET /Stats/chart?action=-1 HTTP/1.1" 200 23816
0:0:0:0:0:0:0:1 - - [29/May/2020:11:17:12 -0400] "GET /favicon.ico HTTP/1.1" 200 946
0:0:0:0:0:0:0:1 - - [29/May/2020:11:17:12 -0400] "-" 400 -
0:0:0:0:0:0:0:1 - - [29/May/2020:11:18:05 -0400] "GET /Stats/chart?action=-1 HTTP/1.1" 200 23747
0:0:0:0:0:0:0:1 - - [29/May/2020:11:18:05 -0400] "GET /favicon.ico HTTP/1.1" 200 946
0:0:0:0:0:0:0:1 - - [29/May/2020:11:18:39 -0400] "GET /Stats/chart?action=-1 HTTP/1.1" 200 23816
0:0:0:0:0:0:0:1 - - [29/May/2020:11:18:39 -0400] "GET /login HTTP/1.1" 200 6378
0:0:0:0:0:0:0:1 - - [29/May/2020:11:18:46 -0400] "POST /logout HTTP/1.1" 302 -
0:0:0:0:0:0:0:1 - - [29/May/2020:11:18:46 -0400] "GET /login?logout HTTP/1.1" 200 6416
0:0:0:0:0:0:0:1 - - [29/May/2020:12:26:56 -0400] "GET /HomePage HTTP/1.1" 200 9245
0:0:0:0:0:0:0:1 - - [29/May/2020:12:28:18 -0400] "GET /HomePage HTTP/1.1" 200 9245
0:0:0:0:0:0:0:1 - - [29/May/2020:12:31:40 -0400] "GET /HomePage HTTP/1.1" 200 9414
0:0:0:0:0:0:0:1 - - [29/May/2020:12:31:40 -0400] "GET /favicon.ico HTTP/1.1" 302 -
0:0:0:0:0:0:0:1 - - [29/May/2020:12:33:25 -0400] "GET /HomePage HTTP/1.1" 200 9406
0:0:0:0:0:0:0:1 - - [29/May/2020:12:35:51 -0400] "GET /HomePage HTTP/1.1" 200 9336
0:0:0:0:0:0:0:1 - - [29/May/2020:12:35:52 -0400] "GET /favicon.ico HTTP/1.1" 302 -
0:0:0:0:0:0:0:1 - - [29/May/2020:12:36:40 -0400] "GET /HomePage HTTP/1.1" 200 9353
0:0:0:0:0:0:0:1 - - [29/May/2020:12:36:40 -0400] "GET /favicon.ico HTTP/1.1" 302 -
0:0:0:0:0:0:0:1 - - [29/May/2020:12:39:15 -0400] "GET /HomePage HTTP/1.1" 500 11234
