0:0:0:0:0:0:0:1 - - [27/Jul/2020:09:54:02 -0400] "GET /HomePage HTTP/1.1" 500 12459
0:0:0:0:0:0:0:1 - - [27/Jul/2020:09:54:02 -0400] "GET /favicon.ico HTTP/1.1" 302 -
0:0:0:0:0:0:0:1 - - [27/Jul/2020:09:54:03 -0400] "GET /login HTTP/1.1" 500 12459
0:0:0:0:0:0:0:1 - - [27/Jul/2020:09:55:23 -0400] "GET /HomePage HTTP/1.1" 500 12459
0:0:0:0:0:0:0:1 - - [27/Jul/2020:09:56:46 -0400] "GET /login HTTP/1.1" 302 -
0:0:0:0:0:0:0:1 - - [27/Jul/2020:09:56:46 -0400] "GET /login HTTP/1.1" 500 12459
0:0:0:0:0:0:0:1 - - [27/Jul/2020:10:02:04 -0400] "GET /HomePage HTTP/1.1" 500 12459
0:0:0:0:0:0:0:1 - - [27/Jul/2020:10:02:04 -0400] "-" 400 -
0:0:0:0:0:0:0:1 - - [27/Jul/2020:10:05:11 -0400] "GET /HomePage HTTP/1.1" 500 12459
0:0:0:0:0:0:0:1 - - [27/Jul/2020:10:05:11 -0400] "-" 400 -
0:0:0:0:0:0:0:1 - - [27/Jul/2020:10:05:11 -0400] "-" 400 -
0:0:0:0:0:0:0:1 - - [27/Jul/2020:10:07:21 -0400] "GET /HomePage HTTP/1.1" 200 28108
0:0:0:0:0:0:0:1 - - [27/Jul/2020:10:07:21 -0400] "GET /ImageAssets/Condaments.jpeg HTTP/1.1" 200 41485
0:0:0:0:0:0:0:1 - - [27/Jul/2020:10:07:21 -0400] "GET /ImageAssets/grain%20cereal.jpg HTTP/1.1" 200 41318
0:0:0:0:0:0:0:1 - - [27/Jul/2020:10:07:21 -0400] "GET /ImageAssets/Confusing%20Interfaces.PNG HTTP/1.1" 200 54655
0:0:0:0:0:0:0:1 - - [27/Jul/2020:10:07:21 -0400] "GET /ImageAssets/Beverages.png HTTP/1.1" 200 43184
0:0:0:0:0:0:0:1 - - [27/Jul/2020:10:07:21 -0400] "GET /FixedAssets/ComponyLogo.png HTTP/1.1" 200 25947
0:0:0:0:0:0:0:1 - - [27/Jul/2020:10:07:21 -0400] "GET /ImageAssets/Produce.jpg HTTP/1.1" 200 71131
0:0:0:0:0:0:0:1 - - [27/Jul/2020:10:07:21 -0400] "GET /ImageAssets/meat-pultry.jpg HTTP/1.1" 200 124485
0:0:0:0:0:0:0:1 - - [27/Jul/2020:10:07:21 -0400] "GET /ImageAssets/confections.jpg HTTP/1.1" 200 315715
0:0:0:0:0:0:0:1 - - [27/Jul/2020:10:07:21 -0400] "GET /FixedAssets/ShopingInterface.PNG HTTP/1.1" 200 27851
0:0:0:0:0:0:0:1 - - [27/Jul/2020:10:07:21 -0400] "GET /ImageAssets/seafood.jpeg HTTP/1.1" 200 267854
0:0:0:0:0:0:0:1 - - [27/Jul/2020:10:07:21 -0400] "GET /FixedAssets/BrianRodewald1.jpg HTTP/1.1" 200 917302
0:0:0:0:0:0:0:1 - - [27/Jul/2020:10:07:21 -0400] "GET /FixedAssets/AaronLarch.jpg HTTP/1.1" 200 995586
0:0:0:0:0:0:0:1 - - [27/Jul/2020:10:07:21 -0400] "GET /ImageAssets/Dairy%20products.jpg HTTP/1.1" 200 1718054
0:0:0:0:0:0:0:1 - - [27/Jul/2020:10:07:22 -0400] "GET /favicon.ico HTTP/1.1" 302 -
0:0:0:0:0:0:0:1 - - [27/Jul/2020:10:07:22 -0400] "GET /login HTTP/1.1" 200 6378
0:0:0:0:0:0:0:1 - - [27/Jul/2020:10:08:02 -0400] "GET /login HTTP/1.1" 200 6378
0:0:0:0:0:0:0:1 - - [27/Jul/2020:10:08:04 -0400] "GET /registration HTTP/1.1" 200 8594
0:0:0:0:0:0:0:1 - - [27/Jul/2020:10:08:37 -0400] "POST /login HTTP/1.1" 302 -
0:0:0:0:0:0:0:1 - - [27/Jul/2020:10:08:37 -0400] "GET / HTTP/1.1" 302 -
0:0:0:0:0:0:0:1 - - [27/Jul/2020:10:08:37 -0400] "GET /Shipping/Pacific HTTP/1.1" 200 7519
0:0:0:0:0:0:0:1 - - [27/Jul/2020:10:08:38 -0400] "GET /login HTTP/1.1" 200 6378
0:0:0:0:0:0:0:1 - - [27/Jul/2020:10:08:58 -0400] "POST /Account/ResetPassword HTTP/1.1" 302 -
0:0:0:0:0:0:0:1 - - [27/Jul/2020:10:08:58 -0400] "GET /Shipping/Pacific HTTP/1.1" 200 7519
0:0:0:0:0:0:0:1 - - [27/Jul/2020:10:08:58 -0400] "GET /login HTTP/1.1" 200 6378
0:0:0:0:0:0:0:1 - - [27/Jul/2020:10:11:16 -0400] "GET /Account/user/changePassword?token=e30f5b77-15f3-4cdf-a736-aced2d959efc HTTP/1.1" 302 -
0:0:0:0:0:0:0:1 - - [27/Jul/2020:10:11:16 -0400] "GET /login?resettoken&attr=This+token+has+already+been+clamed+by+someone+else. HTTP/1.1" 200 6429
0:0:0:0:0:0:0:1 - - [27/Jul/2020:10:12:20 -0400] "GET /Account/user/changePassword?token=%20ffcf6bb4-232c-4c20-8faf-f39ae8cca162 HTTP/1.1" 302 -
0:0:0:0:0:0:0:1 - - [27/Jul/2020:10:12:20 -0400] "GET /login?resettoken&attr=This+Token+is+Invalid. HTTP/1.1" 200 6400
0:0:0:0:0:0:0:1 - - [27/Jul/2020:10:12:43 -0400] "GET /Account/user/changePassword?token=e30f5b77-15f3-4cdf-a736-aced2d959efc HTTP/1.1" 302 -
0:0:0:0:0:0:0:1 - - [27/Jul/2020:10:12:43 -0400] "GET /login?resettoken&attr=This+token+has+already+been+clamed+by+someone+else. HTTP/1.1" 200 6429
0:0:0:0:0:0:0:1 - - [27/Jul/2020:10:14:16 -0400] "GET /Account/user/changePassword?token=e30f5b77-15f3-4cdf-a736-aced2d959efc HTTP/1.1" 200 8058
0:0:0:0:0:0:0:1 - - [27/Jul/2020:10:14:16 -0400] "GET /login HTTP/1.1" 200 6378
0:0:0:0:0:0:0:1 - - [27/Jul/2020:10:16:48 -0400] "GET /Account/user/changePassword?token=e30f5b77-15f3-4cdf-a736-aced2d959efc HTTP/1.1" 200 8058
0:0:0:0:0:0:0:1 - - [27/Jul/2020:10:23:46 -0400] "POST /logout HTTP/1.1" 302 -
0:0:0:0:0:0:0:1 - - [27/Jul/2020:10:23:46 -0400] "GET /login?logout HTTP/1.1" 500 318
0:0:0:0:0:0:0:1 - - [27/Jul/2020:10:23:51 -0400] "GET /login HTTP/1.1" 302 -
0:0:0:0:0:0:0:1 - - [27/Jul/2020:10:23:51 -0400] "GET /login HTTP/1.1" 200 6378
0:0:0:0:0:0:0:1 - - [27/Jul/2020:11:14:55 -0400] "GET /HomePage HTTP/1.1" 200 28108
0:0:0:0:0:0:0:1 - - [27/Jul/2020:11:14:55 -0400] "GET /ImageAssets/confections.jpg HTTP/1.1" 304 -
0:0:0:0:0:0:0:1 - - [27/Jul/2020:11:14:55 -0400] "GET /ImageAssets/Dairy%20products.jpg HTTP/1.1" 304 -
0:0:0:0:0:0:0:1 - - [27/Jul/2020:11:14:55 -0400] "GET /ImageAssets/Condaments.jpeg HTTP/1.1" 200 41485
0:0:0:0:0:0:0:1 - - [27/Jul/2020:11:14:55 -0400] "GET /ImageAssets/Confusing%20Interfaces.PNG HTTP/1.1" 200 54655
0:0:0:0:0:0:0:1 - - [27/Jul/2020:11:14:55 -0400] "GET /FixedAssets/ComponyLogo.png HTTP/1.1" 200 25947
0:0:0:0:0:0:0:1 - - [27/Jul/2020:11:14:55 -0400] "GET /ImageAssets/Beverages.png HTTP/1.1" 200 43184
0:0:0:0:0:0:0:1 - - [27/Jul/2020:11:14:55 -0400] "GET /ImageAssets/meat-pultry.jpg HTTP/1.1" 200 124485
0:0:0:0:0:0:0:1 - - [27/Jul/2020:11:14:55 -0400] "GET /ImageAssets/grain%20cereal.jpg HTTP/1.1" 200 41318
0:0:0:0:0:0:0:1 - - [27/Jul/2020:11:14:55 -0400] "GET /FixedAssets/ShopingInterface.PNG HTTP/1.1" 200 27851
0:0:0:0:0:0:0:1 - - [27/Jul/2020:11:14:55 -0400] "GET /ImageAssets/Produce.jpg HTTP/1.1" 200 71131
0:0:0:0:0:0:0:1 - - [27/Jul/2020:11:14:55 -0400] "GET /ImageAssets/seafood.jpeg HTTP/1.1" 304 -
0:0:0:0:0:0:0:1 - - [27/Jul/2020:11:14:55 -0400] "GET /FixedAssets/AaronLarch.jpg HTTP/1.1" 304 -
0:0:0:0:0:0:0:1 - - [27/Jul/2020:11:14:55 -0400] "GET /FixedAssets/BrianRodewald1.jpg HTTP/1.1" 304 -
0:0:0:0:0:0:0:1 - - [27/Jul/2020:11:14:55 -0400] "GET /favicon.ico HTTP/1.1" 302 -
0:0:0:0:0:0:0:1 - - [27/Jul/2020:12:06:26 -0400] "GET /HomePage HTTP/1.1" 200 28200
0:0:0:0:0:0:0:1 - - [27/Jul/2020:12:06:26 -0400] "GET /ImageAssets/confections.jpg HTTP/1.1" 304 -
0:0:0:0:0:0:0:1 - - [27/Jul/2020:12:06:26 -0400] "GET /ImageAssets/Confusing%20Interfaces.PNG HTTP/1.1" 304 -
0:0:0:0:0:0:0:1 - - [27/Jul/2020:12:06:26 -0400] "GET /ImageAssets/meat-pultry.jpg HTTP/1.1" 304 -
0:0:0:0:0:0:0:1 - - [27/Jul/2020:12:06:26 -0400] "GET /ImageAssets/Dairy%20products.jpg HTTP/1.1" 304 -
0:0:0:0:0:0:0:1 - - [27/Jul/2020:12:06:26 -0400] "GET /ImageAssets/seafood.jpeg HTTP/1.1" 304 -
0:0:0:0:0:0:0:1 - - [27/Jul/2020:12:06:26 -0400] "GET /ImageAssets/Produce.jpg HTTP/1.1" 304 -
0:0:0:0:0:0:0:1 - - [27/Jul/2020:12:06:26 -0400] "GET /FixedAssets/AaronLarch.jpg HTTP/1.1" 304 -
0:0:0:0:0:0:0:1 - - [27/Jul/2020:12:06:26 -0400] "GET /ImageAssets/Condaments.jpeg HTTP/1.1" 200 41485
0:0:0:0:0:0:0:1 - - [27/Jul/2020:12:06:26 -0400] "GET /FixedAssets/ComponyLogo.png HTTP/1.1" 304 -
0:0:0:0:0:0:0:1 - - [27/Jul/2020:12:06:26 -0400] "GET /ImageAssets/grain%20cereal.jpg HTTP/1.1" 304 -
0:0:0:0:0:0:0:1 - - [27/Jul/2020:12:06:26 -0400] "GET /ImageAssets/Beverages.png HTTP/1.1" 200 43184
0:0:0:0:0:0:0:1 - - [27/Jul/2020:12:06:26 -0400] "GET /FixedAssets/BrianRodewald1.jpg HTTP/1.1" 304 -
0:0:0:0:0:0:0:1 - - [27/Jul/2020:12:06:26 -0400] "GET /FixedAssets/ShopingInterface.PNG HTTP/1.1" 304 -
0:0:0:0:0:0:0:1 - - [27/Jul/2020:12:06:26 -0400] "GET /favicon.ico HTTP/1.1" 302 -
0:0:0:0:0:0:0:1 - - [27/Jul/2020:16:33:52 -0400] "GET /login HTTP/1.1" 302 -
0:0:0:0:0:0:0:1 - - [27/Jul/2020:16:33:53 -0400] "GET /login HTTP/1.1" 200 6378
0:0:0:0:0:0:0:1 - - [27/Jul/2020:16:34:01 -0400] "POST /login HTTP/1.1" 302 -
0:0:0:0:0:0:0:1 - - [27/Jul/2020:16:34:01 -0400] "GET / HTTP/1.1" 302 -
0:0:0:0:0:0:0:1 - - [27/Jul/2020:16:34:02 -0400] "GET /Shipping/Europe HTTP/1.1" 200 53054
0:0:0:0:0:0:0:1 - - [27/Jul/2020:16:34:03 -0400] "GET /login HTTP/1.1" 200 6378
0:0:0:0:0:0:0:1 - - [27/Jul/2020:16:38:10 -0400] "GET /Shipping/Europe HTTP/1.1" 200 53054
0:0:0:0:0:0:0:1 - - [27/Jul/2020:16:38:13 -0400] "GET /Stats/closerecords HTTP/1.1" 200 39400
0:0:0:0:0:0:0:1 - - [27/Jul/2020:16:39:19 -0400] "GET /Shipping/Europe HTTP/1.1" 200 53053
0:0:0:0:0:0:0:1 - - [27/Jul/2020:16:39:22 -0400] "GET /Stats/closerecords HTTP/1.1" 200 39400
0:0:0:0:0:0:0:1 - - [27/Jul/2020:16:41:30 -0400] "GET /Shipping/Europe HTTP/1.1" 200 53082
0:0:0:0:0:0:0:1 - - [27/Jul/2020:16:41:30 -0400] "GET /favicon.ico HTTP/1.1" 200 946
0:0:0:0:0:0:0:1 - - [27/Jul/2020:16:41:58 -0400] "GET /Shipping/Europe HTTP/1.1" 200 53034
0:0:0:0:0:0:0:1 - - [27/Jul/2020:16:42:00 -0400] "GET /Stats/closerecords HTTP/1.1" 200 39400
0:0:0:0:0:0:0:1 - - [27/Jul/2020:16:42:00 -0400] "GET /login HTTP/1.1" 200 6378
0:0:0:0:0:0:0:1 - - [27/Jul/2020:16:51:44 -0400] "POST /logout HTTP/1.1" 302 -
0:0:0:0:0:0:0:1 - - [27/Jul/2020:16:51:44 -0400] "GET /login?logout HTTP/1.1" 500 318
0:0:0:0:0:0:0:1 - - [27/Jul/2020:16:51:48 -0400] "GET /login HTTP/1.1" 200 6378
0:0:0:0:0:0:0:1 - - [27/Jul/2020:16:51:55 -0400] "POST /login HTTP/1.1" 302 -
0:0:0:0:0:0:0:1 - - [27/Jul/2020:16:51:56 -0400] "GET / HTTP/1.1" 302 -
0:0:0:0:0:0:0:1 - - [27/Jul/2020:16:51:56 -0400] "GET /Shipping/Europe HTTP/1.1" 200 53034
0:0:0:0:0:0:0:1 - - [27/Jul/2020:16:51:56 -0400] "GET /login HTTP/1.1" 200 6378
0:0:0:0:0:0:0:1 - - [27/Jul/2020:16:54:39 -0400] "POST /login HTTP/1.1" 302 -
0:0:0:0:0:0:0:1 - - [27/Jul/2020:16:54:40 -0400] "GET /login HTTP/1.1" 200 6378
0:0:0:0:0:0:0:1 - - [27/Jul/2020:16:54:48 -0400] "POST /login HTTP/1.1" 302 -
0:0:0:0:0:0:0:1 - - [27/Jul/2020:16:54:48 -0400] "GET / HTTP/1.1" 302 -
0:0:0:0:0:0:0:1 - - [27/Jul/2020:16:54:48 -0400] "GET /Shipping/Europe HTTP/1.1" 200 53034
0:0:0:0:0:0:0:1 - - [27/Jul/2020:16:54:49 -0400] "GET /login HTTP/1.1" 200 6378
0:0:0:0:0:0:0:1 - - [27/Jul/2020:16:55:25 -0400] "GET /Stats/closerecords HTTP/1.1" 200 55239
0:0:0:0:0:0:0:1 - - [27/Jul/2020:17:01:02 -0400] "GET /Shipping/Europe HTTP/1.1" 200 53055
0:0:0:0:0:0:0:1 - - [27/Jul/2020:17:01:18 -0400] "GET /Shipping/Europe HTTP/1.1" 200 53052
0:0:0:0:0:0:0:1 - - [27/Jul/2020:17:01:40 -0400] "GET /Shipping/Europe HTTP/1.1" 200 53056
0:0:0:0:0:0:0:1 - - [27/Jul/2020:17:01:54 -0400] "GET /Shipping/Europe HTTP/1.1" 200 53051
0:0:0:0:0:0:0:1 - - [27/Jul/2020:17:03:09 -0400] "GET /Shipping/Europe HTTP/1.1" 200 53037
0:0:0:0:0:0:0:1 - - [27/Jul/2020:17:03:35 -0400] "GET /Stats/closerecords HTTP/1.1" 200 39400
0:0:0:0:0:0:0:1 - - [27/Jul/2020:17:04:29 -0400] "GET /Shipping/Europe HTTP/1.1" 200 53079
0:0:0:0:0:0:0:1 - - [27/Jul/2020:17:04:58 -0400] "POST /logout HTTP/1.1" 302 -
0:0:0:0:0:0:0:1 - - [27/Jul/2020:17:04:59 -0400] "GET /login?logout HTTP/1.1" 500 318
0:0:0:0:0:0:0:1 - - [27/Jul/2020:17:05:02 -0400] "GET /login?logout HTTP/1.1" 500 318
0:0:0:0:0:0:0:1 - - [27/Jul/2020:17:05:05 -0400] "GET /login HTTP/1.1" 200 6378
0:0:0:0:0:0:0:1 - - [27/Jul/2020:17:05:11 -0400] "POST /login HTTP/1.1" 302 -
0:0:0:0:0:0:0:1 - - [27/Jul/2020:17:05:11 -0400] "GET / HTTP/1.1" 302 -
0:0:0:0:0:0:0:1 - - [27/Jul/2020:17:05:37 -0400] "GET /Shipping/Europe HTTP/1.1" 200 53079
0:0:0:0:0:0:0:1 - - [27/Jul/2020:17:05:38 -0400] "GET /login HTTP/1.1" 200 6378
0:0:0:0:0:0:0:1 - - [27/Jul/2020:17:05:52 -0400] "POST /logout HTTP/1.1" 302 -
0:0:0:0:0:0:0:1 - - [27/Jul/2020:17:05:53 -0400] "GET /login?logout HTTP/1.1" 200 6416
0:0:0:0:0:0:0:1 - - [27/Jul/2020:17:06:03 -0400] "POST /login HTTP/1.1" 302 -
0:0:0:0:0:0:0:1 - - [27/Jul/2020:17:06:03 -0400] "GET / HTTP/1.1" 302 -
0:0:0:0:0:0:0:1 - - [27/Jul/2020:17:07:54 -0400] "GET /login HTTP/1.1" 200 6378
0:0:0:0:0:0:0:1 - - [27/Jul/2020:17:08:02 -0400] "POST /login HTTP/1.1" 302 -
0:0:0:0:0:0:0:1 - - [27/Jul/2020:17:08:02 -0400] "GET / HTTP/1.1" 302 -
0:0:0:0:0:0:0:1 - - [27/Jul/2020:17:08:20 -0400] "GET /Shipping/Europe HTTP/1.1" 200 53037
0:0:0:0:0:0:0:1 - - [27/Jul/2020:17:08:21 -0400] "GET /login HTTP/1.1" 200 6378
0:0:0:0:0:0:0:1 - - [27/Jul/2020:17:08:52 -0400] "GET /Stats/closerecords HTTP/1.1" 200 55239
0:0:0:0:0:0:0:1 - - [27/Jul/2020:17:09:22 -0400] "POST /logout HTTP/1.1" 302 -
0:0:0:0:0:0:0:1 - - [27/Jul/2020:17:09:28 -0400] "GET /login?logout HTTP/1.1" 200 6416
