0:0:0:0:0:0:0:1 - - [14/Aug/2020:10:28:26 -0400] "GET /HomePage HTTP/1.1" 200 29590
0:0:0:0:0:0:0:1 - - [14/Aug/2020:10:28:26 -0400] "GET /ImageAssets/Grain%20&%20Cereal.jpg HTTP/1.1" 200 49949
0:0:0:0:0:0:0:1 - - [14/Aug/2020:10:28:26 -0400] "GET /ImageAssets/Beverages.jpg HTTP/1.1" 200 42287
0:0:0:0:0:0:0:1 - - [14/Aug/2020:10:28:26 -0400] "GET /ImageAssets/Condiments.jpg HTTP/1.1" 200 81102
0:0:0:0:0:0:0:1 - - [14/Aug/2020:10:28:26 -0400] "GET /ImageAssets/Confusing%20Interfaces.PNG HTTP/1.1" 200 54655
0:0:0:0:0:0:0:1 - - [14/Aug/2020:10:28:26 -0400] "GET /FixedAssets/ComponyLogo.png HTTP/1.1" 200 25947
0:0:0:0:0:0:0:1 - - [14/Aug/2020:10:28:26 -0400] "GET /ImageAssets/Produce.jpg HTTP/1.1" 200 90190
0:0:0:0:0:0:0:1 - - [14/Aug/2020:10:28:26 -0400] "GET /ImageAssets/confections.jpg HTTP/1.1" 200 315715
0:0:0:0:0:0:0:1 - - [14/Aug/2020:10:28:26 -0400] "GET /ImageAssets/SeaFood.jpeg HTTP/1.1" 200 267854
0:0:0:0:0:0:0:1 - - [14/Aug/2020:10:28:26 -0400] "GET /ImageAssets/Meat%20&%20Pultry.jpg HTTP/1.1" 200 124485
0:0:0:0:0:0:0:1 - - [14/Aug/2020:10:28:27 -0400] "GET /FixedAssets/ShopingInterface.PNG HTTP/1.1" 200 27851
0:0:0:0:0:0:0:1 - - [14/Aug/2020:10:28:27 -0400] "GET /FixedAssets/BenGibbs.jpg HTTP/1.1" 200 48223
0:0:0:0:0:0:0:1 - - [14/Aug/2020:10:28:27 -0400] "GET /FixedAssets/BrianRodewald1.jpg HTTP/1.1" 200 917302
0:0:0:0:0:0:0:1 - - [14/Aug/2020:10:28:27 -0400] "GET /FixedAssets/AaronLarch.jpg HTTP/1.1" 200 995586
0:0:0:0:0:0:0:1 - - [14/Aug/2020:10:28:27 -0400] "GET /ImageAssets/Dairy%20products.jpg HTTP/1.1" 200 1718054
0:0:0:0:0:0:0:1 - - [14/Aug/2020:10:28:27 -0400] "GET /favicon.ico HTTP/1.1" 302 -
0:0:0:0:0:0:0:1 - - [14/Aug/2020:10:28:28 -0400] "GET /login HTTP/1.1" 200 6472
0:0:0:0:0:0:0:1 - - [14/Aug/2020:10:34:43 -0400] "GET /login HTTP/1.1" 200 6472
0:0:0:0:0:0:0:1 - - [14/Aug/2020:10:35:14 -0400] "POST /login HTTP/1.1" 302 -
0:0:0:0:0:0:0:1 - - [14/Aug/2020:10:35:14 -0400] "GET / HTTP/1.1" 302 -
0:0:0:0:0:0:0:1 - - [14/Aug/2020:10:35:15 -0400] "GET /Shipping/Europe HTTP/1.1" 200 54420
0:0:0:0:0:0:0:1 - - [14/Aug/2020:10:35:15 -0400] "GET /login HTTP/1.1" 200 6472
0:0:0:0:0:0:0:1 - - [14/Aug/2020:10:35:21 -0400] "GET /Shipping/Europe/Norway HTTP/1.1" 200 44584
0:0:0:0:0:0:0:1 - - [14/Aug/2020:10:35:21 -0400] "GET /login HTTP/1.1" 200 6472
0:0:0:0:0:0:0:1 - - [14/Aug/2020:10:35:27 -0400] "GET /Stats/closerecords HTTP/1.1" 200 56621
0:0:0:0:0:0:0:1 - - [14/Aug/2020:10:35:44 -0400] "POST /logout HTTP/1.1" 302 -
0:0:0:0:0:0:0:1 - - [14/Aug/2020:10:35:44 -0400] "GET /login?logout HTTP/1.1" 200 6510
0:0:0:0:0:0:0:1 - - [14/Aug/2020:10:35:49 -0400] "GET /registration HTTP/1.1" 200 8630
0:0:0:0:0:0:0:1 - - [14/Aug/2020:10:38:12 -0400] "POST /login HTTP/1.1" 302 -
0:0:0:0:0:0:0:1 - - [14/Aug/2020:10:38:12 -0400] "GET / HTTP/1.1" 302 -
0:0:0:0:0:0:0:1 - - [14/Aug/2020:10:38:13 -0400] "GET /Shipping/Europe HTTP/1.1" 200 54461
0:0:0:0:0:0:0:1 - - [14/Aug/2020:10:38:13 -0400] "GET /login HTTP/1.1" 200 6472
0:0:0:0:0:0:0:1 - - [14/Aug/2020:10:38:24 -0400] "POST /logout HTTP/1.1" 302 -
0:0:0:0:0:0:0:1 - - [14/Aug/2020:10:38:24 -0400] "GET /login?logout HTTP/1.1" 200 6510
0:0:0:0:0:0:0:1 - - [14/Aug/2020:10:38:32 -0400] "POST /login HTTP/1.1" 302 -
0:0:0:0:0:0:0:1 - - [14/Aug/2020:10:38:32 -0400] "GET /login?error HTTP/1.1" 200 6519
0:0:0:0:0:0:0:1 - - [14/Aug/2020:10:38:32 -0400] "GET /login HTTP/1.1" 200 6472
0:0:0:0:0:0:0:1 - - [14/Aug/2020:10:38:39 -0400] "POST /login HTTP/1.1" 302 -
0:0:0:0:0:0:0:1 - - [14/Aug/2020:10:38:39 -0400] "GET /login?error HTTP/1.1" 200 6519
0:0:0:0:0:0:0:1 - - [14/Aug/2020:10:38:39 -0400] "GET /login HTTP/1.1" 200 6472
0:0:0:0:0:0:0:1 - - [14/Aug/2020:10:39:05 -0400] "POST /login HTTP/1.1" 302 -
0:0:0:0:0:0:0:1 - - [14/Aug/2020:10:39:05 -0400] "GET / HTTP/1.1" 302 -
0:0:0:0:0:0:0:1 - - [14/Aug/2020:10:39:05 -0400] "GET /Shipping/Pacific HTTP/1.1" 200 7519
0:0:0:0:0:0:0:1 - - [14/Aug/2020:10:39:05 -0400] "GET /login HTTP/1.1" 200 6472
0:0:0:0:0:0:0:1 - - [14/Aug/2020:10:39:18 -0400] "POST /Account/ResetPassword HTTP/1.1" 302 -
0:0:0:0:0:0:0:1 - - [14/Aug/2020:10:39:18 -0400] "GET /Shipping/Pacific HTTP/1.1" 200 7519
0:0:0:0:0:0:0:1 - - [14/Aug/2020:10:41:56 -0400] "GET /Account/user/changePassword?token=e30f5b77-15f3-4cdf-a736-aced2d959efc HTTP/1.1" 302 -
0:0:0:0:0:0:0:1 - - [14/Aug/2020:10:41:56 -0400] "GET /login?resettoken&attr=Your+registration+token+has+expired.+Please+Try+again. HTTP/1.1" 200 6526
0:0:0:0:0:0:0:1 - - [14/Aug/2020:10:42:29 -0400] "GET /Account/user/changePassword?token=0be7d2e7-3ed6-4b25-8d13-bc3457d12bf6 HTTP/1.1" 200 8176
0:0:0:0:0:0:0:1 - - [14/Aug/2020:10:43:12 -0400] "POST /Account/user/changePassword?token=0be7d2e7-3ed6-4b25-8d13-bc3457d12bf6 HTTP/1.1" 200 8221
0:0:0:0:0:0:0:1 - - [14/Aug/2020:10:43:27 -0400] "POST /Account/user/changePassword?token=0be7d2e7-3ed6-4b25-8d13-bc3457d12bf6 HTTP/1.1" 200 8216
0:0:0:0:0:0:0:1 - - [14/Aug/2020:10:43:41 -0400] "POST /Account/user/changePassword?token=0be7d2e7-3ed6-4b25-8d13-bc3457d12bf6 HTTP/1.1" 200 8118
0:0:0:0:0:0:0:1 - - [14/Aug/2020:10:44:02 -0400] "POST /Account/user/changePassword?token=0be7d2e7-3ed6-4b25-8d13-bc3457d12bf6 HTTP/1.1" 302 -
0:0:0:0:0:0:0:1 - - [14/Aug/2020:10:44:02 -0400] "GET /welcome HTTP/1.1" 302 -
0:0:0:0:0:0:0:1 - - [14/Aug/2020:10:44:02 -0400] "GET /Shipping/Europe HTTP/1.1" 200 54461
0:0:0:0:0:0:0:1 - - [14/Aug/2020:10:44:12 -0400] "POST /logout HTTP/1.1" 302 -
0:0:0:0:0:0:0:1 - - [14/Aug/2020:10:44:12 -0400] "GET /login?logout HTTP/1.1" 200 6510
0:0:0:0:0:0:0:1 - - [14/Aug/2020:10:44:21 -0400] "POST /login HTTP/1.1" 302 -
0:0:0:0:0:0:0:1 - - [14/Aug/2020:10:44:21 -0400] "GET /login?error HTTP/1.1" 200 6519
0:0:0:0:0:0:0:1 - - [14/Aug/2020:10:44:22 -0400] "GET /login HTTP/1.1" 200 6472
0:0:0:0:0:0:0:1 - - [14/Aug/2020:10:44:30 -0400] "POST /login HTTP/1.1" 302 -
0:0:0:0:0:0:0:1 - - [14/Aug/2020:10:44:30 -0400] "GET / HTTP/1.1" 302 -
0:0:0:0:0:0:0:1 - - [14/Aug/2020:10:44:30 -0400] "GET /Shipping/Europe HTTP/1.1" 200 54461
0:0:0:0:0:0:0:1 - - [14/Aug/2020:10:44:30 -0400] "GET /login HTTP/1.1" 200 6472
0:0:0:0:0:0:0:1 - - [14/Aug/2020:10:45:20 -0400] "POST /logout HTTP/1.1" 302 -
0:0:0:0:0:0:0:1 - - [14/Aug/2020:10:45:20 -0400] "GET /login?logout HTTP/1.1" 200 6510
0:0:0:0:0:0:0:1 - - [14/Aug/2020:10:45:28 -0400] "GET /Account/user/changePassword?token=0be7d2e7-3ed6-4b25-8d13-bc3457d12bf6 HTTP/1.1" 302 -
0:0:0:0:0:0:0:1 - - [14/Aug/2020:10:45:28 -0400] "GET /login?resettoken&attr=This+token+has+already+been+claimed+by+someone+else. HTTP/1.1" 302 -
0:0:0:0:0:0:0:1 - - [14/Aug/2020:10:45:28 -0400] "GET /login HTTP/1.1" 200 6472
0:0:0:0:0:0:0:1 - - [14/Aug/2020:10:45:43 -0400] "GET /Account/user/changePassword?token=0be7d2e7-3ed6-4b25-8d13-bc3457d12bf6 HTTP/1.1" 302 -
0:0:0:0:0:0:0:1 - - [14/Aug/2020:10:45:43 -0400] "GET /login?resettoken&attr=This+token+has+already+been+claimed+by+someone+else. HTTP/1.1" 302 -
0:0:0:0:0:0:0:1 - - [14/Aug/2020:10:45:43 -0400] "GET /login HTTP/1.1" 200 6472
0:0:0:0:0:0:0:1 - - [14/Aug/2020:10:47:31 -0400] "POST /login HTTP/1.1" 302 -
0:0:0:0:0:0:0:1 - - [14/Aug/2020:10:47:31 -0400] "GET /login?resettoken&attr=This+token+has+already+been+claimed+by+someone+else. HTTP/1.1" 200 6524
0:0:0:0:0:0:0:1 - - [14/Aug/2020:10:47:32 -0400] "GET /login HTTP/1.1" 200 6472
0:0:0:0:0:0:0:1 - - [14/Aug/2020:10:47:40 -0400] "POST /logout HTTP/1.1" 403 295
0:0:0:0:0:0:0:1 - - [14/Aug/2020:10:47:49 -0400] "GET /HomePage HTTP/1.1" 200 29590
0:0:0:0:0:0:0:1 - - [14/Aug/2020:10:47:49 -0400] "GET /ImageAssets/Beverages.jpg HTTP/1.1" 200 42287
0:0:0:0:0:0:0:1 - - [14/Aug/2020:10:47:49 -0400] "GET /ImageAssets/Grain%20&%20Cereal.jpg HTTP/1.1" 200 49949
0:0:0:0:0:0:0:1 - - [14/Aug/2020:10:47:49 -0400] "GET /ImageAssets/confections.jpg HTTP/1.1" 304 -
0:0:0:0:0:0:0:1 - - [14/Aug/2020:10:47:49 -0400] "GET /ImageAssets/Dairy%20products.jpg HTTP/1.1" 304 -
0:0:0:0:0:0:0:1 - - [14/Aug/2020:10:47:49 -0400] "GET /ImageAssets/Confusing%20Interfaces.PNG HTTP/1.1" 200 54655
0:0:0:0:0:0:0:1 - - [14/Aug/2020:10:47:49 -0400] "GET /ImageAssets/Meat%20&%20Pultry.jpg HTTP/1.1" 200 124485
0:0:0:0:0:0:0:1 - - [14/Aug/2020:10:47:49 -0400] "GET /ImageAssets/Condiments.jpg HTTP/1.1" 200 81102
0:0:0:0:0:0:0:1 - - [14/Aug/2020:10:47:49 -0400] "GET /FixedAssets/AaronLarch.jpg HTTP/1.1" 304 -
0:0:0:0:0:0:0:1 - - [14/Aug/2020:10:47:49 -0400] "GET /FixedAssets/ComponyLogo.png HTTP/1.1" 200 25947
0:0:0:0:0:0:0:1 - - [14/Aug/2020:10:47:49 -0400] "GET /FixedAssets/BenGibbs.jpg HTTP/1.1" 304 -
0:0:0:0:0:0:0:1 - - [14/Aug/2020:10:47:49 -0400] "GET /FixedAssets/ShopingInterface.PNG HTTP/1.1" 304 -
0:0:0:0:0:0:0:1 - - [14/Aug/2020:10:47:49 -0400] "GET /ImageAssets/SeaFood.jpeg HTTP/1.1" 304 -
0:0:0:0:0:0:0:1 - - [14/Aug/2020:10:47:49 -0400] "GET /ImageAssets/Produce.jpg HTTP/1.1" 200 90190
0:0:0:0:0:0:0:1 - - [14/Aug/2020:10:47:49 -0400] "GET /FixedAssets/BrianRodewald1.jpg HTTP/1.1" 304 -
0:0:0:0:0:0:0:1 - - [14/Aug/2020:10:47:53 -0400] "GET /login HTTP/1.1" 200 6472
0:0:0:0:0:0:0:1 - - [14/Aug/2020:10:48:32 -0400] "POST /login HTTP/1.1" 302 -
0:0:0:0:0:0:0:1 - - [14/Aug/2020:10:48:32 -0400] "GET / HTTP/1.1" 302 -
0:0:0:0:0:0:0:1 - - [14/Aug/2020:10:48:32 -0400] "GET /Shipping/Europe HTTP/1.1" 200 54420
0:0:0:0:0:0:0:1 - - [14/Aug/2020:10:48:32 -0400] "GET /login HTTP/1.1" 200 6472
0:0:0:0:0:0:0:1 - - [14/Aug/2020:10:48:43 -0400] "GET /Stats/closerecords HTTP/1.1" 200 56621
0:0:0:0:0:0:0:1 - - [14/Aug/2020:10:49:10 -0400] "GET /Stats/SearchFile?Record=all&input=Name+Contains+1 HTTP/1.1" 200 42172
0:0:0:0:0:0:0:1 - - [14/Aug/2020:10:49:13 -0400] "GET /Stats/buildFinalRecord?choice=add HTTP/1.1" 200 42184
0:0:0:0:0:0:0:1 - - [14/Aug/2020:10:49:14 -0400] "GET /Stats/buildFinalRecord?choice=add HTTP/1.1" 200 42031
0:0:0:0:0:0:0:1 - - [14/Aug/2020:10:49:15 -0400] "GET /Stats/buildFinalRecord?choice=add HTTP/1.1" 200 42184
0:0:0:0:0:0:0:1 - - [14/Aug/2020:10:49:16 -0400] "GET /Stats/buildFinalRecord?choice=add HTTP/1.1" 302 -
0:0:0:0:0:0:0:1 - - [14/Aug/2020:10:49:17 -0400] "GET /Stats/chart HTTP/1.1" 200 28135
0:0:0:0:0:0:0:1 - - [14/Aug/2020:10:49:34 -0400] "GET /Stats/chart?action=1 HTTP/1.1" 200 28195
0:0:0:0:0:0:0:1 - - [14/Aug/2020:10:49:39 -0400] "GET /Stats/chart?action=1 HTTP/1.1" 200 22537
0:0:0:0:0:0:0:1 - - [14/Aug/2020:10:49:42 -0400] "GET /Stats/chart?action=1 HTTP/1.1" 200 28195
0:0:0:0:0:0:0:1 - - [14/Aug/2020:10:49:46 -0400] "GET /Stats/chart?action=1 HTTP/1.1" 200 28135
0:0:0:0:0:0:0:1 - - [14/Aug/2020:10:49:49 -0400] "GET /Stats/chart?action=1 HTTP/1.1" 200 28195
0:0:0:0:0:0:0:1 - - [14/Aug/2020:10:50:10 -0400] "POST /logout HTTP/1.1" 302 -
0:0:0:0:0:0:0:1 - - [14/Aug/2020:10:50:10 -0400] "GET /login?logout HTTP/1.1" 200 6510
0:0:0:0:0:0:0:1 - - [14/Aug/2020:10:51:55 -0400] "GET /TestPage HTTP/1.1" 302 -
0:0:0:0:0:0:0:1 - - [14/Aug/2020:10:51:55 -0400] "GET /TestPage HTTP/1.1" 200 9229
127.0.0.1 - - [14/Aug/2020:10:58:59 -0400] "GET /login HTTP/1.1" 302 -
127.0.0.1 - - [14/Aug/2020:10:58:59 -0400] "GET /login HTTP/1.1" 200 6472
