0:0:0:0:0:0:0:1 - - [05/Aug/2020:08:35:33 -0400] "GET /HomePage HTTP/1.1" 200 28811
0:0:0:0:0:0:0:1 - - [05/Aug/2020:08:35:33 -0400] "GET /ImageAssets/Beverages.jpg HTTP/1.1" 200 42287
0:0:0:0:0:0:0:1 - - [05/Aug/2020:08:35:33 -0400] "GET /ImageAssets/Grain%20&%20Cereal.jpg HTTP/1.1" 200 49949
0:0:0:0:0:0:0:1 - - [05/Aug/2020:08:35:33 -0400] "GET /ImageAssets/Meat%20&%20Pultry.jpg HTTP/1.1" 200 124485
0:0:0:0:0:0:0:1 - - [05/Aug/2020:08:35:33 -0400] "GET /FixedAssets/BenGibbs.jpg HTTP/1.1" 200 48223
0:0:0:0:0:0:0:1 - - [05/Aug/2020:08:35:33 -0400] "GET /ImageAssets/Condiments.jpg HTTP/1.1" 200 81102
0:0:0:0:0:0:0:1 - - [05/Aug/2020:08:35:33 -0400] "GET /ImageAssets/Produce.jpg HTTP/1.1" 200 71131
0:0:0:0:0:0:0:1 - - [05/Aug/2020:08:35:33 -0400] "GET /FixedAssets/ShopingInterface.PNG HTTP/1.1" 200 27851
0:0:0:0:0:0:0:1 - - [05/Aug/2020:08:35:33 -0400] "GET /ImageAssets/Confusing%20Interfaces.PNG HTTP/1.1" 200 54655
0:0:0:0:0:0:0:1 - - [05/Aug/2020:08:35:33 -0400] "GET /FixedAssets/ComponyLogo.png HTTP/1.1" 200 25947
0:0:0:0:0:0:0:1 - - [05/Aug/2020:08:35:33 -0400] "GET /ImageAssets/Dairy%20products.jpg HTTP/1.1" 304 -
0:0:0:0:0:0:0:1 - - [05/Aug/2020:08:35:33 -0400] "GET /ImageAssets/confections.jpg HTTP/1.1" 304 -
0:0:0:0:0:0:0:1 - - [05/Aug/2020:08:35:33 -0400] "GET /ImageAssets/seafood.jpeg HTTP/1.1" 304 -
0:0:0:0:0:0:0:1 - - [05/Aug/2020:08:35:33 -0400] "GET /FixedAssets/AaronLarch.jpg HTTP/1.1" 304 -
0:0:0:0:0:0:0:1 - - [05/Aug/2020:08:35:33 -0400] "GET /FixedAssets/BrianRodewald1.jpg HTTP/1.1" 304 -
0:0:0:0:0:0:0:1 - - [05/Aug/2020:08:35:33 -0400] "GET /favicon.ico HTTP/1.1" 302 -
0:0:0:0:0:0:0:1 - - [05/Aug/2020:08:35:34 -0400] "GET /login HTTP/1.1" 200 6378
0:0:0:0:0:0:0:1 - - [05/Aug/2020:08:36:48 -0400] "GET /HomePage HTTP/1.1" 200 28811
0:0:0:0:0:0:0:1 - - [05/Aug/2020:08:36:48 -0400] "GET /ImageAssets/Beverages.jpg HTTP/1.1" 304 -
0:0:0:0:0:0:0:1 - - [05/Aug/2020:08:36:48 -0400] "GET /ImageAssets/Condiments.jpg HTTP/1.1" 304 -
0:0:0:0:0:0:0:1 - - [05/Aug/2020:08:36:48 -0400] "GET /ImageAssets/Produce.jpg HTTP/1.1" 304 -
0:0:0:0:0:0:0:1 - - [05/Aug/2020:08:36:48 -0400] "GET /ImageAssets/Confusing%20Interfaces.PNG HTTP/1.1" 304 -
0:0:0:0:0:0:0:1 - - [05/Aug/2020:08:36:48 -0400] "GET /ImageAssets/confections.jpg HTTP/1.1" 304 -
0:0:0:0:0:0:0:1 - - [05/Aug/2020:08:36:48 -0400] "GET /ImageAssets/Meat%20&%20Pultry.jpg HTTP/1.1" 304 -
0:0:0:0:0:0:0:1 - - [05/Aug/2020:08:36:48 -0400] "GET /FixedAssets/ComponyLogo.png HTTP/1.1" 304 -
0:0:0:0:0:0:0:1 - - [05/Aug/2020:08:36:48 -0400] "GET /FixedAssets/BrianRodewald1.jpg HTTP/1.1" 304 -
0:0:0:0:0:0:0:1 - - [05/Aug/2020:08:36:48 -0400] "GET /ImageAssets/Grain%20&%20Cereal.jpg HTTP/1.1" 304 -
0:0:0:0:0:0:0:1 - - [05/Aug/2020:08:36:48 -0400] "GET /ImageAssets/Dairy%20products.jpg HTTP/1.1" 304 -
0:0:0:0:0:0:0:1 - - [05/Aug/2020:08:36:48 -0400] "GET /FixedAssets/BenGibbs.jpg HTTP/1.1" 304 -
0:0:0:0:0:0:0:1 - - [05/Aug/2020:08:36:48 -0400] "GET /ImageAssets/seafood.jpeg HTTP/1.1" 304 -
0:0:0:0:0:0:0:1 - - [05/Aug/2020:08:36:48 -0400] "GET /FixedAssets/ShopingInterface.PNG HTTP/1.1" 304 -
0:0:0:0:0:0:0:1 - - [05/Aug/2020:08:36:48 -0400] "GET /FixedAssets/AaronLarch.jpg HTTP/1.1" 304 -
0:0:0:0:0:0:0:1 - - [05/Aug/2020:08:37:11 -0400] "GET /HomePage HTTP/1.1" 200 28811
0:0:0:0:0:0:0:1 - - [05/Aug/2020:08:37:11 -0400] "GET /ImageAssets/Dairy%20products.jpg HTTP/1.1" 304 -
0:0:0:0:0:0:0:1 - - [05/Aug/2020:08:37:11 -0400] "GET /ImageAssets/Beverages.jpg HTTP/1.1" 200 42287
0:0:0:0:0:0:0:1 - - [05/Aug/2020:08:37:11 -0400] "GET /ImageAssets/Grain%20&%20Cereal.jpg HTTP/1.1" 200 49949
0:0:0:0:0:0:0:1 - - [05/Aug/2020:08:37:11 -0400] "GET /ImageAssets/Confusing%20Interfaces.PNG HTTP/1.1" 200 54655
0:0:0:0:0:0:0:1 - - [05/Aug/2020:08:37:11 -0400] "GET /ImageAssets/Meat%20&%20Pultry.jpg HTTP/1.1" 200 124485
0:0:0:0:0:0:0:1 - - [05/Aug/2020:08:37:11 -0400] "GET /ImageAssets/Produce.jpg HTTP/1.1" 200 71131
0:0:0:0:0:0:0:1 - - [05/Aug/2020:08:37:11 -0400] "GET /FixedAssets/ComponyLogo.png HTTP/1.1" 304 -
0:0:0:0:0:0:0:1 - - [05/Aug/2020:08:37:11 -0400] "GET /FixedAssets/AaronLarch.jpg HTTP/1.1" 304 -
0:0:0:0:0:0:0:1 - - [05/Aug/2020:08:37:11 -0400] "GET /FixedAssets/BenGibbs.jpg HTTP/1.1" 304 -
0:0:0:0:0:0:0:1 - - [05/Aug/2020:08:37:11 -0400] "GET /FixedAssets/ShopingInterface.PNG HTTP/1.1" 304 -
0:0:0:0:0:0:0:1 - - [05/Aug/2020:08:37:11 -0400] "GET /ImageAssets/confections.jpg HTTP/1.1" 304 -
0:0:0:0:0:0:0:1 - - [05/Aug/2020:08:37:11 -0400] "GET /ImageAssets/Condiments.jpg HTTP/1.1" 200 81102
0:0:0:0:0:0:0:1 - - [05/Aug/2020:08:37:11 -0400] "GET /FixedAssets/BrianRodewald1.jpg HTTP/1.1" 304 -
0:0:0:0:0:0:0:1 - - [05/Aug/2020:08:37:11 -0400] "GET /ImageAssets/seafood.jpeg HTTP/1.1" 304 -
0:0:0:0:0:0:0:1 - - [05/Aug/2020:08:37:11 -0400] "GET /login HTTP/1.1" 200 6378
0:0:0:0:0:0:0:1 - - [05/Aug/2020:08:39:59 -0400] "GET /HomePage HTTP/1.1" 200 28811
0:0:0:0:0:0:0:1 - - [05/Aug/2020:08:39:59 -0400] "GET /ImageAssets/SeaFood.jpeg HTTP/1.1" 200 267854
0:0:0:0:0:0:0:1 - - [05/Aug/2020:08:39:59 -0400] "GET /ImageAssets/Beverages.jpg HTTP/1.1" 200 42287
0:0:0:0:0:0:0:1 - - [05/Aug/2020:08:40:00 -0400] "GET /ImageAssets/Dairy%20products.jpg HTTP/1.1" 304 -
0:0:0:0:0:0:0:1 - - [05/Aug/2020:08:40:00 -0400] "GET /ImageAssets/confections.jpg HTTP/1.1" 304 -
0:0:0:0:0:0:0:1 - - [05/Aug/2020:08:40:00 -0400] "GET /ImageAssets/Grain%20&%20Cereal.jpg HTTP/1.1" 200 49949
0:0:0:0:0:0:0:1 - - [05/Aug/2020:08:40:00 -0400] "GET /ImageAssets/Confusing%20Interfaces.PNG HTTP/1.1" 200 54655
0:0:0:0:0:0:0:1 - - [05/Aug/2020:08:40:00 -0400] "GET /FixedAssets/AaronLarch.jpg HTTP/1.1" 304 -
0:0:0:0:0:0:0:1 - - [05/Aug/2020:08:40:00 -0400] "GET /FixedAssets/BrianRodewald1.jpg HTTP/1.1" 304 -
0:0:0:0:0:0:0:1 - - [05/Aug/2020:08:40:00 -0400] "GET /ImageAssets/Condiments.jpg HTTP/1.1" 200 81102
0:0:0:0:0:0:0:1 - - [05/Aug/2020:08:40:00 -0400] "GET /FixedAssets/ComponyLogo.png HTTP/1.1" 304 -
0:0:0:0:0:0:0:1 - - [05/Aug/2020:08:40:00 -0400] "GET /ImageAssets/Meat%20&%20Pultry.jpg HTTP/1.1" 200 124485
0:0:0:0:0:0:0:1 - - [05/Aug/2020:08:40:00 -0400] "GET /ImageAssets/Produce.jpg HTTP/1.1" 200 90190
0:0:0:0:0:0:0:1 - - [05/Aug/2020:08:40:00 -0400] "GET /FixedAssets/BenGibbs.jpg HTTP/1.1" 304 -
0:0:0:0:0:0:0:1 - - [05/Aug/2020:08:40:00 -0400] "GET /FixedAssets/ShopingInterface.PNG HTTP/1.1" 304 -
0:0:0:0:0:0:0:1 - - [05/Aug/2020:09:05:59 -0400] "GET /HomePage HTTP/1.1" 200 28811
0:0:0:0:0:0:0:1 - - [05/Aug/2020:09:05:59 -0400] "GET /ImageAssets/Confusing%20Interfaces.PNG HTTP/1.1" 200 54655
0:0:0:0:0:0:0:1 - - [05/Aug/2020:09:05:59 -0400] "GET /ImageAssets/Grain%20&%20Cereal.jpg HTTP/1.1" 200 49949
0:0:0:0:0:0:0:1 - - [05/Aug/2020:09:05:59 -0400] "GET /ImageAssets/Condiments.jpg HTTP/1.1" 200 81102
0:0:0:0:0:0:0:1 - - [05/Aug/2020:09:05:59 -0400] "GET /ImageAssets/Beverages.jpg HTTP/1.1" 200 42287
0:0:0:0:0:0:0:1 - - [05/Aug/2020:09:05:59 -0400] "GET /ImageAssets/confections.jpg HTTP/1.1" 200 315715
0:0:0:0:0:0:0:1 - - [05/Aug/2020:09:05:59 -0400] "GET /ImageAssets/Dairy%20products.jpg HTTP/1.1" 200 1718054
0:0:0:0:0:0:0:1 - - [05/Aug/2020:09:06:00 -0400] "GET /ImageAssets/Produce.jpg HTTP/1.1" 200 90190
0:0:0:0:0:0:0:1 - - [05/Aug/2020:09:06:00 -0400] "GET /FixedAssets/ComponyLogo.png HTTP/1.1" 200 25947
0:0:0:0:0:0:0:1 - - [05/Aug/2020:09:06:00 -0400] "GET /ImageAssets/Meat%20&%20Pultry.jpg HTTP/1.1" 200 124485
0:0:0:0:0:0:0:1 - - [05/Aug/2020:09:06:00 -0400] "GET /FixedAssets/ShopingInterface.PNG HTTP/1.1" 200 27851
0:0:0:0:0:0:0:1 - - [05/Aug/2020:09:06:00 -0400] "GET /FixedAssets/BenGibbs.jpg HTTP/1.1" 200 48223
0:0:0:0:0:0:0:1 - - [05/Aug/2020:09:06:00 -0400] "GET /ImageAssets/SeaFood.jpeg HTTP/1.1" 200 267854
0:0:0:0:0:0:0:1 - - [05/Aug/2020:09:06:00 -0400] "GET /FixedAssets/AaronLarch.jpg HTTP/1.1" 200 995586
0:0:0:0:0:0:0:1 - - [05/Aug/2020:09:06:00 -0400] "GET /FixedAssets/BrianRodewald1.jpg HTTP/1.1" 200 917302
0:0:0:0:0:0:0:1 - - [05/Aug/2020:09:06:00 -0400] "GET /favicon.ico HTTP/1.1" 302 -
0:0:0:0:0:0:0:1 - - [05/Aug/2020:09:06:00 -0400] "GET /login HTTP/1.1" 200 6378
0:0:0:0:0:0:0:1 - - [05/Aug/2020:09:06:22 -0400] "GET /login HTTP/1.1" 200 6378
0:0:0:0:0:0:0:1 - - [05/Aug/2020:09:06:29 -0400] "POST /login HTTP/1.1" 302 -
0:0:0:0:0:0:0:1 - - [05/Aug/2020:09:06:29 -0400] "GET / HTTP/1.1" 302 -
0:0:0:0:0:0:0:1 - - [05/Aug/2020:09:06:29 -0400] "GET /Shipping/Europe HTTP/1.1" 200 53078
0:0:0:0:0:0:0:1 - - [05/Aug/2020:09:06:29 -0400] "GET /login HTTP/1.1" 200 6378
0:0:0:0:0:0:0:1 - - [05/Aug/2020:09:06:35 -0400] "POST /logout HTTP/1.1" 302 -
0:0:0:0:0:0:0:1 - - [05/Aug/2020:09:06:35 -0400] "GET /login?logout HTTP/1.1" 200 6416
0:0:0:0:0:0:0:1 - - [05/Aug/2020:09:06:43 -0400] "POST /login HTTP/1.1" 302 -
0:0:0:0:0:0:0:1 - - [05/Aug/2020:09:06:43 -0400] "GET / HTTP/1.1" 302 -
0:0:0:0:0:0:0:1 - - [05/Aug/2020:09:06:43 -0400] "GET /Shipping/Europe HTTP/1.1" 200 53037
0:0:0:0:0:0:0:1 - - [05/Aug/2020:09:06:43 -0400] "GET /login HTTP/1.1" 200 6378
0:0:0:0:0:0:0:1 - - [05/Aug/2020:09:06:46 -0400] "GET /Stats/closerecords HTTP/1.1" 200 55239
0:0:0:0:0:0:0:1 - - [05/Aug/2020:09:07:02 -0400] "POST /logout HTTP/1.1" 302 -
0:0:0:0:0:0:0:1 - - [05/Aug/2020:09:07:02 -0400] "GET /login?logout HTTP/1.1" 200 6416
0:0:0:0:0:0:0:1 - - [05/Aug/2020:09:36:26 -0400] "GET /HomePage HTTP/1.1" 200 29351
0:0:0:0:0:0:0:1 - - [05/Aug/2020:09:36:26 -0400] "GET /ImageAssets/confections.jpg HTTP/1.1" 304 -
0:0:0:0:0:0:0:1 - - [05/Aug/2020:09:36:26 -0400] "GET /ImageAssets/Grain%20&%20Cereal.jpg HTTP/1.1" 304 -
0:0:0:0:0:0:0:1 - - [05/Aug/2020:09:36:26 -0400] "GET /ImageAssets/Meat%20&%20Pultry.jpg HTTP/1.1" 304 -
0:0:0:0:0:0:0:1 - - [05/Aug/2020:09:36:26 -0400] "GET /ImageAssets/SeaFood.jpeg HTTP/1.1" 304 -
0:0:0:0:0:0:0:1 - - [05/Aug/2020:09:36:26 -0400] "GET /ImageAssets/Produce.jpg HTTP/1.1" 304 -
0:0:0:0:0:0:0:1 - - [05/Aug/2020:09:36:27 -0400] "GET /ImageAssets/Beverages.jpg HTTP/1.1" 200 42287
0:0:0:0:0:0:0:1 - - [05/Aug/2020:09:36:27 -0400] "GET /ImageAssets/Dairy%20products.jpg HTTP/1.1" 304 -
0:0:0:0:0:0:0:1 - - [05/Aug/2020:09:36:27 -0400] "GET /FixedAssets/BenGibbs.jpg HTTP/1.1" 304 -
0:0:0:0:0:0:0:1 - - [05/Aug/2020:09:36:27 -0400] "GET /FixedAssets/ShopingInterface.PNG HTTP/1.1" 304 -
0:0:0:0:0:0:0:1 - - [05/Aug/2020:09:36:26 -0400] "GET /ImageAssets/Confusing%20Interfaces.PNG HTTP/1.1" 200 54655
0:0:0:0:0:0:0:1 - - [05/Aug/2020:09:36:27 -0400] "GET /ImageAssets/Condiments.jpg HTTP/1.1" 200 81102
0:0:0:0:0:0:0:1 - - [05/Aug/2020:09:36:27 -0400] "GET /FixedAssets/BrianRodewald1.jpg HTTP/1.1" 304 -
0:0:0:0:0:0:0:1 - - [05/Aug/2020:09:36:27 -0400] "GET /FixedAssets/AaronLarch.jpg HTTP/1.1" 304 -
0:0:0:0:0:0:0:1 - - [05/Aug/2020:09:36:27 -0400] "GET /FixedAssets/ComponyLogo.png HTTP/1.1" 304 -
0:0:0:0:0:0:0:1 - - [05/Aug/2020:09:36:27 -0400] "GET /favicon.ico HTTP/1.1" 302 -
0:0:0:0:0:0:0:1 - - [05/Aug/2020:09:36:27 -0400] "GET /login HTTP/1.1" 200 6378
0:0:0:0:0:0:0:1 - - [05/Aug/2020:09:41:41 -0400] "GET /HomePage HTTP/1.1" 200 29282
0:0:0:0:0:0:0:1 - - [05/Aug/2020:09:41:41 -0400] "GET /ImageAssets/Beverages.jpg HTTP/1.1" 200 42287
0:0:0:0:0:0:0:1 - - [05/Aug/2020:09:41:41 -0400] "GET /ImageAssets/Meat%20&%20Pultry.jpg HTTP/1.1" 304 -
0:0:0:0:0:0:0:1 - - [05/Aug/2020:09:41:41 -0400] "GET /ImageAssets/confections.jpg HTTP/1.1" 304 -
0:0:0:0:0:0:0:1 - - [05/Aug/2020:09:41:41 -0400] "GET /ImageAssets/Confusing%20Interfaces.PNG HTTP/1.1" 304 -
0:0:0:0:0:0:0:1 - - [05/Aug/2020:09:41:41 -0400] "GET /ImageAssets/Dairy%20products.jpg HTTP/1.1" 304 -
0:0:0:0:0:0:0:1 - - [05/Aug/2020:09:41:41 -0400] "GET /FixedAssets/AaronLarch.jpg HTTP/1.1" 304 -
0:0:0:0:0:0:0:1 - - [05/Aug/2020:09:41:41 -0400] "GET /ImageAssets/Produce.jpg HTTP/1.1" 304 -
0:0:0:0:0:0:0:1 - - [05/Aug/2020:09:41:41 -0400] "GET /ImageAssets/SeaFood.jpeg HTTP/1.1" 304 -
0:0:0:0:0:0:0:1 - - [05/Aug/2020:09:41:41 -0400] "GET /FixedAssets/ComponyLogo.png HTTP/1.1" 304 -
0:0:0:0:0:0:0:1 - - [05/Aug/2020:09:41:41 -0400] "GET /FixedAssets/BrianRodewald1.jpg HTTP/1.1" 304 -
0:0:0:0:0:0:0:1 - - [05/Aug/2020:09:41:41 -0400] "GET /ImageAssets/Grain%20&%20Cereal.jpg HTTP/1.1" 304 -
0:0:0:0:0:0:0:1 - - [05/Aug/2020:09:41:41 -0400] "GET /FixedAssets/BenGibbs.jpg HTTP/1.1" 304 -
0:0:0:0:0:0:0:1 - - [05/Aug/2020:09:41:41 -0400] "GET /FixedAssets/ShopingInterface.PNG HTTP/1.1" 304 -
0:0:0:0:0:0:0:1 - - [05/Aug/2020:09:41:41 -0400] "GET /ImageAssets/Condiments.jpg HTTP/1.1" 200 81102
0:0:0:0:0:0:0:1 - - [05/Aug/2020:09:44:29 -0400] "GET /HomePage HTTP/1.1" 200 29276
0:0:0:0:0:0:0:1 - - [05/Aug/2020:09:44:29 -0400] "GET /ImageAssets/Beverages.jpg HTTP/1.1" 200 42287
0:0:0:0:0:0:0:1 - - [05/Aug/2020:09:44:29 -0400] "GET /ImageAssets/Meat%20&%20Pultry.jpg HTTP/1.1" 304 -
0:0:0:0:0:0:0:1 - - [05/Aug/2020:09:44:29 -0400] "GET /ImageAssets/Condiments.jpg HTTP/1.1" 200 81102
0:0:0:0:0:0:0:1 - - [05/Aug/2020:09:44:29 -0400] "GET /ImageAssets/confections.jpg HTTP/1.1" 304 -
0:0:0:0:0:0:0:1 - - [05/Aug/2020:09:44:29 -0400] "GET /ImageAssets/Grain%20&%20Cereal.jpg HTTP/1.1" 304 -
0:0:0:0:0:0:0:1 - - [05/Aug/2020:09:44:29 -0400] "GET /ImageAssets/SeaFood.jpeg HTTP/1.1" 304 -
0:0:0:0:0:0:0:1 - - [05/Aug/2020:09:44:29 -0400] "GET /FixedAssets/ComponyLogo.png HTTP/1.1" 304 -
0:0:0:0:0:0:0:1 - - [05/Aug/2020:09:44:29 -0400] "GET /ImageAssets/Dairy%20products.jpg HTTP/1.1" 304 -
0:0:0:0:0:0:0:1 - - [05/Aug/2020:09:44:29 -0400] "GET /FixedAssets/AaronLarch.jpg HTTP/1.1" 304 -
0:0:0:0:0:0:0:1 - - [05/Aug/2020:09:44:29 -0400] "GET /FixedAssets/ShopingInterface.PNG HTTP/1.1" 304 -
0:0:0:0:0:0:0:1 - - [05/Aug/2020:09:44:29 -0400] "GET /FixedAssets/BenGibbs.jpg HTTP/1.1" 304 -
0:0:0:0:0:0:0:1 - - [05/Aug/2020:09:44:29 -0400] "GET /ImageAssets/Confusing%20Interfaces.PNG HTTP/1.1" 304 -
0:0:0:0:0:0:0:1 - - [05/Aug/2020:09:44:29 -0400] "GET /FixedAssets/BrianRodewald1.jpg HTTP/1.1" 304 -
0:0:0:0:0:0:0:1 - - [05/Aug/2020:09:44:29 -0400] "GET /ImageAssets/Produce.jpg HTTP/1.1" 304 -
0:0:0:0:0:0:0:1 - - [05/Aug/2020:09:44:29 -0400] "GET /favicon.ico HTTP/1.1" 302 -
0:0:0:0:0:0:0:1 - - [05/Aug/2020:09:50:28 -0400] "GET /HomePage HTTP/1.1" 200 29539
0:0:0:0:0:0:0:1 - - [05/Aug/2020:09:50:29 -0400] "GET /ImageAssets/Beverages.jpg HTTP/1.1" 304 -
0:0:0:0:0:0:0:1 - - [05/Aug/2020:09:50:29 -0400] "GET /ImageAssets/Condiments.jpg HTTP/1.1" 304 -
0:0:0:0:0:0:0:1 - - [05/Aug/2020:09:50:29 -0400] "GET /ImageAssets/Confusing%20Interfaces.PNG HTTP/1.1" 304 -
0:0:0:0:0:0:0:1 - - [05/Aug/2020:09:50:29 -0400] "GET /ImageAssets/Grain%20&%20Cereal.jpg HTTP/1.1" 304 -
0:0:0:0:0:0:0:1 - - [05/Aug/2020:09:50:29 -0400] "GET /ImageAssets/confections.jpg HTTP/1.1" 304 -
0:0:0:0:0:0:0:1 - - [05/Aug/2020:09:50:29 -0400] "GET /ImageAssets/Dairy%20products.jpg HTTP/1.1" 304 -
0:0:0:0:0:0:0:1 - - [05/Aug/2020:09:50:29 -0400] "GET /ImageAssets/SeaFood.jpeg HTTP/1.1" 304 -
0:0:0:0:0:0:0:1 - - [05/Aug/2020:09:50:29 -0400] "GET /FixedAssets/BrianRodewald1.jpg HTTP/1.1" 304 -
0:0:0:0:0:0:0:1 - - [05/Aug/2020:09:50:29 -0400] "GET /FixedAssets/ComponyLogo.png HTTP/1.1" 304 -
0:0:0:0:0:0:0:1 - - [05/Aug/2020:09:50:29 -0400] "GET /ImageAssets/Meat%20&%20Pultry.jpg HTTP/1.1" 304 -
0:0:0:0:0:0:0:1 - - [05/Aug/2020:09:50:29 -0400] "GET /FixedAssets/ShopingInterface.PNG HTTP/1.1" 304 -
0:0:0:0:0:0:0:1 - - [05/Aug/2020:09:50:29 -0400] "GET /FixedAssets/BenGibbs.jpg HTTP/1.1" 304 -
0:0:0:0:0:0:0:1 - - [05/Aug/2020:09:50:29 -0400] "GET /ImageAssets/Produce.jpg HTTP/1.1" 304 -
0:0:0:0:0:0:0:1 - - [05/Aug/2020:09:50:29 -0400] "GET /FixedAssets/AaronLarch.jpg HTTP/1.1" 304 -
0:0:0:0:0:0:0:1 - - [05/Aug/2020:09:54:16 -0400] "GET /HomePage HTTP/1.1" 200 29590
0:0:0:0:0:0:0:1 - - [05/Aug/2020:09:54:17 -0400] "GET /ImageAssets/Beverages.jpg HTTP/1.1" 304 -
0:0:0:0:0:0:0:1 - - [05/Aug/2020:09:54:17 -0400] "GET /ImageAssets/Condiments.jpg HTTP/1.1" 304 -
0:0:0:0:0:0:0:1 - - [05/Aug/2020:09:54:17 -0400] "GET /ImageAssets/Dairy%20products.jpg HTTP/1.1" 304 -
0:0:0:0:0:0:0:1 - - [05/Aug/2020:09:54:17 -0400] "GET /ImageAssets/Confusing%20Interfaces.PNG HTTP/1.1" 304 -
0:0:0:0:0:0:0:1 - - [05/Aug/2020:09:54:17 -0400] "GET /ImageAssets/confections.jpg HTTP/1.1" 304 -
0:0:0:0:0:0:0:1 - - [05/Aug/2020:09:54:17 -0400] "GET /ImageAssets/SeaFood.jpeg HTTP/1.1" 304 -
0:0:0:0:0:0:0:1 - - [05/Aug/2020:09:54:17 -0400] "GET /FixedAssets/ComponyLogo.png HTTP/1.1" 304 -
0:0:0:0:0:0:0:1 - - [05/Aug/2020:09:54:17 -0400] "GET /FixedAssets/AaronLarch.jpg HTTP/1.1" 304 -
0:0:0:0:0:0:0:1 - - [05/Aug/2020:09:54:17 -0400] "GET /ImageAssets/Meat%20&%20Pultry.jpg HTTP/1.1" 304 -
0:0:0:0:0:0:0:1 - - [05/Aug/2020:09:54:17 -0400] "GET /FixedAssets/BrianRodewald1.jpg HTTP/1.1" 304 -
0:0:0:0:0:0:0:1 - - [05/Aug/2020:09:54:17 -0400] "GET /FixedAssets/BenGibbs.jpg HTTP/1.1" 304 -
0:0:0:0:0:0:0:1 - - [05/Aug/2020:09:54:17 -0400] "GET /ImageAssets/Grain%20&%20Cereal.jpg HTTP/1.1" 304 -
0:0:0:0:0:0:0:1 - - [05/Aug/2020:09:54:17 -0400] "GET /FixedAssets/ShopingInterface.PNG HTTP/1.1" 304 -
0:0:0:0:0:0:0:1 - - [05/Aug/2020:09:54:17 -0400] "GET /ImageAssets/Produce.jpg HTTP/1.1" 304 -
0:0:0:0:0:0:0:1 - - [05/Aug/2020:09:54:34 -0400] "GET /HomePage HTTP/1.1" 200 29589
0:0:0:0:0:0:0:1 - - [05/Aug/2020:09:54:34 -0400] "GET /ImageAssets/confections.jpg HTTP/1.1" 304 -
0:0:0:0:0:0:0:1 - - [05/Aug/2020:09:54:34 -0400] "GET /ImageAssets/Produce.jpg HTTP/1.1" 304 -
0:0:0:0:0:0:0:1 - - [05/Aug/2020:09:54:34 -0400] "GET /ImageAssets/Dairy%20products.jpg HTTP/1.1" 304 -
0:0:0:0:0:0:0:1 - - [05/Aug/2020:09:54:34 -0400] "GET /ImageAssets/Condiments.jpg HTTP/1.1" 200 81102
0:0:0:0:0:0:0:1 - - [05/Aug/2020:09:54:34 -0400] "GET /ImageAssets/Beverages.jpg HTTP/1.1" 200 42287
0:0:0:0:0:0:0:1 - - [05/Aug/2020:09:54:34 -0400] "GET /ImageAssets/Grain%20&%20Cereal.jpg HTTP/1.1" 304 -
0:0:0:0:0:0:0:1 - - [05/Aug/2020:09:54:34 -0400] "GET /ImageAssets/SeaFood.jpeg HTTP/1.1" 304 -
0:0:0:0:0:0:0:1 - - [05/Aug/2020:09:54:34 -0400] "GET /FixedAssets/BrianRodewald1.jpg HTTP/1.1" 304 -
0:0:0:0:0:0:0:1 - - [05/Aug/2020:09:54:34 -0400] "GET /FixedAssets/ComponyLogo.png HTTP/1.1" 304 -
0:0:0:0:0:0:0:1 - - [05/Aug/2020:09:54:34 -0400] "GET /FixedAssets/ShopingInterface.PNG HTTP/1.1" 304 -
0:0:0:0:0:0:0:1 - - [05/Aug/2020:09:54:34 -0400] "GET /FixedAssets/BenGibbs.jpg HTTP/1.1" 304 -
0:0:0:0:0:0:0:1 - - [05/Aug/2020:09:54:34 -0400] "GET /ImageAssets/Meat%20&%20Pultry.jpg HTTP/1.1" 304 -
0:0:0:0:0:0:0:1 - - [05/Aug/2020:09:54:34 -0400] "GET /FixedAssets/AaronLarch.jpg HTTP/1.1" 304 -
0:0:0:0:0:0:0:1 - - [05/Aug/2020:09:54:34 -0400] "GET /ImageAssets/Confusing%20Interfaces.PNG HTTP/1.1" 304 -
0:0:0:0:0:0:0:1 - - [05/Aug/2020:09:54:58 -0400] "GET /HomePage HTTP/1.1" 200 29564
0:0:0:0:0:0:0:1 - - [05/Aug/2020:09:54:59 -0400] "GET /ImageAssets/Confusing%20Interfaces.PNG HTTP/1.1" 304 -
0:0:0:0:0:0:0:1 - - [05/Aug/2020:09:54:59 -0400] "GET /ImageAssets/Condiments.jpg HTTP/1.1" 304 -
0:0:0:0:0:0:0:1 - - [05/Aug/2020:09:54:59 -0400] "GET /ImageAssets/Meat%20&%20Pultry.jpg HTTP/1.1" 304 -
0:0:0:0:0:0:0:1 - - [05/Aug/2020:09:54:59 -0400] "GET /ImageAssets/Produce.jpg HTTP/1.1" 304 -
0:0:0:0:0:0:0:1 - - [05/Aug/2020:09:54:59 -0400] "GET /ImageAssets/Beverages.jpg HTTP/1.1" 200 42287
0:0:0:0:0:0:0:1 - - [05/Aug/2020:09:54:59 -0400] "GET /ImageAssets/Dairy%20products.jpg HTTP/1.1" 304 -
0:0:0:0:0:0:0:1 - - [05/Aug/2020:09:54:59 -0400] "GET /FixedAssets/AaronLarch.jpg HTTP/1.1" 304 -
0:0:0:0:0:0:0:1 - - [05/Aug/2020:09:54:59 -0400] "GET /FixedAssets/ComponyLogo.png HTTP/1.1" 304 -
0:0:0:0:0:0:0:1 - - [05/Aug/2020:09:54:59 -0400] "GET /FixedAssets/BrianRodewald1.jpg HTTP/1.1" 304 -
0:0:0:0:0:0:0:1 - - [05/Aug/2020:09:54:59 -0400] "GET /FixedAssets/BenGibbs.jpg HTTP/1.1" 304 -
0:0:0:0:0:0:0:1 - - [05/Aug/2020:09:54:59 -0400] "GET /FixedAssets/ShopingInterface.PNG HTTP/1.1" 304 -
0:0:0:0:0:0:0:1 - - [05/Aug/2020:09:54:59 -0400] "GET /ImageAssets/Grain%20&%20Cereal.jpg HTTP/1.1" 304 -
0:0:0:0:0:0:0:1 - - [05/Aug/2020:09:54:59 -0400] "GET /ImageAssets/confections.jpg HTTP/1.1" 304 -
0:0:0:0:0:0:0:1 - - [05/Aug/2020:09:54:59 -0400] "GET /ImageAssets/SeaFood.jpeg HTTP/1.1" 304 -
0:0:0:0:0:0:0:1 - - [05/Aug/2020:09:56:19 -0400] "GET /HomePage HTTP/1.1" 200 29565
0:0:0:0:0:0:0:1 - - [05/Aug/2020:09:56:20 -0400] "GET /ImageAssets/Beverages.jpg HTTP/1.1" 200 42287
0:0:0:0:0:0:0:1 - - [05/Aug/2020:09:56:20 -0400] "GET /ImageAssets/Grain%20&%20Cereal.jpg HTTP/1.1" 304 -
0:0:0:0:0:0:0:1 - - [05/Aug/2020:09:56:20 -0400] "GET /ImageAssets/Condiments.jpg HTTP/1.1" 200 81102
0:0:0:0:0:0:0:1 - - [05/Aug/2020:09:56:20 -0400] "GET /ImageAssets/Meat%20&%20Pultry.jpg HTTP/1.1" 304 -
0:0:0:0:0:0:0:1 - - [05/Aug/2020:09:56:20 -0400] "GET /ImageAssets/Confusing%20Interfaces.PNG HTTP/1.1" 304 -
0:0:0:0:0:0:0:1 - - [05/Aug/2020:09:56:20 -0400] "GET /FixedAssets/ComponyLogo.png HTTP/1.1" 304 -
0:0:0:0:0:0:0:1 - - [05/Aug/2020:09:56:20 -0400] "GET /ImageAssets/confections.jpg HTTP/1.1" 304 -
0:0:0:0:0:0:0:1 - - [05/Aug/2020:09:56:20 -0400] "GET /FixedAssets/AaronLarch.jpg HTTP/1.1" 304 -
0:0:0:0:0:0:0:1 - - [05/Aug/2020:09:56:20 -0400] "GET /FixedAssets/BenGibbs.jpg HTTP/1.1" 304 -
0:0:0:0:0:0:0:1 - - [05/Aug/2020:09:56:20 -0400] "GET /FixedAssets/BrianRodewald1.jpg HTTP/1.1" 304 -
0:0:0:0:0:0:0:1 - - [05/Aug/2020:09:56:20 -0400] "GET /FixedAssets/ShopingInterface.PNG HTTP/1.1" 304 -
0:0:0:0:0:0:0:1 - - [05/Aug/2020:09:56:20 -0400] "GET /ImageAssets/Dairy%20products.jpg HTTP/1.1" 304 -
0:0:0:0:0:0:0:1 - - [05/Aug/2020:09:56:20 -0400] "GET /ImageAssets/SeaFood.jpeg HTTP/1.1" 304 -
0:0:0:0:0:0:0:1 - - [05/Aug/2020:09:56:20 -0400] "GET /ImageAssets/Produce.jpg HTTP/1.1" 304 -
0:0:0:0:0:0:0:1 - - [05/Aug/2020:09:57:19 -0400] "GET /HomePage HTTP/1.1" 200 29589
0:0:0:0:0:0:0:1 - - [05/Aug/2020:09:57:20 -0400] "GET /ImageAssets/Beverages.jpg HTTP/1.1" 200 42287
0:0:0:0:0:0:0:1 - - [05/Aug/2020:09:57:20 -0400] "GET /ImageAssets/Confusing%20Interfaces.PNG HTTP/1.1" 304 -
0:0:0:0:0:0:0:1 - - [05/Aug/2020:09:57:20 -0400] "GET /ImageAssets/Grain%20&%20Cereal.jpg HTTP/1.1" 304 -
0:0:0:0:0:0:0:1 - - [05/Aug/2020:09:57:20 -0400] "GET /ImageAssets/Meat%20&%20Pultry.jpg HTTP/1.1" 304 -
0:0:0:0:0:0:0:1 - - [05/Aug/2020:09:57:20 -0400] "GET /ImageAssets/Produce.jpg HTTP/1.1" 304 -
0:0:0:0:0:0:0:1 - - [05/Aug/2020:09:57:20 -0400] "GET /ImageAssets/Condiments.jpg HTTP/1.1" 200 81102
0:0:0:0:0:0:0:1 - - [05/Aug/2020:09:57:20 -0400] "GET /ImageAssets/SeaFood.jpeg HTTP/1.1" 304 -
0:0:0:0:0:0:0:1 - - [05/Aug/2020:09:57:20 -0400] "GET /ImageAssets/confections.jpg HTTP/1.1" 304 -
0:0:0:0:0:0:0:1 - - [05/Aug/2020:09:57:20 -0400] "GET /FixedAssets/BrianRodewald1.jpg HTTP/1.1" 304 -
0:0:0:0:0:0:0:1 - - [05/Aug/2020:09:57:20 -0400] "GET /FixedAssets/BenGibbs.jpg HTTP/1.1" 304 -
0:0:0:0:0:0:0:1 - - [05/Aug/2020:09:57:20 -0400] "GET /FixedAssets/AaronLarch.jpg HTTP/1.1" 304 -
0:0:0:0:0:0:0:1 - - [05/Aug/2020:09:57:20 -0400] "GET /FixedAssets/ShopingInterface.PNG HTTP/1.1" 304 -
0:0:0:0:0:0:0:1 - - [05/Aug/2020:09:57:20 -0400] "GET /ImageAssets/Dairy%20products.jpg HTTP/1.1" 304 -
0:0:0:0:0:0:0:1 - - [05/Aug/2020:09:57:20 -0400] "GET /FixedAssets/ComponyLogo.png HTTP/1.1" 304 -
0:0:0:0:0:0:0:1 - - [05/Aug/2020:09:57:57 -0400] "GET /HomePage HTTP/1.1" 200 29560
0:0:0:0:0:0:0:1 - - [05/Aug/2020:09:57:57 -0400] "GET /ImageAssets/Confusing%20Interfaces.PNG HTTP/1.1" 304 -
0:0:0:0:0:0:0:1 - - [05/Aug/2020:09:57:57 -0400] "GET /ImageAssets/Condiments.jpg HTTP/1.1" 304 -
0:0:0:0:0:0:0:1 - - [05/Aug/2020:09:57:57 -0400] "GET /ImageAssets/Beverages.jpg HTTP/1.1" 200 42287
0:0:0:0:0:0:0:1 - - [05/Aug/2020:09:57:57 -0400] "GET /ImageAssets/Grain%20&%20Cereal.jpg HTTP/1.1" 304 -
0:0:0:0:0:0:0:1 - - [05/Aug/2020:09:57:57 -0400] "GET /ImageAssets/Meat%20&%20Pultry.jpg HTTP/1.1" 304 -
0:0:0:0:0:0:0:1 - - [05/Aug/2020:09:57:57 -0400] "GET /ImageAssets/Dairy%20products.jpg HTTP/1.1" 304 -
0:0:0:0:0:0:0:1 - - [05/Aug/2020:09:57:57 -0400] "GET /ImageAssets/Produce.jpg HTTP/1.1" 200 90190
0:0:0:0:0:0:0:1 - - [05/Aug/2020:09:57:57 -0400] "GET /FixedAssets/BrianRodewald1.jpg HTTP/1.1" 304 -
0:0:0:0:0:0:0:1 - - [05/Aug/2020:09:57:57 -0400] "GET /FixedAssets/AaronLarch.jpg HTTP/1.1" 304 -
0:0:0:0:0:0:0:1 - - [05/Aug/2020:09:57:57 -0400] "GET /FixedAssets/ShopingInterface.PNG HTTP/1.1" 304 -
0:0:0:0:0:0:0:1 - - [05/Aug/2020:09:57:57 -0400] "GET /FixedAssets/BenGibbs.jpg HTTP/1.1" 200 48223
0:0:0:0:0:0:0:1 - - [05/Aug/2020:09:57:57 -0400] "GET /ImageAssets/confections.jpg HTTP/1.1" 304 -
0:0:0:0:0:0:0:1 - - [05/Aug/2020:09:57:57 -0400] "GET /ImageAssets/SeaFood.jpeg HTTP/1.1" 304 -
0:0:0:0:0:0:0:1 - - [05/Aug/2020:09:57:57 -0400] "GET /FixedAssets/ComponyLogo.png HTTP/1.1" 200 25947
0:0:0:0:0:0:0:1 - - [05/Aug/2020:09:58:15 -0400] "GET /HomePage HTTP/1.1" 200 29588
0:0:0:0:0:0:0:1 - - [05/Aug/2020:09:58:15 -0400] "GET /ImageAssets/Beverages.jpg HTTP/1.1" 200 42287
0:0:0:0:0:0:0:1 - - [05/Aug/2020:09:58:15 -0400] "GET /ImageAssets/confections.jpg HTTP/1.1" 304 -
0:0:0:0:0:0:0:1 - - [05/Aug/2020:09:58:15 -0400] "GET /ImageAssets/Grain%20&%20Cereal.jpg HTTP/1.1" 304 -
0:0:0:0:0:0:0:1 - - [05/Aug/2020:09:58:15 -0400] "GET /ImageAssets/Dairy%20products.jpg HTTP/1.1" 304 -
0:0:0:0:0:0:0:1 - - [05/Aug/2020:09:58:15 -0400] "GET /ImageAssets/SeaFood.jpeg HTTP/1.1" 304 -
0:0:0:0:0:0:0:1 - - [05/Aug/2020:09:58:15 -0400] "GET /ImageAssets/Meat%20&%20Pultry.jpg HTTP/1.1" 200 124485
0:0:0:0:0:0:0:1 - - [05/Aug/2020:09:58:15 -0400] "GET /FixedAssets/ComponyLogo.png HTTP/1.1" 304 -
0:0:0:0:0:0:0:1 - - [05/Aug/2020:09:58:15 -0400] "GET /FixedAssets/AaronLarch.jpg HTTP/1.1" 304 -
0:0:0:0:0:0:0:1 - - [05/Aug/2020:09:58:15 -0400] "GET /FixedAssets/BenGibbs.jpg HTTP/1.1" 304 -
0:0:0:0:0:0:0:1 - - [05/Aug/2020:09:58:15 -0400] "GET /FixedAssets/ShopingInterface.PNG HTTP/1.1" 304 -
0:0:0:0:0:0:0:1 - - [05/Aug/2020:09:58:15 -0400] "GET /ImageAssets/Confusing%20Interfaces.PNG HTTP/1.1" 304 -
0:0:0:0:0:0:0:1 - - [05/Aug/2020:09:58:15 -0400] "GET /ImageAssets/Produce.jpg HTTP/1.1" 304 -
0:0:0:0:0:0:0:1 - - [05/Aug/2020:09:58:15 -0400] "GET /ImageAssets/Condiments.jpg HTTP/1.1" 200 81102
0:0:0:0:0:0:0:1 - - [05/Aug/2020:09:58:15 -0400] "GET /FixedAssets/BrianRodewald1.jpg HTTP/1.1" 304 -
0:0:0:0:0:0:0:1 - - [05/Aug/2020:10:57:54 -0400] "GET /HomePage HTTP/1.1" 200 29427
0:0:0:0:0:0:0:1 - - [05/Aug/2020:10:57:54 -0400] "GET /ImageAssets/Beverages.jpg HTTP/1.1" 304 -
0:0:0:0:0:0:0:1 - - [05/Aug/2020:10:57:54 -0400] "GET /ImageAssets/Condiments.jpg HTTP/1.1" 304 -
0:0:0:0:0:0:0:1 - - [05/Aug/2020:10:57:54 -0400] "GET /ImageAssets/confections.jpg HTTP/1.1" 304 -
0:0:0:0:0:0:0:1 - - [05/Aug/2020:10:57:54 -0400] "GET /ImageAssets/Meat%20&%20Pultry.jpg HTTP/1.1" 304 -
0:0:0:0:0:0:0:1 - - [05/Aug/2020:10:57:54 -0400] "GET /ImageAssets/Confusing%20Interfaces.PNG HTTP/1.1" 304 -
0:0:0:0:0:0:0:1 - - [05/Aug/2020:10:57:54 -0400] "GET /ImageAssets/Produce.jpg HTTP/1.1" 304 -
0:0:0:0:0:0:0:1 - - [05/Aug/2020:10:57:54 -0400] "GET /ImageAssets/Grain%20&%20Cereal.jpg HTTP/1.1" 304 -
0:0:0:0:0:0:0:1 - - [05/Aug/2020:10:57:54 -0400] "GET /ImageAssets/SeaFood.jpeg HTTP/1.1" 304 -
0:0:0:0:0:0:0:1 - - [05/Aug/2020:10:57:54 -0400] "GET /FixedAssets/AaronLarch.jpg HTTP/1.1" 304 -
0:0:0:0:0:0:0:1 - - [05/Aug/2020:10:57:54 -0400] "GET /FixedAssets/ShopingInterface.PNG HTTP/1.1" 304 -
0:0:0:0:0:0:0:1 - - [05/Aug/2020:10:57:54 -0400] "GET /FixedAssets/BenGibbs.jpg HTTP/1.1" 304 -
0:0:0:0:0:0:0:1 - - [05/Aug/2020:10:57:54 -0400] "GET /FixedAssets/BrianRodewald1.jpg HTTP/1.1" 304 -
0:0:0:0:0:0:0:1 - - [05/Aug/2020:10:57:54 -0400] "GET /FixedAssets/ComponyLogo.png HTTP/1.1" 200 25947
0:0:0:0:0:0:0:1 - - [05/Aug/2020:10:57:54 -0400] "GET /ImageAssets/Dairy%20products.jpg HTTP/1.1" 304 -
0:0:0:0:0:0:0:1 - - [05/Aug/2020:10:59:40 -0400] "GET /HomePage HTTP/1.1" 200 29427
0:0:0:0:0:0:0:1 - - [05/Aug/2020:10:59:40 -0400] "GET /ImageAssets/Beverages.jpg HTTP/1.1" 200 42287
0:0:0:0:0:0:0:1 - - [05/Aug/2020:10:59:40 -0400] "GET /ImageAssets/Condiments.jpg HTTP/1.1" 200 81102
0:0:0:0:0:0:0:1 - - [05/Aug/2020:10:59:40 -0400] "GET /ImageAssets/confections.jpg HTTP/1.1" 304 -
0:0:0:0:0:0:0:1 - - [05/Aug/2020:10:59:40 -0400] "GET /ImageAssets/Meat%20&%20Pultry.jpg HTTP/1.1" 304 -
0:0:0:0:0:0:0:1 - - [05/Aug/2020:10:59:40 -0400] "GET /ImageAssets/Produce.jpg HTTP/1.1" 304 -
0:0:0:0:0:0:0:1 - - [05/Aug/2020:10:59:40 -0400] "GET /ImageAssets/SeaFood.jpeg HTTP/1.1" 304 -
0:0:0:0:0:0:0:1 - - [05/Aug/2020:10:59:40 -0400] "GET /ImageAssets/Dairy%20products.jpg HTTP/1.1" 304 -
0:0:0:0:0:0:0:1 - - [05/Aug/2020:10:59:40 -0400] "GET /FixedAssets/BrianRodewald1.jpg HTTP/1.1" 304 -
0:0:0:0:0:0:0:1 - - [05/Aug/2020:10:59:40 -0400] "GET /FixedAssets/BenGibbs.jpg HTTP/1.1" 304 -
0:0:0:0:0:0:0:1 - - [05/Aug/2020:10:59:40 -0400] "GET /ImageAssets/Grain%20&%20Cereal.jpg HTTP/1.1" 304 -
0:0:0:0:0:0:0:1 - - [05/Aug/2020:10:59:40 -0400] "GET /ImageAssets/Confusing%20Interfaces.PNG HTTP/1.1" 304 -
0:0:0:0:0:0:0:1 - - [05/Aug/2020:10:59:40 -0400] "GET /FixedAssets/AaronLarch.jpg HTTP/1.1" 304 -
0:0:0:0:0:0:0:1 - - [05/Aug/2020:10:59:40 -0400] "GET /FixedAssets/ComponyLogo.png HTTP/1.1" 304 -
0:0:0:0:0:0:0:1 - - [05/Aug/2020:10:59:40 -0400] "GET /FixedAssets/ShopingInterface.PNG HTTP/1.1" 304 -
0:0:0:0:0:0:0:1 - - [05/Aug/2020:10:59:40 -0400] "GET /login HTTP/1.1" 200 6378
0:0:0:0:0:0:0:1 - - [05/Aug/2020:11:00:06 -0400] "GET /HomePage HTTP/1.1" 200 29428
0:0:0:0:0:0:0:1 - - [05/Aug/2020:11:00:06 -0400] "GET /ImageAssets/Condiments.jpg HTTP/1.1" 200 81102
0:0:0:0:0:0:0:1 - - [05/Aug/2020:11:00:06 -0400] "GET /ImageAssets/Confusing%20Interfaces.PNG HTTP/1.1" 304 -
0:0:0:0:0:0:0:1 - - [05/Aug/2020:11:00:06 -0400] "GET /ImageAssets/Beverages.jpg HTTP/1.1" 200 42287
0:0:0:0:0:0:0:1 - - [05/Aug/2020:11:00:06 -0400] "GET /ImageAssets/Produce.jpg HTTP/1.1" 304 -
0:0:0:0:0:0:0:1 - - [05/Aug/2020:11:00:06 -0400] "GET /ImageAssets/Meat%20&%20Pultry.jpg HTTP/1.1" 304 -
0:0:0:0:0:0:0:1 - - [05/Aug/2020:11:00:06 -0400] "GET /FixedAssets/ComponyLogo.png HTTP/1.1" 304 -
0:0:0:0:0:0:0:1 - - [05/Aug/2020:11:00:06 -0400] "GET /FixedAssets/AaronLarch.jpg HTTP/1.1" 304 -
0:0:0:0:0:0:0:1 - - [05/Aug/2020:11:00:06 -0400] "GET /ImageAssets/confections.jpg HTTP/1.1" 304 -
0:0:0:0:0:0:0:1 - - [05/Aug/2020:11:00:06 -0400] "GET /ImageAssets/SeaFood.jpeg HTTP/1.1" 304 -
0:0:0:0:0:0:0:1 - - [05/Aug/2020:11:00:06 -0400] "GET /ImageAssets/Grain%20&%20Cereal.jpg HTTP/1.1" 304 -
0:0:0:0:0:0:0:1 - - [05/Aug/2020:11:00:06 -0400] "GET /FixedAssets/BrianRodewald1.jpg HTTP/1.1" 304 -
0:0:0:0:0:0:0:1 - - [05/Aug/2020:11:00:06 -0400] "GET /FixedAssets/BenGibbs.jpg HTTP/1.1" 200 48223
0:0:0:0:0:0:0:1 - - [05/Aug/2020:11:00:06 -0400] "GET /ImageAssets/Dairy%20products.jpg HTTP/1.1" 304 -
0:0:0:0:0:0:0:1 - - [05/Aug/2020:11:00:06 -0400] "GET /FixedAssets/ShopingInterface.PNG HTTP/1.1" 200 27851
0:0:0:0:0:0:0:1 - - [05/Aug/2020:11:00:57 -0400] "GET /HomePage HTTP/1.1" 200 29557
0:0:0:0:0:0:0:1 - - [05/Aug/2020:11:00:58 -0400] "GET /ImageAssets/Beverages.jpg HTTP/1.1" 200 42287
0:0:0:0:0:0:0:1 - - [05/Aug/2020:11:00:58 -0400] "GET /ImageAssets/Condiments.jpg HTTP/1.1" 200 81102
0:0:0:0:0:0:0:1 - - [05/Aug/2020:11:00:58 -0400] "GET /ImageAssets/Meat%20&%20Pultry.jpg HTTP/1.1" 304 -
0:0:0:0:0:0:0:1 - - [05/Aug/2020:11:00:58 -0400] "GET /ImageAssets/Confusing%20Interfaces.PNG HTTP/1.1" 304 -
0:0:0:0:0:0:0:1 - - [05/Aug/2020:11:00:58 -0400] "GET /ImageAssets/Produce.jpg HTTP/1.1" 304 -
0:0:0:0:0:0:0:1 - - [05/Aug/2020:11:00:58 -0400] "GET /ImageAssets/confections.jpg HTTP/1.1" 304 -
0:0:0:0:0:0:0:1 - - [05/Aug/2020:11:00:58 -0400] "GET /ImageAssets/Grain%20&%20Cereal.jpg HTTP/1.1" 304 -
0:0:0:0:0:0:0:1 - - [05/Aug/2020:11:00:58 -0400] "GET /ImageAssets/SeaFood.jpeg HTTP/1.1" 304 -
0:0:0:0:0:0:0:1 - - [05/Aug/2020:11:00:58 -0400] "GET /FixedAssets/AaronLarch.jpg HTTP/1.1" 304 -
0:0:0:0:0:0:0:1 - - [05/Aug/2020:11:00:58 -0400] "GET /FixedAssets/BrianRodewald1.jpg HTTP/1.1" 304 -
0:0:0:0:0:0:0:1 - - [05/Aug/2020:11:00:58 -0400] "GET /FixedAssets/BenGibbs.jpg HTTP/1.1" 304 -
0:0:0:0:0:0:0:1 - - [05/Aug/2020:11:00:58 -0400] "GET /FixedAssets/ShopingInterface.PNG HTTP/1.1" 304 -
0:0:0:0:0:0:0:1 - - [05/Aug/2020:11:00:58 -0400] "GET /ImageAssets/Dairy%20products.jpg HTTP/1.1" 304 -
0:0:0:0:0:0:0:1 - - [05/Aug/2020:11:00:58 -0400] "GET /FixedAssets/ComponyLogo.png HTTP/1.1" 200 25947
0:0:0:0:0:0:0:1 - - [05/Aug/2020:11:03:35 -0400] "GET /HomePage HTTP/1.1" 200 29584
0:0:0:0:0:0:0:1 - - [05/Aug/2020:11:03:35 -0400] "GET /ImageAssets/Beverages.jpg HTTP/1.1" 200 42287
0:0:0:0:0:0:0:1 - - [05/Aug/2020:11:03:36 -0400] "GET /ImageAssets/Condiments.jpg HTTP/1.1" 200 81102
0:0:0:0:0:0:0:1 - - [05/Aug/2020:11:03:36 -0400] "GET /ImageAssets/Confusing%20Interfaces.PNG HTTP/1.1" 304 -
0:0:0:0:0:0:0:1 - - [05/Aug/2020:11:03:36 -0400] "GET /ImageAssets/Meat%20&%20Pultry.jpg HTTP/1.1" 304 -
0:0:0:0:0:0:0:1 - - [05/Aug/2020:11:03:36 -0400] "GET /ImageAssets/confections.jpg HTTP/1.1" 304 -
0:0:0:0:0:0:0:1 - - [05/Aug/2020:11:03:36 -0400] "GET /FixedAssets/ComponyLogo.png HTTP/1.1" 200 25947
0:0:0:0:0:0:0:1 - - [05/Aug/2020:11:03:36 -0400] "GET /ImageAssets/Produce.jpg HTTP/1.1" 304 -
0:0:0:0:0:0:0:1 - - [05/Aug/2020:11:03:36 -0400] "GET /ImageAssets/SeaFood.jpeg HTTP/1.1" 304 -
0:0:0:0:0:0:0:1 - - [05/Aug/2020:11:03:36 -0400] "GET /ImageAssets/Grain%20&%20Cereal.jpg HTTP/1.1" 304 -
0:0:0:0:0:0:0:1 - - [05/Aug/2020:11:03:36 -0400] "GET /ImageAssets/Dairy%20products.jpg HTTP/1.1" 304 -
0:0:0:0:0:0:0:1 - - [05/Aug/2020:11:03:36 -0400] "GET /FixedAssets/BrianRodewald1.jpg HTTP/1.1" 304 -
0:0:0:0:0:0:0:1 - - [05/Aug/2020:11:03:36 -0400] "GET /FixedAssets/AaronLarch.jpg HTTP/1.1" 304 -
0:0:0:0:0:0:0:1 - - [05/Aug/2020:11:03:36 -0400] "GET /FixedAssets/BenGibbs.jpg HTTP/1.1" 200 48223
0:0:0:0:0:0:0:1 - - [05/Aug/2020:11:03:36 -0400] "GET /FixedAssets/ShopingInterface.PNG HTTP/1.1" 200 27851
0:0:0:0:0:0:0:1 - - [05/Aug/2020:11:03:36 -0400] "GET /favicon.ico HTTP/1.1" 302 -
0:0:0:0:0:0:0:1 - - [05/Aug/2020:11:08:44 -0400] "GET /HomePage HTTP/1.1" 200 29588
0:0:0:0:0:0:0:1 - - [05/Aug/2020:11:08:44 -0400] "GET /ImageAssets/Beverages.jpg HTTP/1.1" 200 42287
0:0:0:0:0:0:0:1 - - [05/Aug/2020:11:08:44 -0400] "GET /ImageAssets/Confusing%20Interfaces.PNG HTTP/1.1" 304 -
0:0:0:0:0:0:0:1 - - [05/Aug/2020:11:08:44 -0400] "GET /ImageAssets/Dairy%20products.jpg HTTP/1.1" 304 -
0:0:0:0:0:0:0:1 - - [05/Aug/2020:11:08:44 -0400] "GET /ImageAssets/Meat%20&%20Pultry.jpg HTTP/1.1" 304 -
0:0:0:0:0:0:0:1 - - [05/Aug/2020:11:08:44 -0400] "GET /ImageAssets/Condiments.jpg HTTP/1.1" 200 81102
0:0:0:0:0:0:0:1 - - [05/Aug/2020:11:08:44 -0400] "GET /ImageAssets/SeaFood.jpeg HTTP/1.1" 304 -
0:0:0:0:0:0:0:1 - - [05/Aug/2020:11:08:44 -0400] "GET /FixedAssets/AaronLarch.jpg HTTP/1.1" 304 -
0:0:0:0:0:0:0:1 - - [05/Aug/2020:11:08:44 -0400] "GET /ImageAssets/confections.jpg HTTP/1.1" 304 -
0:0:0:0:0:0:0:1 - - [05/Aug/2020:11:08:44 -0400] "GET /FixedAssets/BrianRodewald1.jpg HTTP/1.1" 304 -
0:0:0:0:0:0:0:1 - - [05/Aug/2020:11:08:44 -0400] "GET /FixedAssets/ComponyLogo.png HTTP/1.1" 304 -
0:0:0:0:0:0:0:1 - - [05/Aug/2020:11:08:44 -0400] "GET /ImageAssets/Produce.jpg HTTP/1.1" 304 -
0:0:0:0:0:0:0:1 - - [05/Aug/2020:11:08:44 -0400] "GET /FixedAssets/BenGibbs.jpg HTTP/1.1" 304 -
0:0:0:0:0:0:0:1 - - [05/Aug/2020:11:08:44 -0400] "GET /ImageAssets/Grain%20&%20Cereal.jpg HTTP/1.1" 304 -
0:0:0:0:0:0:0:1 - - [05/Aug/2020:11:08:44 -0400] "GET /FixedAssets/ShopingInterface.PNG HTTP/1.1" 304 -
0:0:0:0:0:0:0:1 - - [05/Aug/2020:11:08:44 -0400] "GET /favicon.ico HTTP/1.1" 302 -
0:0:0:0:0:0:0:1 - - [05/Aug/2020:11:08:44 -0400] "GET /login HTTP/1.1" 200 6378
0:0:0:0:0:0:0:1 - - [05/Aug/2020:11:09:35 -0400] "GET /HomePage HTTP/1.1" 200 29588
0:0:0:0:0:0:0:1 - - [05/Aug/2020:11:09:35 -0400] "GET /ImageAssets/confections.jpg HTTP/1.1" 304 -
0:0:0:0:0:0:0:1 - - [05/Aug/2020:11:09:35 -0400] "GET /ImageAssets/Confusing%20Interfaces.PNG HTTP/1.1" 200 54655
0:0:0:0:0:0:0:1 - - [05/Aug/2020:11:09:35 -0400] "GET /ImageAssets/Condiments.jpg HTTP/1.1" 200 81102
0:0:0:0:0:0:0:1 - - [05/Aug/2020:11:09:35 -0400] "GET /ImageAssets/SeaFood.jpeg HTTP/1.1" 304 -
0:0:0:0:0:0:0:1 - - [05/Aug/2020:11:09:35 -0400] "GET /ImageAssets/Beverages.jpg HTTP/1.1" 200 42287
0:0:0:0:0:0:0:1 - - [05/Aug/2020:11:09:35 -0400] "GET /ImageAssets/Dairy%20products.jpg HTTP/1.1" 304 -
0:0:0:0:0:0:0:1 - - [05/Aug/2020:11:09:35 -0400] "GET /ImageAssets/Produce.jpg HTTP/1.1" 200 90190
0:0:0:0:0:0:0:1 - - [05/Aug/2020:11:09:35 -0400] "GET /ImageAssets/Grain%20&%20Cereal.jpg HTTP/1.1" 200 49949
0:0:0:0:0:0:0:1 - - [05/Aug/2020:11:09:35 -0400] "GET /FixedAssets/ShopingInterface.PNG HTTP/1.1" 304 -
0:0:0:0:0:0:0:1 - - [05/Aug/2020:11:09:35 -0400] "GET /FixedAssets/AaronLarch.jpg HTTP/1.1" 304 -
0:0:0:0:0:0:0:1 - - [05/Aug/2020:11:09:36 -0400] "GET /FixedAssets/BrianRodewald1.jpg HTTP/1.1" 304 -
0:0:0:0:0:0:0:1 - - [05/Aug/2020:11:09:36 -0400] "GET /FixedAssets/ComponyLogo.png HTTP/1.1" 200 25947
0:0:0:0:0:0:0:1 - - [05/Aug/2020:11:09:36 -0400] "GET /ImageAssets/Meat%20&%20Pultry.jpg HTTP/1.1" 200 124485
0:0:0:0:0:0:0:1 - - [05/Aug/2020:11:09:36 -0400] "GET /FixedAssets/BenGibbs.jpg HTTP/1.1" 200 48223
0:0:0:0:0:0:0:1 - - [05/Aug/2020:11:09:36 -0400] "GET /favicon.ico HTTP/1.1" 302 -
0:0:0:0:0:0:0:1 - - [05/Aug/2020:11:10:53 -0400] "GET /HomePage HTTP/1.1" 200 29454
0:0:0:0:0:0:0:1 - - [05/Aug/2020:11:10:53 -0400] "GET /ImageAssets/Beverages.jpg HTTP/1.1" 200 42287
0:0:0:0:0:0:0:1 - - [05/Aug/2020:11:10:53 -0400] "GET /ImageAssets/Confusing%20Interfaces.PNG HTTP/1.1" 304 -
0:0:0:0:0:0:0:1 - - [05/Aug/2020:11:10:53 -0400] "GET /ImageAssets/Condiments.jpg HTTP/1.1" 200 81102
0:0:0:0:0:0:0:1 - - [05/Aug/2020:11:10:53 -0400] "GET /ImageAssets/Grain%20&%20Cereal.jpg HTTP/1.1" 304 -
0:0:0:0:0:0:0:1 - - [05/Aug/2020:11:10:53 -0400] "GET /ImageAssets/Dairy%20products.jpg HTTP/1.1" 304 -
0:0:0:0:0:0:0:1 - - [05/Aug/2020:11:10:53 -0400] "GET /ImageAssets/Meat%20&%20Pultry.jpg HTTP/1.1" 200 124485
0:0:0:0:0:0:0:1 - - [05/Aug/2020:11:10:53 -0400] "GET /FixedAssets/AaronLarch.jpg HTTP/1.1" 304 -
0:0:0:0:0:0:0:1 - - [05/Aug/2020:11:10:53 -0400] "GET /ImageAssets/SeaFood.jpeg HTTP/1.1" 304 -
0:0:0:0:0:0:0:1 - - [05/Aug/2020:11:10:53 -0400] "GET /FixedAssets/ComponyLogo.png HTTP/1.1" 304 -
0:0:0:0:0:0:0:1 - - [05/Aug/2020:11:10:53 -0400] "GET /FixedAssets/ShopingInterface.PNG HTTP/1.1" 304 -
0:0:0:0:0:0:0:1 - - [05/Aug/2020:11:10:53 -0400] "GET /ImageAssets/Produce.jpg HTTP/1.1" 304 -
0:0:0:0:0:0:0:1 - - [05/Aug/2020:11:10:53 -0400] "GET /FixedAssets/BenGibbs.jpg HTTP/1.1" 304 -
0:0:0:0:0:0:0:1 - - [05/Aug/2020:11:10:53 -0400] "GET /ImageAssets/confections.jpg HTTP/1.1" 304 -
0:0:0:0:0:0:0:1 - - [05/Aug/2020:11:10:53 -0400] "GET /FixedAssets/BrianRodewald1.jpg HTTP/1.1" 304 -
0:0:0:0:0:0:0:1 - - [05/Aug/2020:11:11:00 -0400] "GET /login HTTP/1.1" 200 6378
0:0:0:0:0:0:0:1 - - [05/Aug/2020:11:13:26 -0400] "GET /HomePage HTTP/1.1" 200 29453
0:0:0:0:0:0:0:1 - - [05/Aug/2020:11:13:26 -0400] "GET /ImageAssets/Beverages.jpg HTTP/1.1" 200 42287
0:0:0:0:0:0:0:1 - - [05/Aug/2020:11:13:26 -0400] "GET /ImageAssets/Dairy%20products.jpg HTTP/1.1" 304 -
0:0:0:0:0:0:0:1 - - [05/Aug/2020:11:13:26 -0400] "GET /ImageAssets/Grain%20&%20Cereal.jpg HTTP/1.1" 304 -
0:0:0:0:0:0:0:1 - - [05/Aug/2020:11:13:26 -0400] "GET /ImageAssets/Meat%20&%20Pultry.jpg HTTP/1.1" 304 -
0:0:0:0:0:0:0:1 - - [05/Aug/2020:11:13:26 -0400] "GET /ImageAssets/Condiments.jpg HTTP/1.1" 200 81102
0:0:0:0:0:0:0:1 - - [05/Aug/2020:11:13:26 -0400] "GET /ImageAssets/confections.jpg HTTP/1.1" 304 -
0:0:0:0:0:0:0:1 - - [05/Aug/2020:11:13:26 -0400] "GET /ImageAssets/Confusing%20Interfaces.PNG HTTP/1.1" 304 -
0:0:0:0:0:0:0:1 - - [05/Aug/2020:11:13:26 -0400] "GET /ImageAssets/SeaFood.jpeg HTTP/1.1" 304 -
0:0:0:0:0:0:0:1 - - [05/Aug/2020:11:13:26 -0400] "GET /FixedAssets/AaronLarch.jpg HTTP/1.1" 304 -
0:0:0:0:0:0:0:1 - - [05/Aug/2020:11:13:26 -0400] "GET /FixedAssets/ComponyLogo.png HTTP/1.1" 304 -
0:0:0:0:0:0:0:1 - - [05/Aug/2020:11:13:26 -0400] "GET /FixedAssets/ShopingInterface.PNG HTTP/1.1" 304 -
0:0:0:0:0:0:0:1 - - [05/Aug/2020:11:13:26 -0400] "GET /ImageAssets/Produce.jpg HTTP/1.1" 304 -
0:0:0:0:0:0:0:1 - - [05/Aug/2020:11:13:26 -0400] "GET /FixedAssets/BenGibbs.jpg HTTP/1.1" 304 -
0:0:0:0:0:0:0:1 - - [05/Aug/2020:11:13:26 -0400] "GET /FixedAssets/BrianRodewald1.jpg HTTP/1.1" 304 -
0:0:0:0:0:0:0:1 - - [05/Aug/2020:11:13:26 -0400] "GET /favicon.ico HTTP/1.1" 302 -
0:0:0:0:0:0:0:1 - - [05/Aug/2020:11:13:26 -0400] "GET /login HTTP/1.1" 200 6378
0:0:0:0:0:0:0:1 - - [05/Aug/2020:11:14:34 -0400] "GET /HomePage HTTP/1.1" 200 29460
0:0:0:0:0:0:0:1 - - [05/Aug/2020:11:14:34 -0400] "GET /ImageAssets/Beverages.jpg HTTP/1.1" 200 42287
0:0:0:0:0:0:0:1 - - [05/Aug/2020:11:14:34 -0400] "GET /ImageAssets/Confusing%20Interfaces.PNG HTTP/1.1" 304 -
0:0:0:0:0:0:0:1 - - [05/Aug/2020:11:14:34 -0400] "GET /ImageAssets/confections.jpg HTTP/1.1" 304 -
0:0:0:0:0:0:0:1 - - [05/Aug/2020:11:14:34 -0400] "GET /ImageAssets/Grain%20&%20Cereal.jpg HTTP/1.1" 304 -
0:0:0:0:0:0:0:1 - - [05/Aug/2020:11:14:34 -0400] "GET /ImageAssets/Produce.jpg HTTP/1.1" 304 -
0:0:0:0:0:0:0:1 - - [05/Aug/2020:11:14:34 -0400] "GET /ImageAssets/SeaFood.jpeg HTTP/1.1" 304 -
0:0:0:0:0:0:0:1 - - [05/Aug/2020:11:14:34 -0400] "GET /FixedAssets/ComponyLogo.png HTTP/1.1" 304 -
0:0:0:0:0:0:0:1 - - [05/Aug/2020:11:14:34 -0400] "GET /ImageAssets/Condiments.jpg HTTP/1.1" 200 81102
0:0:0:0:0:0:0:1 - - [05/Aug/2020:11:14:34 -0400] "GET /FixedAssets/BrianRodewald1.jpg HTTP/1.1" 304 -
0:0:0:0:0:0:0:1 - - [05/Aug/2020:11:14:34 -0400] "GET /FixedAssets/AaronLarch.jpg HTTP/1.1" 304 -
0:0:0:0:0:0:0:1 - - [05/Aug/2020:11:14:34 -0400] "GET /FixedAssets/ShopingInterface.PNG HTTP/1.1" 304 -
0:0:0:0:0:0:0:1 - - [05/Aug/2020:11:14:34 -0400] "GET /FixedAssets/BenGibbs.jpg HTTP/1.1" 304 -
0:0:0:0:0:0:0:1 - - [05/Aug/2020:11:14:34 -0400] "GET /ImageAssets/Dairy%20products.jpg HTTP/1.1" 304 -
0:0:0:0:0:0:0:1 - - [05/Aug/2020:11:14:34 -0400] "GET /ImageAssets/Meat%20&%20Pultry.jpg HTTP/1.1" 200 124485
0:0:0:0:0:0:0:1 - - [05/Aug/2020:11:14:34 -0400] "GET /login HTTP/1.1" 200 6378
0:0:0:0:0:0:0:1 - - [05/Aug/2020:11:15:05 -0400] "GET /HomePage HTTP/1.1" 200 29490
0:0:0:0:0:0:0:1 - - [05/Aug/2020:11:15:05 -0400] "GET /ImageAssets/confections.jpg HTTP/1.1" 304 -
0:0:0:0:0:0:0:1 - - [05/Aug/2020:11:15:05 -0400] "GET /ImageAssets/Condiments.jpg HTTP/1.1" 200 81102
0:0:0:0:0:0:0:1 - - [05/Aug/2020:11:15:05 -0400] "GET /ImageAssets/Confusing%20Interfaces.PNG HTTP/1.1" 200 54655
0:0:0:0:0:0:0:1 - - [05/Aug/2020:11:15:05 -0400] "GET /ImageAssets/Meat%20&%20Pultry.jpg HTTP/1.1" 304 -
0:0:0:0:0:0:0:1 - - [05/Aug/2020:11:15:05 -0400] "GET /ImageAssets/SeaFood.jpeg HTTP/1.1" 304 -
0:0:0:0:0:0:0:1 - - [05/Aug/2020:11:15:05 -0400] "GET /ImageAssets/Beverages.jpg HTTP/1.1" 200 42287
0:0:0:0:0:0:0:1 - - [05/Aug/2020:11:15:05 -0400] "GET /FixedAssets/AaronLarch.jpg HTTP/1.1" 304 -
0:0:0:0:0:0:0:1 - - [05/Aug/2020:11:15:05 -0400] "GET /FixedAssets/BrianRodewald1.jpg HTTP/1.1" 304 -
0:0:0:0:0:0:0:1 - - [05/Aug/2020:11:15:05 -0400] "GET /ImageAssets/Dairy%20products.jpg HTTP/1.1" 304 -
0:0:0:0:0:0:0:1 - - [05/Aug/2020:11:15:05 -0400] "GET /FixedAssets/BenGibbs.jpg HTTP/1.1" 304 -
0:0:0:0:0:0:0:1 - - [05/Aug/2020:11:15:05 -0400] "GET /ImageAssets/Grain%20&%20Cereal.jpg HTTP/1.1" 304 -
0:0:0:0:0:0:0:1 - - [05/Aug/2020:11:15:05 -0400] "GET /FixedAssets/ShopingInterface.PNG HTTP/1.1" 304 -
0:0:0:0:0:0:0:1 - - [05/Aug/2020:11:15:05 -0400] "GET /FixedAssets/ComponyLogo.png HTTP/1.1" 304 -
0:0:0:0:0:0:0:1 - - [05/Aug/2020:11:15:05 -0400] "GET /ImageAssets/Produce.jpg HTTP/1.1" 200 90190
0:0:0:0:0:0:0:1 - - [05/Aug/2020:11:15:28 -0400] "GET /HomePage HTTP/1.1" 200 29431
0:0:0:0:0:0:0:1 - - [05/Aug/2020:11:15:29 -0400] "GET /ImageAssets/Beverages.jpg HTTP/1.1" 304 -
0:0:0:0:0:0:0:1 - - [05/Aug/2020:11:15:29 -0400] "GET /ImageAssets/Condiments.jpg HTTP/1.1" 304 -
0:0:0:0:0:0:0:1 - - [05/Aug/2020:11:15:29 -0400] "GET /ImageAssets/confections.jpg HTTP/1.1" 304 -
0:0:0:0:0:0:0:1 - - [05/Aug/2020:11:15:29 -0400] "GET /ImageAssets/Meat%20&%20Pultry.jpg HTTP/1.1" 304 -
0:0:0:0:0:0:0:1 - - [05/Aug/2020:11:15:29 -0400] "GET /ImageAssets/Confusing%20Interfaces.PNG HTTP/1.1" 304 -
0:0:0:0:0:0:0:1 - - [05/Aug/2020:11:15:29 -0400] "GET /ImageAssets/Dairy%20products.jpg HTTP/1.1" 304 -
0:0:0:0:0:0:0:1 - - [05/Aug/2020:11:15:29 -0400] "GET /ImageAssets/Produce.jpg HTTP/1.1" 304 -
0:0:0:0:0:0:0:1 - - [05/Aug/2020:11:15:29 -0400] "GET /ImageAssets/Grain%20&%20Cereal.jpg HTTP/1.1" 304 -
0:0:0:0:0:0:0:1 - - [05/Aug/2020:11:15:29 -0400] "GET /ImageAssets/SeaFood.jpeg HTTP/1.1" 304 -
0:0:0:0:0:0:0:1 - - [05/Aug/2020:11:15:29 -0400] "GET /FixedAssets/AaronLarch.jpg HTTP/1.1" 304 -
0:0:0:0:0:0:0:1 - - [05/Aug/2020:11:15:29 -0400] "GET /FixedAssets/BrianRodewald1.jpg HTTP/1.1" 304 -
0:0:0:0:0:0:0:1 - - [05/Aug/2020:11:15:29 -0400] "GET /FixedAssets/BenGibbs.jpg HTTP/1.1" 304 -
0:0:0:0:0:0:0:1 - - [05/Aug/2020:11:15:29 -0400] "GET /FixedAssets/ComponyLogo.png HTTP/1.1" 304 -
0:0:0:0:0:0:0:1 - - [05/Aug/2020:11:15:29 -0400] "GET /FixedAssets/ShopingInterface.PNG HTTP/1.1" 304 -
0:0:0:0:0:0:0:1 - - [05/Aug/2020:11:15:43 -0400] "GET /HomePage HTTP/1.1" 200 29431
0:0:0:0:0:0:0:1 - - [05/Aug/2020:11:15:43 -0400] "GET /ImageAssets/Beverages.jpg HTTP/1.1" 200 42287
0:0:0:0:0:0:0:1 - - [05/Aug/2020:11:15:43 -0400] "GET /ImageAssets/Dairy%20products.jpg HTTP/1.1" 304 -
0:0:0:0:0:0:0:1 - - [05/Aug/2020:11:15:43 -0400] "GET /ImageAssets/confections.jpg HTTP/1.1" 304 -
0:0:0:0:0:0:0:1 - - [05/Aug/2020:11:15:43 -0400] "GET /ImageAssets/Condiments.jpg HTTP/1.1" 200 81102
0:0:0:0:0:0:0:1 - - [05/Aug/2020:11:15:43 -0400] "GET /ImageAssets/SeaFood.jpeg HTTP/1.1" 304 -
0:0:0:0:0:0:0:1 - - [05/Aug/2020:11:15:43 -0400] "GET /ImageAssets/Meat%20&%20Pultry.jpg HTTP/1.1" 304 -
0:0:0:0:0:0:0:1 - - [05/Aug/2020:11:15:43 -0400] "GET /ImageAssets/Produce.jpg HTTP/1.1" 304 -
0:0:0:0:0:0:0:1 - - [05/Aug/2020:11:15:43 -0400] "GET /ImageAssets/Confusing%20Interfaces.PNG HTTP/1.1" 304 -
0:0:0:0:0:0:0:1 - - [05/Aug/2020:11:15:43 -0400] "GET /FixedAssets/AaronLarch.jpg HTTP/1.1" 304 -
0:0:0:0:0:0:0:1 - - [05/Aug/2020:11:15:43 -0400] "GET /FixedAssets/BenGibbs.jpg HTTP/1.1" 304 -
0:0:0:0:0:0:0:1 - - [05/Aug/2020:11:15:43 -0400] "GET /FixedAssets/BrianRodewald1.jpg HTTP/1.1" 304 -
0:0:0:0:0:0:0:1 - - [05/Aug/2020:11:15:43 -0400] "GET /FixedAssets/ShopingInterface.PNG HTTP/1.1" 304 -
0:0:0:0:0:0:0:1 - - [05/Aug/2020:11:15:43 -0400] "GET /FixedAssets/ComponyLogo.png HTTP/1.1" 304 -
0:0:0:0:0:0:0:1 - - [05/Aug/2020:11:15:43 -0400] "GET /ImageAssets/Grain%20&%20Cereal.jpg HTTP/1.1" 304 -
0:0:0:0:0:0:0:1 - - [05/Aug/2020:11:15:43 -0400] "GET /favicon.ico HTTP/1.1" 302 -
0:0:0:0:0:0:0:1 - - [05/Aug/2020:11:15:48 -0400] "GET /HomePage HTTP/1.1" 200 29431
0:0:0:0:0:0:0:1 - - [05/Aug/2020:11:15:48 -0400] "GET /ImageAssets/confections.jpg HTTP/1.1" 304 -
0:0:0:0:0:0:0:1 - - [05/Aug/2020:11:15:48 -0400] "GET /ImageAssets/Condiments.jpg HTTP/1.1" 304 -
0:0:0:0:0:0:0:1 - - [05/Aug/2020:11:15:48 -0400] "GET /ImageAssets/Beverages.jpg HTTP/1.1" 200 42287
0:0:0:0:0:0:0:1 - - [05/Aug/2020:11:15:48 -0400] "GET /ImageAssets/Grain%20&%20Cereal.jpg HTTP/1.1" 304 -
0:0:0:0:0:0:0:1 - - [05/Aug/2020:11:15:48 -0400] "GET /ImageAssets/Confusing%20Interfaces.PNG HTTP/1.1" 304 -
0:0:0:0:0:0:0:1 - - [05/Aug/2020:11:15:48 -0400] "GET /ImageAssets/Dairy%20products.jpg HTTP/1.1" 304 -
0:0:0:0:0:0:0:1 - - [05/Aug/2020:11:15:48 -0400] "GET /ImageAssets/SeaFood.jpeg HTTP/1.1" 304 -
0:0:0:0:0:0:0:1 - - [05/Aug/2020:11:15:48 -0400] "GET /ImageAssets/Meat%20&%20Pultry.jpg HTTP/1.1" 304 -
0:0:0:0:0:0:0:1 - - [05/Aug/2020:11:15:48 -0400] "GET /FixedAssets/ComponyLogo.png HTTP/1.1" 304 -
0:0:0:0:0:0:0:1 - - [05/Aug/2020:11:15:48 -0400] "GET /FixedAssets/BrianRodewald1.jpg HTTP/1.1" 304 -
0:0:0:0:0:0:0:1 - - [05/Aug/2020:11:15:48 -0400] "GET /FixedAssets/AaronLarch.jpg HTTP/1.1" 304 -
0:0:0:0:0:0:0:1 - - [05/Aug/2020:11:15:48 -0400] "GET /FixedAssets/BenGibbs.jpg HTTP/1.1" 304 -
0:0:0:0:0:0:0:1 - - [05/Aug/2020:11:15:48 -0400] "GET /ImageAssets/Produce.jpg HTTP/1.1" 304 -
0:0:0:0:0:0:0:1 - - [05/Aug/2020:11:15:48 -0400] "GET /FixedAssets/ShopingInterface.PNG HTTP/1.1" 304 -
0:0:0:0:0:0:0:1 - - [05/Aug/2020:11:17:37 -0400] "GET /HomePage HTTP/1.1" 200 29605
0:0:0:0:0:0:0:1 - - [05/Aug/2020:11:17:37 -0400] "GET /ImageAssets/Beverages.jpg HTTP/1.1" 200 42287
0:0:0:0:0:0:0:1 - - [05/Aug/2020:11:17:37 -0400] "GET /ImageAssets/confections.jpg HTTP/1.1" 304 -
0:0:0:0:0:0:0:1 - - [05/Aug/2020:11:17:37 -0400] "GET /ImageAssets/Dairy%20products.jpg HTTP/1.1" 304 -
0:0:0:0:0:0:0:1 - - [05/Aug/2020:11:17:37 -0400] "GET /ImageAssets/Condiments.jpg HTTP/1.1" 200 81102
0:0:0:0:0:0:0:1 - - [05/Aug/2020:11:17:37 -0400] "GET /ImageAssets/Meat%20&%20Pultry.jpg HTTP/1.1" 200 124485
0:0:0:0:0:0:0:1 - - [05/Aug/2020:11:17:37 -0400] "GET /FixedAssets/ComponyLogo.png HTTP/1.1" 304 -
0:0:0:0:0:0:0:1 - - [05/Aug/2020:11:17:37 -0400] "GET /ImageAssets/Grain%20&%20Cereal.jpg HTTP/1.1" 304 -
0:0:0:0:0:0:0:1 - - [05/Aug/2020:11:17:37 -0400] "GET /FixedAssets/AaronLarch.jpg HTTP/1.1" 304 -
0:0:0:0:0:0:0:1 - - [05/Aug/2020:11:17:37 -0400] "GET /ImageAssets/SeaFood.jpeg HTTP/1.1" 304 -
0:0:0:0:0:0:0:1 - - [05/Aug/2020:11:17:37 -0400] "GET /FixedAssets/BrianRodewald1.jpg HTTP/1.1" 304 -
0:0:0:0:0:0:0:1 - - [05/Aug/2020:11:17:37 -0400] "GET /FixedAssets/ShopingInterface.PNG HTTP/1.1" 304 -
0:0:0:0:0:0:0:1 - - [05/Aug/2020:11:17:37 -0400] "GET /FixedAssets/BenGibbs.jpg HTTP/1.1" 304 -
0:0:0:0:0:0:0:1 - - [05/Aug/2020:11:17:37 -0400] "GET /ImageAssets/Produce.jpg HTTP/1.1" 304 -
0:0:0:0:0:0:0:1 - - [05/Aug/2020:11:17:37 -0400] "GET /ImageAssets/Confusing%20Interfaces.PNG HTTP/1.1" 304 -
0:0:0:0:0:0:0:1 - - [05/Aug/2020:11:17:37 -0400] "GET /favicon.ico HTTP/1.1" 302 -
0:0:0:0:0:0:0:1 - - [05/Aug/2020:11:18:20 -0400] "GET /HomePage HTTP/1.1" 200 29605
0:0:0:0:0:0:0:1 - - [05/Aug/2020:11:18:20 -0400] "GET /ImageAssets/confections.jpg HTTP/1.1" 304 -
0:0:0:0:0:0:0:1 - - [05/Aug/2020:11:18:20 -0400] "GET /ImageAssets/Confusing%20Interfaces.PNG HTTP/1.1" 304 -
0:0:0:0:0:0:0:1 - - [05/Aug/2020:11:18:20 -0400] "GET /ImageAssets/Beverages.jpg HTTP/1.1" 200 42287
0:0:0:0:0:0:0:1 - - [05/Aug/2020:11:18:20 -0400] "GET /ImageAssets/Dairy%20products.jpg HTTP/1.1" 304 -
0:0:0:0:0:0:0:1 - - [05/Aug/2020:11:18:20 -0400] "GET /ImageAssets/Produce.jpg HTTP/1.1" 304 -
0:0:0:0:0:0:0:1 - - [05/Aug/2020:11:18:20 -0400] "GET /ImageAssets/Grain%20&%20Cereal.jpg HTTP/1.1" 304 -
0:0:0:0:0:0:0:1 - - [05/Aug/2020:11:18:20 -0400] "GET /ImageAssets/Meat%20&%20Pultry.jpg HTTP/1.1" 200 124485
0:0:0:0:0:0:0:1 - - [05/Aug/2020:11:18:20 -0400] "GET /ImageAssets/Condiments.jpg HTTP/1.1" 304 -
0:0:0:0:0:0:0:1 - - [05/Aug/2020:11:18:20 -0400] "GET /ImageAssets/SeaFood.jpeg HTTP/1.1" 304 -
0:0:0:0:0:0:0:1 - - [05/Aug/2020:11:18:20 -0400] "GET /FixedAssets/BrianRodewald1.jpg HTTP/1.1" 304 -
0:0:0:0:0:0:0:1 - - [05/Aug/2020:11:18:20 -0400] "GET /FixedAssets/ComponyLogo.png HTTP/1.1" 200 25947
0:0:0:0:0:0:0:1 - - [05/Aug/2020:11:18:20 -0400] "GET /FixedAssets/ShopingInterface.PNG HTTP/1.1" 200 27851
0:0:0:0:0:0:0:1 - - [05/Aug/2020:11:18:20 -0400] "GET /FixedAssets/AaronLarch.jpg HTTP/1.1" 304 -
0:0:0:0:0:0:0:1 - - [05/Aug/2020:11:18:20 -0400] "GET /FixedAssets/BenGibbs.jpg HTTP/1.1" 200 48223
0:0:0:0:0:0:0:1 - - [05/Aug/2020:11:19:54 -0400] "GET /HomePage HTTP/1.1" 200 29268
0:0:0:0:0:0:0:1 - - [05/Aug/2020:11:19:54 -0400] "GET /ImageAssets/Beverages.jpg HTTP/1.1" 200 42287
0:0:0:0:0:0:0:1 - - [05/Aug/2020:11:19:54 -0400] "GET /ImageAssets/Condiments.jpg HTTP/1.1" 304 -
0:0:0:0:0:0:0:1 - - [05/Aug/2020:11:19:54 -0400] "GET /ImageAssets/confections.jpg HTTP/1.1" 304 -
0:0:0:0:0:0:0:1 - - [05/Aug/2020:11:19:54 -0400] "GET /ImageAssets/Meat%20&%20Pultry.jpg HTTP/1.1" 304 -
0:0:0:0:0:0:0:1 - - [05/Aug/2020:11:19:54 -0400] "GET /ImageAssets/Produce.jpg HTTP/1.1" 304 -
0:0:0:0:0:0:0:1 - - [05/Aug/2020:11:19:54 -0400] "GET /ImageAssets/Confusing%20Interfaces.PNG HTTP/1.1" 304 -
0:0:0:0:0:0:0:1 - - [05/Aug/2020:11:19:54 -0400] "GET /FixedAssets/ComponyLogo.png HTTP/1.1" 304 -
0:0:0:0:0:0:0:1 - - [05/Aug/2020:11:19:54 -0400] "GET /FixedAssets/AaronLarch.jpg HTTP/1.1" 304 -
0:0:0:0:0:0:0:1 - - [05/Aug/2020:11:19:54 -0400] "GET /ImageAssets/SeaFood.jpeg HTTP/1.1" 304 -
0:0:0:0:0:0:0:1 - - [05/Aug/2020:11:19:54 -0400] "GET /FixedAssets/BenGibbs.jpg HTTP/1.1" 304 -
0:0:0:0:0:0:0:1 - - [05/Aug/2020:11:19:54 -0400] "GET /FixedAssets/BrianRodewald1.jpg HTTP/1.1" 304 -
0:0:0:0:0:0:0:1 - - [05/Aug/2020:11:19:54 -0400] "GET /ImageAssets/Dairy%20products.jpg HTTP/1.1" 304 -
0:0:0:0:0:0:0:1 - - [05/Aug/2020:11:19:54 -0400] "GET /ImageAssets/Grain%20&%20Cereal.jpg HTTP/1.1" 304 -
0:0:0:0:0:0:0:1 - - [05/Aug/2020:11:19:54 -0400] "GET /FixedAssets/ShopingInterface.PNG HTTP/1.1" 200 27851
0:0:0:0:0:0:0:1 - - [05/Aug/2020:11:23:18 -0400] "GET /HomePage HTTP/1.1" 200 29656
0:0:0:0:0:0:0:1 - - [05/Aug/2020:11:23:18 -0400] "GET /ImageAssets/Beverages.jpg HTTP/1.1" 200 42287
0:0:0:0:0:0:0:1 - - [05/Aug/2020:11:23:18 -0400] "GET /ImageAssets/Dairy%20products.jpg HTTP/1.1" 304 -
0:0:0:0:0:0:0:1 - - [05/Aug/2020:11:23:18 -0400] "GET /ImageAssets/confections.jpg HTTP/1.1" 304 -
0:0:0:0:0:0:0:1 - - [05/Aug/2020:11:23:18 -0400] "GET /ImageAssets/SeaFood.jpeg HTTP/1.1" 304 -
0:0:0:0:0:0:0:1 - - [05/Aug/2020:11:23:19 -0400] "GET /ImageAssets/Produce.jpg HTTP/1.1" 200 90190
0:0:0:0:0:0:0:1 - - [05/Aug/2020:11:23:19 -0400] "GET /FixedAssets/ComponyLogo.png HTTP/1.1" 304 -
0:0:0:0:0:0:0:1 - - [05/Aug/2020:11:23:19 -0400] "GET /ImageAssets/Meat%20&%20Pultry.jpg HTTP/1.1" 200 124485
0:0:0:0:0:0:0:1 - - [05/Aug/2020:11:23:19 -0400] "GET /FixedAssets/AaronLarch.jpg HTTP/1.1" 304 -
0:0:0:0:0:0:0:1 - - [05/Aug/2020:11:23:19 -0400] "GET /FixedAssets/BrianRodewald1.jpg HTTP/1.1" 304 -
0:0:0:0:0:0:0:1 - - [05/Aug/2020:11:23:19 -0400] "GET /FixedAssets/ShopingInterface.PNG HTTP/1.1" 304 -
0:0:0:0:0:0:0:1 - - [05/Aug/2020:11:23:19 -0400] "GET /FixedAssets/BenGibbs.jpg HTTP/1.1" 200 48223
0:0:0:0:0:0:0:1 - - [05/Aug/2020:11:23:19 -0400] "GET /ImageAssets/Confusing%20Interfaces.PNG HTTP/1.1" 304 -
0:0:0:0:0:0:0:1 - - [05/Aug/2020:11:23:19 -0400] "GET /ImageAssets/Grain%20&%20Cereal.jpg HTTP/1.1" 304 -
0:0:0:0:0:0:0:1 - - [05/Aug/2020:11:23:19 -0400] "GET /ImageAssets/Condiments.jpg HTTP/1.1" 200 81102
0:0:0:0:0:0:0:1 - - [05/Aug/2020:11:23:19 -0400] "GET /favicon.ico HTTP/1.1" 302 -
0:0:0:0:0:0:0:1 - - [05/Aug/2020:11:27:44 -0400] "GET /HomePage HTTP/1.1" 200 29548
0:0:0:0:0:0:0:1 - - [05/Aug/2020:11:27:44 -0400] "GET /ImageAssets/Beverages.jpg HTTP/1.1" 304 -
0:0:0:0:0:0:0:1 - - [05/Aug/2020:11:27:44 -0400] "GET /ImageAssets/Confusing%20Interfaces.PNG HTTP/1.1" 304 -
0:0:0:0:0:0:0:1 - - [05/Aug/2020:11:27:45 -0400] "GET /ImageAssets/Condiments.jpg HTTP/1.1" 304 -
0:0:0:0:0:0:0:1 - - [05/Aug/2020:11:27:45 -0400] "GET /ImageAssets/Grain%20&%20Cereal.jpg HTTP/1.1" 304 -
0:0:0:0:0:0:0:1 - - [05/Aug/2020:11:27:45 -0400] "GET /ImageAssets/Dairy%20products.jpg HTTP/1.1" 304 -
0:0:0:0:0:0:0:1 - - [05/Aug/2020:11:27:45 -0400] "GET /ImageAssets/Meat%20&%20Pultry.jpg HTTP/1.1" 304 -
0:0:0:0:0:0:0:1 - - [05/Aug/2020:11:27:45 -0400] "GET /ImageAssets/Produce.jpg HTTP/1.1" 304 -
0:0:0:0:0:0:0:1 - - [05/Aug/2020:11:27:45 -0400] "GET /FixedAssets/BrianRodewald1.jpg HTTP/1.1" 304 -
0:0:0:0:0:0:0:1 - - [05/Aug/2020:11:27:45 -0400] "GET /FixedAssets/ComponyLogo.png HTTP/1.1" 304 -
0:0:0:0:0:0:0:1 - - [05/Aug/2020:11:27:45 -0400] "GET /ImageAssets/SeaFood.jpeg HTTP/1.1" 304 -
0:0:0:0:0:0:0:1 - - [05/Aug/2020:11:27:45 -0400] "GET /ImageAssets/confections.jpg HTTP/1.1" 304 -
0:0:0:0:0:0:0:1 - - [05/Aug/2020:11:27:45 -0400] "GET /FixedAssets/AaronLarch.jpg HTTP/1.1" 304 -
0:0:0:0:0:0:0:1 - - [05/Aug/2020:11:27:45 -0400] "GET /FixedAssets/BenGibbs.jpg HTTP/1.1" 304 -
0:0:0:0:0:0:0:1 - - [05/Aug/2020:11:27:45 -0400] "GET /FixedAssets/ShopingInterface.PNG HTTP/1.1" 304 -
0:0:0:0:0:0:0:1 - - [05/Aug/2020:11:31:32 -0400] "GET /HomePage HTTP/1.1" 200 29604
0:0:0:0:0:0:0:1 - - [05/Aug/2020:11:31:32 -0400] "GET /ImageAssets/Beverages.jpg HTTP/1.1" 200 42287
0:0:0:0:0:0:0:1 - - [05/Aug/2020:11:31:32 -0400] "GET /ImageAssets/Dairy%20products.jpg HTTP/1.1" 304 -
0:0:0:0:0:0:0:1 - - [05/Aug/2020:11:31:32 -0400] "GET /ImageAssets/Condiments.jpg HTTP/1.1" 304 -
0:0:0:0:0:0:0:1 - - [05/Aug/2020:11:31:32 -0400] "GET /ImageAssets/confections.jpg HTTP/1.1" 304 -
0:0:0:0:0:0:0:1 - - [05/Aug/2020:11:31:32 -0400] "GET /ImageAssets/Meat%20&%20Pultry.jpg HTTP/1.1" 304 -
0:0:0:0:0:0:0:1 - - [05/Aug/2020:11:31:32 -0400] "GET /ImageAssets/Produce.jpg HTTP/1.1" 304 -
0:0:0:0:0:0:0:1 - - [05/Aug/2020:11:31:32 -0400] "GET /ImageAssets/SeaFood.jpeg HTTP/1.1" 304 -
0:0:0:0:0:0:0:1 - - [05/Aug/2020:11:31:32 -0400] "GET /FixedAssets/ComponyLogo.png HTTP/1.1" 304 -
0:0:0:0:0:0:0:1 - - [05/Aug/2020:11:31:32 -0400] "GET /FixedAssets/AaronLarch.jpg HTTP/1.1" 304 -
0:0:0:0:0:0:0:1 - - [05/Aug/2020:11:31:32 -0400] "GET /ImageAssets/Grain%20&%20Cereal.jpg HTTP/1.1" 304 -
0:0:0:0:0:0:0:1 - - [05/Aug/2020:11:31:32 -0400] "GET /FixedAssets/BrianRodewald1.jpg HTTP/1.1" 304 -
0:0:0:0:0:0:0:1 - - [05/Aug/2020:11:31:32 -0400] "GET /FixedAssets/BenGibbs.jpg HTTP/1.1" 304 -
0:0:0:0:0:0:0:1 - - [05/Aug/2020:11:31:32 -0400] "GET /FixedAssets/ShopingInterface.PNG HTTP/1.1" 304 -
0:0:0:0:0:0:0:1 - - [05/Aug/2020:11:31:32 -0400] "GET /ImageAssets/Confusing%20Interfaces.PNG HTTP/1.1" 304 -
0:0:0:0:0:0:0:1 - - [05/Aug/2020:11:31:58 -0400] "GET /login HTTP/1.1" 200 6378
0:0:0:0:0:0:0:1 - - [05/Aug/2020:11:32:01 -0400] "GET /login HTTP/1.1" 200 6378
0:0:0:0:0:0:0:1 - - [05/Aug/2020:11:33:51 -0400] "GET /HomePage HTTP/1.1" 200 29282
0:0:0:0:0:0:0:1 - - [05/Aug/2020:11:33:51 -0400] "GET /ImageAssets/Beverages.jpg HTTP/1.1" 200 42287
0:0:0:0:0:0:0:1 - - [05/Aug/2020:11:33:51 -0400] "GET /ImageAssets/confections.jpg HTTP/1.1" 304 -
0:0:0:0:0:0:0:1 - - [05/Aug/2020:11:33:51 -0400] "GET /ImageAssets/Dairy%20products.jpg HTTP/1.1" 304 -
0:0:0:0:0:0:0:1 - - [05/Aug/2020:11:33:51 -0400] "GET /ImageAssets/Grain%20&%20Cereal.jpg HTTP/1.1" 304 -
0:0:0:0:0:0:0:1 - - [05/Aug/2020:11:33:51 -0400] "GET /ImageAssets/Confusing%20Interfaces.PNG HTTP/1.1" 304 -
0:0:0:0:0:0:0:1 - - [05/Aug/2020:11:33:51 -0400] "GET /ImageAssets/Condiments.jpg HTTP/1.1" 200 81102
0:0:0:0:0:0:0:1 - - [05/Aug/2020:11:33:51 -0400] "GET /ImageAssets/SeaFood.jpeg HTTP/1.1" 304 -
0:0:0:0:0:0:0:1 - - [05/Aug/2020:11:33:51 -0400] "GET /FixedAssets/ComponyLogo.png HTTP/1.1" 304 -
0:0:0:0:0:0:0:1 - - [05/Aug/2020:11:33:51 -0400] "GET /ImageAssets/Produce.jpg HTTP/1.1" 304 -
0:0:0:0:0:0:0:1 - - [05/Aug/2020:11:33:51 -0400] "GET /FixedAssets/AaronLarch.jpg HTTP/1.1" 304 -
0:0:0:0:0:0:0:1 - - [05/Aug/2020:11:33:51 -0400] "GET /FixedAssets/BrianRodewald1.jpg HTTP/1.1" 304 -
0:0:0:0:0:0:0:1 - - [05/Aug/2020:11:33:51 -0400] "GET /ImageAssets/Meat%20&%20Pultry.jpg HTTP/1.1" 304 -
0:0:0:0:0:0:0:1 - - [05/Aug/2020:11:33:51 -0400] "GET /FixedAssets/ShopingInterface.PNG HTTP/1.1" 200 27851
0:0:0:0:0:0:0:1 - - [05/Aug/2020:11:33:51 -0400] "GET /FixedAssets/BenGibbs.jpg HTTP/1.1" 200 48223
0:0:0:0:0:0:0:1 - - [05/Aug/2020:11:33:51 -0400] "GET /favicon.ico HTTP/1.1" 302 -
0:0:0:0:0:0:0:1 - - [05/Aug/2020:11:35:06 -0400] "GET /login HTTP/1.1" 200 6378
0:0:0:0:0:0:0:1 - - [05/Aug/2020:11:35:06 -0400] "GET /favicon.ico HTTP/1.1" 302 -
0:0:0:0:0:0:0:1 - - [05/Aug/2020:11:35:13 -0400] "POST /login HTTP/1.1" 302 -
0:0:0:0:0:0:0:1 - - [05/Aug/2020:11:35:13 -0400] "GET / HTTP/1.1" 302 -
0:0:0:0:0:0:0:1 - - [05/Aug/2020:11:35:13 -0400] "GET /Shipping/Europe HTTP/1.1" 200 53868
0:0:0:0:0:0:0:1 - - [05/Aug/2020:11:35:13 -0400] "GET /login HTTP/1.1" 200 6378
0:0:0:0:0:0:0:1 - - [05/Aug/2020:11:35:17 -0400] "GET /Shipping/addneworder HTTP/1.1" 200 22301
0:0:0:0:0:0:0:1 - - [05/Aug/2020:11:38:00 -0400] "POST /logout HTTP/1.1" 302 -
0:0:0:0:0:0:0:1 - - [05/Aug/2020:11:38:00 -0400] "GET /login?logout HTTP/1.1" 200 6416
0:0:0:0:0:0:0:1 - - [05/Aug/2020:11:38:14 -0400] "GET /HomePage HTTP/1.1" 200 29282
0:0:0:0:0:0:0:1 - - [05/Aug/2020:11:38:14 -0400] "GET /ImageAssets/Condiments.jpg HTTP/1.1" 304 -
0:0:0:0:0:0:0:1 - - [05/Aug/2020:11:38:14 -0400] "GET /ImageAssets/Beverages.jpg HTTP/1.1" 200 42287
0:0:0:0:0:0:0:1 - - [05/Aug/2020:11:38:14 -0400] "GET /ImageAssets/confections.jpg HTTP/1.1" 304 -
0:0:0:0:0:0:0:1 - - [05/Aug/2020:11:38:14 -0400] "GET /FixedAssets/BenGibbs.jpg HTTP/1.1" 200 48223
0:0:0:0:0:0:0:1 - - [05/Aug/2020:11:38:14 -0400] "GET /FixedAssets/ShopingInterface.PNG HTTP/1.1" 200 27851
0:0:0:0:0:0:0:1 - - [05/Aug/2020:11:38:14 -0400] "GET /ImageAssets/SeaFood.jpeg HTTP/1.1" 304 -
0:0:0:0:0:0:0:1 - - [05/Aug/2020:11:38:14 -0400] "GET /ImageAssets/Produce.jpg HTTP/1.1" 304 -
0:0:0:0:0:0:0:1 - - [05/Aug/2020:11:38:14 -0400] "GET /FixedAssets/AaronLarch.jpg HTTP/1.1" 304 -
0:0:0:0:0:0:0:1 - - [05/Aug/2020:11:38:14 -0400] "GET /ImageAssets/Meat%20&%20Pultry.jpg HTTP/1.1" 304 -
0:0:0:0:0:0:0:1 - - [05/Aug/2020:11:38:14 -0400] "GET /ImageAssets/Confusing%20Interfaces.PNG HTTP/1.1" 304 -
0:0:0:0:0:0:0:1 - - [05/Aug/2020:11:38:14 -0400] "GET /FixedAssets/BrianRodewald1.jpg HTTP/1.1" 304 -
0:0:0:0:0:0:0:1 - - [05/Aug/2020:11:38:14 -0400] "GET /ImageAssets/Dairy%20products.jpg HTTP/1.1" 304 -
0:0:0:0:0:0:0:1 - - [05/Aug/2020:11:38:14 -0400] "GET /FixedAssets/ComponyLogo.png HTTP/1.1" 304 -
0:0:0:0:0:0:0:1 - - [05/Aug/2020:11:38:14 -0400] "GET /ImageAssets/Grain%20&%20Cereal.jpg HTTP/1.1" 304 -
0:0:0:0:0:0:0:1 - - [05/Aug/2020:11:38:42 -0400] "GET /HomePage HTTP/1.1" 200 29514
0:0:0:0:0:0:0:1 - - [05/Aug/2020:11:38:42 -0400] "GET /ImageAssets/confections.jpg HTTP/1.1" 304 -
0:0:0:0:0:0:0:1 - - [05/Aug/2020:11:38:42 -0400] "GET /ImageAssets/Condiments.jpg HTTP/1.1" 304 -
0:0:0:0:0:0:0:1 - - [05/Aug/2020:11:38:42 -0400] "GET /ImageAssets/Confusing%20Interfaces.PNG HTTP/1.1" 304 -
0:0:0:0:0:0:0:1 - - [05/Aug/2020:11:38:42 -0400] "GET /ImageAssets/Beverages.jpg HTTP/1.1" 304 -
0:0:0:0:0:0:0:1 - - [05/Aug/2020:11:38:42 -0400] "GET /ImageAssets/Meat%20&%20Pultry.jpg HTTP/1.1" 304 -
0:0:0:0:0:0:0:1 - - [05/Aug/2020:11:38:42 -0400] "GET /ImageAssets/SeaFood.jpeg HTTP/1.1" 304 -
0:0:0:0:0:0:0:1 - - [05/Aug/2020:11:38:42 -0400] "GET /ImageAssets/Dairy%20products.jpg HTTP/1.1" 304 -
0:0:0:0:0:0:0:1 - - [05/Aug/2020:11:38:42 -0400] "GET /ImageAssets/Produce.jpg HTTP/1.1" 304 -
0:0:0:0:0:0:0:1 - - [05/Aug/2020:11:38:42 -0400] "GET /FixedAssets/BrianRodewald1.jpg HTTP/1.1" 304 -
0:0:0:0:0:0:0:1 - - [05/Aug/2020:11:38:42 -0400] "GET /FixedAssets/ShopingInterface.PNG HTTP/1.1" 304 -
0:0:0:0:0:0:0:1 - - [05/Aug/2020:11:38:42 -0400] "GET /FixedAssets/ComponyLogo.png HTTP/1.1" 304 -
0:0:0:0:0:0:0:1 - - [05/Aug/2020:11:38:42 -0400] "GET /FixedAssets/BenGibbs.jpg HTTP/1.1" 304 -
0:0:0:0:0:0:0:1 - - [05/Aug/2020:11:38:42 -0400] "GET /ImageAssets/Grain%20&%20Cereal.jpg HTTP/1.1" 304 -
0:0:0:0:0:0:0:1 - - [05/Aug/2020:11:38:42 -0400] "GET /FixedAssets/AaronLarch.jpg HTTP/1.1" 304 -
0:0:0:0:0:0:0:1 - - [05/Aug/2020:11:40:01 -0400] "GET /HomePage HTTP/1.1" 200 29635
0:0:0:0:0:0:0:1 - - [05/Aug/2020:11:40:01 -0400] "GET /ImageAssets/confections.jpg HTTP/1.1" 304 -
0:0:0:0:0:0:0:1 - - [05/Aug/2020:11:40:01 -0400] "GET /ImageAssets/Beverages.jpg HTTP/1.1" 304 -
0:0:0:0:0:0:0:1 - - [05/Aug/2020:11:40:01 -0400] "GET /ImageAssets/Dairy%20products.jpg HTTP/1.1" 304 -
0:0:0:0:0:0:0:1 - - [05/Aug/2020:11:40:01 -0400] "GET /ImageAssets/Condiments.jpg HTTP/1.1" 304 -
0:0:0:0:0:0:0:1 - - [05/Aug/2020:11:40:01 -0400] "GET /ImageAssets/Confusing%20Interfaces.PNG HTTP/1.1" 304 -
0:0:0:0:0:0:0:1 - - [05/Aug/2020:11:40:01 -0400] "GET /ImageAssets/Meat%20&%20Pultry.jpg HTTP/1.1" 304 -
0:0:0:0:0:0:0:1 - - [05/Aug/2020:11:40:01 -0400] "GET /ImageAssets/SeaFood.jpeg HTTP/1.1" 304 -
0:0:0:0:0:0:0:1 - - [05/Aug/2020:11:40:01 -0400] "GET /FixedAssets/BrianRodewald1.jpg HTTP/1.1" 304 -
0:0:0:0:0:0:0:1 - - [05/Aug/2020:11:40:01 -0400] "GET /FixedAssets/BenGibbs.jpg HTTP/1.1" 304 -
0:0:0:0:0:0:0:1 - - [05/Aug/2020:11:40:01 -0400] "GET /FixedAssets/ShopingInterface.PNG HTTP/1.1" 200 27851
0:0:0:0:0:0:0:1 - - [05/Aug/2020:11:40:01 -0400] "GET /FixedAssets/ComponyLogo.png HTTP/1.1" 304 -
0:0:0:0:0:0:0:1 - - [05/Aug/2020:11:40:01 -0400] "GET /FixedAssets/AaronLarch.jpg HTTP/1.1" 304 -
0:0:0:0:0:0:0:1 - - [05/Aug/2020:11:40:02 -0400] "GET /ImageAssets/Grain%20&%20Cereal.jpg HTTP/1.1" 304 -
0:0:0:0:0:0:0:1 - - [05/Aug/2020:11:40:02 -0400] "GET /ImageAssets/Produce.jpg HTTP/1.1" 200 90190
0:0:0:0:0:0:0:1 - - [05/Aug/2020:11:42:30 -0400] "GET /HomePage HTTP/1.1" 200 29267
0:0:0:0:0:0:0:1 - - [05/Aug/2020:11:42:30 -0400] "GET /ImageAssets/confections.jpg HTTP/1.1" 304 -
0:0:0:0:0:0:0:1 - - [05/Aug/2020:11:42:30 -0400] "GET /ImageAssets/Grain%20&%20Cereal.jpg HTTP/1.1" 304 -
0:0:0:0:0:0:0:1 - - [05/Aug/2020:11:42:30 -0400] "GET /ImageAssets/Condiments.jpg HTTP/1.1" 304 -
0:0:0:0:0:0:0:1 - - [05/Aug/2020:11:42:30 -0400] "GET /ImageAssets/Beverages.jpg HTTP/1.1" 304 -
0:0:0:0:0:0:0:1 - - [05/Aug/2020:11:42:30 -0400] "GET /ImageAssets/Dairy%20products.jpg HTTP/1.1" 304 -
0:0:0:0:0:0:0:1 - - [05/Aug/2020:11:42:30 -0400] "GET /ImageAssets/Confusing%20Interfaces.PNG HTTP/1.1" 304 -
0:0:0:0:0:0:0:1 - - [05/Aug/2020:11:42:30 -0400] "GET /FixedAssets/ComponyLogo.png HTTP/1.1" 304 -
0:0:0:0:0:0:0:1 - - [05/Aug/2020:11:42:30 -0400] "GET /FixedAssets/AaronLarch.jpg HTTP/1.1" 304 -
0:0:0:0:0:0:0:1 - - [05/Aug/2020:11:42:30 -0400] "GET /FixedAssets/BrianRodewald1.jpg HTTP/1.1" 304 -
0:0:0:0:0:0:0:1 - - [05/Aug/2020:11:42:30 -0400] "GET /FixedAssets/BenGibbs.jpg HTTP/1.1" 304 -
0:0:0:0:0:0:0:1 - - [05/Aug/2020:11:42:30 -0400] "GET /ImageAssets/Produce.jpg HTTP/1.1" 304 -
0:0:0:0:0:0:0:1 - - [05/Aug/2020:11:42:30 -0400] "GET /ImageAssets/SeaFood.jpeg HTTP/1.1" 304 -
0:0:0:0:0:0:0:1 - - [05/Aug/2020:11:42:30 -0400] "GET /FixedAssets/ShopingInterface.PNG HTTP/1.1" 200 27851
0:0:0:0:0:0:0:1 - - [05/Aug/2020:11:42:30 -0400] "GET /ImageAssets/Meat%20&%20Pultry.jpg HTTP/1.1" 200 124485
0:0:0:0:0:0:0:1 - - [05/Aug/2020:11:44:42 -0400] "GET /HomePage HTTP/1.1" 200 29425
0:0:0:0:0:0:0:1 - - [05/Aug/2020:11:44:42 -0400] "GET /ImageAssets/confections.jpg HTTP/1.1" 304 -
0:0:0:0:0:0:0:1 - - [05/Aug/2020:11:44:42 -0400] "GET /ImageAssets/Beverages.jpg HTTP/1.1" 200 42287
0:0:0:0:0:0:0:1 - - [05/Aug/2020:11:44:42 -0400] "GET /ImageAssets/Condiments.jpg HTTP/1.1" 304 -
0:0:0:0:0:0:0:1 - - [05/Aug/2020:11:44:42 -0400] "GET /ImageAssets/Meat%20&%20Pultry.jpg HTTP/1.1" 304 -
0:0:0:0:0:0:0:1 - - [05/Aug/2020:11:44:42 -0400] "GET /ImageAssets/Grain%20&%20Cereal.jpg HTTP/1.1" 304 -
0:0:0:0:0:0:0:1 - - [05/Aug/2020:11:44:42 -0400] "GET /ImageAssets/SeaFood.jpeg HTTP/1.1" 304 -
0:0:0:0:0:0:0:1 - - [05/Aug/2020:11:44:42 -0400] "GET /FixedAssets/ComponyLogo.png HTTP/1.1" 304 -
0:0:0:0:0:0:0:1 - - [05/Aug/2020:11:44:42 -0400] "GET /ImageAssets/Confusing%20Interfaces.PNG HTTP/1.1" 304 -
0:0:0:0:0:0:0:1 - - [05/Aug/2020:11:44:42 -0400] "GET /FixedAssets/BenGibbs.jpg HTTP/1.1" 304 -
0:0:0:0:0:0:0:1 - - [05/Aug/2020:11:44:42 -0400] "GET /FixedAssets/ShopingInterface.PNG HTTP/1.1" 304 -
0:0:0:0:0:0:0:1 - - [05/Aug/2020:11:44:42 -0400] "GET /FixedAssets/BrianRodewald1.jpg HTTP/1.1" 304 -
0:0:0:0:0:0:0:1 - - [05/Aug/2020:11:44:42 -0400] "GET /ImageAssets/Produce.jpg HTTP/1.1" 304 -
0:0:0:0:0:0:0:1 - - [05/Aug/2020:11:44:42 -0400] "GET /FixedAssets/AaronLarch.jpg HTTP/1.1" 304 -
0:0:0:0:0:0:0:1 - - [05/Aug/2020:11:44:42 -0400] "GET /ImageAssets/Dairy%20products.jpg HTTP/1.1" 304 -
0:0:0:0:0:0:0:1 - - [05/Aug/2020:11:45:18 -0400] "GET /HomePage HTTP/1.1" 200 29425
0:0:0:0:0:0:0:1 - - [05/Aug/2020:11:45:18 -0400] "GET /ImageAssets/confections.jpg HTTP/1.1" 304 -
0:0:0:0:0:0:0:1 - - [05/Aug/2020:11:45:18 -0400] "GET /ImageAssets/Confusing%20Interfaces.PNG HTTP/1.1" 304 -
0:0:0:0:0:0:0:1 - - [05/Aug/2020:11:45:18 -0400] "GET /ImageAssets/Beverages.jpg HTTP/1.1" 200 42287
0:0:0:0:0:0:0:1 - - [05/Aug/2020:11:45:18 -0400] "GET /ImageAssets/Meat%20&%20Pultry.jpg HTTP/1.1" 304 -
0:0:0:0:0:0:0:1 - - [05/Aug/2020:11:45:18 -0400] "GET /ImageAssets/Produce.jpg HTTP/1.1" 304 -
0:0:0:0:0:0:0:1 - - [05/Aug/2020:11:45:18 -0400] "GET /ImageAssets/SeaFood.jpeg HTTP/1.1" 304 -
0:0:0:0:0:0:0:1 - - [05/Aug/2020:11:45:19 -0400] "GET /ImageAssets/Dairy%20products.jpg HTTP/1.1" 304 -
0:0:0:0:0:0:0:1 - - [05/Aug/2020:11:45:19 -0400] "GET /FixedAssets/BenGibbs.jpg HTTP/1.1" 304 -
0:0:0:0:0:0:0:1 - - [05/Aug/2020:11:45:19 -0400] "GET /FixedAssets/AaronLarch.jpg HTTP/1.1" 304 -
0:0:0:0:0:0:0:1 - - [05/Aug/2020:11:45:19 -0400] "GET /FixedAssets/BrianRodewald1.jpg HTTP/1.1" 304 -
0:0:0:0:0:0:0:1 - - [05/Aug/2020:11:45:19 -0400] "GET /FixedAssets/ShopingInterface.PNG HTTP/1.1" 304 -
0:0:0:0:0:0:0:1 - - [05/Aug/2020:11:45:19 -0400] "GET /ImageAssets/Condiments.jpg HTTP/1.1" 304 -
0:0:0:0:0:0:0:1 - - [05/Aug/2020:11:45:19 -0400] "GET /FixedAssets/ComponyLogo.png HTTP/1.1" 200 25947
0:0:0:0:0:0:0:1 - - [05/Aug/2020:11:45:19 -0400] "GET /ImageAssets/Grain%20&%20Cereal.jpg HTTP/1.1" 304 -
0:0:0:0:0:0:0:1 - - [05/Aug/2020:11:45:19 -0400] "GET /favicon.ico HTTP/1.1" 302 -
0:0:0:0:0:0:0:1 - - [05/Aug/2020:11:45:43 -0400] "GET /HomePage HTTP/1.1" 200 29413
0:0:0:0:0:0:0:1 - - [05/Aug/2020:11:45:43 -0400] "GET /ImageAssets/Condiments.jpg HTTP/1.1" 304 -
0:0:0:0:0:0:0:1 - - [05/Aug/2020:11:45:43 -0400] "GET /ImageAssets/confections.jpg HTTP/1.1" 304 -
0:0:0:0:0:0:0:1 - - [05/Aug/2020:11:45:43 -0400] "GET /ImageAssets/Beverages.jpg HTTP/1.1" 200 42287
0:0:0:0:0:0:0:1 - - [05/Aug/2020:11:45:43 -0400] "GET /ImageAssets/Meat%20&%20Pultry.jpg HTTP/1.1" 304 -
0:0:0:0:0:0:0:1 - - [05/Aug/2020:11:45:43 -0400] "GET /ImageAssets/SeaFood.jpeg HTTP/1.1" 304 -
0:0:0:0:0:0:0:1 - - [05/Aug/2020:11:45:43 -0400] "GET /ImageAssets/Produce.jpg HTTP/1.1" 304 -
0:0:0:0:0:0:0:1 - - [05/Aug/2020:11:45:43 -0400] "GET /ImageAssets/Confusing%20Interfaces.PNG HTTP/1.1" 304 -
0:0:0:0:0:0:0:1 - - [05/Aug/2020:11:45:43 -0400] "GET /FixedAssets/ComponyLogo.png HTTP/1.1" 304 -
0:0:0:0:0:0:0:1 - - [05/Aug/2020:11:45:43 -0400] "GET /ImageAssets/Dairy%20products.jpg HTTP/1.1" 304 -
0:0:0:0:0:0:0:1 - - [05/Aug/2020:11:45:43 -0400] "GET /FixedAssets/AaronLarch.jpg HTTP/1.1" 304 -
0:0:0:0:0:0:0:1 - - [05/Aug/2020:11:45:43 -0400] "GET /FixedAssets/BenGibbs.jpg HTTP/1.1" 304 -
0:0:0:0:0:0:0:1 - - [05/Aug/2020:11:45:43 -0400] "GET /FixedAssets/ShopingInterface.PNG HTTP/1.1" 304 -
0:0:0:0:0:0:0:1 - - [05/Aug/2020:11:45:43 -0400] "GET /ImageAssets/Grain%20&%20Cereal.jpg HTTP/1.1" 304 -
0:0:0:0:0:0:0:1 - - [05/Aug/2020:11:45:43 -0400] "GET /FixedAssets/BrianRodewald1.jpg HTTP/1.1" 304 -
0:0:0:0:0:0:0:1 - - [05/Aug/2020:11:46:52 -0400] "GET /HomePage HTTP/1.1" 200 29268
0:0:0:0:0:0:0:1 - - [05/Aug/2020:11:46:52 -0400] "GET /ImageAssets/Beverages.jpg HTTP/1.1" 200 42287
0:0:0:0:0:0:0:1 - - [05/Aug/2020:11:46:52 -0400] "GET /ImageAssets/Dairy%20products.jpg HTTP/1.1" 304 -
0:0:0:0:0:0:0:1 - - [05/Aug/2020:11:46:52 -0400] "GET /ImageAssets/confections.jpg HTTP/1.1" 304 -
0:0:0:0:0:0:0:1 - - [05/Aug/2020:11:46:52 -0400] "GET /ImageAssets/Meat%20&%20Pultry.jpg HTTP/1.1" 304 -
0:0:0:0:0:0:0:1 - - [05/Aug/2020:11:46:52 -0400] "GET /ImageAssets/Condiments.jpg HTTP/1.1" 304 -
0:0:0:0:0:0:0:1 - - [05/Aug/2020:11:46:52 -0400] "GET /ImageAssets/Grain%20&%20Cereal.jpg HTTP/1.1" 304 -
0:0:0:0:0:0:0:1 - - [05/Aug/2020:11:46:52 -0400] "GET /ImageAssets/Produce.jpg HTTP/1.1" 304 -
0:0:0:0:0:0:0:1 - - [05/Aug/2020:11:46:52 -0400] "GET /ImageAssets/SeaFood.jpeg HTTP/1.1" 304 -
0:0:0:0:0:0:0:1 - - [05/Aug/2020:11:46:52 -0400] "GET /FixedAssets/ComponyLogo.png HTTP/1.1" 304 -
0:0:0:0:0:0:0:1 - - [05/Aug/2020:11:46:52 -0400] "GET /FixedAssets/BrianRodewald1.jpg HTTP/1.1" 304 -
0:0:0:0:0:0:0:1 - - [05/Aug/2020:11:46:52 -0400] "GET /FixedAssets/ShopingInterface.PNG HTTP/1.1" 304 -
0:0:0:0:0:0:0:1 - - [05/Aug/2020:11:46:52 -0400] "GET /FixedAssets/BenGibbs.jpg HTTP/1.1" 304 -
0:0:0:0:0:0:0:1 - - [05/Aug/2020:11:46:52 -0400] "GET /ImageAssets/Confusing%20Interfaces.PNG HTTP/1.1" 304 -
0:0:0:0:0:0:0:1 - - [05/Aug/2020:11:46:52 -0400] "GET /FixedAssets/AaronLarch.jpg HTTP/1.1" 304 -
0:0:0:0:0:0:0:1 - - [05/Aug/2020:11:46:52 -0400] "GET /favicon.ico HTTP/1.1" 302 -
0:0:0:0:0:0:0:1 - - [05/Aug/2020:11:48:09 -0400] "GET /HomePage HTTP/1.1" 200 29268
0:0:0:0:0:0:0:1 - - [05/Aug/2020:11:48:09 -0400] "GET /ImageAssets/Beverages.jpg HTTP/1.1" 200 42287
0:0:0:0:0:0:0:1 - - [05/Aug/2020:11:48:09 -0400] "GET /ImageAssets/Condiments.jpg HTTP/1.1" 304 -
0:0:0:0:0:0:0:1 - - [05/Aug/2020:11:48:09 -0400] "GET /ImageAssets/confections.jpg HTTP/1.1" 304 -
0:0:0:0:0:0:0:1 - - [05/Aug/2020:11:48:09 -0400] "GET /ImageAssets/Confusing%20Interfaces.PNG HTTP/1.1" 304 -
0:0:0:0:0:0:0:1 - - [05/Aug/2020:11:48:09 -0400] "GET /ImageAssets/Grain%20&%20Cereal.jpg HTTP/1.1" 304 -
0:0:0:0:0:0:0:1 - - [05/Aug/2020:11:48:09 -0400] "GET /ImageAssets/Dairy%20products.jpg HTTP/1.1" 304 -
0:0:0:0:0:0:0:1 - - [05/Aug/2020:11:48:09 -0400] "GET /FixedAssets/ComponyLogo.png HTTP/1.1" 304 -
0:0:0:0:0:0:0:1 - - [05/Aug/2020:11:48:09 -0400] "GET /ImageAssets/SeaFood.jpeg HTTP/1.1" 304 -
0:0:0:0:0:0:0:1 - - [05/Aug/2020:11:48:09 -0400] "GET /FixedAssets/BenGibbs.jpg HTTP/1.1" 304 -
0:0:0:0:0:0:0:1 - - [05/Aug/2020:11:48:09 -0400] "GET /FixedAssets/BrianRodewald1.jpg HTTP/1.1" 304 -
0:0:0:0:0:0:0:1 - - [05/Aug/2020:11:48:09 -0400] "GET /FixedAssets/ShopingInterface.PNG HTTP/1.1" 304 -
0:0:0:0:0:0:0:1 - - [05/Aug/2020:11:48:09 -0400] "GET /FixedAssets/AaronLarch.jpg HTTP/1.1" 304 -
0:0:0:0:0:0:0:1 - - [05/Aug/2020:11:48:09 -0400] "GET /ImageAssets/Produce.jpg HTTP/1.1" 304 -
0:0:0:0:0:0:0:1 - - [05/Aug/2020:11:48:09 -0400] "GET /ImageAssets/Meat%20&%20Pultry.jpg HTTP/1.1" 304 -
0:0:0:0:0:0:0:1 - - [05/Aug/2020:11:48:09 -0400] "GET /login HTTP/1.1" 200 6378
0:0:0:0:0:0:0:1 - - [05/Aug/2020:11:49:26 -0400] "GET /HomePage HTTP/1.1" 200 29272
0:0:0:0:0:0:0:1 - - [05/Aug/2020:11:49:26 -0400] "GET /ImageAssets/Beverages.jpg HTTP/1.1" 304 -
0:0:0:0:0:0:0:1 - - [05/Aug/2020:11:49:26 -0400] "GET /ImageAssets/Meat%20&%20Pultry.jpg HTTP/1.1" 304 -
0:0:0:0:0:0:0:1 - - [05/Aug/2020:11:49:26 -0400] "GET /ImageAssets/Condiments.jpg HTTP/1.1" 304 -
0:0:0:0:0:0:0:1 - - [05/Aug/2020:11:49:26 -0400] "GET /ImageAssets/confections.jpg HTTP/1.1" 304 -
0:0:0:0:0:0:0:1 - - [05/Aug/2020:11:49:26 -0400] "GET /ImageAssets/SeaFood.jpeg HTTP/1.1" 304 -
0:0:0:0:0:0:0:1 - - [05/Aug/2020:11:49:26 -0400] "GET /ImageAssets/Produce.jpg HTTP/1.1" 304 -
0:0:0:0:0:0:0:1 - - [05/Aug/2020:11:49:26 -0400] "GET /ImageAssets/Grain%20&%20Cereal.jpg HTTP/1.1" 304 -
0:0:0:0:0:0:0:1 - - [05/Aug/2020:11:49:26 -0400] "GET /FixedAssets/ComponyLogo.png HTTP/1.1" 304 -
0:0:0:0:0:0:0:1 - - [05/Aug/2020:11:49:26 -0400] "GET /ImageAssets/Confusing%20Interfaces.PNG HTTP/1.1" 304 -
0:0:0:0:0:0:0:1 - - [05/Aug/2020:11:49:26 -0400] "GET /FixedAssets/BenGibbs.jpg HTTP/1.1" 304 -
0:0:0:0:0:0:0:1 - - [05/Aug/2020:11:49:26 -0400] "GET /FixedAssets/BrianRodewald1.jpg HTTP/1.1" 304 -
0:0:0:0:0:0:0:1 - - [05/Aug/2020:11:49:26 -0400] "GET /ImageAssets/Dairy%20products.jpg HTTP/1.1" 304 -
0:0:0:0:0:0:0:1 - - [05/Aug/2020:11:49:26 -0400] "GET /FixedAssets/ShopingInterface.PNG HTTP/1.1" 304 -
0:0:0:0:0:0:0:1 - - [05/Aug/2020:11:49:26 -0400] "GET /FixedAssets/AaronLarch.jpg HTTP/1.1" 304 -
0:0:0:0:0:0:0:1 - - [05/Aug/2020:11:50:59 -0400] "GET /HomePage HTTP/1.1" 200 29290
0:0:0:0:0:0:0:1 - - [05/Aug/2020:11:50:59 -0400] "GET /ImageAssets/Beverages.jpg HTTP/1.1" 304 -
0:0:0:0:0:0:0:1 - - [05/Aug/2020:11:50:59 -0400] "GET /ImageAssets/Condiments.jpg HTTP/1.1" 304 -
0:0:0:0:0:0:0:1 - - [05/Aug/2020:11:50:59 -0400] "GET /ImageAssets/confections.jpg HTTP/1.1" 304 -
0:0:0:0:0:0:0:1 - - [05/Aug/2020:11:51:00 -0400] "GET /ImageAssets/Meat%20&%20Pultry.jpg HTTP/1.1" 304 -
0:0:0:0:0:0:0:1 - - [05/Aug/2020:11:51:00 -0400] "GET /ImageAssets/Grain%20&%20Cereal.jpg HTTP/1.1" 304 -
0:0:0:0:0:0:0:1 - - [05/Aug/2020:11:51:00 -0400] "GET /ImageAssets/Dairy%20products.jpg HTTP/1.1" 304 -
0:0:0:0:0:0:0:1 - - [05/Aug/2020:11:51:00 -0400] "GET /ImageAssets/Confusing%20Interfaces.PNG HTTP/1.1" 304 -
0:0:0:0:0:0:0:1 - - [05/Aug/2020:11:51:00 -0400] "GET /ImageAssets/SeaFood.jpeg HTTP/1.1" 304 -
0:0:0:0:0:0:0:1 - - [05/Aug/2020:11:51:00 -0400] "GET /ImageAssets/Produce.jpg HTTP/1.1" 304 -
0:0:0:0:0:0:0:1 - - [05/Aug/2020:11:51:00 -0400] "GET /FixedAssets/BrianRodewald1.jpg HTTP/1.1" 304 -
0:0:0:0:0:0:0:1 - - [05/Aug/2020:11:51:00 -0400] "GET /FixedAssets/AaronLarch.jpg HTTP/1.1" 304 -
0:0:0:0:0:0:0:1 - - [05/Aug/2020:11:51:00 -0400] "GET /FixedAssets/BenGibbs.jpg HTTP/1.1" 304 -
0:0:0:0:0:0:0:1 - - [05/Aug/2020:11:51:00 -0400] "GET /FixedAssets/ComponyLogo.png HTTP/1.1" 304 -
0:0:0:0:0:0:0:1 - - [05/Aug/2020:11:51:00 -0400] "GET /FixedAssets/ShopingInterface.PNG HTTP/1.1" 304 -
0:0:0:0:0:0:0:1 - - [05/Aug/2020:11:52:50 -0400] "GET /HomePage HTTP/1.1" 200 29225
0:0:0:0:0:0:0:1 - - [05/Aug/2020:11:52:50 -0400] "GET /ImageAssets/Beverages.jpg HTTP/1.1" 304 -
0:0:0:0:0:0:0:1 - - [05/Aug/2020:11:52:50 -0400] "GET /ImageAssets/confections.jpg HTTP/1.1" 304 -
0:0:0:0:0:0:0:1 - - [05/Aug/2020:11:52:50 -0400] "GET /ImageAssets/Confusing%20Interfaces.PNG HTTP/1.1" 304 -
0:0:0:0:0:0:0:1 - - [05/Aug/2020:11:52:50 -0400] "GET /ImageAssets/Condiments.jpg HTTP/1.1" 304 -
0:0:0:0:0:0:0:1 - - [05/Aug/2020:11:52:50 -0400] "GET /ImageAssets/Grain%20&%20Cereal.jpg HTTP/1.1" 304 -
0:0:0:0:0:0:0:1 - - [05/Aug/2020:11:52:50 -0400] "GET /ImageAssets/SeaFood.jpeg HTTP/1.1" 304 -
0:0:0:0:0:0:0:1 - - [05/Aug/2020:11:52:50 -0400] "GET /ImageAssets/Meat%20&%20Pultry.jpg HTTP/1.1" 304 -
0:0:0:0:0:0:0:1 - - [05/Aug/2020:11:52:50 -0400] "GET /ImageAssets/Produce.jpg HTTP/1.1" 304 -
0:0:0:0:0:0:0:1 - - [05/Aug/2020:11:52:50 -0400] "GET /FixedAssets/ComponyLogo.png HTTP/1.1" 304 -
0:0:0:0:0:0:0:1 - - [05/Aug/2020:11:52:50 -0400] "GET /FixedAssets/AaronLarch.jpg HTTP/1.1" 304 -
0:0:0:0:0:0:0:1 - - [05/Aug/2020:11:52:50 -0400] "GET /FixedAssets/BenGibbs.jpg HTTP/1.1" 304 -
0:0:0:0:0:0:0:1 - - [05/Aug/2020:11:52:50 -0400] "GET /FixedAssets/BrianRodewald1.jpg HTTP/1.1" 304 -
0:0:0:0:0:0:0:1 - - [05/Aug/2020:11:52:50 -0400] "GET /ImageAssets/Dairy%20products.jpg HTTP/1.1" 304 -
0:0:0:0:0:0:0:1 - - [05/Aug/2020:11:52:50 -0400] "GET /FixedAssets/ShopingInterface.PNG HTTP/1.1" 304 -
