0:0:0:0:0:0:0:1 - - [28/Jul/2020:08:08:58 -0400] "GET /HomePage HTTP/1.1" 200 28200
0:0:0:0:0:0:0:1 - - [28/Jul/2020:08:08:58 -0400] "GET /ImageAssets/confections.jpg HTTP/1.1" 304 -
0:0:0:0:0:0:0:1 - - [28/Jul/2020:08:08:58 -0400] "GET /ImageAssets/Dairy%20products.jpg HTTP/1.1" 304 -
0:0:0:0:0:0:0:1 - - [28/Jul/2020:08:08:58 -0400] "GET /ImageAssets/grain%20cereal.jpg HTTP/1.1" 200 41318
0:0:0:0:0:0:0:1 - - [28/Jul/2020:08:08:58 -0400] "GET /ImageAssets/Beverages.png HTTP/1.1" 200 43184
0:0:0:0:0:0:0:1 - - [28/Jul/2020:08:08:58 -0400] "GET /ImageAssets/Condaments.jpeg HTTP/1.1" 200 41485
0:0:0:0:0:0:0:1 - - [28/Jul/2020:08:08:58 -0400] "GET /FixedAssets/AaronLarch.jpg HTTP/1.1" 304 -
0:0:0:0:0:0:0:1 - - [28/Jul/2020:08:08:58 -0400] "GET /ImageAssets/Confusing%20Interfaces.PNG HTTP/1.1" 200 54655
0:0:0:0:0:0:0:1 - - [28/Jul/2020:08:08:58 -0400] "GET /ImageAssets/seafood.jpeg HTTP/1.1" 304 -
0:0:0:0:0:0:0:1 - - [28/Jul/2020:08:08:58 -0400] "GET /ImageAssets/meat-pultry.jpg HTTP/1.1" 200 124485
0:0:0:0:0:0:0:1 - - [28/Jul/2020:08:08:58 -0400] "GET /ImageAssets/Produce.jpg HTTP/1.1" 200 71131
0:0:0:0:0:0:0:1 - - [28/Jul/2020:08:08:58 -0400] "GET /FixedAssets/ShopingInterface.PNG HTTP/1.1" 200 27851
0:0:0:0:0:0:0:1 - - [28/Jul/2020:08:08:58 -0400] "GET /FixedAssets/BrianRodewald1.jpg HTTP/1.1" 304 -
0:0:0:0:0:0:0:1 - - [28/Jul/2020:08:08:58 -0400] "GET /FixedAssets/ComponyLogo.png HTTP/1.1" 200 25947
0:0:0:0:0:0:0:1 - - [28/Jul/2020:08:08:58 -0400] "GET /favicon.ico HTTP/1.1" 302 -
0:0:0:0:0:0:0:1 - - [28/Jul/2020:08:08:58 -0400] "GET /login HTTP/1.1" 200 6378
0:0:0:0:0:0:0:1 - - [28/Jul/2020:08:10:20 -0400] "GET /login HTTP/1.1" 200 6378
0:0:0:0:0:0:0:1 - - [28/Jul/2020:08:10:28 -0400] "POST /login HTTP/1.1" 302 -
0:0:0:0:0:0:0:1 - - [28/Jul/2020:08:10:28 -0400] "GET / HTTP/1.1" 302 -
0:0:0:0:0:0:0:1 - - [28/Jul/2020:08:10:28 -0400] "GET /Shipping/Europe HTTP/1.1" 200 53036
0:0:0:0:0:0:0:1 - - [28/Jul/2020:08:10:28 -0400] "GET /favicon.ico HTTP/1.1" 200 946
0:0:0:0:0:0:0:1 - - [28/Jul/2020:08:10:28 -0400] "GET /login HTTP/1.1" 200 6378
0:0:0:0:0:0:0:1 - - [28/Jul/2020:08:10:42 -0400] "POST /logout HTTP/1.1" 302 -
0:0:0:0:0:0:0:1 - - [28/Jul/2020:08:10:42 -0400] "GET /login?logout HTTP/1.1" 200 6416
0:0:0:0:0:0:0:1 - - [28/Jul/2020:08:11:29 -0400] "POST /login HTTP/1.1" 302 -
0:0:0:0:0:0:0:1 - - [28/Jul/2020:08:11:29 -0400] "GET / HTTP/1.1" 302 -
0:0:0:0:0:0:0:1 - - [28/Jul/2020:08:11:30 -0400] "GET /Shipping/Europe HTTP/1.1" 200 53078
0:0:0:0:0:0:0:1 - - [28/Jul/2020:08:11:30 -0400] "GET /login HTTP/1.1" 200 6378
0:0:0:0:0:0:0:1 - - [28/Jul/2020:08:11:37 -0400] "POST /logout HTTP/1.1" 302 -
0:0:0:0:0:0:0:1 - - [28/Jul/2020:08:11:37 -0400] "GET /login?logout HTTP/1.1" 200 6416
0:0:0:0:0:0:0:1 - - [28/Jul/2020:08:11:45 -0400] "POST /login HTTP/1.1" 302 -
0:0:0:0:0:0:0:1 - - [28/Jul/2020:08:11:45 -0400] "GET / HTTP/1.1" 302 -
0:0:0:0:0:0:0:1 - - [28/Jul/2020:08:11:45 -0400] "GET /Shipping/Europe HTTP/1.1" 200 53037
0:0:0:0:0:0:0:1 - - [28/Jul/2020:08:11:46 -0400] "GET /login HTTP/1.1" 200 6378
0:0:0:0:0:0:0:1 - - [28/Jul/2020:08:11:49 -0400] "GET /Stats/closerecords HTTP/1.1" 200 55239
0:0:0:0:0:0:0:1 - - [28/Jul/2020:08:11:55 -0400] "POST /logout HTTP/1.1" 302 -
0:0:0:0:0:0:0:1 - - [28/Jul/2020:08:11:55 -0400] "GET /login?logout HTTP/1.1" 200 6416
0:0:0:0:0:0:0:1 - - [28/Jul/2020:14:57:26 -0400] "GET /login HTTP/1.1" 200 6378
0:0:0:0:0:0:0:1 - - [28/Jul/2020:14:57:33 -0400] "GET /HomePage HTTP/1.1" 500 450
0:0:0:0:0:0:0:1 - - [28/Jul/2020:15:08:36 -0400] "GET /HomePage HTTP/1.1" 500 450
0:0:0:0:0:0:0:1 - - [28/Jul/2020:15:08:37 -0400] "GET /favicon.ico HTTP/1.1" 302 -
0:0:0:0:0:0:0:1 - - [28/Jul/2020:15:08:37 -0400] "GET /login HTTP/1.1" 200 6378
