0:0:0:0:0:0:0:1 - - [04/Jun/2020:08:57:59 -0400] "GET /login HTTP/1.1" 302 -
0:0:0:0:0:0:0:1 - - [04/Jun/2020:08:57:59 -0400] "GET /login HTTP/1.1" 200 6378
0:0:0:0:0:0:0:1 - - [04/Jun/2020:08:58:00 -0400] "GET /favicon.ico HTTP/1.1" 302 -
0:0:0:0:0:0:0:1 - - [04/Jun/2020:08:58:09 -0400] "POST /login HTTP/1.1" 302 -
0:0:0:0:0:0:0:1 - - [04/Jun/2020:08:58:09 -0400] "GET / HTTP/1.1" 302 -
0:0:0:0:0:0:0:1 - - [04/Jun/2020:08:58:09 -0400] "GET /Shipping/Europe HTTP/1.1" 200 45480
0:0:0:0:0:0:0:1 - - [04/Jun/2020:08:58:10 -0400] "GET /login HTTP/1.1" 200 6378
0:0:0:0:0:0:0:1 - - [04/Jun/2020:08:58:13 -0400] "GET /Shipping/addneworder HTTP/1.1" 200 18002
0:0:0:0:0:0:0:1 - - [04/Jun/2020:08:58:13 -0400] "GET /login HTTP/1.1" 200 6378
0:0:0:0:0:0:0:1 - - [04/Jun/2020:08:58:14 -0400] "GET /Shipping/addneworder/2 HTTP/1.1" 200 19864
0:0:0:0:0:0:0:1 - - [04/Jun/2020:08:58:17 -0400] "GET /Shipping/addneworder/Chef%20Anton's%20Cajun%20Seasoning HTTP/1.1" 200 17107
0:0:0:0:0:0:0:1 - - [04/Jun/2020:08:58:26 -0400] "POST /Shipping/addneworder/Invoicve HTTP/1.1" 200 16014
0:0:0:0:0:0:0:1 - - [04/Jun/2020:08:59:20 -0400] "GET /Shipping/addneworder/Chef%20Anton's%20Cajun%20Seasoning HTTP/1.1" 200 17106
0:0:0:0:0:0:0:1 - - [04/Jun/2020:08:59:30 -0400] "POST /Shipping/addneworder/Invoicve HTTP/1.1" 200 16218
0:0:0:0:0:0:0:1 - - [04/Jun/2020:08:59:44 -0400] "POST /Shipping/addneworder/Invoicve HTTP/1.1" 200 16216
0:0:0:0:0:0:0:1 - - [04/Jun/2020:08:59:55 -0400] "GET /Shipping/addneworder/Chef%20Anton's%20Cajun%20Seasoning HTTP/1.1" 200 17106
0:0:0:0:0:0:0:1 - - [04/Jun/2020:09:01:58 -0400] "GET /Shipping/addneworder/Chef%20Anton's%20Cajun%20Seasoning HTTP/1.1" 200 17106
0:0:0:0:0:0:0:1 - - [04/Jun/2020:09:02:00 -0400] "GET /Shipping/addneworder/Chef%20Anton's%20Cajun%20Seasoning HTTP/1.1" 200 17106
0:0:0:0:0:0:0:1 - - [04/Jun/2020:09:02:13 -0400] "GET /Shipping/addneworder/Chef%20Anton's%20Cajun%20Seasoning HTTP/1.1" 200 17106
0:0:0:0:0:0:0:1 - - [04/Jun/2020:09:02:15 -0400] "GET /Shipping/addneworder/Chef%20Anton's%20Cajun%20Seasoning HTTP/1.1" 200 17106
0:0:0:0:0:0:0:1 - - [04/Jun/2020:09:02:18 -0400] "POST /Shipping/addneworder/Invoicve HTTP/1.1" 200 16216
0:0:0:0:0:0:0:1 - - [04/Jun/2020:09:03:05 -0400] "GET /Shipping/addneworder/Chef%20Anton's%20Cajun%20Seasoning HTTP/1.1" 200 17102
0:0:0:0:0:0:0:1 - - [04/Jun/2020:09:03:14 -0400] "GET /Shipping/addneworder/2 HTTP/1.1" 200 20068
0:0:0:0:0:0:0:1 - - [04/Jun/2020:09:03:16 -0400] "GET /Shipping/addneworder/Chef%20Anton's%20Cajun%20Seasoning HTTP/1.1" 200 17102
0:0:0:0:0:0:0:1 - - [04/Jun/2020:13:02:55 -0400] "GET /HomePage HTTP/1.1" 200 4492
0:0:0:0:0:0:0:1 - - [04/Jun/2020:13:02:56 -0400] "GET /resources/js/SystemClock.js HTTP/1.1" 404 159
0:0:0:0:0:0:0:1 - - [04/Jun/2020:13:02:56 -0400] "GET /resources/js/SystemClock.js HTTP/1.1" 404 159
0:0:0:0:0:0:0:1 - - [04/Jun/2020:13:04:04 -0400] "GET /HomePage HTTP/1.1" 500 11468
0:0:0:0:0:0:0:1 - - [04/Jun/2020:13:04:31 -0400] "GET /HomePage HTTP/1.1" 500 11284
0:0:0:0:0:0:0:1 - - [04/Jun/2020:13:05:09 -0400] "GET /HomePage HTTP/1.1" 200 8702
0:0:0:0:0:0:0:1 - - [04/Jun/2020:13:05:10 -0400] "GET /favicon.ico HTTP/1.1" 302 -
