0:0:0:0:0:0:0:1 - - [21/Jul/2020:14:52:56 -0400] "GET /HomePage HTTP/1.1" 200 31284
0:0:0:0:0:0:0:1 - - [21/Jul/2020:14:52:56 -0400] "GET /ImageAssets/Beverages.png HTTP/1.1" 200 43184
0:0:0:0:0:0:0:1 - - [21/Jul/2020:14:52:56 -0400] "GET /ImageAssets/grain%20cereal.jpg HTTP/1.1" 200 41318
0:0:0:0:0:0:0:1 - - [21/Jul/2020:14:52:56 -0400] "GET /ImageAssets/Condaments.jpeg HTTP/1.1" 200 41485
0:0:0:0:0:0:0:1 - - [21/Jul/2020:14:52:56 -0400] "GET /ImageAssets/Confusing%20Interfaces.PNG HTTP/1.1" 200 54655
0:0:0:0:0:0:0:1 - - [21/Jul/2020:14:52:56 -0400] "GET /ImageAssets/meat-pultry.jpg HTTP/1.1" 200 124485
0:0:0:0:0:0:0:1 - - [21/Jul/2020:14:52:56 -0400] "GET /FixedAssets/ComponyLogo.png HTTP/1.1" 200 25947
0:0:0:0:0:0:0:1 - - [21/Jul/2020:14:52:56 -0400] "GET /ImageAssets/Produce.jpg HTTP/1.1" 200 71131
0:0:0:0:0:0:0:1 - - [21/Jul/2020:14:52:56 -0400] "GET /ImageAssets/confections.jpg HTTP/1.1" 200 315715
0:0:0:0:0:0:0:1 - - [21/Jul/2020:14:52:56 -0400] "GET /ImageAssets/seafood.jpeg HTTP/1.1" 200 267854
0:0:0:0:0:0:0:1 - - [21/Jul/2020:14:52:56 -0400] "GET /FixedAssets/ShopingInterface.PNG HTTP/1.1" 200 27851
0:0:0:0:0:0:0:1 - - [21/Jul/2020:14:52:56 -0400] "GET /FixedAssets/AaronLarch.jpg HTTP/1.1" 200 995586
0:0:0:0:0:0:0:1 - - [21/Jul/2020:14:52:56 -0400] "GET /FixedAssets/BrianRodewald1.jpg HTTP/1.1" 200 917302
0:0:0:0:0:0:0:1 - - [21/Jul/2020:14:52:56 -0400] "GET /ImageAssets/Dairy%20products.jpg HTTP/1.1" 200 1718054
0:0:0:0:0:0:0:1 - - [21/Jul/2020:14:55:03 -0400] "GET /HomePage HTTP/1.1" 200 31400
0:0:0:0:0:0:0:1 - - [21/Jul/2020:14:55:04 -0400] "GET /ImageAssets/Beverages.png HTTP/1.1" 200 43184
0:0:0:0:0:0:0:1 - - [21/Jul/2020:14:55:04 -0400] "GET /ImageAssets/Condaments.jpeg HTTP/1.1" 200 41485
0:0:0:0:0:0:0:1 - - [21/Jul/2020:14:55:04 -0400] "GET /ImageAssets/Confusing%20Interfaces.PNG HTTP/1.1" 200 54655
0:0:0:0:0:0:0:1 - - [21/Jul/2020:14:55:04 -0400] "GET /ImageAssets/Produce.jpg HTTP/1.1" 200 71131
0:0:0:0:0:0:0:1 - - [21/Jul/2020:14:55:04 -0400] "GET /ImageAssets/meat-pultry.jpg HTTP/1.1" 200 124485
0:0:0:0:0:0:0:1 - - [21/Jul/2020:14:55:04 -0400] "GET /ImageAssets/grain%20cereal.jpg HTTP/1.1" 200 41318
0:0:0:0:0:0:0:1 - - [21/Jul/2020:14:55:04 -0400] "GET /ImageAssets/confections.jpg HTTP/1.1" 200 315715
0:0:0:0:0:0:0:1 - - [21/Jul/2020:14:55:04 -0400] "GET /FixedAssets/ComponyLogo.png HTTP/1.1" 200 25947
0:0:0:0:0:0:0:1 - - [21/Jul/2020:14:55:04 -0400] "GET /FixedAssets/ShopingInterface.PNG HTTP/1.1" 200 27851
0:0:0:0:0:0:0:1 - - [21/Jul/2020:14:55:04 -0400] "GET /ImageAssets/seafood.jpeg HTTP/1.1" 200 267854
0:0:0:0:0:0:0:1 - - [21/Jul/2020:14:55:04 -0400] "GET /FixedAssets/BrianRodewald1.jpg HTTP/1.1" 200 917302
0:0:0:0:0:0:0:1 - - [21/Jul/2020:14:55:04 -0400] "GET /FixedAssets/AaronLarch.jpg HTTP/1.1" 200 995586
0:0:0:0:0:0:0:1 - - [21/Jul/2020:14:55:04 -0400] "GET /ImageAssets/Dairy%20products.jpg HTTP/1.1" 200 1718054
0:0:0:0:0:0:0:1 - - [21/Jul/2020:14:56:05 -0400] "GET /HomePage HTTP/1.1" 200 31398
0:0:0:0:0:0:0:1 - - [21/Jul/2020:14:56:05 -0400] "GET /ImageAssets/Beverages.png HTTP/1.1" 200 43184
0:0:0:0:0:0:0:1 - - [21/Jul/2020:14:56:05 -0400] "GET /ImageAssets/Confusing%20Interfaces.PNG HTTP/1.1" 200 54655
0:0:0:0:0:0:0:1 - - [21/Jul/2020:14:56:05 -0400] "GET /ImageAssets/Condaments.jpeg HTTP/1.1" 200 41485
0:0:0:0:0:0:0:1 - - [21/Jul/2020:14:56:05 -0400] "GET /ImageAssets/Produce.jpg HTTP/1.1" 200 71131
0:0:0:0:0:0:0:1 - - [21/Jul/2020:14:56:05 -0400] "GET /ImageAssets/grain%20cereal.jpg HTTP/1.1" 200 41318
0:0:0:0:0:0:0:1 - - [21/Jul/2020:14:56:05 -0400] "GET /ImageAssets/meat-pultry.jpg HTTP/1.1" 200 124485
0:0:0:0:0:0:0:1 - - [21/Jul/2020:14:56:05 -0400] "GET /FixedAssets/ComponyLogo.png HTTP/1.1" 200 25947
0:0:0:0:0:0:0:1 - - [21/Jul/2020:14:56:05 -0400] "GET /ImageAssets/confections.jpg HTTP/1.1" 200 315715
0:0:0:0:0:0:0:1 - - [21/Jul/2020:14:56:05 -0400] "GET /ImageAssets/seafood.jpeg HTTP/1.1" 200 267854
0:0:0:0:0:0:0:1 - - [21/Jul/2020:14:56:05 -0400] "GET /FixedAssets/ShopingInterface.PNG HTTP/1.1" 200 27851
0:0:0:0:0:0:0:1 - - [21/Jul/2020:14:56:05 -0400] "GET /FixedAssets/BrianRodewald1.jpg HTTP/1.1" 200 917302
0:0:0:0:0:0:0:1 - - [21/Jul/2020:14:56:05 -0400] "GET /FixedAssets/AaronLarch.jpg HTTP/1.1" 200 995586
0:0:0:0:0:0:0:1 - - [21/Jul/2020:14:56:05 -0400] "GET /ImageAssets/Dairy%20products.jpg HTTP/1.1" 200 1718054
0:0:0:0:0:0:0:1 - - [21/Jul/2020:14:58:55 -0400] "GET /HomePage HTTP/1.1" 200 31398
0:0:0:0:0:0:0:1 - - [21/Jul/2020:14:58:56 -0400] "GET /ImageAssets/Beverages.png HTTP/1.1" 200 43184
0:0:0:0:0:0:0:1 - - [21/Jul/2020:14:58:56 -0400] "GET /ImageAssets/Condaments.jpeg HTTP/1.1" 200 41485
0:0:0:0:0:0:0:1 - - [21/Jul/2020:14:58:56 -0400] "GET /ImageAssets/Confusing%20Interfaces.PNG HTTP/1.1" 200 54655
0:0:0:0:0:0:0:1 - - [21/Jul/2020:14:58:56 -0400] "GET /ImageAssets/grain%20cereal.jpg HTTP/1.1" 200 41318
0:0:0:0:0:0:0:1 - - [21/Jul/2020:14:58:56 -0400] "GET /ImageAssets/meat-pultry.jpg HTTP/1.1" 200 124485
0:0:0:0:0:0:0:1 - - [21/Jul/2020:14:58:56 -0400] "GET /FixedAssets/ComponyLogo.png HTTP/1.1" 200 25947
0:0:0:0:0:0:0:1 - - [21/Jul/2020:14:58:56 -0400] "GET /ImageAssets/Produce.jpg HTTP/1.1" 200 71131
0:0:0:0:0:0:0:1 - - [21/Jul/2020:14:58:56 -0400] "GET /ImageAssets/seafood.jpeg HTTP/1.1" 200 267854
0:0:0:0:0:0:0:1 - - [21/Jul/2020:14:58:56 -0400] "GET /FixedAssets/ShopingInterface.PNG HTTP/1.1" 200 27851
0:0:0:0:0:0:0:1 - - [21/Jul/2020:14:58:56 -0400] "GET /ImageAssets/confections.jpg HTTP/1.1" 200 315715
0:0:0:0:0:0:0:1 - - [21/Jul/2020:14:58:56 -0400] "GET /FixedAssets/BrianRodewald1.jpg HTTP/1.1" 200 917302
0:0:0:0:0:0:0:1 - - [21/Jul/2020:14:58:56 -0400] "GET /FixedAssets/AaronLarch.jpg HTTP/1.1" 200 995586
0:0:0:0:0:0:0:1 - - [21/Jul/2020:14:58:56 -0400] "GET /ImageAssets/Dairy%20products.jpg HTTP/1.1" 200 1718054
0:0:0:0:0:0:0:1 - - [21/Jul/2020:15:00:23 -0400] "GET /HomePage HTTP/1.1" 200 31403
0:0:0:0:0:0:0:1 - - [21/Jul/2020:15:00:23 -0400] "GET /ImageAssets/Beverages.png HTTP/1.1" 200 43184
0:0:0:0:0:0:0:1 - - [21/Jul/2020:15:00:24 -0400] "GET /ImageAssets/Condaments.jpeg HTTP/1.1" 200 41485
0:0:0:0:0:0:0:1 - - [21/Jul/2020:15:00:24 -0400] "GET /ImageAssets/grain%20cereal.jpg HTTP/1.1" 200 41318
0:0:0:0:0:0:0:1 - - [21/Jul/2020:15:00:24 -0400] "GET /ImageAssets/Confusing%20Interfaces.PNG HTTP/1.1" 200 54655
0:0:0:0:0:0:0:1 - - [21/Jul/2020:15:00:24 -0400] "GET /FixedAssets/ComponyLogo.png HTTP/1.1" 200 25947
0:0:0:0:0:0:0:1 - - [21/Jul/2020:15:00:24 -0400] "GET /ImageAssets/Produce.jpg HTTP/1.1" 200 71131
0:0:0:0:0:0:0:1 - - [21/Jul/2020:15:00:24 -0400] "GET /ImageAssets/confections.jpg HTTP/1.1" 200 315715
0:0:0:0:0:0:0:1 - - [21/Jul/2020:15:00:24 -0400] "GET /FixedAssets/ShopingInterface.PNG HTTP/1.1" 200 27851
0:0:0:0:0:0:0:1 - - [21/Jul/2020:15:00:24 -0400] "GET /ImageAssets/meat-pultry.jpg HTTP/1.1" 200 124485
0:0:0:0:0:0:0:1 - - [21/Jul/2020:15:00:24 -0400] "GET /ImageAssets/seafood.jpeg HTTP/1.1" 200 267854
0:0:0:0:0:0:0:1 - - [21/Jul/2020:15:00:24 -0400] "GET /FixedAssets/AaronLarch.jpg HTTP/1.1" 200 995586
0:0:0:0:0:0:0:1 - - [21/Jul/2020:15:00:24 -0400] "GET /FixedAssets/BrianRodewald1.jpg HTTP/1.1" 200 917302
0:0:0:0:0:0:0:1 - - [21/Jul/2020:15:00:24 -0400] "GET /ImageAssets/Dairy%20products.jpg HTTP/1.1" 200 1718054
