0:0:0:0:0:0:0:1 - - [29/Jun/2020:07:49:55 -0400] "GET /login HTTP/1.1" 302 -
0:0:0:0:0:0:0:1 - - [29/Jun/2020:07:49:55 -0400] "GET /login HTTP/1.1" 200 6378
0:0:0:0:0:0:0:1 - - [29/Jun/2020:07:49:55 -0400] "GET /favicon.ico HTTP/1.1" 302 -
0:0:0:0:0:0:0:1 - - [29/Jun/2020:07:50:06 -0400] "POST /login HTTP/1.1" 302 -
0:0:0:0:0:0:0:1 - - [29/Jun/2020:07:50:06 -0400] "GET / HTTP/1.1" 302 -
0:0:0:0:0:0:0:1 - - [29/Jun/2020:07:50:06 -0400] "GET /Shipping/Pacific HTTP/1.1" 200 7485
0:0:0:0:0:0:0:1 - - [29/Jun/2020:07:50:06 -0400] "GET /login HTTP/1.1" 200 6378
0:0:0:0:0:0:0:1 - - [29/Jun/2020:07:50:47 -0400] "POST /Account/ResetPassword HTTP/1.1" 302 -
0:0:0:0:0:0:0:1 - - [29/Jun/2020:07:50:47 -0400] "GET /Shipping/Pacific HTTP/1.1" 200 7485
0:0:0:0:0:0:0:1 - - [29/Jun/2020:07:53:35 -0400] "-" 400 -
0:0:0:0:0:0:0:1 - - [29/Jun/2020:07:53:35 -0400] "-" 400 -
0:0:0:0:0:0:0:1 - - [29/Jun/2020:07:54:51 -0400] "-" 400 -
0:0:0:0:0:0:0:1 - - [29/Jun/2020:07:55:24 -0400] "-" 400 -
0:0:0:0:0:0:0:1 - - [29/Jun/2020:07:57:01 -0400] "-" 400 -
0:0:0:0:0:0:0:1 - - [29/Jun/2020:08:01:02 -0400] "GET /user/changePassword?token=0516e0cf-1828-4cea-98f7-41e24cd236da HTTP/1.1" 404 306
0:0:0:0:0:0:0:1 - - [29/Jun/2020:08:03:08 -0400] "GET /user/changePassword?token=0516e0cf-1828-4cea-98f7-41e24cd236da HTTP/1.1" 404 306
0:0:0:0:0:0:0:1 - - [29/Jun/2020:08:03:49 -0400] "GET /user/changePassword HTTP/1.1" 404 306
0:0:0:0:0:0:0:1 - - [29/Jun/2020:08:15:58 -0400] "GET /user/changePassword HTTP/1.1" 404 306
0:0:0:0:0:0:0:1 - - [29/Jun/2020:08:16:21 -0400] "POST /Account/ResetPassword HTTP/1.1" 302 -
0:0:0:0:0:0:0:1 - - [29/Jun/2020:08:16:21 -0400] "GET /Shipping/Pacific HTTP/1.1" 200 7485
0:0:0:0:0:0:0:1 - - [29/Jun/2020:08:16:42 -0400] "GET /user/changePassword?token=99297453-0db7-4af7-b35f-7778a467aefa HTTP/1.1" 404 306
0:0:0:0:0:0:0:1 - - [29/Jun/2020:08:23:54 -0400] "GET /user/changePassword?token=99297453-0db7-4af7-b35f-7778a467aefa HTTP/1.1" 404 306
0:0:0:0:0:0:0:1 - - [29/Jun/2020:08:27:56 -0400] "GET /TestString HTTP/1.1" 404 306
0:0:0:0:0:0:0:1 - - [29/Jun/2020:08:30:43 -0400] "GET /registration HTTP/1.1" 200 7454
0:0:0:0:0:0:0:1 - - [29/Jun/2020:08:31:00 -0400] "GET /homepage HTTP/1.1" 404 306
0:0:0:0:0:0:0:1 - - [29/Jun/2020:08:31:21 -0400] "GET /HomePage HTTP/1.1" 200 16921
0:0:0:0:0:0:0:1 - - [29/Jun/2020:08:32:51 -0400] "GET /TestString HTTP/1.1" 404 306
0:0:0:0:0:0:0:1 - - [29/Jun/2020:08:34:13 -0400] "GET /TestString HTTP/1.1" 404 306
0:0:0:0:0:0:0:1 - - [29/Jun/2020:08:40:16 -0400] "GET /TestString HTTP/1.1" 404 306
0:0:0:0:0:0:0:1 - - [29/Jun/2020:08:40:17 -0400] "GET /TestString HTTP/1.1" 404 306
0:0:0:0:0:0:0:1 - - [29/Jun/2020:08:40:18 -0400] "GET /TestString HTTP/1.1" 404 306
0:0:0:0:0:0:0:1 - - [29/Jun/2020:08:40:23 -0400] "POST /Account/ResetPassword HTTP/1.1" 302 -
0:0:0:0:0:0:0:1 - - [29/Jun/2020:08:40:23 -0400] "GET /Shipping/Pacific HTTP/1.1" 200 7485
0:0:0:0:0:0:0:1 - - [29/Jun/2020:08:41:14 -0400] "GET /TestString HTTP/1.1" 404 306
0:0:0:0:0:0:0:1 - - [29/Jun/2020:08:41:37 -0400] "GET /TestString HTTP/1.1" 404 306
0:0:0:0:0:0:0:1 - - [29/Jun/2020:08:42:32 -0400] "GET /TestString HTTP/1.1" 404 306
0:0:0:0:0:0:0:1 - - [29/Jun/2020:08:44:10 -0400] "GET /login HTTP/1.1" 302 -
0:0:0:0:0:0:0:1 - - [29/Jun/2020:08:44:11 -0400] "GET /login HTTP/1.1" 200 6378
0:0:0:0:0:0:0:1 - - [29/Jun/2020:08:44:54 -0400] "GET /Account/TestString HTTP/1.1" 200 188
0:0:0:0:0:0:0:1 - - [29/Jun/2020:08:45:31 -0400] "POST /login HTTP/1.1" 302 -
0:0:0:0:0:0:0:1 - - [29/Jun/2020:08:45:31 -0400] "GET / HTTP/1.1" 302 -
0:0:0:0:0:0:0:1 - - [29/Jun/2020:08:45:31 -0400] "GET /Shipping/Pacific HTTP/1.1" 200 7485
0:0:0:0:0:0:0:1 - - [29/Jun/2020:08:45:31 -0400] "GET /login HTTP/1.1" 200 6378
0:0:0:0:0:0:0:1 - - [29/Jun/2020:08:45:34 -0400] "POST /Account/ResetPassword HTTP/1.1" 302 -
0:0:0:0:0:0:0:1 - - [29/Jun/2020:08:45:34 -0400] "GET /Shipping/Pacific HTTP/1.1" 200 7485
0:0:0:0:0:0:0:1 - - [29/Jun/2020:08:46:43 -0400] "GET /Account/user/changePassword?token=19d150be-e87e-49b4-a074-786372abf2bd HTTP/1.1" 404 306
0:0:0:0:0:0:0:1 - - [29/Jun/2020:08:50:56 -0400] "GET /Account/user/changePassword?token=19d150be-e87e-49b4-a074-786372abf2bd HTTP/1.1" 500 11513
0:0:0:0:0:0:0:1 - - [29/Jun/2020:08:58:22 -0400] "GET /Account/user/changePassword?token=19d150be-e87e-49b4-a074-786372abf2bd HTTP/1.1" 500 11511
0:0:0:0:0:0:0:1 - - [29/Jun/2020:08:58:47 -0400] "GET /Account/user/changePassword?token=19d150be-e87e-49b4-a074-786372abf2bd HTTP/1.1" 200 161
0:0:0:0:0:0:0:1 - - [29/Jun/2020:09:02:55 -0400] "GET /Account/user/changePassword?token=19d150be-e87e-49b4-a074-786372abf2bd HTTP/1.1" 500 11513
0:0:0:0:0:0:0:1 - - [29/Jun/2020:09:06:56 -0400] "GET /Account/user/changePassword?token=19d150be-e87e-49b4-a074-786372abf2bd HTTP/1.1" 500 11513
0:0:0:0:0:0:0:1 - - [29/Jun/2020:09:07:15 -0400] "GET /Account/user/changePassword?token=19d150be-e87e-49b4-a074-786372abf2bd HTTP/1.1" 500 11513
0:0:0:0:0:0:0:1 - - [29/Jun/2020:09:07:16 -0400] "-" 400 -
0:0:0:0:0:0:0:1 - - [29/Jun/2020:09:20:40 -0400] "GET /Account/user/changePassword?token=19d150be-e87e-49b4-a074-786372abf2bd HTTP/1.1" 200 1034
0:0:0:0:0:0:0:1 - - [29/Jun/2020:09:24:28 -0400] "GET /Account/user/changePassword?token=19d150be-e87e-49b4-a074-786372abf2bd HTTP/1.1" 200 1034
0:0:0:0:0:0:0:1 - - [29/Jun/2020:10:15:24 -0400] "GET /Account/user/changePassword?token=19d150be-e87e-49b4-a074-786372abf2bd HTTP/1.1" 500 11980
0:0:0:0:0:0:0:1 - - [29/Jun/2020:10:17:41 -0400] "GET /Account/user/changePassword?token=19d150be-e87e-49b4-a074-786372abf2bd HTTP/1.1" 500 11980
0:0:0:0:0:0:0:1 - - [29/Jun/2020:10:18:46 -0400] "GET /Account/user/changePassword?token=19d150be-e87e-49b4-a074-786372abf2bd HTTP/1.1" 500 11980
0:0:0:0:0:0:0:1 - - [29/Jun/2020:10:18:58 -0400] "GET /Account/user/changePassword?token=19d150be-e87e-49b4-a074-786372abf2bd HTTP/1.1" 500 11980
0:0:0:0:0:0:0:1 - - [29/Jun/2020:10:19:16 -0400] "GET /Account/user/changePassword?token=19d150be-e87e-49b4-a074-786372abf2bd HTTP/1.1" 500 11980
0:0:0:0:0:0:0:1 - - [29/Jun/2020:10:20:00 -0400] "GET /Account/user/changePassword?token=19d150be-e87e-49b4-a074-786372abf2bd HTTP/1.1" 500 11980
0:0:0:0:0:0:0:1 - - [29/Jun/2020:10:20:41 -0400] "GET /Account/user/changePassword?token=19d150be-e87e-49b4-a074-786372abf2bd HTTP/1.1" 200 1261
0:0:0:0:0:0:0:1 - - [29/Jun/2020:10:21:35 -0400] "GET /Account/user/changePassword?token=19d150be-e87e-49b4-a074-786372abf2bd HTTP/1.1" 200 1261
0:0:0:0:0:0:0:1 - - [29/Jun/2020:10:22:00 -0400] "GET /Account/user/changePassword?token=19d150be-e87e-49b4-a074-786372abf2bd HTTP/1.1" 200 1255
0:0:0:0:0:0:0:1 - - [29/Jun/2020:10:22:37 -0400] "GET /Account/user/changePassword?token=19d150be-e87e-49b4-a074-786372abf2bd HTTP/1.1" 200 1261
0:0:0:0:0:0:0:1 - - [29/Jun/2020:10:24:05 -0400] "GET /Account/user/changePassword?token=19d150be-e87e-49b4-a074-786372abf2bd HTTP/1.1" 200 1266
0:0:0:0:0:0:0:1 - - [29/Jun/2020:10:26:28 -0400] "GET /Account/user/changePassword?token=19d150be-e87e-49b4-a074-786372abf2bd HTTP/1.1" 500 11609
0:0:0:0:0:0:0:1 - - [29/Jun/2020:10:26:30 -0400] "GET /Account/user/changePassword?token=19d150be-e87e-49b4-a074-786372abf2bd HTTP/1.1" 500 11609
0:0:0:0:0:0:0:1 - - [29/Jun/2020:10:26:59 -0400] "GET /Account/user/changePassword?token=19d150be-e87e-49b4-a074-786372abf2bd HTTP/1.1" 500 11980
0:0:0:0:0:0:0:1 - - [29/Jun/2020:10:36:41 -0400] "GET /Account/user/changePassword?token=19d150be-e87e-49b4-a074-786372abf2bd HTTP/1.1" 200 1036
0:0:0:0:0:0:0:1 - - [29/Jun/2020:10:38:01 -0400] "GET /Account/user/changePassword?token=19d150be-e87e-49b4-a074-786372abf2bd HTTP/1.1" 200 1100
0:0:0:0:0:0:0:1 - - [29/Jun/2020:10:41:30 -0400] "GET /login HTTP/1.1" 302 -
0:0:0:0:0:0:0:1 - - [29/Jun/2020:10:41:30 -0400] "GET /login HTTP/1.1" 200 6378
0:0:0:0:0:0:0:1 - - [29/Jun/2020:10:41:34 -0400] "POST /login HTTP/1.1" 302 -
0:0:0:0:0:0:0:1 - - [29/Jun/2020:10:41:34 -0400] "GET /login?error HTTP/1.1" 200 6425
0:0:0:0:0:0:0:1 - - [29/Jun/2020:10:41:35 -0400] "GET /login HTTP/1.1" 200 6378
0:0:0:0:0:0:0:1 - - [29/Jun/2020:10:41:59 -0400] "POST /logout HTTP/1.1" 302 -
0:0:0:0:0:0:0:1 - - [29/Jun/2020:10:41:59 -0400] "GET /login HTTP/1.1" 200 6378
0:0:0:0:0:0:0:1 - - [29/Jun/2020:10:42:25 -0400] "POST /login HTTP/1.1" 302 -
0:0:0:0:0:0:0:1 - - [29/Jun/2020:10:42:25 -0400] "GET / HTTP/1.1" 302 -
0:0:0:0:0:0:0:1 - - [29/Jun/2020:10:42:25 -0400] "GET /Shipping/Europe HTTP/1.1" 200 45480
0:0:0:0:0:0:0:1 - - [29/Jun/2020:10:42:25 -0400] "GET /login HTTP/1.1" 200 6378
0:0:0:0:0:0:0:1 - - [29/Jun/2020:10:42:27 -0400] "POST /logout HTTP/1.1" 302 -
0:0:0:0:0:0:0:1 - - [29/Jun/2020:10:42:27 -0400] "GET /login?logout HTTP/1.1" 200 6416
0:0:0:0:0:0:0:1 - - [29/Jun/2020:10:45:51 -0400] "GET /Account/user/changePassword?token=19d150be-e87e-49b4-a074-786372abf2bd HTTP/1.1" 200 1057
0:0:0:0:0:0:0:1 - - [29/Jun/2020:10:45:53 -0400] "GET /Account/user/changePassword?token=19d150be-e87e-49b4-a074-786372abf2bd HTTP/1.1" 200 1057
0:0:0:0:0:0:0:1 - - [29/Jun/2020:10:53:00 -0400] "GET /login HTTP/1.1" 302 -
0:0:0:0:0:0:0:1 - - [29/Jun/2020:10:53:00 -0400] "GET /login HTTP/1.1" 200 6378
0:0:0:0:0:0:0:1 - - [29/Jun/2020:10:53:08 -0400] "POST /login HTTP/1.1" 302 -
0:0:0:0:0:0:0:1 - - [29/Jun/2020:10:53:08 -0400] "GET / HTTP/1.1" 302 -
0:0:0:0:0:0:0:1 - - [29/Jun/2020:10:53:08 -0400] "GET /Shipping/Pacific HTTP/1.1" 200 7485
0:0:0:0:0:0:0:1 - - [29/Jun/2020:10:53:08 -0400] "GET /login HTTP/1.1" 200 6378
0:0:0:0:0:0:0:1 - - [29/Jun/2020:10:53:10 -0400] "POST /Account/ResetPassword HTTP/1.1" 302 -
0:0:0:0:0:0:0:1 - - [29/Jun/2020:10:53:10 -0400] "GET /Shipping/Pacific HTTP/1.1" 200 7485
0:0:0:0:0:0:0:1 - - [29/Jun/2020:10:53:27 -0400] "GET /Account/user/changePassword?token=f195c8bf-9851-46c1-a8b9-6a292ffe15c0 HTTP/1.1" 200 1057
0:0:0:0:0:0:0:1 - - [29/Jun/2020:10:53:45 -0400] "POST /Account/user/savePassword HTTP/1.1" 500 16762
0:0:0:0:0:0:0:1 - - [29/Jun/2020:10:54:27 -0400] "POST /logout HTTP/1.1" 302 -
0:0:0:0:0:0:0:1 - - [29/Jun/2020:10:54:27 -0400] "GET /login?logout HTTP/1.1" 200 6416
0:0:0:0:0:0:0:1 - - [29/Jun/2020:10:54:34 -0400] "POST /login HTTP/1.1" 302 -
0:0:0:0:0:0:0:1 - - [29/Jun/2020:10:54:34 -0400] "GET / HTTP/1.1" 302 -
0:0:0:0:0:0:0:1 - - [29/Jun/2020:10:54:34 -0400] "GET /Shipping/America HTTP/1.1" 200 36315
0:0:0:0:0:0:0:1 - - [29/Jun/2020:10:54:34 -0400] "GET /login HTTP/1.1" 200 6378
0:0:0:0:0:0:0:1 - - [29/Jun/2020:10:54:38 -0400] "POST /logout HTTP/1.1" 302 -
0:0:0:0:0:0:0:1 - - [29/Jun/2020:10:54:38 -0400] "GET /login?logout HTTP/1.1" 200 6416
0:0:0:0:0:0:0:1 - - [29/Jun/2020:10:56:03 -0400] "GET /Account/user/changePassword?token=f195c8bf-9851-46c1-a8b9-6a292ffe15c0 HTTP/1.1" 200 1057
0:0:0:0:0:0:0:1 - - [29/Jun/2020:10:56:17 -0400] "POST /Account/user/savePassword HTTP/1.1" 302 -
0:0:0:0:0:0:0:1 - - [29/Jun/2020:10:56:17 -0400] "GET /login HTTP/1.1" 200 6378
0:0:0:0:0:0:0:1 - - [29/Jun/2020:10:56:28 -0400] "POST /login HTTP/1.1" 302 -
0:0:0:0:0:0:0:1 - - [29/Jun/2020:10:56:28 -0400] "GET /login?error HTTP/1.1" 200 6425
0:0:0:0:0:0:0:1 - - [29/Jun/2020:10:56:28 -0400] "GET /login HTTP/1.1" 200 6378
0:0:0:0:0:0:0:1 - - [29/Jun/2020:10:56:36 -0400] "POST /login HTTP/1.1" 302 -
0:0:0:0:0:0:0:1 - - [29/Jun/2020:10:56:36 -0400] "GET / HTTP/1.1" 302 -
0:0:0:0:0:0:0:1 - - [29/Jun/2020:10:56:36 -0400] "GET /Shipping/America HTTP/1.1" 200 36315
0:0:0:0:0:0:0:1 - - [29/Jun/2020:10:56:37 -0400] "GET /login HTTP/1.1" 200 6378
0:0:0:0:0:0:0:1 - - [29/Jun/2020:11:05:20 -0400] "GET /Account/user/changePassword?token=f195c8bf-9851-46c1-a8b9-6a292ffe15c0 HTTP/1.1" 200 1057
0:0:0:0:0:0:0:1 - - [29/Jun/2020:11:05:20 -0400] "-" 400 -
0:0:0:0:0:0:0:1 - - [29/Jun/2020:11:05:35 -0400] "POST /Account/user/savePassword HTTP/1.1" 500 16762
0:0:0:0:0:0:0:1 - - [29/Jun/2020:11:05:57 -0400] "POST /login HTTP/1.1" 403 295
0:0:0:0:0:0:0:1 - - [29/Jun/2020:11:05:58 -0400] "GET /login HTTP/1.1" 200 6378
0:0:0:0:0:0:0:1 - - [29/Jun/2020:11:06:28 -0400] "GET /login?logout HTTP/1.1" 500 9597
0:0:0:0:0:0:0:1 - - [29/Jun/2020:11:07:09 -0400] "GET /login HTTP/1.1" 200 6378
0:0:0:0:0:0:0:1 - - [29/Jun/2020:11:07:16 -0400] "POST /login HTTP/1.1" 302 -
0:0:0:0:0:0:0:1 - - [29/Jun/2020:11:07:16 -0400] "GET / HTTP/1.1" 302 -
0:0:0:0:0:0:0:1 - - [29/Jun/2020:11:07:16 -0400] "GET /Shipping/America HTTP/1.1" 200 36315
0:0:0:0:0:0:0:1 - - [29/Jun/2020:11:07:16 -0400] "GET /login HTTP/1.1" 200 6378
0:0:0:0:0:0:0:1 - - [29/Jun/2020:11:07:22 -0400] "POST /logout HTTP/1.1" 302 -
0:0:0:0:0:0:0:1 - - [29/Jun/2020:11:07:22 -0400] "GET /login?logout HTTP/1.1" 200 6416
0:0:0:0:0:0:0:1 - - [29/Jun/2020:11:07:33 -0400] "POST /login HTTP/1.1" 302 -
0:0:0:0:0:0:0:1 - - [29/Jun/2020:11:07:33 -0400] "GET / HTTP/1.1" 302 -
0:0:0:0:0:0:0:1 - - [29/Jun/2020:11:07:33 -0400] "GET /Shipping/Pacific HTTP/1.1" 200 7485
0:0:0:0:0:0:0:1 - - [29/Jun/2020:11:07:33 -0400] "GET /login HTTP/1.1" 200 6378
0:0:0:0:0:0:0:1 - - [29/Jun/2020:11:07:51 -0400] "POST /Account/ResetPassword HTTP/1.1" 302 -
0:0:0:0:0:0:0:1 - - [29/Jun/2020:11:07:51 -0400] "GET /Shipping/Pacific HTTP/1.1" 200 7485
0:0:0:0:0:0:0:1 - - [29/Jun/2020:11:12:06 -0400] "GET /Account/user/changePassword?token=e219bf00-2b72-4ff4-ad87-2d5430e2387b HTTP/1.1" 200 1057
0:0:0:0:0:0:0:1 - - [29/Jun/2020:11:12:30 -0400] "POST /Account/user/savePassword HTTP/1.1" 500 16762
0:0:0:0:0:0:0:1 - - [29/Jun/2020:11:13:26 -0400] "POST /logout HTTP/1.1" 302 -
0:0:0:0:0:0:0:1 - - [29/Jun/2020:11:13:26 -0400] "GET /login?logout HTTP/1.1" 500 9597
0:0:0:0:0:0:0:1 - - [29/Jun/2020:11:13:34 -0400] "GET /login HTTP/1.1" 200 6378
0:0:0:0:0:0:0:1 - - [29/Jun/2020:11:13:34 -0400] "GET /favicon.ico HTTP/1.1" 302 -
0:0:0:0:0:0:0:1 - - [29/Jun/2020:11:13:41 -0400] "POST /login HTTP/1.1" 302 -
0:0:0:0:0:0:0:1 - - [29/Jun/2020:11:13:41 -0400] "GET / HTTP/1.1" 302 -
0:0:0:0:0:0:0:1 - - [29/Jun/2020:11:13:41 -0400] "GET /Shipping/America HTTP/1.1" 200 36315
0:0:0:0:0:0:0:1 - - [29/Jun/2020:11:13:41 -0400] "GET /login HTTP/1.1" 200 6378
0:0:0:0:0:0:0:1 - - [29/Jun/2020:11:13:46 -0400] "POST /logout HTTP/1.1" 302 -
0:0:0:0:0:0:0:1 - - [29/Jun/2020:11:13:46 -0400] "GET /login?logout HTTP/1.1" 200 6416
0:0:0:0:0:0:0:1 - - [29/Jun/2020:11:16:04 -0400] "POST /Account/user/savePassword HTTP/1.1" 302 -
0:0:0:0:0:0:0:1 - - [29/Jun/2020:11:16:04 -0400] "GET /login HTTP/1.1" 200 6378
0:0:0:0:0:0:0:1 - - [29/Jun/2020:11:16:17 -0400] "POST /login HTTP/1.1" 302 -
0:0:0:0:0:0:0:1 - - [29/Jun/2020:11:16:17 -0400] "GET / HTTP/1.1" 302 -
0:0:0:0:0:0:0:1 - - [29/Jun/2020:11:16:17 -0400] "GET /Shipping/America HTTP/1.1" 200 36315
0:0:0:0:0:0:0:1 - - [29/Jun/2020:11:16:17 -0400] "GET /login HTTP/1.1" 200 6378
0:0:0:0:0:0:0:1 - - [29/Jun/2020:11:16:21 -0400] "POST /logout HTTP/1.1" 302 -
0:0:0:0:0:0:0:1 - - [29/Jun/2020:11:16:21 -0400] "GET /login?logout HTTP/1.1" 200 6416
0:0:0:0:0:0:0:1 - - [29/Jun/2020:11:16:27 -0400] "POST /login HTTP/1.1" 302 -
0:0:0:0:0:0:0:1 - - [29/Jun/2020:11:16:27 -0400] "GET /login?error HTTP/1.1" 200 6425
0:0:0:0:0:0:0:1 - - [29/Jun/2020:11:16:27 -0400] "GET /login HTTP/1.1" 200 6378
0:0:0:0:0:0:0:1 - - [29/Jun/2020:11:19:06 -0400] "POST /Account/user/savePassword HTTP/1.1" 302 -
0:0:0:0:0:0:0:1 - - [29/Jun/2020:11:19:06 -0400] "GET /login HTTP/1.1" 200 6378
0:0:0:0:0:0:0:1 - - [29/Jun/2020:11:19:36 -0400] "GET /Account/user/changePassword?token=e219bf00-2b72-4ff4-ad87-2d5430e2387b HTTP/1.1" 200 1057
0:0:0:0:0:0:0:1 - - [29/Jun/2020:11:19:53 -0400] "POST /Account/user/savePassword HTTP/1.1" 302 -
0:0:0:0:0:0:0:1 - - [29/Jun/2020:11:19:53 -0400] "GET /login HTTP/1.1" 200 6378
0:0:0:0:0:0:0:1 - - [29/Jun/2020:11:21:59 -0400] "GET /Account/user/changePassword?token=e219bf00-2b72-4ff4-ad87-2d5430e2387b HTTP/1.1" 200 1057
0:0:0:0:0:0:0:1 - - [29/Jun/2020:11:22:11 -0400] "POST /Account/user/savePassword HTTP/1.1" 302 -
0:0:0:0:0:0:0:1 - - [29/Jun/2020:11:22:11 -0400] "GET /login HTTP/1.1" 200 6378
0:0:0:0:0:0:0:1 - - [29/Jun/2020:11:23:53 -0400] "GET /Account/user/changePassword?token=e219bf00-2b72-4ff4-ad87-2d5430e2387b HTTP/1.1" 200 1057
0:0:0:0:0:0:0:1 - - [29/Jun/2020:11:23:53 -0400] "-" 400 -
0:0:0:0:0:0:0:1 - - [29/Jun/2020:11:24:19 -0400] "POST /Account/user/savePassword HTTP/1.1" 302 -
0:0:0:0:0:0:0:1 - - [29/Jun/2020:11:24:19 -0400] "GET /login HTTP/1.1" 200 6378
0:0:0:0:0:0:0:1 - - [29/Jun/2020:11:31:16 -0400] "GET /Account/user/changePassword?token=e219bf00-2b72-4ff4-ad87-2d5430e2387b HTTP/1.1" 200 1037
0:0:0:0:0:0:0:1 - - [29/Jun/2020:11:31:16 -0400] "GET /favicon.ico HTTP/1.1" 302 -
0:0:0:0:0:0:0:1 - - [29/Jun/2020:11:31:17 -0400] "-" 400 -
0:0:0:0:0:0:0:1 - - [29/Jun/2020:11:31:40 -0400] "POST /Account/user/savePassword HTTP/1.1" 302 -
0:0:0:0:0:0:0:1 - - [29/Jun/2020:11:31:40 -0400] "GET /login HTTP/1.1" 200 6378
0:0:0:0:0:0:0:1 - - [29/Jun/2020:11:32:00 -0400] "POST /login HTTP/1.1" 302 -
0:0:0:0:0:0:0:1 - - [29/Jun/2020:11:32:00 -0400] "GET /login?error HTTP/1.1" 200 6425
0:0:0:0:0:0:0:1 - - [29/Jun/2020:11:32:00 -0400] "GET /login HTTP/1.1" 200 6378
0:0:0:0:0:0:0:1 - - [29/Jun/2020:11:36:18 -0400] "GET /Account/user/changePassword?token=e219bf00-2b72-4ff4-ad87-2d5430e2387b HTTP/1.1" 200 1037
0:0:0:0:0:0:0:1 - - [29/Jun/2020:11:36:18 -0400] "-" 400 -
0:0:0:0:0:0:0:1 - - [29/Jun/2020:11:36:38 -0400] "POST /Account/user/savePassword HTTP/1.1" 302 -
0:0:0:0:0:0:0:1 - - [29/Jun/2020:11:36:38 -0400] "GET /login HTTP/1.1" 200 6378
0:0:0:0:0:0:0:1 - - [29/Jun/2020:11:39:46 -0400] "GET /Account/user/changePassword?token=e219bf00-2b72-4ff4-ad87-2d5430e2387b HTTP/1.1" 200 1037
0:0:0:0:0:0:0:1 - - [29/Jun/2020:11:39:46 -0400] "-" 400 -
0:0:0:0:0:0:0:1 - - [29/Jun/2020:11:40:00 -0400] "POST /Account/user/savePassword HTTP/1.1" 302 -
0:0:0:0:0:0:0:1 - - [29/Jun/2020:11:40:01 -0400] "GET /login HTTP/1.1" 200 6378
0:0:0:0:0:0:0:1 - - [29/Jun/2020:11:53:02 -0400] "GET /Account/user/changePassword?token=e219bf00-2b72-4ff4-ad87-2d5430e2387b HTTP/1.1" 200 6305
0:0:0:0:0:0:0:1 - - [29/Jun/2020:11:53:02 -0400] "-" 400 -
0:0:0:0:0:0:0:1 - - [29/Jun/2020:11:54:16 -0400] "POST /Account/user/savePassword HTTP/1.1" 302 -
0:0:0:0:0:0:0:1 - - [29/Jun/2020:11:54:16 -0400] "GET /login HTTP/1.1" 200 6378
0:0:0:0:0:0:0:1 - - [29/Jun/2020:11:54:26 -0400] "POST /login HTTP/1.1" 302 -
0:0:0:0:0:0:0:1 - - [29/Jun/2020:11:54:26 -0400] "GET /login?error HTTP/1.1" 200 6425
0:0:0:0:0:0:0:1 - - [29/Jun/2020:11:54:26 -0400] "GET /login HTTP/1.1" 200 6378
0:0:0:0:0:0:0:1 - - [29/Jun/2020:11:56:56 -0400] "GET /Account/user/changePassword?token=e219bf00-2b72-4ff4-ad87-2d5430e2387b HTTP/1.1" 200 6350
0:0:0:0:0:0:0:1 - - [29/Jun/2020:11:56:56 -0400] "GET /login HTTP/1.1" 200 6378
0:0:0:0:0:0:0:1 - - [29/Jun/2020:11:57:32 -0400] "POST /Account/user/changePassword?token=e219bf00-2b72-4ff4-ad87-2d5430e2387b HTTP/1.1" 500 16763
0:0:0:0:0:0:0:1 - - [29/Jun/2020:12:51:56 -0400] "GET /Account/user/changePassword?token=e219bf00-2b72-4ff4-ad87-2d5430e2387b HTTP/1.1" 200 6350
0:0:0:0:0:0:0:1 - - [29/Jun/2020:12:51:56 -0400] "GET /login HTTP/1.1" 200 6378
0:0:0:0:0:0:0:1 - - [29/Jun/2020:12:58:31 -0400] "GET /Account/user/changePassword?token=e219bf00-2b72-4ff4-ad87-2d5430e2387b HTTP/1.1" 200 6638
0:0:0:0:0:0:0:1 - - [29/Jun/2020:12:59:28 -0400] "POST /Account/user/changePassword?token=e219bf00-2b72-4ff4-ad87-2d5430e2387b HTTP/1.1" 500 16763
0:0:0:0:0:0:0:1 - - [29/Jun/2020:13:06:13 -0400] "GET /Account/user/changePassword?token=e219bf00-2b72-4ff4-ad87-2d5430e2387b HTTP/1.1" 200 6638
0:0:0:0:0:0:0:1 - - [29/Jun/2020:13:07:14 -0400] "POST /Account/user/changePassword?token=e219bf00-2b72-4ff4-ad87-2d5430e2387b HTTP/1.1" 500 14322
0:0:0:0:0:0:0:1 - - [29/Jun/2020:13:07:48 -0400] "GET /Account/user/changePassword?token=e219bf00-2b72-4ff4-ad87-2d5430e2387b HTTP/1.1" 200 6638
0:0:0:0:0:0:0:1 - - [29/Jun/2020:13:09:12 -0400] "POST /Account/user/changePassword?token=e219bf00-2b72-4ff4-ad87-2d5430e2387b HTTP/1.1" 500 14322
0:0:0:0:0:0:0:1 - - [29/Jun/2020:13:10:17 -0400] "GET /Account/user/changePassword?token=e219bf00-2b72-4ff4-ad87-2d5430e2387b HTTP/1.1" 200 6638
0:0:0:0:0:0:0:1 - - [29/Jun/2020:13:11:36 -0400] "POST /Account/user/changePassword?token=e219bf00-2b72-4ff4-ad87-2d5430e2387b HTTP/1.1" 500 14322
0:0:0:0:0:0:0:1 - - [29/Jun/2020:13:21:50 -0400] "GET /Account/user/changePassword?token=e219bf00-2b72-4ff4-ad87-2d5430e2387b HTTP/1.1" 200 6638
0:0:0:0:0:0:0:1 - - [29/Jun/2020:13:23:19 -0400] "POST /Account/user/changePassword?token=e219bf00-2b72-4ff4-ad87-2d5430e2387b HTTP/1.1" 500 9762
0:0:0:0:0:0:0:1 - - [29/Jun/2020:13:29:11 -0400] "GET /Account/user/changePassword?token=e219bf00-2b72-4ff4-ad87-2d5430e2387b HTTP/1.1" 200 6638
0:0:0:0:0:0:0:1 - - [29/Jun/2020:13:29:11 -0400] "GET /favicon.ico HTTP/1.1" 302 -
0:0:0:0:0:0:0:1 - - [29/Jun/2020:13:30:18 -0400] "POST /Account/user/changePassword?token=e219bf00-2b72-4ff4-ad87-2d5430e2387b HTTP/1.1" 500 10771
0:0:0:0:0:0:0:1 - - [29/Jun/2020:13:32:53 -0400] "GET /Account/user/changePassword?token=e219bf00-2b72-4ff4-ad87-2d5430e2387b HTTP/1.1" 200 6638
0:0:0:0:0:0:0:1 - - [29/Jun/2020:13:33:30 -0400] "POST /Account/user/changePassword?token=e219bf00-2b72-4ff4-ad87-2d5430e2387b HTTP/1.1" 200 6632
0:0:0:0:0:0:0:1 - - [29/Jun/2020:13:35:21 -0400] "POST /Account/user/changePassword?token=e219bf00-2b72-4ff4-ad87-2d5430e2387b HTTP/1.1" 302 -
0:0:0:0:0:0:0:1 - - [29/Jun/2020:13:35:21 -0400] "GET /welcome HTTP/1.1" 302 -
0:0:0:0:0:0:0:1 - - [29/Jun/2020:13:35:21 -0400] "GET /Shipping/America HTTP/1.1" 200 36315
0:0:0:0:0:0:0:1 - - [29/Jun/2020:13:35:21 -0400] "-" 400 -
0:0:0:0:0:0:0:1 - - [29/Jun/2020:13:35:33 -0400] "POST /logout HTTP/1.1" 302 -
0:0:0:0:0:0:0:1 - - [29/Jun/2020:13:35:33 -0400] "GET /login?logout HTTP/1.1" 200 6416
0:0:0:0:0:0:0:1 - - [29/Jun/2020:13:35:43 -0400] "POST /login HTTP/1.1" 302 -
0:0:0:0:0:0:0:1 - - [29/Jun/2020:13:35:43 -0400] "GET / HTTP/1.1" 302 -
0:0:0:0:0:0:0:1 - - [29/Jun/2020:13:35:43 -0400] "GET /Shipping/America HTTP/1.1" 200 36315
0:0:0:0:0:0:0:1 - - [29/Jun/2020:13:35:43 -0400] "GET /login HTTP/1.1" 200 6378
0:0:0:0:0:0:0:1 - - [29/Jun/2020:13:37:40 -0400] "GET /Account/user/changePassword?token=e219bf00-2b72-4ff4-ad87-2d5430e2387b HTTP/1.1" 200 6906
0:0:0:0:0:0:0:1 - - [29/Jun/2020:13:38:31 -0400] "POST /Account/user/changePassword?token=e219bf00-2b72-4ff4-ad87-2d5430e2387b HTTP/1.1" 302 -
0:0:0:0:0:0:0:1 - - [29/Jun/2020:13:38:31 -0400] "GET /welcome HTTP/1.1" 302 -
0:0:0:0:0:0:0:1 - - [29/Jun/2020:13:38:32 -0400] "GET /Shipping/America HTTP/1.1" 200 36315
0:0:0:0:0:0:0:1 - - [29/Jun/2020:13:38:32 -0400] "-" 400 -
0:0:0:0:0:0:0:1 - - [29/Jun/2020:13:38:37 -0400] "POST /logout HTTP/1.1" 302 -
0:0:0:0:0:0:0:1 - - [29/Jun/2020:13:38:37 -0400] "GET /login?logout HTTP/1.1" 200 6416
0:0:0:0:0:0:0:1 - - [29/Jun/2020:13:44:21 -0400] "GET /Account/user/changePassword?token=e219bf00-2b72-4ff4-ad87-2d5430e2387b HTTP/1.1" 200 6906
0:0:0:0:0:0:0:1 - - [29/Jun/2020:13:45:21 -0400] "POST /Account/user/changePassword?token=e219bf00-2b72-4ff4-ad87-2d5430e2387b HTTP/1.1" 302 -
0:0:0:0:0:0:0:1 - - [29/Jun/2020:13:45:21 -0400] "GET /welcome HTTP/1.1" 302 -
0:0:0:0:0:0:0:1 - - [29/Jun/2020:13:45:21 -0400] "GET /Shipping/America HTTP/1.1" 200 36315
0:0:0:0:0:0:0:1 - - [29/Jun/2020:13:45:29 -0400] "POST /logout HTTP/1.1" 302 -
0:0:0:0:0:0:0:1 - - [29/Jun/2020:13:45:29 -0400] "GET /login?logout HTTP/1.1" 200 6416
0:0:0:0:0:0:0:1 - - [29/Jun/2020:13:46:59 -0400] "GET /Account/user/changePassword?token=e219bf00-2b72-4ff4-ad87-2d5430e2387b HTTP/1.1" 200 6906
0:0:0:0:0:0:0:1 - - [29/Jun/2020:13:48:16 -0400] "POST /Account/user/changePassword?token=e219bf00-2b72-4ff4-ad87-2d5430e2387b HTTP/1.1" 302 -
0:0:0:0:0:0:0:1 - - [29/Jun/2020:13:48:16 -0400] "GET /welcome HTTP/1.1" 302 -
0:0:0:0:0:0:0:1 - - [29/Jun/2020:13:48:16 -0400] "GET /Shipping/America HTTP/1.1" 200 36315
0:0:0:0:0:0:0:1 - - [29/Jun/2020:13:48:21 -0400] "POST /logout HTTP/1.1" 302 -
0:0:0:0:0:0:0:1 - - [29/Jun/2020:13:48:21 -0400] "GET /login?logout HTTP/1.1" 200 6416
0:0:0:0:0:0:0:1 - - [29/Jun/2020:13:48:29 -0400] "POST /login HTTP/1.1" 302 -
0:0:0:0:0:0:0:1 - - [29/Jun/2020:13:48:29 -0400] "GET / HTTP/1.1" 302 -
0:0:0:0:0:0:0:1 - - [29/Jun/2020:13:48:29 -0400] "GET /Shipping/America HTTP/1.1" 200 36315
0:0:0:0:0:0:0:1 - - [29/Jun/2020:13:48:29 -0400] "GET /login HTTP/1.1" 200 6378
0:0:0:0:0:0:0:1 - - [29/Jun/2020:13:57:34 -0400] "GET /Account/user/changePassword?token=e219bf00-2b72-4ff4-ad87-2d5430e2387b HTTP/1.1" 200 6906
0:0:0:0:0:0:0:1 - - [29/Jun/2020:13:57:49 -0400] "POST /Account/user/changePassword?token=e219bf00-2b72-4ff4-ad87-2d5430e2387b HTTP/1.1" 200 6900
0:0:0:0:0:0:0:1 - - [29/Jun/2020:13:58:14 -0400] "POST /Account/user/changePassword?token=e219bf00-2b72-4ff4-ad87-2d5430e2387b HTTP/1.1" 302 -
0:0:0:0:0:0:0:1 - - [29/Jun/2020:13:58:14 -0400] "GET /welcome HTTP/1.1" 302 -
0:0:0:0:0:0:0:1 - - [29/Jun/2020:13:58:14 -0400] "GET /Shipping/America HTTP/1.1" 200 36315
0:0:0:0:0:0:0:1 - - [29/Jun/2020:13:58:16 -0400] "POST /logout HTTP/1.1" 302 -
0:0:0:0:0:0:0:1 - - [29/Jun/2020:13:58:16 -0400] "GET /login?logout HTTP/1.1" 200 6416
0:0:0:0:0:0:0:1 - - [29/Jun/2020:14:06:51 -0400] "GET /Account/user/changePassword?token=e219bf00-2b72-4ff4-ad87-2d5430e2387b HTTP/1.1" 200 6906
0:0:0:0:0:0:0:1 - - [29/Jun/2020:14:07:18 -0400] "GET /Account/user/changePassword?token=e219bf00-2b72-4ff4-ad87-2d5430e2387b HTTP/1.1" 302 -
0:0:0:0:0:0:0:1 - - [29/Jun/2020:14:07:18 -0400] "GET /login.html?lang=en&message=Invalid%20token. HTTP/1.1" 302 -
0:0:0:0:0:0:0:1 - - [29/Jun/2020:14:07:18 -0400] "GET /login HTTP/1.1" 200 6378
0:0:0:0:0:0:0:1 - - [29/Jun/2020:14:10:57 -0400] "GET /Account/user/changePassword?token=e219bf00-2b72-4ff4-ad87-2d5430e2387b HTTP/1.1" 302 -
0:0:0:0:0:0:0:1 - - [29/Jun/2020:14:10:57 -0400] "GET /login.html?lang=en&message=Invalid%20token. HTTP/1.1" 302 -
0:0:0:0:0:0:0:1 - - [29/Jun/2020:14:10:57 -0400] "GET /login HTTP/1.1" 200 6378
0:0:0:0:0:0:0:1 - - [29/Jun/2020:14:10:57 -0400] "GET /favicon.ico HTTP/1.1" 302 -
0:0:0:0:0:0:0:1 - - [29/Jun/2020:14:10:57 -0400] "GET /login HTTP/1.1" 200 6378
0:0:0:0:0:0:0:1 - - [29/Jun/2020:14:12:10 -0400] "GET /Account/user/changePassword?token=e219bf00-2b72-4ff4-ad87-2d5430e2387b HTTP/1.1" 302 -
0:0:0:0:0:0:0:1 - - [29/Jun/2020:14:12:10 -0400] "GET /login?resettoken&message=Invalid%20token. HTTP/1.1" 302 -
0:0:0:0:0:0:0:1 - - [29/Jun/2020:14:12:10 -0400] "GET /login HTTP/1.1" 200 6378
0:0:0:0:0:0:0:1 - - [29/Jun/2020:14:12:36 -0400] "GET /Account/user/changePassword?token=e219bf00-2b72-4ff4-ad87-2d5430e2387b HTTP/1.1" 302 -
0:0:0:0:0:0:0:1 - - [29/Jun/2020:14:12:36 -0400] "GET /login?resettoken HTTP/1.1" 302 -
0:0:0:0:0:0:0:1 - - [29/Jun/2020:14:12:36 -0400] "GET /login HTTP/1.1" 200 6378
0:0:0:0:0:0:0:1 - - [29/Jun/2020:14:12:47 -0400] "GET /login?resettoken HTTP/1.1" 302 -
0:0:0:0:0:0:0:1 - - [29/Jun/2020:14:12:47 -0400] "GET /login HTTP/1.1" 200 6378
0:0:0:0:0:0:0:1 - - [29/Jun/2020:14:13:36 -0400] "GET /login?logout HTTP/1.1" 500 9597
0:0:0:0:0:0:0:1 - - [29/Jun/2020:14:15:37 -0400] "POST /login HTTP/1.1" 302 -
0:0:0:0:0:0:0:1 - - [29/Jun/2020:14:15:37 -0400] "GET /login?resettoken HTTP/1.1" 200 6403
0:0:0:0:0:0:0:1 - - [29/Jun/2020:14:15:37 -0400] "GET /login HTTP/1.1" 200 6378
0:0:0:0:0:0:0:1 - - [29/Jun/2020:14:15:50 -0400] "POST /login HTTP/1.1" 302 -
0:0:0:0:0:0:0:1 - - [29/Jun/2020:14:15:50 -0400] "GET / HTTP/1.1" 302 -
0:0:0:0:0:0:0:1 - - [29/Jun/2020:14:15:50 -0400] "GET /Shipping/Europe HTTP/1.1" 200 45480
0:0:0:0:0:0:0:1 - - [29/Jun/2020:14:15:50 -0400] "GET /login HTTP/1.1" 200 6378
0:0:0:0:0:0:0:1 - - [29/Jun/2020:14:15:54 -0400] "POST /logout HTTP/1.1" 302 -
0:0:0:0:0:0:0:1 - - [29/Jun/2020:14:15:54 -0400] "GET /login?logout HTTP/1.1" 200 6416
0:0:0:0:0:0:0:1 - - [29/Jun/2020:14:16:02 -0400] "POST /login HTTP/1.1" 302 -
0:0:0:0:0:0:0:1 - - [29/Jun/2020:14:16:02 -0400] "GET / HTTP/1.1" 302 -
0:0:0:0:0:0:0:1 - - [29/Jun/2020:14:16:02 -0400] "GET /Shipping/Europe HTTP/1.1" 200 45480
0:0:0:0:0:0:0:1 - - [29/Jun/2020:14:16:03 -0400] "GET /login HTTP/1.1" 200 6378
0:0:0:0:0:0:0:1 - - [29/Jun/2020:14:17:09 -0400] "POST /logout HTTP/1.1" 302 -
0:0:0:0:0:0:0:1 - - [29/Jun/2020:14:17:09 -0400] "GET /login?logout HTTP/1.1" 200 6416
0:0:0:0:0:0:0:1 - - [29/Jun/2020:14:17:13 -0400] "GET /Account/user/changePassword?token=e219bf00-2b72-4ff4-ad87-2d5430e2387b HTTP/1.1" 302 -
0:0:0:0:0:0:0:1 - - [29/Jun/2020:14:17:14 -0400] "GET /login?resettoken HTTP/1.1" 302 -
0:0:0:0:0:0:0:1 - - [29/Jun/2020:14:17:14 -0400] "GET /login HTTP/1.1" 200 6378
0:0:0:0:0:0:0:1 - - [29/Jun/2020:14:17:23 -0400] "POST /login HTTP/1.1" 302 -
0:0:0:0:0:0:0:1 - - [29/Jun/2020:14:17:23 -0400] "GET /login?resettoken HTTP/1.1" 200 6403
0:0:0:0:0:0:0:1 - - [29/Jun/2020:14:17:23 -0400] "GET /login HTTP/1.1" 200 6378
0:0:0:0:0:0:0:1 - - [29/Jun/2020:14:18:10 -0400] "GET /Account/user/changePassword?token=e219bf00-2b72-4ff4-ad87-2d5430e2387b HTTP/1.1" 302 -
0:0:0:0:0:0:0:1 - - [29/Jun/2020:14:18:10 -0400] "GET /login?resettoken HTTP/1.1" 200 6403
0:0:0:0:0:0:0:1 - - [29/Jun/2020:14:18:17 -0400] "POST /login HTTP/1.1" 302 -
0:0:0:0:0:0:0:1 - - [29/Jun/2020:14:18:17 -0400] "GET /login?error HTTP/1.1" 200 6425
0:0:0:0:0:0:0:1 - - [29/Jun/2020:14:18:17 -0400] "GET /login HTTP/1.1" 200 6378
0:0:0:0:0:0:0:1 - - [29/Jun/2020:14:18:34 -0400] "POST /login HTTP/1.1" 302 -
0:0:0:0:0:0:0:1 - - [29/Jun/2020:14:18:34 -0400] "GET / HTTP/1.1" 302 -
0:0:0:0:0:0:0:1 - - [29/Jun/2020:14:18:34 -0400] "GET /Shipping/Europe HTTP/1.1" 200 45480
0:0:0:0:0:0:0:1 - - [29/Jun/2020:14:18:34 -0400] "GET /login HTTP/1.1" 200 6378
0:0:0:0:0:0:0:1 - - [29/Jun/2020:14:18:37 -0400] "POST /logout HTTP/1.1" 302 -
0:0:0:0:0:0:0:1 - - [29/Jun/2020:14:18:37 -0400] "GET /login?logout HTTP/1.1" 200 6416
0:0:0:0:0:0:0:1 - - [29/Jun/2020:14:20:02 -0400] "GET /Account/user/changePassword?token=e219bf00-2b72-4ff4-ad87-2d5430e2387b HTTP/1.1" 302 -
0:0:0:0:0:0:0:1 - - [29/Jun/2020:14:20:02 -0400] "GET /login/resettoken HTTP/1.1" 302 -
0:0:0:0:0:0:0:1 - - [29/Jun/2020:14:20:02 -0400] "GET /login HTTP/1.1" 200 6378
0:0:0:0:0:0:0:1 - - [29/Jun/2020:14:20:11 -0400] "POST /login HTTP/1.1" 302 -
0:0:0:0:0:0:0:1 - - [29/Jun/2020:14:20:11 -0400] "GET /login/resettoken HTTP/1.1" 404 306
0:0:0:0:0:0:0:1 - - [29/Jun/2020:14:20:11 -0400] "GET /login HTTP/1.1" 200 6378
0:0:0:0:0:0:0:1 - - [29/Jun/2020:14:20:21 -0400] "POST /login HTTP/1.1" 403 295
0:0:0:0:0:0:0:1 - - [29/Jun/2020:14:20:21 -0400] "GET /login HTTP/1.1" 200 6378
0:0:0:0:0:0:0:1 - - [29/Jun/2020:14:20:44 -0400] "GET /login HTTP/1.1" 200 6378
0:0:0:0:0:0:0:1 - - [29/Jun/2020:14:20:51 -0400] "POST /login HTTP/1.1" 302 -
0:0:0:0:0:0:0:1 - - [29/Jun/2020:14:20:51 -0400] "GET / HTTP/1.1" 302 -
0:0:0:0:0:0:0:1 - - [29/Jun/2020:14:20:51 -0400] "GET /Shipping/Europe HTTP/1.1" 200 45480
0:0:0:0:0:0:0:1 - - [29/Jun/2020:14:20:51 -0400] "GET /login HTTP/1.1" 200 6378
0:0:0:0:0:0:0:1 - - [29/Jun/2020:14:20:55 -0400] "POST /logout HTTP/1.1" 302 -
0:0:0:0:0:0:0:1 - - [29/Jun/2020:14:20:55 -0400] "GET /login?logout HTTP/1.1" 200 6416
0:0:0:0:0:0:0:1 - - [29/Jun/2020:14:21:00 -0400] "GET /Account/user/changePassword?token=e219bf00-2b72-4ff4-ad87-2d5430e2387b HTTP/1.1" 302 -
0:0:0:0:0:0:0:1 - - [29/Jun/2020:14:21:00 -0400] "GET /login?resettoken HTTP/1.1" 302 -
0:0:0:0:0:0:0:1 - - [29/Jun/2020:14:21:00 -0400] "GET /login HTTP/1.1" 200 6378
0:0:0:0:0:0:0:1 - - [29/Jun/2020:14:21:08 -0400] "POST /login HTTP/1.1" 302 -
0:0:0:0:0:0:0:1 - - [29/Jun/2020:14:21:08 -0400] "GET /login?resettoken HTTP/1.1" 200 6403
0:0:0:0:0:0:0:1 - - [29/Jun/2020:14:21:08 -0400] "GET /login HTTP/1.1" 200 6378
0:0:0:0:0:0:0:1 - - [29/Jun/2020:14:25:15 -0400] "GET /Account/user/changePassword?token=e219bf00-2b72-4ff4-ad87-2d5430e2387b HTTP/1.1" 302 -
0:0:0:0:0:0:0:1 - - [29/Jun/2020:14:25:15 -0400] "GET /login?resettoken HTTP/1.1" 200 6403
0:0:0:0:0:0:0:1 - - [29/Jun/2020:14:26:26 -0400] "GET /Account/user/changePassword?token=e219bf00-2b72-4ff4-ad87-2d5430e2387b HTTP/1.1" 302 -
0:0:0:0:0:0:0:1 - - [29/Jun/2020:14:26:26 -0400] "GET /login?resettoken HTTP/1.1" 200 6378
0:0:0:0:0:0:0:1 - - [29/Jun/2020:14:26:38 -0400] "POST /login HTTP/1.1" 302 -
0:0:0:0:0:0:0:1 - - [29/Jun/2020:14:26:38 -0400] "GET / HTTP/1.1" 302 -
0:0:0:0:0:0:0:1 - - [29/Jun/2020:14:26:38 -0400] "GET /Shipping/Europe HTTP/1.1" 200 45480
0:0:0:0:0:0:0:1 - - [29/Jun/2020:14:26:38 -0400] "GET /login HTTP/1.1" 200 6378
0:0:0:0:0:0:0:1 - - [29/Jun/2020:14:26:41 -0400] "POST /logout HTTP/1.1" 302 -
0:0:0:0:0:0:0:1 - - [29/Jun/2020:14:26:41 -0400] "GET /login?logout HTTP/1.1" 200 6416
0:0:0:0:0:0:0:1 - - [29/Jun/2020:14:27:12 -0400] "GET /Account/user/changePassword?token=e219bf00-2b72-4ff4-ad87-2d5430e2387b HTTP/1.1" 302 -
0:0:0:0:0:0:0:1 - - [29/Jun/2020:14:27:12 -0400] "GET /login?resettoken HTTP/1.1" 302 -
0:0:0:0:0:0:0:1 - - [29/Jun/2020:14:27:12 -0400] "GET /login HTTP/1.1" 200 6378
0:0:0:0:0:0:0:1 - - [29/Jun/2020:14:27:19 -0400] "POST /login HTTP/1.1" 302 -
0:0:0:0:0:0:0:1 - - [29/Jun/2020:14:27:19 -0400] "GET /login?resettoken HTTP/1.1" 200 6403
0:0:0:0:0:0:0:1 - - [29/Jun/2020:14:27:19 -0400] "GET /login HTTP/1.1" 200 6378
0:0:0:0:0:0:0:1 - - [29/Jun/2020:14:28:14 -0400] "GET /Account/user/changePassword?token=e219bf00-2b72-4ff4-ad87-2d5430e2387b HTTP/1.1" 302 -
0:0:0:0:0:0:0:1 - - [29/Jun/2020:14:28:14 -0400] "GET /login?resettoken HTTP/1.1" 200 6403
0:0:0:0:0:0:0:1 - - [29/Jun/2020:14:28:17 -0400] "GET /login?resettoken HTTP/1.1" 200 6403
0:0:0:0:0:0:0:1 - - [29/Jun/2020:14:28:22 -0400] "GET /login HTTP/1.1" 200 6378
0:0:0:0:0:0:0:1 - - [29/Jun/2020:14:28:29 -0400] "GET /Account/user/changePassword?token=e219bf00-2b72-4ff4-ad87-2d5430e2387b HTTP/1.1" 302 -
0:0:0:0:0:0:0:1 - - [29/Jun/2020:14:28:29 -0400] "GET /login?resettoken HTTP/1.1" 200 6403
0:0:0:0:0:0:0:1 - - [29/Jun/2020:14:28:40 -0400] "POST /login HTTP/1.1" 302 -
0:0:0:0:0:0:0:1 - - [29/Jun/2020:14:28:40 -0400] "GET /login?error HTTP/1.1" 200 6425
0:0:0:0:0:0:0:1 - - [29/Jun/2020:14:28:40 -0400] "GET /login HTTP/1.1" 200 6378
0:0:0:0:0:0:0:1 - - [29/Jun/2020:14:28:49 -0400] "POST /login HTTP/1.1" 302 -
0:0:0:0:0:0:0:1 - - [29/Jun/2020:14:28:49 -0400] "GET / HTTP/1.1" 302 -
0:0:0:0:0:0:0:1 - - [29/Jun/2020:14:28:49 -0400] "GET /Shipping/Europe HTTP/1.1" 200 45480
0:0:0:0:0:0:0:1 - - [29/Jun/2020:14:28:49 -0400] "GET /login HTTP/1.1" 200 6378
0:0:0:0:0:0:0:1 - - [29/Jun/2020:14:28:52 -0400] "POST /logout HTTP/1.1" 302 -
0:0:0:0:0:0:0:1 - - [29/Jun/2020:14:28:52 -0400] "GET /login?logout HTTP/1.1" 200 6416
0:0:0:0:0:0:0:1 - - [29/Jun/2020:14:29:00 -0400] "GET /Account/user/changePassword?token=e219bf00-2b72-4ff4-ad87-2d5430e2387b HTTP/1.1" 302 -
0:0:0:0:0:0:0:1 - - [29/Jun/2020:14:29:00 -0400] "GET /login?resettoken HTTP/1.1" 302 -
0:0:0:0:0:0:0:1 - - [29/Jun/2020:14:29:00 -0400] "GET /login HTTP/1.1" 200 6378
0:0:0:0:0:0:0:1 - - [29/Jun/2020:14:29:06 -0400] "GET /Account/user/changePassword?token=e219bf00-2b72-4ff4-ad87-2d5430e2387b HTTP/1.1" 302 -
0:0:0:0:0:0:0:1 - - [29/Jun/2020:14:29:06 -0400] "GET /login?resettoken HTTP/1.1" 302 -
0:0:0:0:0:0:0:1 - - [29/Jun/2020:14:29:06 -0400] "GET /login HTTP/1.1" 200 6378
0:0:0:0:0:0:0:1 - - [29/Jun/2020:14:29:14 -0400] "POST /login HTTP/1.1" 302 -
0:0:0:0:0:0:0:1 - - [29/Jun/2020:14:29:14 -0400] "GET /login?resettoken HTTP/1.1" 200 6403
0:0:0:0:0:0:0:1 - - [29/Jun/2020:14:29:14 -0400] "GET /login HTTP/1.1" 200 6378
0:0:0:0:0:0:0:1 - - [29/Jun/2020:14:29:54 -0400] "GET /Account/user/changePassword?token=e219bf00-2b72-4ff4-ad87-2d5430e2387b HTTP/1.1" 302 -
0:0:0:0:0:0:0:1 - - [29/Jun/2020:14:29:54 -0400] "GET /login/resettoken HTTP/1.1" 404 306
0:0:0:0:0:0:0:1 - - [29/Jun/2020:14:30:17 -0400] "GET /login HTTP/1.1" 200 6378
0:0:0:0:0:0:0:1 - - [29/Jun/2020:14:30:22 -0400] "GET /Account/user/changePassword?token=e219bf00-2b72-4ff4-ad87-2d5430e2387b HTTP/1.1" 302 -
0:0:0:0:0:0:0:1 - - [29/Jun/2020:14:30:22 -0400] "GET /login?resettoken HTTP/1.1" 200 6403
0:0:0:0:0:0:0:1 - - [29/Jun/2020:14:31:31 -0400] "GET /Account/user/changePassword?token=e219bf00-2b72-4ff4-ad87-2d5430e2387b HTTP/1.1" 302 -
0:0:0:0:0:0:0:1 - - [29/Jun/2020:14:31:31 -0400] "GET /login?resettoken HTTP/1.1" 200 6378
0:0:0:0:0:0:0:1 - - [29/Jun/2020:14:31:38 -0400] "POST /login HTTP/1.1" 302 -
0:0:0:0:0:0:0:1 - - [29/Jun/2020:14:31:38 -0400] "GET / HTTP/1.1" 302 -
0:0:0:0:0:0:0:1 - - [29/Jun/2020:14:31:38 -0400] "GET /Shipping/Europe HTTP/1.1" 200 45480
0:0:0:0:0:0:0:1 - - [29/Jun/2020:14:31:38 -0400] "GET /login HTTP/1.1" 200 6378
0:0:0:0:0:0:0:1 - - [29/Jun/2020:14:31:44 -0400] "GET /login?resettoken HTTP/1.1" 200 6378
0:0:0:0:0:0:0:1 - - [29/Jun/2020:14:32:04 -0400] "GET /login?resettoken HTTP/1.1" 200 6403
0:0:0:0:0:0:0:1 - - [29/Jun/2020:14:39:45 -0400] "GET /Account/user/changePassword?token=e219bf00-2b72-4ff4-ad87-2d5430e2387b HTTP/1.1" 302 -
0:0:0:0:0:0:0:1 - - [29/Jun/2020:14:39:45 -0400] "GET /login?resettoken HTTP/1.1" 200 6378
0:0:0:0:0:0:0:1 - - [29/Jun/2020:14:39:45 -0400] "GET /favicon.ico HTTP/1.1" 200 946
0:0:0:0:0:0:0:1 - - [29/Jun/2020:14:39:45 -0400] "-" 400 -
0:0:0:0:0:0:0:1 - - [29/Jun/2020:14:40:11 -0400] "POST /login HTTP/1.1" 302 -
0:0:0:0:0:0:0:1 - - [29/Jun/2020:14:40:11 -0400] "GET / HTTP/1.1" 302 -
0:0:0:0:0:0:0:1 - - [29/Jun/2020:14:40:11 -0400] "GET /Shipping/Europe HTTP/1.1" 200 45480
0:0:0:0:0:0:0:1 - - [29/Jun/2020:14:40:11 -0400] "GET /login HTTP/1.1" 200 6378
0:0:0:0:0:0:0:1 - - [29/Jun/2020:14:46:23 -0400] "GET /Account/user/changePassword?token=e219bf00-2b72-4ff4-ad87-2d5430e2387b HTTP/1.1" 302 -
0:0:0:0:0:0:0:1 - - [29/Jun/2020:14:46:23 -0400] "GET /login?resettoken&message=Invalid+token. HTTP/1.1" 200 6378
0:0:0:0:0:0:0:1 - - [29/Jun/2020:14:46:23 -0400] "GET /favicon.ico HTTP/1.1" 200 946
0:0:0:0:0:0:0:1 - - [29/Jun/2020:14:48:17 -0400] "GET /Account/user/changePassword?token=e219bf00-2b72-4ff4-ad87-2d5430e2387b HTTP/1.1" 302 -
0:0:0:0:0:0:0:1 - - [29/Jun/2020:14:48:17 -0400] "GET /login?resettoken&message=This+Token+is+Invalid. HTTP/1.1" 200 6378
0:0:0:0:0:0:0:1 - - [29/Jun/2020:14:48:17 -0400] "GET /favicon.ico HTTP/1.1" 200 946
0:0:0:0:0:0:0:1 - - [29/Jun/2020:14:48:18 -0400] "-" 400 -
0:0:0:0:0:0:0:1 - - [29/Jun/2020:14:52:49 -0400] "POST /login HTTP/1.1" 302 -
0:0:0:0:0:0:0:1 - - [29/Jun/2020:14:52:50 -0400] "GET / HTTP/1.1" 302 -
0:0:0:0:0:0:0:1 - - [29/Jun/2020:14:52:50 -0400] "GET /Shipping/Europe HTTP/1.1" 200 45480
0:0:0:0:0:0:0:1 - - [29/Jun/2020:14:52:50 -0400] "GET /login HTTP/1.1" 400 9846
0:0:0:0:0:0:0:1 - - [29/Jun/2020:14:52:53 -0400] "POST /logout HTTP/1.1" 302 -
0:0:0:0:0:0:0:1 - - [29/Jun/2020:14:52:53 -0400] "GET /login?logout HTTP/1.1" 400 9803
0:0:0:0:0:0:0:1 - - [29/Jun/2020:14:55:30 -0400] "POST /logout HTTP/1.1" 302 -
0:0:0:0:0:0:0:1 - - [29/Jun/2020:14:55:30 -0400] "GET /login HTTP/1.1" 200 6378
0:0:0:0:0:0:0:1 - - [29/Jun/2020:14:55:39 -0400] "POST /login HTTP/1.1" 302 -
0:0:0:0:0:0:0:1 - - [29/Jun/2020:14:55:39 -0400] "GET / HTTP/1.1" 302 -
0:0:0:0:0:0:0:1 - - [29/Jun/2020:14:55:39 -0400] "GET /Shipping/Europe HTTP/1.1" 200 45480
0:0:0:0:0:0:0:1 - - [29/Jun/2020:14:55:39 -0400] "GET /favicon.ico HTTP/1.1" 200 946
0:0:0:0:0:0:0:1 - - [29/Jun/2020:14:55:39 -0400] "GET /login HTTP/1.1" 200 6378
0:0:0:0:0:0:0:1 - - [29/Jun/2020:14:55:42 -0400] "POST /logout HTTP/1.1" 302 -
0:0:0:0:0:0:0:1 - - [29/Jun/2020:14:55:42 -0400] "GET /login?logout HTTP/1.1" 200 6416
0:0:0:0:0:0:0:1 - - [29/Jun/2020:14:55:50 -0400] "POST /login HTTP/1.1" 302 -
0:0:0:0:0:0:0:1 - - [29/Jun/2020:14:55:50 -0400] "GET /login?error HTTP/1.1" 200 6425
0:0:0:0:0:0:0:1 - - [29/Jun/2020:14:55:50 -0400] "GET /login HTTP/1.1" 200 6378
0:0:0:0:0:0:0:1 - - [29/Jun/2020:14:56:08 -0400] "GET /Account/user/changePassword?token=e219bf00-2b72-4ff4-ad87-2d5430e2387b HTTP/1.1" 302 -
0:0:0:0:0:0:0:1 - - [29/Jun/2020:14:56:08 -0400] "GET /login?resettoken&attr=This+Token+is+Invalid. HTTP/1.1" 302 -
0:0:0:0:0:0:0:1 - - [29/Jun/2020:14:56:08 -0400] "GET /login HTTP/1.1" 200 6378
0:0:0:0:0:0:0:1 - - [29/Jun/2020:14:56:21 -0400] "POST /login HTTP/1.1" 302 -
0:0:0:0:0:0:0:1 - - [29/Jun/2020:14:56:21 -0400] "GET /login?resettoken&attr=This+Token+is+Invalid. HTTP/1.1" 200 6400
0:0:0:0:0:0:0:1 - - [29/Jun/2020:14:56:21 -0400] "GET /login HTTP/1.1" 200 6378
0:0:0:0:0:0:0:1 - - [29/Jun/2020:14:57:59 -0400] "POST /login HTTP/1.1" 302 -
0:0:0:0:0:0:0:1 - - [29/Jun/2020:14:57:59 -0400] "GET / HTTP/1.1" 302 -
0:0:0:0:0:0:0:1 - - [29/Jun/2020:14:58:00 -0400] "GET /Shipping/Europe HTTP/1.1" 200 45480
0:0:0:0:0:0:0:1 - - [29/Jun/2020:14:58:00 -0400] "GET /favicon.ico HTTP/1.1" 200 946
0:0:0:0:0:0:0:1 - - [29/Jun/2020:14:58:00 -0400] "GET /login HTTP/1.1" 200 6378
0:0:0:0:0:0:0:1 - - [29/Jun/2020:14:58:02 -0400] "POST /logout HTTP/1.1" 302 -
0:0:0:0:0:0:0:1 - - [29/Jun/2020:14:58:02 -0400] "GET /login?logout HTTP/1.1" 200 6416
0:0:0:0:0:0:0:1 - - [29/Jun/2020:14:58:09 -0400] "POST /login HTTP/1.1" 302 -
0:0:0:0:0:0:0:1 - - [29/Jun/2020:14:58:09 -0400] "GET /login?error HTTP/1.1" 200 6425
0:0:0:0:0:0:0:1 - - [29/Jun/2020:14:58:09 -0400] "GET /login HTTP/1.1" 200 6378
0:0:0:0:0:0:0:1 - - [29/Jun/2020:14:58:28 -0400] "GET /Account/user/changePassword?token=e219bf00-2b72-4ff4-ad87-2d5430e2387b HTTP/1.1" 302 -
0:0:0:0:0:0:0:1 - - [29/Jun/2020:14:58:28 -0400] "GET /login?resettoken&attr=This+Token+is+Invalid. HTTP/1.1" 302 -
0:0:0:0:0:0:0:1 - - [29/Jun/2020:14:58:28 -0400] "GET /login HTTP/1.1" 200 6378
0:0:0:0:0:0:0:1 - - [29/Jun/2020:14:58:37 -0400] "POST /login HTTP/1.1" 302 -
0:0:0:0:0:0:0:1 - - [29/Jun/2020:14:58:37 -0400] "GET /login?resettoken&attr=This+Token+is+Invalid. HTTP/1.1" 200 6400
0:0:0:0:0:0:0:1 - - [29/Jun/2020:14:58:37 -0400] "GET /login HTTP/1.1" 200 6378
