0:0:0:0:0:0:0:1 - - [13/Jul/2020:08:33:03 -0400] "GET /HomePage HTTP/1.1" 200 20155
0:0:0:0:0:0:0:1 - - [13/Jul/2020:08:33:03 -0400] "GET /ImageAssets/Condaments.jpeg HTTP/1.1" 200 41485
0:0:0:0:0:0:0:1 - - [13/Jul/2020:08:33:03 -0400] "GET /ImageAssets/Beverages.png HTTP/1.1" 200 43184
0:0:0:0:0:0:0:1 - - [13/Jul/2020:08:33:03 -0400] "GET /ImageAssets/confections.jpg HTTP/1.1" 200 315715
0:0:0:0:0:0:0:1 - - [13/Jul/2020:08:33:04 -0400] "GET /ImageAssets/Produce.jpg HTTP/1.1" 200 71131
0:0:0:0:0:0:0:1 - - [13/Jul/2020:08:33:04 -0400] "GET /ImageAssets/meat-pultry.jpg HTTP/1.1" 200 124485
0:0:0:0:0:0:0:1 - - [13/Jul/2020:08:33:04 -0400] "GET /ImageAssets/seafood.jpeg HTTP/1.1" 200 267854
0:0:0:0:0:0:0:1 - - [13/Jul/2020:08:33:04 -0400] "GET /ImageAssets/grain%20cereal.jpg HTTP/1.1" 200 41318
0:0:0:0:0:0:0:1 - - [13/Jul/2020:08:33:04 -0400] "GET /favicon.ico HTTP/1.1" 302 -
0:0:0:0:0:0:0:1 - - [13/Jul/2020:08:33:04 -0400] "GET /ImageAssets/Dairy%20products.jpg HTTP/1.1" 200 1718054
0:0:0:0:0:0:0:1 - - [13/Jul/2020:08:33:04 -0400] "GET /login HTTP/1.1" 200 6378
0:0:0:0:0:0:0:1 - - [13/Jul/2020:08:33:23 -0400] "GET /login HTTP/1.1" 200 6378
0:0:0:0:0:0:0:1 - - [13/Jul/2020:08:33:44 -0400] "POST /login HTTP/1.1" 302 -
0:0:0:0:0:0:0:1 - - [13/Jul/2020:08:33:44 -0400] "GET / HTTP/1.1" 302 -
0:0:0:0:0:0:0:1 - - [13/Jul/2020:08:33:44 -0400] "GET /Shipping/Pacific HTTP/1.1" 200 7485
0:0:0:0:0:0:0:1 - - [13/Jul/2020:08:33:44 -0400] "GET /login HTTP/1.1" 200 6378
0:0:0:0:0:0:0:1 - - [13/Jul/2020:08:33:49 -0400] "POST /Account/ResetPassword HTTP/1.1" 302 -
0:0:0:0:0:0:0:1 - - [13/Jul/2020:08:33:49 -0400] "GET /Shipping/Pacific HTTP/1.1" 200 7485
0:0:0:0:0:0:0:1 - - [13/Jul/2020:08:34:24 -0400] "GET /Account/user/changePassword?token=e219bf00-2b72-4ff4-ad87-2d5430e2387b HTTP/1.1" 302 -
0:0:0:0:0:0:0:1 - - [13/Jul/2020:08:34:24 -0400] "GET /login HTTP/1.1" 200 6378
0:0:0:0:0:0:0:1 - - [13/Jul/2020:08:34:25 -0400] "GET /favicon.ico HTTP/1.1" 302 -
0:0:0:0:0:0:0:1 - - [13/Jul/2020:08:34:25 -0400] "GET /login HTTP/1.1" 200 6378
0:0:0:0:0:0:0:1 - - [13/Jul/2020:08:44:58 -0400] "GET /Account/user/changePassword?token=0cc176c1-5f58-42f0-ad09-b790fe292eb8 HTTP/1.1" 403 295
0:0:0:0:0:0:0:1 - - [13/Jul/2020:08:45:59 -0400] "GET /Account/user/changePassword?token=0cc176c1-5f58-42f0-ad09-b790fe292eb8 HTTP/1.1" 200 6906
0:0:0:0:0:0:0:1 - - [13/Jul/2020:08:46:20 -0400] "POST /Account/user/changePassword?token=0cc176c1-5f58-42f0-ad09-b790fe292eb8 HTTP/1.1" 302 -
0:0:0:0:0:0:0:1 - - [13/Jul/2020:08:46:20 -0400] "GET /welcome HTTP/1.1" 302 -
0:0:0:0:0:0:0:1 - - [13/Jul/2020:08:46:21 -0400] "GET /Shipping/America HTTP/1.1" 200 36371
0:0:0:0:0:0:0:1 - - [13/Jul/2020:09:01:37 -0400] "POST /Account/ResetPassword HTTP/1.1" 403 295
0:0:0:0:0:0:0:1 - - [13/Jul/2020:09:02:01 -0400] "POST /logout HTTP/1.1" 302 -
0:0:0:0:0:0:0:1 - - [13/Jul/2020:09:02:01 -0400] "GET /login?logout HTTP/1.1" 500 9597
0:0:0:0:0:0:0:1 - - [13/Jul/2020:09:02:06 -0400] "GET /login HTTP/1.1" 200 6378
0:0:0:0:0:0:0:1 - - [13/Jul/2020:09:02:13 -0400] "POST /login HTTP/1.1" 302 -
0:0:0:0:0:0:0:1 - - [13/Jul/2020:09:02:13 -0400] "GET / HTTP/1.1" 302 -
0:0:0:0:0:0:0:1 - - [13/Jul/2020:09:02:13 -0400] "GET /Shipping/Pacific HTTP/1.1" 200 7485
0:0:0:0:0:0:0:1 - - [13/Jul/2020:09:02:14 -0400] "GET /login HTTP/1.1" 200 6378
0:0:0:0:0:0:0:1 - - [13/Jul/2020:09:02:23 -0400] "POST /Account/ResetPassword HTTP/1.1" 302 -
0:0:0:0:0:0:0:1 - - [13/Jul/2020:09:02:23 -0400] "GET /Shipping/Pacific HTTP/1.1" 200 7485
0:0:0:0:0:0:0:1 - - [13/Jul/2020:09:18:45 -0400] "POST /logout HTTP/1.1" 302 -
0:0:0:0:0:0:0:1 - - [13/Jul/2020:09:18:45 -0400] "GET /login?logout HTTP/1.1" 200 6416
0:0:0:0:0:0:0:1 - - [13/Jul/2020:09:19:11 -0400] "GET /HomePage HTTP/1.1" 200 20155
0:0:0:0:0:0:0:1 - - [13/Jul/2020:09:19:11 -0400] "GET /ImageAssets/Beverages.png HTTP/1.1" 200 43184
0:0:0:0:0:0:0:1 - - [13/Jul/2020:09:19:11 -0400] "GET /ImageAssets/Condaments.jpeg HTTP/1.1" 200 41485
0:0:0:0:0:0:0:1 - - [13/Jul/2020:09:19:11 -0400] "GET /ImageAssets/Produce.jpg HTTP/1.1" 200 71131
0:0:0:0:0:0:0:1 - - [13/Jul/2020:09:19:11 -0400] "GET /ImageAssets/grain%20cereal.jpg HTTP/1.1" 200 41318
0:0:0:0:0:0:0:1 - - [13/Jul/2020:09:19:11 -0400] "GET /ImageAssets/confections.jpg HTTP/1.1" 200 315715
0:0:0:0:0:0:0:1 - - [13/Jul/2020:09:19:11 -0400] "GET /ImageAssets/meat-pultry.jpg HTTP/1.1" 200 124485
0:0:0:0:0:0:0:1 - - [13/Jul/2020:09:19:11 -0400] "GET /ImageAssets/seafood.jpeg HTTP/1.1" 200 267854
0:0:0:0:0:0:0:1 - - [13/Jul/2020:09:19:11 -0400] "GET /ImageAssets/Dairy%20products.jpg HTTP/1.1" 200 1718054
0:0:0:0:0:0:0:1 - - [13/Jul/2020:09:33:34 -0400] "GET /HomePage HTTP/1.1" 200 21354
0:0:0:0:0:0:0:1 - - [13/Jul/2020:09:33:35 -0400] "GET /ImageAssets/Beverages.png HTTP/1.1" 200 43184
0:0:0:0:0:0:0:1 - - [13/Jul/2020:09:33:35 -0400] "GET /ImageAssets/Condaments.jpeg HTTP/1.1" 200 41485
0:0:0:0:0:0:0:1 - - [13/Jul/2020:09:33:35 -0400] "GET /ImageAssets/meat-pultry.jpg HTTP/1.1" 200 124485
0:0:0:0:0:0:0:1 - - [13/Jul/2020:09:33:35 -0400] "GET /ImageAssets/grain%20cereal.jpg HTTP/1.1" 200 41318
0:0:0:0:0:0:0:1 - - [13/Jul/2020:09:33:35 -0400] "GET /ImageAssets/Produce.jpg HTTP/1.1" 200 71131
0:0:0:0:0:0:0:1 - - [13/Jul/2020:09:33:35 -0400] "GET /ImageAssets/seafood.jpeg HTTP/1.1" 200 267854
0:0:0:0:0:0:0:1 - - [13/Jul/2020:09:33:35 -0400] "GET /ImageAssets/confections.jpg HTTP/1.1" 200 315715
0:0:0:0:0:0:0:1 - - [13/Jul/2020:09:33:35 -0400] "GET /favicon.ico HTTP/1.1" 302 -
0:0:0:0:0:0:0:1 - - [13/Jul/2020:09:33:35 -0400] "GET /ImageAssets/Dairy%20products.jpg HTTP/1.1" 200 1718054
0:0:0:0:0:0:0:1 - - [13/Jul/2020:09:33:54 -0400] "GET /login HTTP/1.1" 200 6378
0:0:0:0:0:0:0:1 - - [13/Jul/2020:09:33:56 -0400] "GET /login HTTP/1.1" 200 6378
0:0:0:0:0:0:0:1 - - [13/Jul/2020:10:48:54 -0400] "GET /HomePage HTTP/1.1" 200 21388
0:0:0:0:0:0:0:1 - - [13/Jul/2020:10:48:55 -0400] "GET /ImageAssets/Beverages.png HTTP/1.1" 200 43184
0:0:0:0:0:0:0:1 - - [13/Jul/2020:10:48:55 -0400] "GET /ImageAssets/Condaments.jpeg HTTP/1.1" 200 41485
0:0:0:0:0:0:0:1 - - [13/Jul/2020:10:48:55 -0400] "GET /ImageAssets/grain%20cereal.jpg HTTP/1.1" 200 41318
0:0:0:0:0:0:0:1 - - [13/Jul/2020:10:48:55 -0400] "GET /ImageAssets/meat-pultry.jpg HTTP/1.1" 200 124485
0:0:0:0:0:0:0:1 - - [13/Jul/2020:10:48:55 -0400] "GET /ImageAssets/Produce.jpg HTTP/1.1" 200 71131
0:0:0:0:0:0:0:1 - - [13/Jul/2020:10:48:55 -0400] "GET /ImageAssets/seafood.jpeg HTTP/1.1" 200 267854
0:0:0:0:0:0:0:1 - - [13/Jul/2020:10:48:55 -0400] "GET /ImageAssets/confections.jpg HTTP/1.1" 200 315715
0:0:0:0:0:0:0:1 - - [13/Jul/2020:10:48:55 -0400] "GET /ImageAssets/Dairy%20products.jpg HTTP/1.1" 200 1718054
0:0:0:0:0:0:0:1 - - [13/Jul/2020:10:58:16 -0400] "GET /HomePage HTTP/1.1" 200 21340
0:0:0:0:0:0:0:1 - - [13/Jul/2020:10:58:16 -0400] "GET /ImageAssets/Beverages.png HTTP/1.1" 200 43184
0:0:0:0:0:0:0:1 - - [13/Jul/2020:10:58:16 -0400] "GET /ImageAssets/Produce.jpg HTTP/1.1" 200 71131
0:0:0:0:0:0:0:1 - - [13/Jul/2020:10:58:16 -0400] "GET /ImageAssets/Condaments.jpeg HTTP/1.1" 200 41485
0:0:0:0:0:0:0:1 - - [13/Jul/2020:10:58:16 -0400] "GET /ImageAssets/meat-pultry.jpg HTTP/1.1" 200 124485
0:0:0:0:0:0:0:1 - - [13/Jul/2020:10:58:16 -0400] "GET /ImageAssets/seafood.jpeg HTTP/1.1" 200 267854
0:0:0:0:0:0:0:1 - - [13/Jul/2020:10:58:16 -0400] "GET /ImageAssets/grain%20cereal.jpg HTTP/1.1" 200 41318
0:0:0:0:0:0:0:1 - - [13/Jul/2020:10:58:16 -0400] "GET /ImageAssets/confections.jpg HTTP/1.1" 200 315715
0:0:0:0:0:0:0:1 - - [13/Jul/2020:10:58:16 -0400] "GET /ImageAssets/Dairy%20products.jpg HTTP/1.1" 200 1718054
0:0:0:0:0:0:0:1 - - [13/Jul/2020:10:59:04 -0400] "GET /login HTTP/1.1" 200 6378
0:0:0:0:0:0:0:1 - - [13/Jul/2020:11:00:02 -0400] "GET /HomePage HTTP/1.1" 200 21359
0:0:0:0:0:0:0:1 - - [13/Jul/2020:11:00:02 -0400] "GET /ImageAssets/Beverages.png HTTP/1.1" 200 43184
0:0:0:0:0:0:0:1 - - [13/Jul/2020:11:00:02 -0400] "GET /ImageAssets/Condaments.jpeg HTTP/1.1" 200 41485
0:0:0:0:0:0:0:1 - - [13/Jul/2020:11:00:02 -0400] "GET /ImageAssets/grain%20cereal.jpg HTTP/1.1" 200 41318
0:0:0:0:0:0:0:1 - - [13/Jul/2020:11:00:03 -0400] "GET /ImageAssets/Produce.jpg HTTP/1.1" 200 71131
0:0:0:0:0:0:0:1 - - [13/Jul/2020:11:00:03 -0400] "GET /ImageAssets/meat-pultry.jpg HTTP/1.1" 200 124485
0:0:0:0:0:0:0:1 - - [13/Jul/2020:11:00:03 -0400] "GET /ImageAssets/seafood.jpeg HTTP/1.1" 200 267854
0:0:0:0:0:0:0:1 - - [13/Jul/2020:11:00:03 -0400] "GET /ImageAssets/confections.jpg HTTP/1.1" 200 315715
0:0:0:0:0:0:0:1 - - [13/Jul/2020:11:00:03 -0400] "GET /ImageAssets/Dairy%20products.jpg HTTP/1.1" 200 1718054
0:0:0:0:0:0:0:1 - - [13/Jul/2020:11:11:23 -0400] "GET /HomePage HTTP/1.1" 200 21333
0:0:0:0:0:0:0:1 - - [13/Jul/2020:11:11:23 -0400] "GET /ImageAssets/Beverages.png HTTP/1.1" 200 43184
0:0:0:0:0:0:0:1 - - [13/Jul/2020:11:11:23 -0400] "GET /ImageAssets/Condaments.jpeg HTTP/1.1" 200 41485
0:0:0:0:0:0:0:1 - - [13/Jul/2020:11:11:23 -0400] "GET /ImageAssets/Produce.jpg HTTP/1.1" 200 71131
0:0:0:0:0:0:0:1 - - [13/Jul/2020:11:11:23 -0400] "GET /ImageAssets/grain%20cereal.jpg HTTP/1.1" 200 41318
0:0:0:0:0:0:0:1 - - [13/Jul/2020:11:11:23 -0400] "GET /ImageAssets/meat-pultry.jpg HTTP/1.1" 200 124485
0:0:0:0:0:0:0:1 - - [13/Jul/2020:11:11:23 -0400] "GET /ImageAssets/confections.jpg HTTP/1.1" 200 315715
0:0:0:0:0:0:0:1 - - [13/Jul/2020:11:11:24 -0400] "GET /ImageAssets/seafood.jpeg HTTP/1.1" 200 267854
0:0:0:0:0:0:0:1 - - [13/Jul/2020:11:11:24 -0400] "GET /ImageAssets/Dairy%20products.jpg HTTP/1.1" 200 1718054
0:0:0:0:0:0:0:1 - - [13/Jul/2020:12:03:12 -0400] "GET /HomePage HTTP/1.1" 200 21295
0:0:0:0:0:0:0:1 - - [13/Jul/2020:12:03:12 -0400] "GET /ImageAssets/Beverages.png HTTP/1.1" 200 43184
0:0:0:0:0:0:0:1 - - [13/Jul/2020:12:03:12 -0400] "GET /ImageAssets/Condaments.jpeg HTTP/1.1" 200 41485
0:0:0:0:0:0:0:1 - - [13/Jul/2020:12:03:12 -0400] "GET /ImageAssets/meat-pultry.jpg HTTP/1.1" 200 124485
0:0:0:0:0:0:0:1 - - [13/Jul/2020:12:03:12 -0400] "GET /ImageAssets/Produce.jpg HTTP/1.1" 200 71131
0:0:0:0:0:0:0:1 - - [13/Jul/2020:12:03:12 -0400] "GET /ImageAssets/grain%20cereal.jpg HTTP/1.1" 200 41318
0:0:0:0:0:0:0:1 - - [13/Jul/2020:12:03:12 -0400] "GET /ImageAssets/seafood.jpeg HTTP/1.1" 200 267854
0:0:0:0:0:0:0:1 - - [13/Jul/2020:12:03:12 -0400] "GET /ImageAssets/confections.jpg HTTP/1.1" 200 315715
0:0:0:0:0:0:0:1 - - [13/Jul/2020:12:03:12 -0400] "GET /ImageAssets/Dairy%20products.jpg HTTP/1.1" 200 1718054
0:0:0:0:0:0:0:1 - - [13/Jul/2020:12:03:12 -0400] "GET /favicon.ico HTTP/1.1" 302 -
0:0:0:0:0:0:0:1 - - [13/Jul/2020:12:03:12 -0400] "GET /login HTTP/1.1" 200 6378
0:0:0:0:0:0:0:1 - - [13/Jul/2020:12:08:50 -0400] "GET /HomePage HTTP/1.1" 200 22204
0:0:0:0:0:0:0:1 - - [13/Jul/2020:12:08:51 -0400] "GET /ImageAssets/Beverages.png HTTP/1.1" 200 43184
0:0:0:0:0:0:0:1 - - [13/Jul/2020:12:08:51 -0400] "GET /ImageAssets/Produce.jpg HTTP/1.1" 200 71131
0:0:0:0:0:0:0:1 - - [13/Jul/2020:12:08:51 -0400] "GET /ImageAssets/Condaments.jpeg HTTP/1.1" 200 41485
0:0:0:0:0:0:0:1 - - [13/Jul/2020:12:08:51 -0400] "GET /ImageAssets/meat-pultry.jpg HTTP/1.1" 200 124485
0:0:0:0:0:0:0:1 - - [13/Jul/2020:12:08:51 -0400] "GET /ImageAssets/grain%20cereal.jpg HTTP/1.1" 200 41318
0:0:0:0:0:0:0:1 - - [13/Jul/2020:12:08:51 -0400] "GET /ImageAssets/seafood.jpeg HTTP/1.1" 200 267854
0:0:0:0:0:0:0:1 - - [13/Jul/2020:12:08:51 -0400] "GET /ImageAssets/confections.jpg HTTP/1.1" 200 315715
0:0:0:0:0:0:0:1 - - [13/Jul/2020:12:08:51 -0400] "GET /ImageAssets/Dairy%20products.jpg HTTP/1.1" 200 1718054
0:0:0:0:0:0:0:1 - - [13/Jul/2020:12:08:51 -0400] "GET /favicon.ico HTTP/1.1" 302 -
0:0:0:0:0:0:0:1 - - [13/Jul/2020:12:10:15 -0400] "GET /HomePage HTTP/1.1" 200 20460
0:0:0:0:0:0:0:1 - - [13/Jul/2020:12:10:16 -0400] "GET /login HTTP/1.1" 200 6378
0:0:0:0:0:0:0:1 - - [13/Jul/2020:12:10:38 -0400] "GET /HomePage HTTP/1.1" 200 20149
0:0:0:0:0:0:0:1 - - [13/Jul/2020:12:10:38 -0400] "GET /login HTTP/1.1" 200 6378
0:0:0:0:0:0:0:1 - - [13/Jul/2020:12:11:06 -0400] "GET /HomePage HTTP/1.1" 200 22157
0:0:0:0:0:0:0:1 - - [13/Jul/2020:12:11:06 -0400] "GET /ImageAssets/Beverages.png HTTP/1.1" 200 43184
0:0:0:0:0:0:0:1 - - [13/Jul/2020:12:11:06 -0400] "GET /ImageAssets/Produce.jpg HTTP/1.1" 200 71131
0:0:0:0:0:0:0:1 - - [13/Jul/2020:12:11:06 -0400] "GET /ImageAssets/grain%20cereal.jpg HTTP/1.1" 200 41318
0:0:0:0:0:0:0:1 - - [13/Jul/2020:12:11:06 -0400] "GET /ImageAssets/meat-pultry.jpg HTTP/1.1" 200 124485
0:0:0:0:0:0:0:1 - - [13/Jul/2020:12:11:06 -0400] "GET /ImageAssets/Condaments.jpeg HTTP/1.1" 200 41485
0:0:0:0:0:0:0:1 - - [13/Jul/2020:12:11:06 -0400] "GET /ImageAssets/seafood.jpeg HTTP/1.1" 200 267854
0:0:0:0:0:0:0:1 - - [13/Jul/2020:12:11:06 -0400] "GET /ImageAssets/confections.jpg HTTP/1.1" 200 315715
0:0:0:0:0:0:0:1 - - [13/Jul/2020:12:11:06 -0400] "GET /ImageAssets/Dairy%20products.jpg HTTP/1.1" 200 1718054
0:0:0:0:0:0:0:1 - - [13/Jul/2020:12:12:01 -0400] "GET /HomePage HTTP/1.1" 200 21824
0:0:0:0:0:0:0:1 - - [13/Jul/2020:12:12:01 -0400] "GET /ImageAssets/Beverages.png HTTP/1.1" 200 43184
0:0:0:0:0:0:0:1 - - [13/Jul/2020:12:12:01 -0400] "GET /ImageAssets/grain%20cereal.jpg HTTP/1.1" 200 41318
0:0:0:0:0:0:0:1 - - [13/Jul/2020:12:12:01 -0400] "GET /ImageAssets/meat-pultry.jpg HTTP/1.1" 200 124485
0:0:0:0:0:0:0:1 - - [13/Jul/2020:12:12:01 -0400] "GET /ImageAssets/Produce.jpg HTTP/1.1" 200 71131
0:0:0:0:0:0:0:1 - - [13/Jul/2020:12:12:01 -0400] "GET /ImageAssets/Condaments.jpeg HTTP/1.1" 200 41485
0:0:0:0:0:0:0:1 - - [13/Jul/2020:12:12:01 -0400] "GET /ImageAssets/seafood.jpeg HTTP/1.1" 200 267854
0:0:0:0:0:0:0:1 - - [13/Jul/2020:12:12:01 -0400] "GET /ImageAssets/confections.jpg HTTP/1.1" 200 315715
0:0:0:0:0:0:0:1 - - [13/Jul/2020:12:12:01 -0400] "GET /ImageAssets/Dairy%20products.jpg HTTP/1.1" 200 1718054
0:0:0:0:0:0:0:1 - - [13/Jul/2020:12:13:23 -0400] "GET /HomePage HTTP/1.1" 200 21656
0:0:0:0:0:0:0:1 - - [13/Jul/2020:12:13:24 -0400] "GET /ImageAssets/Beverages.png HTTP/1.1" 200 43184
0:0:0:0:0:0:0:1 - - [13/Jul/2020:12:13:24 -0400] "GET /ImageAssets/Condaments.jpeg HTTP/1.1" 200 41485
0:0:0:0:0:0:0:1 - - [13/Jul/2020:12:13:24 -0400] "GET /ImageAssets/grain%20cereal.jpg HTTP/1.1" 200 41318
0:0:0:0:0:0:0:1 - - [13/Jul/2020:12:13:24 -0400] "GET /ImageAssets/meat-pultry.jpg HTTP/1.1" 200 124485
0:0:0:0:0:0:0:1 - - [13/Jul/2020:12:13:24 -0400] "GET /ImageAssets/Produce.jpg HTTP/1.1" 200 71131
0:0:0:0:0:0:0:1 - - [13/Jul/2020:12:13:24 -0400] "GET /ImageAssets/seafood.jpeg HTTP/1.1" 200 267854
0:0:0:0:0:0:0:1 - - [13/Jul/2020:12:13:24 -0400] "GET /ImageAssets/confections.jpg HTTP/1.1" 200 315715
0:0:0:0:0:0:0:1 - - [13/Jul/2020:12:13:24 -0400] "GET /ImageAssets/Dairy%20products.jpg HTTP/1.1" 200 1718054
0:0:0:0:0:0:0:1 - - [13/Jul/2020:12:14:23 -0400] "GET /HomePage HTTP/1.1" 200 21609
0:0:0:0:0:0:0:1 - - [13/Jul/2020:12:14:23 -0400] "GET /ImageAssets/Condaments.jpeg HTTP/1.1" 200 41485
0:0:0:0:0:0:0:1 - - [13/Jul/2020:12:14:23 -0400] "GET /ImageAssets/grain%20cereal.jpg HTTP/1.1" 200 41318
0:0:0:0:0:0:0:1 - - [13/Jul/2020:12:14:23 -0400] "GET /ImageAssets/Beverages.png HTTP/1.1" 200 43184
0:0:0:0:0:0:0:1 - - [13/Jul/2020:12:14:23 -0400] "GET /ImageAssets/Produce.jpg HTTP/1.1" 200 71131
0:0:0:0:0:0:0:1 - - [13/Jul/2020:12:14:23 -0400] "GET /ImageAssets/meat-pultry.jpg HTTP/1.1" 200 124485
0:0:0:0:0:0:0:1 - - [13/Jul/2020:12:14:23 -0400] "GET /ImageAssets/seafood.jpeg HTTP/1.1" 200 267854
0:0:0:0:0:0:0:1 - - [13/Jul/2020:12:14:23 -0400] "GET /ImageAssets/confections.jpg HTTP/1.1" 200 315715
0:0:0:0:0:0:0:1 - - [13/Jul/2020:12:14:24 -0400] "GET /ImageAssets/Dairy%20products.jpg HTTP/1.1" 200 1718054
